MPI initialized with 128 MPI processes
CUDA initialized using 128 GPUs out of 128 available

Starting run at 11:42:23 UTC on 2017-10-20.
Successfully read inputs file ... 

Castro git describe: 17.07-39-ga07bb0f
AMReX git describe: 17.10-602-g48118035f

reading extern runtime parameters ...
FORTRAN:Warning:: small_dens has not been set, defaulting to 1.e-200_rt.!
FORTRAN:Warning:: small_temp has not been set, defaulting to 1.e-200_rt.!
 
 Initializing Helmholtz EOS and using Coulomb corrections.
 
 BOXLIB WARN: 
 EOS: small_temp cannot be less than the mintemp allowed by the EOS. Resetting small_temp to mintemp.
 BOXLIB WARN: 
 EOS: small_dens cannot be less than the mindens allowed by the EOS. Resetting small_dens to mindens.
Successfully read inputs file ... 
Starting to call amrex_probinit ... 
Successfully run amrex_probinit
Initializing the data at level 0
Done initializing the level 0 data 
Castro::estTimeStep (hydro-limited) at level 0:  estdt = 9.355653899e-07

TIME= 0 MASS        = 1e+31
TIME= 0 XMOM        = 0
TIME= 0 YMOM        = 0
TIME= 0 ZMOM        = 0
TIME= 0 RHO*e       = 1.00023929e+52
TIME= 0 RHO*E       = 1.00023929e+52
INITIAL GRIDS 
  Level 0   128 grids  452984832 cells  100 % of domain
            smallest grid: 192 x 192 x 96  biggest grid: 192 x 192 x 96

Castro::estTimeStep (hydro-limited) at level 0:  estdt = 9.355653899e-07
[Level 0 step 1] ADVANCE with dt = 9.355653899e-07
[Level 0 step 1] Advanced 452984832 cells

TIME= 9.355653899e-07 MASS        = 1e+31
TIME= 9.355653899e-07 XMOM        = 3.541774862e+21
TIME= 9.355653899e-07 YMOM        = 1.062532459e+22
TIME= 9.355653899e-07 ZMOM        = 1.145173872e+23
TIME= 9.355653899e-07 RHO*e       = 1.000180334e+52
TIME= 9.355653899e-07 RHO*E       = 1.00023929e+52

[STEP 1] Coarse TimeStep time: 3.791928339
[STEP 1] FAB kilobyte spread across MPI nodes: [12624522 ... 12624522]

STEP = 1 TIME = 9.355653899e-07 DT = 9.355653899e-07

Castro::estTimeStep (hydro-limited) at level 0:  estdt = 9.052574417e-07
[Level 0 step 2] ADVANCE with dt = 9.052574417e-07
[Level 0 step 2] Advanced 452984832 cells

TIME= 1.840822832e-06 MASS        = 1e+31
TIME= 1.840822832e-06 XMOM        = -1.180591621e+22
TIME= 1.840822832e-06 YMOM        = -3.541774862e+21
TIME= 1.840822832e-06 ZMOM        = -6.25713559e+22
TIME= 1.840822832e-06 RHO*e       = 1.000044544e+52
TIME= 1.840822832e-06 RHO*E       = 1.00023929e+52

[STEP 2] Coarse TimeStep time: 2.933051408
[STEP 2] FAB kilobyte spread across MPI nodes: [12624522 ... 12624522]

STEP = 2 TIME = 1.840822832e-06 DT = 9.052574417e-07

Castro::estTimeStep (hydro-limited) at level 0:  estdt = 8.825162166e-07
[Level 0 step 3] ADVANCE with dt = 8.825162166e-07
[Level 0 step 3] Advanced 452984832 cells

TIME= 2.723339048e-06 MASS        = 1e+31
TIME= 2.723339048e-06 XMOM        = 4.722366483e+21
TIME= 2.723339048e-06 YMOM        = -5.194603131e+22
TIME= 2.723339048e-06 ZMOM        = 2.05422942e+23
TIME= 2.723339048e-06 RHO*e       = 9.998666741e+51
TIME= 2.723339048e-06 RHO*E       = 1.00023929e+52

[STEP 3] Coarse TimeStep time: 1.734813124
[STEP 3] FAB kilobyte spread across MPI nodes: [12624522 ... 12624522]

STEP = 3 TIME = 2.723339048e-06 DT = 8.825162166e-07

Castro::estTimeStep (hydro-limited) at level 0:  estdt = 8.684475157e-07
[Level 0 step 4] ADVANCE with dt = 8.684475157e-07
[Level 0 step 4] Advanced 452984832 cells

TIME= 3.591786564e-06 MASS        = 1e+31
TIME= 3.591786564e-06 XMOM        = 2.83341989e+22
TIME= 3.591786564e-06 YMOM        = -2.83341989e+22
TIME= 3.591786564e-06 ZMOM        = -7.957187524e+23
TIME= 3.591786564e-06 RHO*e       = 9.996709848e+51
TIME= 3.591786564e-06 RHO*E       = 1.00023929e+52

[STEP 4] Coarse TimeStep time: 1.748406548
[STEP 4] FAB kilobyte spread across MPI nodes: [12624522 ... 12624522]

STEP = 4 TIME = 3.591786564e-06 DT = 8.684475157e-07

Castro::estTimeStep (hydro-limited) at level 0:  estdt = 8.59990483e-07
[Level 0 step 5] ADVANCE with dt = 8.59990483e-07
[Level 0 step 5] Advanced 452984832 cells

TIME= 4.451777047e-06 MASS        = 1e+31
TIME= 4.451777047e-06 XMOM        = -9.916969614e+22
TIME= 4.451777047e-06 YMOM        = 1.888946593e+23
TIME= 4.451777047e-06 ZMOM        = -3.07426058e+24
TIME= 4.451777047e-06 RHO*e       = 9.994665466e+51
TIME= 4.451777047e-06 RHO*E       = 1.00023929e+52

[STEP 5] Coarse TimeStep time: 1.763258798
[STEP 5] FAB kilobyte spread across MPI nodes: [12624522 ... 12624522]

STEP = 5 TIME = 4.451777047e-06 DT = 8.59990483e-07

Castro::estTimeStep (hydro-limited) at level 0:  estdt = 8.549205312e-07
[Level 0 step 6] ADVANCE with dt = 8.549205312e-07
[Level 0 step 6] Advanced 452984832 cells

TIME= 5.306697578e-06 MASS        = 1e+31
TIME= 5.306697578e-06 XMOM        = -3.777893186e+22
TIME= 5.306697578e-06 YMOM        = -3.305656538e+22
TIME= 5.306697578e-06 ZMOM        = 4.174571971e+24
TIME= 5.306697578e-06 RHO*e       = 9.99254392e+51
TIME= 5.306697578e-06 RHO*E       = 1.00023929e+52

[STEP 6] Coarse TimeStep time: 1.731711277
[STEP 6] FAB kilobyte spread across MPI nodes: [12624522 ... 12624522]

STEP = 6 TIME = 5.306697578e-06 DT = 8.549205312e-07

Castro::estTimeStep (hydro-limited) at level 0:  estdt = 8.526784742e-07
[Level 0 step 7] ADVANCE with dt = 8.526784742e-07
[Level 0 step 7] Advanced 452984832 cells

TIME= 6.159376052e-06 MASS        = 1e+31
TIME= 6.159376052e-06 XMOM        = 1.416709945e+22
TIME= 6.159376052e-06 YMOM        = 2.73897256e+23
TIME= 6.159376052e-06 ZMOM        = 3.674001124e+24
TIME= 6.159376052e-06 RHO*e       = 9.990326703e+51
TIME= 6.159376052e-06 RHO*E       = 1.00023929e+52

[STEP 7] Coarse TimeStep time: 1.768291009
[STEP 7] FAB kilobyte spread across MPI nodes: [12624522 ... 12624522]

STEP = 7 TIME = 6.159376052e-06 DT = 8.526784742e-07

Castro::estTimeStep (hydro-limited) at level 0:  estdt = 8.509456958e-07
[Level 0 step 8] ADVANCE with dt = 8.509456958e-07
[Level 0 step 8] Advanced 452984832 cells

TIME= 7.010321748e-06 MASS        = 1e+31
TIME= 7.010321748e-06 XMOM        = 5.666839779e+22
TIME= 7.010321748e-06 YMOM        = 1.605604604e+23
TIME= 7.010321748e-06 ZMOM        = 2.559522634e+24
TIME= 7.010321748e-06 RHO*e       = 9.988008784e+51
TIME= 7.010321748e-06 RHO*E       = 1.00023929e+52

[STEP 8] Coarse TimeStep time: 1.751555123
[STEP 8] FAB kilobyte spread across MPI nodes: [12624522 ... 12624522]

STEP = 8 TIME = 7.010321748e-06 DT = 8.509456958e-07

Castro::estTimeStep (hydro-limited) at level 0:  estdt = 8.478465788e-07
[Level 0 step 9] ADVANCE with dt = 8.478465788e-07
[Level 0 step 9] Advanced 452984832 cells

TIME= 7.858168327e-06 MASS        = 1e+31
TIME= 7.858168327e-06 XMOM        = -1.747275599e+23
TIME= 7.858168327e-06 YMOM        = 7.555786373e+22
TIME= 7.858168327e-06 ZMOM        = 2.044784687e+24
TIME= 7.858168327e-06 RHO*e       = 9.985597653e+51
TIME= 7.858168327e-06 RHO*E       = 1.00023929e+52

[STEP 9] Coarse TimeStep time: 1.854359969
[STEP 9] FAB kilobyte spread across MPI nodes: [12624522 ... 12624522]

STEP = 9 TIME = 7.858168327e-06 DT = 8.478465788e-07

Castro::estTimeStep (hydro-limited) at level 0:  estdt = 8.454657835e-07
[Level 0 step 10] ADVANCE with dt = 8.454657835e-07
[Level 0 step 10] Advanced 452984832 cells

TIME= 8.70363411e-06 MASS        = 1e+31
TIME= 8.70363411e-06 XMOM        = 1.227815286e+23
TIME= 8.70363411e-06 YMOM        = 1.322262615e+23
TIME= 8.70363411e-06 ZMOM        = 3.107317146e+24
TIME= 8.70363411e-06 RHO*e       = 9.983099725e+51
TIME= 8.70363411e-06 RHO*E       = 1.00023929e+52

[STEP 10] Coarse TimeStep time: 1.768577626
[STEP 10] FAB kilobyte spread across MPI nodes: [12624522 ... 12624522]

STEP = 10 TIME = 8.70363411e-06 DT = 8.454657835e-07

Castro::estTimeStep (hydro-limited) at level 0:  estdt = 8.433208003e-07
[Level 0 step 11] ADVANCE with dt = 8.433208003e-07
[Level 0 step 11] Advanced 452984832 cells

TIME= 9.546954911e-06 MASS        = 1e+31
TIME= 9.546954911e-06 XMOM        = 2.455630571e+23
TIME= 9.546954911e-06 YMOM        = 3.305656538e+23
TIME= 9.546954911e-06 ZMOM        = 5.289050461e+24
TIME= 9.546954911e-06 RHO*e       = 9.980524398e+51
TIME= 9.546954911e-06 RHO*E       = 1.00023929e+52

[STEP 11] Coarse TimeStep time: 1.730738378
[STEP 11] FAB kilobyte spread across MPI nodes: [12624522 ... 12624522]

STEP = 11 TIME = 9.546954911e-06 DT = 8.433208003e-07

Castro::estTimeStep (hydro-limited) at level 0:  estdt = 8.411775153e-07
[Level 0 step 12] ADVANCE with dt = 8.411775153e-07
[Level 0 step 12] Advanced 452984832 cells

TIME= 1.038813243e-05 MASS        = 1e+31
TIME= 1.038813243e-05 XMOM        = 9.444732966e+22
TIME= 1.038813243e-05 YMOM        = -3.777893186e+23
TIME= 1.038813243e-05 ZMOM        = 1.123923223e+25
TIME= 1.038813243e-05 RHO*e       = 9.977881701e+51
TIME= 1.038813243e-05 RHO*E       = 1.00023929e+52

[STEP 12] Coarse TimeStep time: 1.763562614
[STEP 12] FAB kilobyte spread across MPI nodes: [12624522 ... 12624522]

STEP = 12 TIME = 1.038813243e-05 DT = 8.411775153e-07

Castro::estTimeStep (hydro-limited) at level 0:  estdt = 8.388136464e-07
[Level 0 step 13] ADVANCE with dt = 8.388136464e-07
[Level 0 step 13] Advanced 452984832 cells

TIME= 1.122694607e-05 MASS        = 1e+31
TIME= 1.122694607e-05 XMOM        = 2.83341989e+22
TIME= 1.122694607e-05 YMOM        = 4.533471824e+23
TIME= 1.122694607e-05 ZMOM        = 1.36948628e+25
TIME= 1.122694607e-05 RHO*e       = 9.975180709e+51
TIME= 1.122694607e-05 RHO*E       = 1.00023929e+52

[STEP 13] Coarse TimeStep time: 1.838303764
[STEP 13] FAB kilobyte spread across MPI nodes: [12624522 ... 12624522]

STEP = 13 TIME = 1.122694607e-05 DT = 8.388136464e-07

Castro::estTimeStep (hydro-limited) at level 0:  estdt = 8.361722521e-07
[Level 0 step 14] ADVANCE with dt = 8.361722521e-07
[Level 0 step 14] Advanced 452984832 cells

TIME= 1.206311832e-05 MASS        = 1e+31
TIME= 1.206311832e-05 XMOM        = 4.439024494e+23
TIME= 1.206311832e-05 YMOM        = -3.305656538e+23
TIME= 1.206311832e-05 ZMOM        = 3.022314549e+23
TIME= 1.206311832e-05 RHO*e       = 9.972429204e+51
TIME= 1.206311832e-05 RHO*E       = 1.00023929e+52

[STEP 14] Coarse TimeStep time: 1.87408488
[STEP 14] FAB kilobyte spread across MPI nodes: [12624522 ... 12624522]

STEP = 14 TIME = 1.206311832e-05 DT = 8.361722521e-07

Castro::estTimeStep (hydro-limited) at level 0:  estdt = 8.329256241e-07
[Level 0 step 15] ADVANCE with dt = 8.329256241e-07
[Level 0 step 15] Advanced 452984832 cells

TIME= 1.289604395e-05 MASS        = 1e+31
TIME= 1.289604395e-05 XMOM        = -5.666839779e+22
TIME= 1.289604395e-05 YMOM        = 6.611313076e+22
TIME= 1.289604395e-05 ZMOM        = -7.121328656e+24
TIME= 1.289604395e-05 RHO*e       = 9.969634902e+51
TIME= 1.289604395e-05 RHO*E       = 1.00023929e+52

[STEP 15] Coarse TimeStep time: 1.841631021
[STEP 15] FAB kilobyte spread across MPI nodes: [12624522 ... 12624522]

STEP = 15 TIME = 1.289604395e-05 DT = 8.329256241e-07

Castro::estTimeStep (hydro-limited) at level 0:  estdt = 8.296845702e-07
[Level 0 step 16] ADVANCE with dt = 8.296845702e-07
[Level 0 step 16] Advanced 452984832 cells

TIME= 1.372572852e-05 MASS        = 1e+31
TIME= 1.372572852e-05 XMOM        = -2.64452523e+23
TIME= 1.372572852e-05 YMOM        = -8.500259669e+22
TIME= 1.372572852e-05 ZMOM        = 6.885210332e+24
TIME= 1.372572852e-05 RHO*e       = 9.96680269e+51
TIME= 1.372572852e-05 RHO*E       = 1.00023929e+52

[STEP 16] Coarse TimeStep time: 1.8837976
[STEP 16] FAB kilobyte spread across MPI nodes: [12624522 ... 12624522]

STEP = 16 TIME = 1.372572852e-05 DT = 8.296845702e-07

Castro::estTimeStep (hydro-limited) at level 0:  estdt = 8.267399781e-07
[Level 0 step 17] ADVANCE with dt = 8.267399781e-07
[Level 0 step 17] Advanced 452984832 cells

TIME= 1.45524685e-05 MASS        = 1e+31
TIME= 1.45524685e-05 XMOM        = 9.444732966e+22
TIME= 1.45524685e-05 YMOM        = -5.666839779e+22
TIME= 1.45524685e-05 ZMOM        = -1.794499263e+24
TIME= 1.45524685e-05 RHO*e       = 9.963935794e+51
TIME= 1.45524685e-05 RHO*E       = 1.00023929e+52

[STEP 17] Coarse TimeStep time: 1.784915475
[STEP 17] FAB kilobyte spread across MPI nodes: [12624522 ... 12624522]

STEP = 17 TIME = 1.45524685e-05 DT = 8.267399781e-07

Castro::estTimeStep (hydro-limited) at level 0:  estdt = 8.240625396e-07
[Level 0 step 18] ADVANCE with dt = 8.240625396e-07
[Level 0 step 18] Advanced 452984832 cells

TIME= 1.537653104e-05 MASS        = 1e+31
TIME= 1.537653104e-05 XMOM        = 2.455630571e+23
TIME= 1.537653104e-05 YMOM        = 1.605604604e+23
TIME= 1.537653104e-05 ZMOM        = -1.029475893e+24
TIME= 1.537653104e-05 RHO*e       = 9.961036966e+51
TIME= 1.537653104e-05 RHO*E       = 1.00023929e+52

[STEP 18] Coarse TimeStep time: 1.853083336
[STEP 18] FAB kilobyte spread across MPI nodes: [12624522 ... 12624522]

STEP = 18 TIME = 1.537653104e-05 DT = 8.240625396e-07

Castro::estTimeStep (hydro-limited) at level 0:  estdt = 8.216008477e-07
[Level 0 step 19] ADVANCE with dt = 8.216008477e-07
[Level 0 step 19] Advanced 452984832 cells

TIME= 1.619813188e-05 MASS        = 1e+31
TIME= 1.619813188e-05 XMOM        = -2.83341989e+23
TIME= 1.619813188e-05 YMOM        = 2.550077901e+23
TIME= 1.619813188e-05 ZMOM        = -2.908977753e+24
TIME= 1.619813188e-05 RHO*e       = 9.958108551e+51
TIME= 1.619813188e-05 RHO*E       = 1.00023929e+52

[STEP 19] Coarse TimeStep time: 1.923715512
[STEP 19] FAB kilobyte spread across MPI nodes: [12624522 ... 12624522]

STEP = 19 TIME = 1.619813188e-05 DT = 8.216008477e-07

Castro::estTimeStep (hydro-limited) at level 0:  estdt = 8.192771357e-07
[Level 0 step 20] ADVANCE with dt = 8.192771357e-07
[Level 0 step 20] Advanced 452984832 cells

TIME= 1.701740902e-05 MASS        = 1e+31
TIME= 1.701740902e-05 XMOM        = -2.83341989e+22
TIME= 1.701740902e-05 YMOM        = -3.872340516e+23
TIME= 1.701740902e-05 ZMOM        = -2.890088288e+24
TIME= 1.701740902e-05 RHO*e       = 9.955152969e+51
TIME= 1.701740902e-05 RHO*E       = 1.00023929e+52

[STEP 20] Coarse TimeStep time: 1.854271755
[STEP 20] FAB kilobyte spread across MPI nodes: [12624522 ... 12624522]

STEP = 20 TIME = 1.701740902e-05 DT = 8.192771357e-07

Castro::estTimeStep (hydro-limited) at level 0:  estdt = 8.167120652e-07
[Level 0 step 21] ADVANCE with dt = 8.167120652e-07
[Level 0 step 21] Advanced 452984832 cells

TIME= 1.783412108e-05 MASS        = 1e+31
TIME= 1.783412108e-05 XMOM        = -1.888946593e+23
TIME= 1.783412108e-05 YMOM        = -2.83341989e+23
TIME= 1.783412108e-05 ZMOM        = 2.096730718e+24
TIME= 1.783412108e-05 RHO*e       = 9.952173677e+51
TIME= 1.783412108e-05 RHO*E       = 1.00023929e+52

[STEP 21] Coarse TimeStep time: 1.801528023
[STEP 21] FAB kilobyte spread across MPI nodes: [12624522 ... 12624522]

STEP = 21 TIME = 1.783412108e-05 DT = 8.167120652e-07

Castro::estTimeStep (hydro-limited) at level 0:  estdt = 8.142832928e-07
[Level 0 step 22] ADVANCE with dt = 8.142832928e-07
[Level 0 step 22] Advanced 452984832 cells

TIME= 1.864840438e-05 MASS        = 1e+31
TIME= 1.864840438e-05 XMOM        = 3.777893186e+22
TIME= 1.864840438e-05 YMOM        = -8.122470351e+23
TIME= 1.864840438e-05 ZMOM        = -2.191178048e+24
TIME= 1.864840438e-05 RHO*e       = 9.949172644e+51
TIME= 1.864840438e-05 RHO*E       = 1.00023929e+52

[STEP 22] Coarse TimeStep time: 1.885962622
[STEP 22] FAB kilobyte spread across MPI nodes: [12624522 ... 12624522]

STEP = 22 TIME = 1.864840438e-05 DT = 8.142832928e-07

Castro::estTimeStep (hydro-limited) at level 0:  estdt = 8.120239423e-07
[Level 0 step 23] ADVANCE with dt = 8.120239423e-07
[Level 0 step 23] Advanced 452984832 cells

TIME= 1.946042832e-05 MASS        = 1e+31
TIME= 1.946042832e-05 XMOM        = -6.044629098e+23
TIME= 1.946042832e-05 YMOM        = 6.611313076e+23
TIME= 1.946042832e-05 ZMOM        = 3.575775901e+25
TIME= 1.946042832e-05 RHO*e       = 9.946151401e+51
TIME= 1.946042832e-05 RHO*E       = 1.00023929e+52

[STEP 23] Coarse TimeStep time: 1.943940264
[STEP 23] FAB kilobyte spread across MPI nodes: [12624522 ... 12624522]

STEP = 23 TIME = 1.946042832e-05 DT = 8.120239423e-07

Castro::estTimeStep (hydro-limited) at level 0:  estdt = 8.099330638e-07
[Level 0 step 24] ADVANCE with dt = 8.099330638e-07
[Level 0 step 24] Advanced 452984832 cells

TIME= 2.027036138e-05 MASS        = 1e+31
TIME= 2.027036138e-05 XMOM        = 2.83341989e+23
TIME= 2.027036138e-05 YMOM        = 6.422418417e+23
TIME= 2.027036138e-05 ZMOM        = 3.460550159e+25
TIME= 2.027036138e-05 RHO*e       = 9.943111171e+51
TIME= 2.027036138e-05 RHO*E       = 1.00023929e+52

[STEP 24] Coarse TimeStep time: 1.851311106
[STEP 24] FAB kilobyte spread across MPI nodes: [12624522 ... 12624522]

STEP = 24 TIME = 2.027036138e-05 DT = 8.099330638e-07

Castro::estTimeStep (hydro-limited) at level 0:  estdt = 8.079948112e-07
[Level 0 step 25] ADVANCE with dt = 8.079948112e-07
[Level 0 step 25] Advanced 452984832 cells

TIME= 2.107835619e-05 MASS        = 1e+31
TIME= 2.107835619e-05 XMOM        = 0
TIME= 2.107835619e-05 YMOM        = -4.722366483e+23
TIME= 2.107835619e-05 ZMOM        = 3.298100752e+25
TIME= 2.107835619e-05 RHO*e       = 9.94005315e+51
TIME= 2.107835619e-05 RHO*E       = 1.00023929e+52

[STEP 25] Coarse TimeStep time: 1.889716876
[STEP 25] FAB kilobyte spread across MPI nodes: [12624522 ... 12624522]

STEP = 25 TIME = 2.107835619e-05 DT = 8.079948112e-07

Castro::estTimeStep (hydro-limited) at level 0:  estdt = 8.061817556e-07
[Level 0 step 26] ADVANCE with dt = 8.061817556e-07
[Level 0 step 26] Advanced 452984832 cells

TIME= 2.188453795e-05 MASS        = 1e+31
TIME= 2.188453795e-05 XMOM        = -9.444732966e+22
TIME= 2.188453795e-05 YMOM        = -3.400103868e+23
TIME= 2.188453795e-05 ZMOM        = 6.122075908e+25
TIME= 2.188453795e-05 RHO*e       = 9.936978545e+51
TIME= 2.188453795e-05 RHO*E       = 1.00023929e+52

[STEP 26] Coarse TimeStep time: 1.848711611
[STEP 26] FAB kilobyte spread across MPI nodes: [12624522 ... 12624522]

STEP = 26 TIME = 2.188453795e-05 DT = 8.061817556e-07

Castro::estTimeStep (hydro-limited) at level 0:  estdt = 8.044767183e-07
[Level 0 step 27] ADVANCE with dt = 8.044767183e-07
[Level 0 step 27] Advanced 452984832 cells

TIME= 2.268901467e-05 MASS        = 1e+31
TIME= 2.268901467e-05 XMOM        = 3.211209208e+23
TIME= 2.268901467e-05 YMOM        = 1.737830866e+24
TIME= 2.268901467e-05 ZMOM        = 6.970212929e+25
TIME= 2.268901467e-05 RHO*e       = 9.933888438e+51
TIME= 2.268901467e-05 RHO*E       = 1.00023929e+52

[STEP 27] Coarse TimeStep time: 1.878062985
[STEP 27] FAB kilobyte spread across MPI nodes: [12624522 ... 12624522]

STEP = 27 TIME = 2.268901467e-05 DT = 8.044767183e-07

Castro::estTimeStep (hydro-limited) at level 0:  estdt = 8.02871873e-07
[Level 0 step 28] ADVANCE with dt = 8.02871873e-07
[Level 0 step 28] Advanced 452984832 cells

TIME= 2.349188654e-05 MASS        = 1e+31
TIME= 2.349188654e-05 XMOM        = 2.83341989e+23
TIME= 2.349188654e-05 YMOM        = 7.366891713e+23
TIME= 2.349188654e-05 ZMOM        = 6.17685536e+25
TIME= 2.349188654e-05 RHO*e       = 9.93078385e+51
TIME= 2.349188654e-05 RHO*E       = 1.00023929e+52

[STEP 28] Coarse TimeStep time: 1.913802625
[STEP 28] FAB kilobyte spread across MPI nodes: [12624522 ... 12624522]

STEP = 28 TIME = 2.349188654e-05 DT = 8.02871873e-07

Castro::estTimeStep (hydro-limited) at level 0:  estdt = 8.013590196e-07
[Level 0 step 29] ADVANCE with dt = 8.013590196e-07
[Level 0 step 29] Advanced 452984832 cells

TIME= 2.429324556e-05 MASS        = 1e+31
TIME= 2.429324556e-05 XMOM        = 6.233523757e+23
TIME= 2.429324556e-05 YMOM        = 1.511157275e+24
TIME= 2.429324556e-05 ZMOM        = 5.808510774e+25
TIME= 2.429324556e-05 RHO*e       = 9.927665674e+51
TIME= 2.429324556e-05 RHO*E       = 1.00023929e+52

[STEP 29] Coarse TimeStep time: 1.93455904
[STEP 29] FAB kilobyte spread across MPI nodes: [12624522 ... 12624522]

STEP = 29 TIME = 2.429324556e-05 DT = 8.013590196e-07

Castro::estTimeStep (hydro-limited) at level 0:  estdt = 7.999327954e-07
[Level 0 step 30] ADVANCE with dt = 7.999327954e-07
[Level 0 step 30] Advanced 452984832 cells

TIME= 2.509317836e-05 MASS        = 1e+31
TIME= 2.509317836e-05 XMOM        = -7.177997054e+23
TIME= 2.509317836e-05 YMOM        = 9.066943647e+23
TIME= 2.509317836e-05 ZMOM        = 9.048054181e+25
TIME= 2.509317836e-05 RHO*e       = 9.924534801e+51
TIME= 2.509317836e-05 RHO*E       = 1.00023929e+52

[STEP 30] Coarse TimeStep time: 1.929549794
[STEP 30] FAB kilobyte spread across MPI nodes: [12624522 ... 12624522]

STEP = 30 TIME = 2.509317836e-05 DT = 7.999327954e-07

Castro::estTimeStep (hydro-limited) at level 0:  estdt = 7.985899903e-07
[Level 0 step 31] ADVANCE with dt = 7.985899903e-07
[Level 0 step 31] Advanced 452984832 cells

TIME= 2.589176835e-05 MASS        = 1e+31
TIME= 2.589176835e-05 XMOM        = -1.133367956e+24
TIME= 2.589176835e-05 YMOM        = 1.794499263e+24
TIME= 2.589176835e-05 ZMOM        = 5.659283993e+25
TIME= 2.589176835e-05 RHO*e       = 9.921392064e+51
TIME= 2.589176835e-05 RHO*E       = 1.00023929e+52

[STEP 31] Coarse TimeStep time: 1.858293155
[STEP 31] FAB kilobyte spread across MPI nodes: [12624522 ... 12624522]

STEP = 31 TIME = 2.589176835e-05 DT = 7.985899903e-07

Castro::estTimeStep (hydro-limited) at level 0:  estdt = 7.973262382e-07
[Level 0 step 32] ADVANCE with dt = 7.973262382e-07
[Level 0 step 32] Advanced 452984832 cells

TIME= 2.668909459e-05 MASS        = 1e+31
TIME= 2.668909459e-05 XMOM        = 7.555786373e+23
TIME= 2.668909459e-05 YMOM        = -1.190036354e+24
TIME= 2.668909459e-05 ZMOM        = 7.553897426e+25
TIME= 2.668909459e-05 RHO*e       = 9.918238171e+51
TIME= 2.668909459e-05 RHO*E       = 1.00023929e+52

[STEP 32] Coarse TimeStep time: 1.899418737
[STEP 32] FAB kilobyte spread across MPI nodes: [12624522 ... 12624522]

STEP = 32 TIME = 2.668909459e-05 DT = 7.973262382e-07

Castro::estTimeStep (hydro-limited) at level 0:  estdt = 7.96137194e-07
[Level 0 step 33] ADVANCE with dt = 7.96137194e-07
[Level 0 step 33] Advanced 452984832 cells

TIME= 2.748523178e-05 MASS        = 1e+31
TIME= 2.748523178e-05 XMOM        = -3.211209208e+23
TIME= 2.748523178e-05 YMOM        = 6.044629098e+23
TIME= 2.748523178e-05 ZMOM        = 8.179138748e+25
TIME= 2.748523178e-05 RHO*e       = 9.915073735e+51
TIME= 2.748523178e-05 RHO*E       = 1.00023929e+52

[STEP 33] Coarse TimeStep time: 1.941366452
[STEP 33] FAB kilobyte spread across MPI nodes: [12624522 ... 12624522]

STEP = 33 TIME = 2.748523178e-05 DT = 7.96137194e-07

Castro::estTimeStep (hydro-limited) at level 0:  estdt = 7.950180957e-07
[Level 0 step 34] ADVANCE with dt = 7.950180957e-07
[Level 0 step 34] Advanced 452984832 cells

TIME= 2.828024988e-05 MASS        = 1e+31
TIME= 2.828024988e-05 XMOM        = 2.266735912e+23
TIME= 2.828024988e-05 YMOM        = 6.044629098e+23
TIME= 2.828024988e-05 ZMOM        = 6.579200984e+25
TIME= 2.828024988e-05 RHO*e       = 9.911899306e+51
TIME= 2.828024988e-05 RHO*E       = 1.00023929e+52

[STEP 34] Coarse TimeStep time: 1.984346346
[STEP 34] FAB kilobyte spread across MPI nodes: [12624522 ... 12624522]

STEP = 34 TIME = 2.828024988e-05 DT = 7.950180957e-07

Castro::estTimeStep (hydro-limited) at level 0:  estdt = 7.939660469e-07
[Level 0 step 35] ADVANCE with dt = 7.939660469e-07
[Level 0 step 35] Advanced 452984832 cells

TIME= 2.907421592e-05 MASS        = 1e+31
TIME= 2.907421592e-05 XMOM        = -9.822522284e+23
TIME= 2.907421592e-05 YMOM        = 1.171146888e+24
TIME= 2.907421592e-05 ZMOM        = 7.733347352e+25
TIME= 2.907421592e-05 RHO*e       = 9.908715376e+51
TIME= 2.907421592e-05 RHO*E       = 1.00023929e+52

[STEP 35] Coarse TimeStep time: 1.909835194
[STEP 35] FAB kilobyte spread across MPI nodes: [12624522 ... 12624522]

STEP = 35 TIME = 2.907421592e-05 DT = 7.939660469e-07

Castro::estTimeStep (hydro-limited) at level 0:  estdt = 7.929772886e-07
[Level 0 step 36] ADVANCE with dt = 7.929772886e-07
[Level 0 step 36] Advanced 452984832 cells

TIME= 2.986719321e-05 MASS        = 1e+31
TIME= 2.986719321e-05 XMOM        = -3.400103868e+23
TIME= 2.986719321e-05 YMOM        = 7.366891713e+23
TIME= 2.986719321e-05 ZMOM        = 9.405065087e+25
TIME= 2.986719321e-05 RHO*e       = 9.905522441e+51
TIME= 2.986719321e-05 RHO*E       = 1.00023929e+52

[STEP 36] Coarse TimeStep time: 1.949677316
[STEP 36] FAB kilobyte spread across MPI nodes: [12624522 ... 12624522]

STEP = 36 TIME = 2.986719321e-05 DT = 7.929772886e-07

Castro::estTimeStep (hydro-limited) at level 0:  estdt = 7.920473273e-07
[Level 0 step 37] ADVANCE with dt = 7.920473273e-07
[Level 0 step 37] Advanced 452984832 cells

TIME= 3.065924054e-05 MASS        = 1e+31
TIME= 3.065924054e-05 XMOM        = 4.155682505e+23
TIME= 3.065924054e-05 YMOM        = 1.832278195e+24
TIME= 3.065924054e-05 ZMOM        = 4.61280758e+25
TIME= 3.065924054e-05 RHO*e       = 9.902320968e+51
TIME= 3.065924054e-05 RHO*E       = 1.00023929e+52

[STEP 37] Coarse TimeStep time: 1.923922949
[STEP 37] FAB kilobyte spread across MPI nodes: [12624522 ... 12624522]

STEP = 37 TIME = 3.065924054e-05 DT = 7.920473273e-07

Castro::estTimeStep (hydro-limited) at level 0:  estdt = 7.911715104e-07
[Level 0 step 38] ADVANCE with dt = 7.911715104e-07
[Level 0 step 38] Advanced 452984832 cells

TIME= 3.145041205e-05 MASS        = 1e+31
TIME= 3.145041205e-05 XMOM        = 5.289050461e+23
TIME= 3.145041205e-05 YMOM        = 4.533471824e+23
TIME= 3.145041205e-05 ZMOM        = 7.438671684e+25
TIME= 3.145041205e-05 RHO*e       = 9.899111361e+51
TIME= 3.145041205e-05 RHO*E       = 1.00023929e+52

[STEP 38] Coarse TimeStep time: 1.998108679
[STEP 38] FAB kilobyte spread across MPI nodes: [12624522 ... 12624522]

STEP = 38 TIME = 3.145041205e-05 DT = 7.911715104e-07

Castro::estTimeStep (hydro-limited) at level 0:  estdt = 7.903441249e-07
[Level 0 step 39] ADVANCE with dt = 7.903441249e-07
[Level 0 step 39] Advanced 452984832 cells

TIME= 3.224075617e-05 MASS        = 1e+31
TIME= 3.224075617e-05 XMOM        = -5.666839779e+23
TIME= 3.224075617e-05 YMOM        = 7.744681032e+23
TIME= 3.224075617e-05 ZMOM        = 1.146212793e+26
TIME= 3.224075617e-05 RHO*e       = 9.895894012e+51
TIME= 3.224075617e-05 RHO*E       = 1.00023929e+52

[STEP 39] Coarse TimeStep time: 1.967722746
[STEP 39] FAB kilobyte spread across MPI nodes: [12624522 ... 12624522]

STEP = 39 TIME = 3.224075617e-05 DT = 7.903441249e-07

Castro::estTimeStep (hydro-limited) at level 0:  estdt = 7.895602015e-07
[Level 0 step 40] ADVANCE with dt = 7.895602015e-07
[Level 0 step 40] Advanced 452984832 cells

TIME= 3.303031637e-05 MASS        = 1e+31
TIME= 3.303031637e-05 XMOM        = -4.911261142e+23
TIME= 3.303031637e-05 YMOM        = 2.512298969e+24
TIME= 3.303031637e-05 ZMOM        = 1.194569826e+26
TIME= 3.303031637e-05 RHO*e       = 9.892669278e+51
TIME= 3.303031637e-05 RHO*E       = 1.00023929e+52

[STEP 40] Coarse TimeStep time: 1.988344503
[STEP 40] FAB kilobyte spread across MPI nodes: [12624522 ... 12624522]

STEP = 40 TIME = 3.303031637e-05 DT = 7.895602015e-07

Castro::estTimeStep (hydro-limited) at level 0:  estdt = 7.888151864e-07
[Level 0 step 41] ADVANCE with dt = 7.888151864e-07
[Level 0 step 41] Advanced 452984832 cells

TIME= 3.381913156e-05 MASS        = 1e+31
TIME= 3.381913156e-05 XMOM        = 1.038920626e+24
TIME= 3.381913156e-05 YMOM        = 2.077841252e+23
TIME= 3.381913156e-05 ZMOM        = 1.271638847e+26
TIME= 3.381913156e-05 RHO*e       = 9.88943749e+51
TIME= 3.381913156e-05 RHO*E       = 1.00023929e+52

[STEP 41] Coarse TimeStep time: 1.927240197
[STEP 41] FAB kilobyte spread across MPI nodes: [12624522 ... 12624522]

STEP = 41 TIME = 3.381913156e-05 DT = 7.888151864e-07

Castro::estTimeStep (hydro-limited) at level 0:  estdt = 7.881049472e-07
[Level 0 step 42] ADVANCE with dt = 7.881049472e-07
[Level 0 step 42] Advanced 452984832 cells

TIME= 3.460723651e-05 MASS        = 1e+31
TIME= 3.460723651e-05 XMOM        = -7.555786373e+22
TIME= 3.460723651e-05 YMOM        = 1.341152081e+24
TIME= 3.460723651e-05 ZMOM        = 8.130026137e+25
TIME= 3.460723651e-05 RHO*e       = 9.886198989e+51
TIME= 3.460723651e-05 RHO*E       = 1.00023929e+52

[STEP 42] Coarse TimeStep time: 2.011484928
[STEP 42] FAB kilobyte spread across MPI nodes: [12624522 ... 12624522]

STEP = 42 TIME = 3.460723651e-05 DT = 7.881049472e-07

Castro::estTimeStep (hydro-limited) at level 0:  estdt = 7.874206161e-07
[Level 0 step 43] ADVANCE with dt = 7.874206161e-07
[Level 0 step 43] Advanced 452984832 cells

TIME= 3.539465712e-05 MASS        = 1e+31
TIME= 3.539465712e-05 XMOM        = -1.397820479e+24
TIME= 3.539465712e-05 YMOM        = 1.548936206e+24
TIME= 3.539465712e-05 ZMOM        = 9.123612045e+25
TIME= 3.539465712e-05 RHO*e       = 9.882954106e+51
TIME= 3.539465712e-05 RHO*E       = 1.00023929e+52

[STEP 43] Coarse TimeStep time: 2.037154476
[STEP 43] FAB kilobyte spread across MPI nodes: [12624522 ... 12624522]

STEP = 43 TIME = 3.539465712e-05 DT = 7.874206161e-07

Castro::estTimeStep (hydro-limited) at level 0:  estdt = 7.867595496e-07
[Level 0 step 44] ADVANCE with dt = 7.867595496e-07
[Level 0 step 44] Advanced 452984832 cells

TIME= 3.618141667e-05 MASS        = 1e+31
TIME= 3.618141667e-05 XMOM        = -3.400103868e+23
TIME= 3.618141667e-05 YMOM        = 1.20892582e+24
TIME= 3.618141667e-05 ZMOM        = 9.422065607e+25
TIME= 3.618141667e-05 RHO*e       = 9.879703164e+51
TIME= 3.618141667e-05 RHO*E       = 1.00023929e+52

[STEP 44] Coarse TimeStep time: 1.986071699
[STEP 44] FAB kilobyte spread across MPI nodes: [12624522 ... 12624522]

STEP = 44 TIME = 3.618141667e-05 DT = 7.867595496e-07

Castro::estTimeStep (hydro-limited) at level 0:  estdt = 7.861246741e-07
[Level 0 step 45] ADVANCE with dt = 7.861246741e-07
[Level 0 step 45] Advanced 452984832 cells

TIME= 3.696754135e-05 MASS        = 1e+31
TIME= 3.696754135e-05 XMOM        = -8.689154328e+23
TIME= 3.696754135e-05 YMOM        = -3.626777459e+24
TIME= 3.696754135e-05 ZMOM        = 1.508512749e+26
TIME= 3.696754135e-05 RHO*e       = 9.876446453e+51
TIME= 3.696754135e-05 RHO*E       = 1.00023929e+52

[STEP 45] Coarse TimeStep time: 2.006398991
[STEP 45] FAB kilobyte spread across MPI nodes: [12624522 ... 12624522]

STEP = 45 TIME = 3.696754135e-05 DT = 7.861246741e-07

Castro::estTimeStep (hydro-limited) at level 0:  estdt = 7.854941813e-07
[Level 0 step 46] ADVANCE with dt = 7.854941813e-07
[Level 0 step 46] Advanced 452984832 cells

TIME= 3.775303553e-05 MASS        = 1e+31
TIME= 3.775303553e-05 XMOM        = -6.422418417e+23
TIME= 3.775303553e-05 YMOM        = 1.888946593e+23
TIME= 3.775303553e-05 ZMOM        = 1.515690746e+26
TIME= 3.775303553e-05 RHO*e       = 9.873184311e+51
TIME= 3.775303553e-05 RHO*E       = 1.00023929e+52

[STEP 46] Coarse TimeStep time: 1.992056497
[STEP 46] FAB kilobyte spread across MPI nodes: [12624522 ... 12624522]

STEP = 46 TIME = 3.775303553e-05 DT = 7.854941813e-07

Castro::estTimeStep (hydro-limited) at level 0:  estdt = 7.848840673e-07
[Level 0 step 47] ADVANCE with dt = 7.848840673e-07
[Level 0 step 47] Advanced 452984832 cells

TIME= 3.85379196e-05 MASS        = 1e+31
TIME= 3.85379196e-05 XMOM        = 2.040062321e+24
TIME= 3.85379196e-05 YMOM        = -1.20892582e+24
TIME= 3.85379196e-05 ZMOM        = 1.204014558e+26
TIME= 3.85379196e-05 RHO*e       = 9.869917009e+51
TIME= 3.85379196e-05 RHO*E       = 1.00023929e+52

[STEP 47] Coarse TimeStep time: 2.054928108
[STEP 47] FAB kilobyte spread across MPI nodes: [12624522 ... 12624522]

STEP = 47 TIME = 3.85379196e-05 DT = 7.848840673e-07

Castro::estTimeStep (hydro-limited) at level 0:  estdt = 7.842960987e-07
[Level 0 step 48] ADVANCE with dt = 7.842960987e-07
[Level 0 step 48] Advanced 452984832 cells

TIME= 3.93222157e-05 MASS        = 1e+31
TIME= 3.93222157e-05 XMOM        = -2.115620184e+24
TIME= 3.93222157e-05 YMOM        = 1.700051934e+24
TIME= 3.93222157e-05 ZMOM        = 1.463178031e+26
TIME= 3.93222157e-05 RHO*e       = 9.866644806e+51
TIME= 3.93222157e-05 RHO*E       = 1.00023929e+52

[STEP 48] Coarse TimeStep time: 2.106746737
[STEP 48] FAB kilobyte spread across MPI nodes: [12624522 ... 12624522]

STEP = 48 TIME = 3.93222157e-05 DT = 7.842960987e-07

Castro::estTimeStep (hydro-limited) at level 0:  estdt = 7.837278881e-07
[Level 0 step 49] ADVANCE with dt = 7.837278881e-07
[Level 0 step 49] Advanced 452984832 cells

TIME= 4.010594358e-05 MASS        = 1e+31
TIME= 4.010594358e-05 XMOM        = 2.22895698e+24
TIME= 4.010594358e-05 YMOM        = 2.191178048e+24
TIME= 4.010594358e-05 ZMOM        = 1.140545953e+26
TIME= 4.010594358e-05 RHO*e       = 9.863367969e+51
TIME= 4.010594358e-05 RHO*E       = 1.00023929e+52

[STEP 49] Coarse TimeStep time: 2.012342589
[STEP 49] FAB kilobyte spread across MPI nodes: [12624522 ... 12624522]

STEP = 49 TIME = 4.010594358e-05 DT = 7.837278881e-07

Castro::estTimeStep (hydro-limited) at level 0:  estdt = 7.831691822e-07
[Level 0 step 50] ADVANCE with dt = 7.831691822e-07
[Level 0 step 50] Advanced 452984832 cells

TIME= 4.088911277e-05 MASS        = 1e+31
TIME= 4.088911277e-05 XMOM        = -1.435599411e+24
TIME= 4.088911277e-05 YMOM        = -7.555786373e+23
TIME= 4.088911277e-05 ZMOM        = 1.94032594e+26
TIME= 4.088911277e-05 RHO*e       = 9.860086742e+51
TIME= 4.088911277e-05 RHO*E       = 1.00023929e+52

[STEP 50] Coarse TimeStep time: 2.093894699
[STEP 50] FAB kilobyte spread across MPI nodes: [12624522 ... 12624522]

STEP = 50 TIME = 4.088911277e-05 DT = 7.831691822e-07

Castro::estTimeStep (hydro-limited) at level 0:  estdt = 7.82627635e-07
[Level 0 step 51] ADVANCE with dt = 7.82627635e-07
[Level 0 step 51] Advanced 452984832 cells

TIME= 4.16717404e-05 MASS        = 1e+31
TIME= 4.16717404e-05 XMOM        = -8.31136501e+23
TIME= 4.16717404e-05 YMOM        = -1.548936206e+24
TIME= 4.16717404e-05 ZMOM        = 1.278816844e+26
TIME= 4.16717404e-05 RHO*e       = 9.856801365e+51
TIME= 4.16717404e-05 RHO*E       = 1.00023929e+52

[STEP 51] Coarse TimeStep time: 1.979293898
[STEP 51] FAB kilobyte spread across MPI nodes: [12624522 ... 12624522]

STEP = 51 TIME = 4.16717404e-05 DT = 7.82627635e-07

Castro::estTimeStep (hydro-limited) at level 0:  estdt = 7.821020456e-07
[Level 0 step 52] ADVANCE with dt = 7.821020456e-07
[Level 0 step 52] Advanced 452984832 cells

TIME= 4.245384245e-05 MASS        = 1e+31
TIME= 4.245384245e-05 XMOM        = 1.511157275e+24
TIME= 4.245384245e-05 YMOM        = 1.851167661e+24
TIME= 4.245384245e-05 ZMOM        = 1.723097082e+26
TIME= 4.245384245e-05 RHO*e       = 9.853512061e+51
TIME= 4.245384245e-05 RHO*E       = 1.00023929e+52

[STEP 52] Coarse TimeStep time: 2.116964273
[STEP 52] FAB kilobyte spread across MPI nodes: [12624522 ... 12624522]

STEP = 52 TIME = 4.245384245e-05 DT = 7.821020456e-07

Castro::estTimeStep (hydro-limited) at level 0:  estdt = 7.815914792e-07
[Level 0 step 53] ADVANCE with dt = 7.815914792e-07
[Level 0 step 53] Advanced 452984832 cells

TIME= 4.323543393e-05 MASS        = 1e+31
TIME= 4.323543393e-05 XMOM        = 4.155682505e+23
TIME= 4.323543393e-05 YMOM        = 1.02003116e+24
TIME= 4.323543393e-05 ZMOM        = 1.908213848e+26
TIME= 4.323543393e-05 RHO*e       = 9.850219026e+51
TIME= 4.323543393e-05 RHO*E       = 1.00023929e+52

[STEP 53] Coarse TimeStep time: 2.054873779
[STEP 53] FAB kilobyte spread across MPI nodes: [12624522 ... 12624522]

STEP = 53 TIME = 4.323543393e-05 DT = 7.815914792e-07

Castro::estTimeStep (hydro-limited) at level 0:  estdt = 7.810939493e-07
[Level 0 step 54] ADVANCE with dt = 7.810939493e-07
[Level 0 step 54] Advanced 452984832 cells

TIME= 4.401652787e-05 MASS        = 1e+31
TIME= 4.401652787e-05 XMOM        = 9.066943647e+23
TIME= 4.401652787e-05 YMOM        = 1.737830866e+24
TIME= 4.401652787e-05 ZMOM        = 1.680406889e+26
TIME= 4.401652787e-05 RHO*e       = 9.846922467e+51
TIME= 4.401652787e-05 RHO*E       = 1.00023929e+52

[STEP 54] Coarse TimeStep time: 2.01291563
[STEP 54] FAB kilobyte spread across MPI nodes: [12624522 ... 12624522]

STEP = 54 TIME = 4.401652787e-05 DT = 7.810939493e-07

Castro::estTimeStep (hydro-limited) at level 0:  estdt = 7.806100796e-07
[Level 0 step 55] ADVANCE with dt = 7.806100796e-07
[Level 0 step 55] Advanced 452984832 cells

TIME= 4.479713795e-05 MASS        = 1e+31
TIME= 4.479713795e-05 XMOM        = -1.057810092e+24
TIME= 4.479713795e-05 YMOM        = 2.040062321e+24
TIME= 4.479713795e-05 ZMOM        = 1.867412602e+26
TIME= 4.479713795e-05 RHO*e       = 9.843622552e+51
TIME= 4.479713795e-05 RHO*E       = 1.00023929e+52

[STEP 55] Coarse TimeStep time: 2.183699433
[STEP 55] FAB kilobyte spread across MPI nodes: [12624522 ... 12624522]

STEP = 55 TIME = 4.479713795e-05 DT = 7.806100796e-07

Castro::estTimeStep (hydro-limited) at level 0:  estdt = 7.801395857e-07
[Level 0 step 56] ADVANCE with dt = 7.801395857e-07
[Level 0 step 56] Advanced 452984832 cells

TIME= 4.557727754e-05 MASS        = 1e+31
TIME= 4.557727754e-05 XMOM        = 4.533471824e+23
TIME= 4.557727754e-05 YMOM        = 4.155682505e+23
TIME= 4.557727754e-05 ZMOM        = 2.104286505e+26
TIME= 4.557727754e-05 RHO*e       = 9.840319449e+51
TIME= 4.557727754e-05 RHO*E       = 1.00023929e+52

[STEP 56] Coarse TimeStep time: 2.093038007
[STEP 56] FAB kilobyte spread across MPI nodes: [12624522 ... 12624522]

STEP = 56 TIME = 4.557727754e-05 DT = 7.801395857e-07

Castro::estTimeStep (hydro-limited) at level 0:  estdt = 7.79669386e-07
[Level 0 step 57] ADVANCE with dt = 7.79669386e-07
[Level 0 step 57] Advanced 452984832 cells

TIME= 4.635694693e-05 MASS        = 1e+31
TIME= 4.635694693e-05 XMOM        = 3.173430276e+24
TIME= 4.635694693e-05 YMOM        = 3.85345105e+24
TIME= 4.635694693e-05 ZMOM        = 1.414443209e+26
TIME= 4.635694693e-05 RHO*e       = 9.837013391e+51
TIME= 4.635694693e-05 RHO*E       = 1.00023929e+52

[STEP 57] Coarse TimeStep time: 2.102813113
[STEP 57] FAB kilobyte spread across MPI nodes: [12624522 ... 12624522]

STEP = 57 TIME = 4.635694693e-05 DT = 7.79669386e-07

Castro::estTimeStep (hydro-limited) at level 0:  estdt = 7.791787259e-07
[Level 0 step 58] ADVANCE with dt = 7.791787259e-07
[Level 0 step 58] Advanced 452984832 cells

TIME= 4.713612565e-05 MASS        = 1e+31
TIME= 4.713612565e-05 XMOM        = -7.177997054e+23
TIME= 4.713612565e-05 YMOM        = 0
TIME= 4.713612565e-05 ZMOM        = 1.407265212e+26
TIME= 4.713612565e-05 RHO*e       = 9.833704675e+51
TIME= 4.713612565e-05 RHO*E       = 1.00023929e+52

[STEP 58] Coarse TimeStep time: 2.046276092
[STEP 58] FAB kilobyte spread across MPI nodes: [12624522 ... 12624522]

STEP = 58 TIME = 4.713612565e-05 DT = 7.791787259e-07

Castro::estTimeStep (hydro-limited) at level 0:  estdt = 7.78706841e-07
[Level 0 step 59] ADVANCE with dt = 7.78706841e-07
[Level 0 step 59] Advanced 452984832 cells

TIME= 4.791483249e-05 MASS        = 1e+31
TIME= 4.791483249e-05 XMOM        = -4.155682505e+23
TIME= 4.791483249e-05 YMOM        = -1.548936206e+24
TIME= 4.791483249e-05 ZMOM        = 1.925214368e+26
TIME= 4.791483249e-05 RHO*e       = 9.830393416e+51
TIME= 4.791483249e-05 RHO*E       = 1.00023929e+52

[STEP 59] Coarse TimeStep time: 2.084351903
[STEP 59] FAB kilobyte spread across MPI nodes: [12624522 ... 12624522]

STEP = 59 TIME = 4.791483249e-05 DT = 7.78706841e-07

Castro::estTimeStep (hydro-limited) at level 0:  estdt = 7.782533288e-07
[Level 0 step 60] ADVANCE with dt = 7.782533288e-07
[Level 0 step 60] Advanced 452984832 cells

TIME= 4.869308582e-05 MASS        = 1e+31
TIME= 4.869308582e-05 XMOM        = 9.444732966e+23
TIME= 4.869308582e-05 YMOM        = 5.06237687e+24
TIME= 4.869308582e-05 ZMOM        = 2.304137054e+26
TIME= 4.869308582e-05 RHO*e       = 9.82707972e+51
TIME= 4.869308582e-05 RHO*E       = 1.00023929e+52

[STEP 60] Coarse TimeStep time: 2.083685548
[STEP 60] FAB kilobyte spread across MPI nodes: [12624522 ... 12624522]

STEP = 60 TIME = 4.869308582e-05 DT = 7.782533288e-07

Castro::estTimeStep (hydro-limited) at level 0:  estdt = 7.778175616e-07
[Level 0 step 61] ADVANCE with dt = 7.778175616e-07
[Level 0 step 61] Advanced 452984832 cells

TIME= 4.947090338e-05 MASS        = 1e+31
TIME= 4.947090338e-05 XMOM        = -6.422418417e+23
TIME= 4.947090338e-05 YMOM        = 1.322262615e+24
TIME= 4.947090338e-05 ZMOM        = 1.906324902e+26
TIME= 4.947090338e-05 RHO*e       = 9.823763693e+51
TIME= 4.947090338e-05 RHO*E       = 1.00023929e+52

[STEP 61] Coarse TimeStep time: 2.029040714
[STEP 61] FAB kilobyte spread across MPI nodes: [12624522 ... 12624522]

STEP = 61 TIME = 4.947090338e-05 DT = 7.778175616e-07

Castro::estTimeStep (hydro-limited) at level 0:  estdt = 7.773986928e-07
[Level 0 step 62] ADVANCE with dt = 7.773986928e-07
[Level 0 step 62] Advanced 452984832 cells

TIME= 5.024830208e-05 MASS        = 1e+31
TIME= 5.024830208e-05 XMOM        = 2.266735912e+23
TIME= 5.024830208e-05 YMOM        = 3.891229982e+24
TIME= 5.024830208e-05 ZMOM        = 1.572359144e+26
TIME= 5.024830208e-05 RHO*e       = 9.820445413e+51
TIME= 5.024830208e-05 RHO*E       = 1.00023929e+52

[STEP 62] Coarse TimeStep time: 2.159636657
[STEP 62] FAB kilobyte spread across MPI nodes: [12624522 ... 12624522]

STEP = 62 TIME = 5.024830208e-05 DT = 7.773986928e-07

Castro::estTimeStep (hydro-limited) at level 0:  estdt = 7.7699573e-07
[Level 0 step 63] ADVANCE with dt = 7.7699573e-07
[Level 0 step 63] Advanced 452984832 cells

TIME= 5.102529781e-05 MASS        = 1e+31
TIME= 5.102529781e-05 XMOM        = 1.511157275e+23
TIME= 5.102529781e-05 YMOM        = 3.24898814e+24
TIME= 5.102529781e-05 ZMOM        = 1.709496667e+26
TIME= 5.102529781e-05 RHO*e       = 9.817124975e+51
TIME= 5.102529781e-05 RHO*E       = 1.00023929e+52

[STEP 63] Coarse TimeStep time: 2.042798742
[STEP 63] FAB kilobyte spread across MPI nodes: [12624522 ... 12624522]

STEP = 63 TIME = 5.102529781e-05 DT = 7.7699573e-07

Castro::estTimeStep (hydro-limited) at level 0:  estdt = 7.766075778e-07
[Level 0 step 64] ADVANCE with dt = 7.766075778e-07
[Level 0 step 64] Advanced 452984832 cells

TIME= 5.180190538e-05 MASS        = 1e+31
TIME= 5.180190538e-05 XMOM        = 1.435599411e+24
TIME= 5.180190538e-05 YMOM        = 1.888946593e+23
TIME= 5.180190538e-05 ZMOM        = 1.689096044e+26
TIME= 5.180190538e-05 RHO*e       = 9.813802475e+51
TIME= 5.180190538e-05 RHO*E       = 1.00023929e+52

[STEP 64] Coarse TimeStep time: 2.122994372
[STEP 64] FAB kilobyte spread across MPI nodes: [12624522 ... 12624522]

STEP = 64 TIME = 5.180190538e-05 DT = 7.766075778e-07

Castro::estTimeStep (hydro-limited) at level 0:  estdt = 7.761888248e-07
[Level 0 step 65] ADVANCE with dt = 7.761888248e-07
[Level 0 step 65] Advanced 452984832 cells

TIME= 5.257809421e-05 MASS        = 1e+31
TIME= 5.257809421e-05 XMOM        = -1.511157275e+23
TIME= 5.257809421e-05 YMOM        = -1.133367956e+24
TIME= 5.257809421e-05 ZMOM        = 1.661139634e+26
TIME= 5.257809421e-05 RHO*e       = 9.810478189e+51
TIME= 5.257809421e-05 RHO*E       = 1.00023929e+52

[STEP 65] Coarse TimeStep time: 2.120600258
[STEP 65] FAB kilobyte spread across MPI nodes: [12624522 ... 12624522]

STEP = 65 TIME = 5.257809421e-05 DT = 7.761888248e-07

Castro::estTimeStep (hydro-limited) at level 0:  estdt = 7.757798093e-07
[Level 0 step 66] ADVANCE with dt = 7.757798093e-07
[Level 0 step 66] Advanced 452984832 cells

TIME= 5.335387402e-05 MASS        = 1e+31
TIME= 5.335387402e-05 XMOM        = -1.548936206e+24
TIME= 5.335387402e-05 YMOM        = 3.286767072e+24
TIME= 5.335387402e-05 ZMOM        = 1.810744204e+26
TIME= 5.335387402e-05 RHO*e       = 9.807152216e+51
TIME= 5.335387402e-05 RHO*E       = 1.00023929e+52

[STEP 66] Coarse TimeStep time: 2.077422572
[STEP 66] FAB kilobyte spread across MPI nodes: [12624522 ... 12624522]

STEP = 66 TIME = 5.335387402e-05 DT = 7.757798093e-07

Castro::estTimeStep (hydro-limited) at level 0:  estdt = 7.7537368e-07
[Level 0 step 67] ADVANCE with dt = 7.7537368e-07
[Level 0 step 67] Advanced 452984832 cells

TIME= 5.41292477e-05 MASS        = 1e+31
TIME= 5.41292477e-05 XMOM        = -7.555786373e+23
TIME= 5.41292477e-05 YMOM        = -1.586715138e+24
TIME= 5.41292477e-05 ZMOM        = 2.535721907e+26
TIME= 5.41292477e-05 RHO*e       = 9.803824687e+51
TIME= 5.41292477e-05 RHO*E       = 1.00023929e+52

[STEP 67] Coarse TimeStep time: 2.067284777
[STEP 67] FAB kilobyte spread across MPI nodes: [12624522 ... 12624522]

STEP = 67 TIME = 5.41292477e-05 DT = 7.7537368e-07

Castro::estTimeStep (hydro-limited) at level 0:  estdt = 7.749767126e-07
[Level 0 step 68] ADVANCE with dt = 7.749767126e-07
[Level 0 step 68] Advanced 452984832 cells

TIME= 5.490422441e-05 MASS        = 1e+31
TIME= 5.490422441e-05 XMOM        = 2.908977753e+24
TIME= 5.490422441e-05 YMOM        = 1.888946593e+23
TIME= 5.490422441e-05 ZMOM        = 1.944481623e+26
TIME= 5.490422441e-05 RHO*e       = 9.800495701e+51
TIME= 5.490422441e-05 RHO*E       = 1.00023929e+52

[STEP 68] Coarse TimeStep time: 2.1253491
[STEP 68] FAB kilobyte spread across MPI nodes: [12624522 ... 12624522]

STEP = 68 TIME = 5.490422441e-05 DT = 7.749767126e-07

Castro::estTimeStep (hydro-limited) at level 0:  estdt = 7.745955825e-07
[Level 0 step 69] ADVANCE with dt = 7.745955825e-07
[Level 0 step 69] Advanced 452984832 cells

TIME= 5.567881999e-05 MASS        = 1e+31
TIME= 5.567881999e-05 XMOM        = -3.4378828e+24
TIME= 5.567881999e-05 YMOM        = -3.400103868e+23
TIME= 5.567881999e-05 ZMOM        = 1.831900406e+26
TIME= 5.567881999e-05 RHO*e       = 9.797165301e+51
TIME= 5.567881999e-05 RHO*E       = 1.00023929e+52

[STEP 69] Coarse TimeStep time: 2.092966279
[STEP 69] FAB kilobyte spread across MPI nodes: [12624522 ... 12624522]

STEP = 69 TIME = 5.567881999e-05 DT = 7.745955825e-07

Castro::estTimeStep (hydro-limited) at level 0:  estdt = 7.742295163e-07
[Level 0 step 70] ADVANCE with dt = 7.742295163e-07
[Level 0 step 70] Advanced 452984832 cells

TIME= 5.645304951e-05 MASS        = 1e+31
TIME= 5.645304951e-05 XMOM        = 1.133367956e+23
TIME= 5.645304951e-05 YMOM        = 9.633627625e+24
TIME= 5.645304951e-05 ZMOM        = 2.431829844e+26
TIME= 5.645304951e-05 RHO*e       = 9.793833534e+51
TIME= 5.645304951e-05 RHO*E       = 1.00023929e+52

[STEP 70] Coarse TimeStep time: 2.117232577
[STEP 70] FAB kilobyte spread across MPI nodes: [12624522 ... 12624522]

STEP = 70 TIME = 5.645304951e-05 DT = 7.742295163e-07

Castro::estTimeStep (hydro-limited) at level 0:  estdt = 7.738777303e-07
[Level 0 step 71] ADVANCE with dt = 7.738777303e-07
[Level 0 step 71] Advanced 452984832 cells

TIME= 5.722692724e-05 MASS        = 1e+31
TIME= 5.722692724e-05 XMOM        = 5.289050461e+23
TIME= 5.722692724e-05 YMOM        = 3.362324936e+24
TIME= 5.722692724e-05 ZMOM        = 1.27541674e+26
TIME= 5.722692724e-05 RHO*e       = 9.790500468e+51
TIME= 5.722692724e-05 RHO*E       = 1.00023929e+52

[STEP 71] Coarse TimeStep time: 2.05478166
[STEP 71] FAB kilobyte spread across MPI nodes: [12624522 ... 12624522]

STEP = 71 TIME = 5.722692724e-05 DT = 7.738777303e-07

Castro::estTimeStep (hydro-limited) at level 0:  estdt = 7.735394368e-07
[Level 0 step 72] ADVANCE with dt = 7.735394368e-07
[Level 0 step 72] Advanced 452984832 cells

TIME= 5.800046668e-05 MASS        = 1e+31
TIME= 5.800046668e-05 XMOM        = -3.551219595e+24
TIME= 5.800046668e-05 YMOM        = -2.908977753e+24
TIME= 5.800046668e-05 ZMOM        = 1.371375227e+26
TIME= 5.800046668e-05 RHO*e       = 9.78716617e+51
TIME= 5.800046668e-05 RHO*E       = 1.00023929e+52

[STEP 72] Coarse TimeStep time: 2.090803973
[STEP 72] FAB kilobyte spread across MPI nodes: [12624522 ... 12624522]

STEP = 72 TIME = 5.800046668e-05 DT = 7.735394368e-07

Castro::estTimeStep (hydro-limited) at level 0:  estdt = 7.732128684e-07
[Level 0 step 73] ADVANCE with dt = 7.732128684e-07
[Level 0 step 73] Advanced 452984832 cells

TIME= 5.877367954e-05 MASS        = 1e+31
TIME= 5.877367954e-05 XMOM        = 4.155682505e+23
TIME= 5.877367954e-05 YMOM        = 5.213492597e+24
TIME= 5.877367954e-05 ZMOM        = 9.399398248e+25
TIME= 5.877367954e-05 RHO*e       = 9.783830714e+51
TIME= 5.877367954e-05 RHO*E       = 1.00023929e+52

[STEP 73] Coarse TimeStep time: 2.18530316
[STEP 73] FAB kilobyte spread across MPI nodes: [12624522 ... 12624522]

STEP = 73 TIME = 5.877367954e-05 DT = 7.732128684e-07

Castro::estTimeStep (hydro-limited) at level 0:  estdt = 7.728710244e-07
[Level 0 step 74] ADVANCE with dt = 7.728710244e-07
[Level 0 step 74] Advanced 452984832 cells

TIME= 5.954655057e-05 MASS        = 1e+31
TIME= 5.954655057e-05 XMOM        = -4.911261142e+23
TIME= 5.954655057e-05 YMOM        = -4.344577164e+24
TIME= 5.954655057e-05 ZMOM        = 7.450005363e+25
TIME= 5.954655057e-05 RHO*e       = 9.780494269e+51
TIME= 5.954655057e-05 RHO*E       = 1.00023929e+52

[STEP 74] Coarse TimeStep time: 2.077946275
[STEP 74] FAB kilobyte spread across MPI nodes: [12624522 ... 12624522]

STEP = 74 TIME = 5.954655057e-05 DT = 7.728710244e-07

Castro::estTimeStep (hydro-limited) at level 0:  estdt = 7.725417571e-07
[Level 0 step 75] ADVANCE with dt = 7.725417571e-07
[Level 0 step 75] Advanced 452984832 cells

TIME= 6.031909233e-05 MASS        = 1e+31
TIME= 6.031909233e-05 XMOM        = -2.531188435e+24
TIME= 6.031909233e-05 YMOM        = -1.360041547e+24
TIME= 6.031909233e-05 ZMOM        = 2.34531609e+26
TIME= 6.031909233e-05 RHO*e       = 9.777156884e+51
TIME= 6.031909233e-05 RHO*E       = 1.00023929e+52

[STEP 75] Coarse TimeStep time: 2.150361028
[STEP 75] FAB kilobyte spread across MPI nodes: [12624522 ... 12624522]

STEP = 75 TIME = 6.031909233e-05 DT = 7.725417571e-07

Castro::estTimeStep (hydro-limited) at level 0:  estdt = 7.722275647e-07
[Level 0 step 76] ADVANCE with dt = 7.722275647e-07
[Level 0 step 76] Advanced 452984832 cells

TIME= 6.109131989e-05 MASS        = 1e+31
TIME= 6.109131989e-05 XMOM        = 6.044629098e+23
TIME= 6.109131989e-05 YMOM        = 6.422418417e+23
TIME= 6.109131989e-05 ZMOM        = 1.094077867e+26
TIME= 6.109131989e-05 RHO*e       = 9.773818592e+51
TIME= 6.109131989e-05 RHO*E       = 1.00023929e+52

[STEP 76] Coarse TimeStep time: 2.098941152
[STEP 76] FAB kilobyte spread across MPI nodes: [12624522 ... 12624522]

STEP = 76 TIME = 6.109131989e-05 DT = 7.722275647e-07

Castro::estTimeStep (hydro-limited) at level 0:  estdt = 7.719272941e-07
[Level 0 step 77] ADVANCE with dt = 7.719272941e-07
[Level 0 step 77] Advanced 452984832 cells

TIME= 6.186324719e-05 MASS        = 1e+31
TIME= 6.186324719e-05 XMOM        = 5.666839779e+23
TIME= 6.186324719e-05 YMOM        = 2.266735912e+24
TIME= 6.186324719e-05 ZMOM        = 1.811877572e+26
TIME= 6.186324719e-05 RHO*e       = 9.770479431e+51
TIME= 6.186324719e-05 RHO*E       = 1.00023929e+52

[STEP 77] Coarse TimeStep time: 2.129099424
[STEP 77] FAB kilobyte spread across MPI nodes: [12624522 ... 12624522]

STEP = 77 TIME = 6.186324719e-05 DT = 7.719272941e-07

Castro::estTimeStep (hydro-limited) at level 0:  estdt = 7.715615209e-07
[Level 0 step 78] ADVANCE with dt = 7.715615209e-07
[Level 0 step 78] Advanced 452984832 cells

TIME= 6.263480871e-05 MASS        = 1e+31
TIME= 6.263480871e-05 XMOM        = -3.022314549e+23
TIME= 6.263480871e-05 YMOM        = 1.171146888e+24
TIME= 6.263480871e-05 ZMOM        = 8.266030292e+25
TIME= 6.263480871e-05 RHO*e       = 9.767139777e+51
TIME= 6.263480871e-05 RHO*E       = 1.00023929e+52

[STEP 78] Coarse TimeStep time: 2.128597346
[STEP 78] FAB kilobyte spread across MPI nodes: [12624522 ... 12624522]

STEP = 78 TIME = 6.263480871e-05 DT = 7.715615209e-07

Castro::estTimeStep (hydro-limited) at level 0:  estdt = 7.710719028e-07
[Level 0 step 79] ADVANCE with dt = 7.710719028e-07
[Level 0 step 79] Advanced 452984832 cells

TIME= 6.340588061e-05 MASS        = 1e+31
TIME= 6.340588061e-05 XMOM        = 1.057810092e+24
TIME= 6.340588061e-05 YMOM        = 2.153399116e+24
TIME= 6.340588061e-05 ZMOM        = 1.677384575e+26
TIME= 6.340588061e-05 RHO*e       = 9.763800264e+51
TIME= 6.340588061e-05 RHO*E       = 1.00023929e+52

[STEP 79] Coarse TimeStep time: 2.144204635
[STEP 79] FAB kilobyte spread across MPI nodes: [12624522 ... 12624522]

STEP = 79 TIME = 6.340588061e-05 DT = 7.710719028e-07

Castro::estTimeStep (hydro-limited) at level 0:  estdt = 7.706610416e-07
[Level 0 step 80] ADVANCE with dt = 7.706610416e-07
[Level 0 step 80] Advanced 452984832 cells

TIME= 6.417654165e-05 MASS        = 1e+31
TIME= 6.417654165e-05 XMOM        = 1.397820479e+24
TIME= 6.417654165e-05 YMOM        = -3.022314549e+23
TIME= 6.417654165e-05 ZMOM        = 1.804321786e+26
TIME= 6.417654165e-05 RHO*e       = 9.760460641e+51
TIME= 6.417654165e-05 RHO*E       = 1.00023929e+52

[STEP 80] Coarse TimeStep time: 2.060436089
[STEP 80] FAB kilobyte spread across MPI nodes: [12624522 ... 12624522]

STEP = 80 TIME = 6.417654165e-05 DT = 7.706610416e-07

Castro::estTimeStep (hydro-limited) at level 0:  estdt = 7.702895449e-07
[Level 0 step 81] ADVANCE with dt = 7.702895449e-07
[Level 0 step 81] Advanced 452984832 cells

TIME= 6.49468312e-05 MASS        = 1e+31
TIME= 6.49468312e-05 XMOM        = -1.813388729e+24
TIME= 6.49468312e-05 YMOM        = 1.095589024e+24
TIME= 6.49468312e-05 ZMOM        = 2.189666891e+26
TIME= 6.49468312e-05 RHO*e       = 9.75712081e+51
TIME= 6.49468312e-05 RHO*E       = 1.00023929e+52

[STEP 81] Coarse TimeStep time: 2.016516433
[STEP 81] FAB kilobyte spread across MPI nodes: [12624522 ... 12624522]

STEP = 81 TIME = 6.49468312e-05 DT = 7.702895449e-07

Castro::estTimeStep (hydro-limited) at level 0:  estdt = 7.699411505e-07
[Level 0 step 82] ADVANCE with dt = 7.699411505e-07
[Level 0 step 82] Advanced 452984832 cells

TIME= 6.571677235e-05 MASS        = 1e+31
TIME= 6.571677235e-05 XMOM        = -1.171146888e+24
TIME= 6.571677235e-05 YMOM        = 7.593565304e+24
TIME= 6.571677235e-05 ZMOM        = 2.104286505e+26
TIME= 6.571677235e-05 RHO*e       = 9.753780749e+51
TIME= 6.571677235e-05 RHO*E       = 1.00023929e+52

[STEP 82] Coarse TimeStep time: 2.080063267
[STEP 82] FAB kilobyte spread across MPI nodes: [12624522 ... 12624522]

STEP = 82 TIME = 6.571677235e-05 DT = 7.699411505e-07

Castro::estTimeStep (hydro-limited) at level 0:  estdt = 7.696119808e-07
[Level 0 step 83] ADVANCE with dt = 7.696119808e-07
[Level 0 step 83] Advanced 452984832 cells

TIME= 6.648638433e-05 MASS        = 1e+31
TIME= 6.648638433e-05 XMOM        = 1.360041547e+24
TIME= 6.648638433e-05 YMOM        = -4.533471824e+23
TIME= 6.648638433e-05 ZMOM        = 2.357405348e+26
TIME= 6.648638433e-05 RHO*e       = 9.750440459e+51
TIME= 6.648638433e-05 RHO*E       = 1.00023929e+52

[STEP 83] Coarse TimeStep time: 2.147858353
[STEP 83] FAB kilobyte spread across MPI nodes: [12624522 ... 12624522]

STEP = 83 TIME = 6.648638433e-05 DT = 7.696119808e-07

Castro::estTimeStep (hydro-limited) at level 0:  estdt = 7.693003028e-07
[Level 0 step 84] ADVANCE with dt = 7.693003028e-07
[Level 0 step 84] Advanced 452984832 cells

TIME= 6.725568463e-05 MASS        = 1e+31
TIME= 6.725568463e-05 XMOM        = -1.397820479e+24
TIME= 6.725568463e-05 YMOM        = 7.933575691e+23
TIME= 6.725568463e-05 ZMOM        = 2.080107988e+26
TIME= 6.725568463e-05 RHO*e       = 9.747099943e+51
TIME= 6.725568463e-05 RHO*E       = 1.00023929e+52

[STEP 84] Coarse TimeStep time: 2.115351343
[STEP 84] FAB kilobyte spread across MPI nodes: [12624522 ... 12624522]

STEP = 84 TIME = 6.725568463e-05 DT = 7.693003028e-07

Castro::estTimeStep (hydro-limited) at level 0:  estdt = 7.690046523e-07
[Level 0 step 85] ADVANCE with dt = 7.690046523e-07
[Level 0 step 85] Advanced 452984832 cells

TIME= 6.802468928e-05 MASS        = 1e+31
TIME= 6.802468928e-05 XMOM        = -1.662273002e+24
TIME= 6.802468928e-05 YMOM        = 7.555786373e+22
TIME= 6.802468928e-05 ZMOM        = 2.493409503e+26
TIME= 6.802468928e-05 RHO*e       = 9.7437592e+51
TIME= 6.802468928e-05 RHO*E       = 1.00023929e+52

[STEP 85] Coarse TimeStep time: 2.107040022
[STEP 85] FAB kilobyte spread across MPI nodes: [12624522 ... 12624522]

STEP = 85 TIME = 6.802468928e-05 DT = 7.690046523e-07

Castro::estTimeStep (hydro-limited) at level 0:  estdt = 7.687237141e-07
[Level 0 step 86] ADVANCE with dt = 7.687237141e-07
[Level 0 step 86] Advanced 452984832 cells

TIME= 6.8793413e-05 MASS        = 1e+31
TIME= 6.8793413e-05 XMOM        = 1.284483683e+24
TIME= 6.8793413e-05 YMOM        = 2.077841252e+24
TIME= 6.8793413e-05 ZMOM        = 2.3732725e+26
TIME= 6.8793413e-05 RHO*e       = 9.740418234e+51
TIME= 6.8793413e-05 RHO*E       = 1.00023929e+52

[STEP 86] Coarse TimeStep time: 2.105443658
[STEP 86] FAB kilobyte spread across MPI nodes: [12624522 ... 12624522]

STEP = 86 TIME = 6.8793413e-05 DT = 7.687237141e-07

Castro::estTimeStep (hydro-limited) at level 0:  estdt = 7.684563245e-07
[Level 0 step 87] ADVANCE with dt = 7.684563245e-07
[Level 0 step 87] Advanced 452984832 cells

TIME= 6.956186932e-05 MASS        = 1e+31
TIME= 6.956186932e-05 XMOM        = -7.555786373e+22
TIME= 6.956186932e-05 YMOM        = -2.720083094e+24
TIME= 6.956186932e-05 ZMOM        = 1.511912853e+26
TIME= 6.956186932e-05 RHO*e       = 9.73707706e+51
TIME= 6.956186932e-05 RHO*E       = 1.00023929e+52

[STEP 87] Coarse TimeStep time: 2.173044566
[STEP 87] FAB kilobyte spread across MPI nodes: [12624522 ... 12624522]

STEP = 87 TIME = 6.956186932e-05 DT = 7.684563245e-07

Castro::estTimeStep (hydro-limited) at level 0:  estdt = 7.682014589e-07
[Level 0 step 88] ADVANCE with dt = 7.682014589e-07
[Level 0 step 88] Advanced 452984832 cells

TIME= 7.033007078e-05 MASS        = 1e+31
TIME= 7.033007078e-05 XMOM        = -3.022314549e+23
TIME= 7.033007078e-05 YMOM        = 3.966787846e+24
TIME= 7.033007078e-05 ZMOM        = 1.487734337e+26
TIME= 7.033007078e-05 RHO*e       = 9.733735688e+51
TIME= 7.033007078e-05 RHO*E       = 1.00023929e+52

[STEP 88] Coarse TimeStep time: 2.143019766
[STEP 88] FAB kilobyte spread across MPI nodes: [12624522 ... 12624522]

STEP = 88 TIME = 7.033007078e-05 DT = 7.682014589e-07

Castro::estTimeStep (hydro-limited) at level 0:  estdt = 7.679582091e-07
[Level 0 step 89] ADVANCE with dt = 7.679582091e-07
[Level 0 step 89] Advanced 452984832 cells

TIME= 7.109802899e-05 MASS        = 1e+31
TIME= 7.109802899e-05 XMOM        = 5.289050461e+23
TIME= 7.109802899e-05 YMOM        = 2.115620184e+24
TIME= 7.109802899e-05 ZMOM        = 1.629027542e+26
TIME= 7.109802899e-05 RHO*e       = 9.730394133e+51
TIME= 7.109802899e-05 RHO*E       = 1.00023929e+52

[STEP 89] Coarse TimeStep time: 2.109668454
[STEP 89] FAB kilobyte spread across MPI nodes: [12624522 ... 12624522]

STEP = 89 TIME = 7.109802899e-05 DT = 7.679582091e-07

Castro::estTimeStep (hydro-limited) at level 0:  estdt = 7.677257649e-07
[Level 0 step 90] ADVANCE with dt = 7.677257649e-07
[Level 0 step 90] Advanced 452984832 cells

TIME= 7.186575475e-05 MASS        = 1e+31
TIME= 7.186575475e-05 XMOM        = 3.022314549e+24
TIME= 7.186575475e-05 YMOM        = 7.555786373e+22
TIME= 7.186575475e-05 ZMOM        = 1.212703713e+26
TIME= 7.186575475e-05 RHO*e       = 9.727052412e+51
TIME= 7.186575475e-05 RHO*E       = 1.00023929e+52

[STEP 90] Coarse TimeStep time: 2.155253617
[STEP 90] FAB kilobyte spread across MPI nodes: [12624522 ... 12624522]

STEP = 90 TIME = 7.186575475e-05 DT = 7.677257649e-07

Castro::estTimeStep (hydro-limited) at level 0:  estdt = 7.675033992e-07
[Level 0 step 91] ADVANCE with dt = 7.675033992e-07
[Level 0 step 91] Advanced 452984832 cells

TIME= 7.263325815e-05 MASS        = 1e+31
TIME= 7.263325815e-05 XMOM        = -4.609029687e+24
TIME= 7.263325815e-05 YMOM        = 4.911261142e+24
TIME= 7.263325815e-05 ZMOM        = 1.844367454e+26
TIME= 7.263325815e-05 RHO*e       = 9.723710542e+51
TIME= 7.263325815e-05 RHO*E       = 1.00023929e+52

[STEP 91] Coarse TimeStep time: 2.078541088
[STEP 91] FAB kilobyte spread across MPI nodes: [12624522 ... 12624522]

STEP = 91 TIME = 7.263325815e-05 DT = 7.675033992e-07

Castro::estTimeStep (hydro-limited) at level 0:  estdt = 7.672904523e-07
[Level 0 step 92] ADVANCE with dt = 7.672904523e-07
[Level 0 step 92] Advanced 452984832 cells

TIME= 7.34005486e-05 MASS        = 1e+31
TIME= 7.34005486e-05 XMOM        = -1.586715138e+24
TIME= 7.34005486e-05 YMOM        = -4.533471824e+23
TIME= 7.34005486e-05 ZMOM        = 1.336618609e+26
TIME= 7.34005486e-05 RHO*e       = 9.720368544e+51
TIME= 7.34005486e-05 RHO*E       = 1.00023929e+52

[STEP 92] Coarse TimeStep time: 2.168342242
[STEP 92] FAB kilobyte spread across MPI nodes: [12624522 ... 12624522]

STEP = 92 TIME = 7.34005486e-05 DT = 7.672904523e-07

Castro::estTimeStep (hydro-limited) at level 0:  estdt = 7.670863226e-07
[Level 0 step 93] ADVANCE with dt = 7.670863226e-07
[Level 0 step 93] Advanced 452984832 cells

TIME= 7.416763493e-05 MASS        = 1e+31
TIME= 7.416763493e-05 XMOM        = 5.289050461e+23
TIME= 7.416763493e-05 YMOM        = 1.057810092e+24
TIME= 7.416763493e-05 ZMOM        = 1.350974603e+26
TIME= 7.416763493e-05 RHO*e       = 9.71702644e+51
TIME= 7.416763493e-05 RHO*E       = 1.00023929e+52

[STEP 93] Coarse TimeStep time: 2.20323659
[STEP 93] FAB kilobyte spread across MPI nodes: [12624522 ... 12624522]

STEP = 93 TIME = 7.416763493e-05 DT = 7.670863226e-07

Castro::estTimeStep (hydro-limited) at level 0:  estdt = 7.668904614e-07
[Level 0 step 94] ADVANCE with dt = 7.668904614e-07
[Level 0 step 94] Advanced 452984832 cells

TIME= 7.493452539e-05 MASS        = 1e+31
TIME= 7.493452539e-05 XMOM        = 3.626777459e+24
TIME= 7.493452539e-05 YMOM        = 2.720083094e+24
TIME= 7.493452539e-05 ZMOM        = 2.550833479e+26
TIME= 7.493452539e-05 RHO*e       = 9.713684242e+51
TIME= 7.493452539e-05 RHO*E       = 1.00023929e+52

[STEP 94] Coarse TimeStep time: 2.130798894
[STEP 94] FAB kilobyte spread across MPI nodes: [12624522 ... 12624522]

STEP = 94 TIME = 7.493452539e-05 DT = 7.668904614e-07

Castro::estTimeStep (hydro-limited) at level 0:  estdt = 7.667023655e-07
[Level 0 step 95] ADVANCE with dt = 7.667023655e-07
[Level 0 step 95] Advanced 452984832 cells

TIME= 7.570122775e-05 MASS        = 1e+31
TIME= 7.570122775e-05 XMOM        = -7.555786373e+22
TIME= 7.570122775e-05 YMOM        = 3.022314549e+24
TIME= 7.570122775e-05 ZMOM        = 1.374397541e+26
TIME= 7.570122775e-05 RHO*e       = 9.710341974e+51
TIME= 7.570122775e-05 RHO*E       = 1.00023929e+52

[STEP 95] Coarse TimeStep time: 2.178672666
[STEP 95] FAB kilobyte spread across MPI nodes: [12624522 ... 12624522]

STEP = 95 TIME = 7.570122775e-05 DT = 7.667023655e-07

Castro::estTimeStep (hydro-limited) at level 0:  estdt = 7.665215738e-07
[Level 0 step 96] ADVANCE with dt = 7.665215738e-07
[Level 0 step 96] Advanced 452984832 cells

TIME= 7.646774933e-05 MASS        = 1e+31
TIME= 7.646774933e-05 XMOM        = 4.609029687e+24
TIME= 7.646774933e-05 YMOM        = 1.095589024e+25
TIME= 7.646774933e-05 ZMOM        = 1.223281814e+26
TIME= 7.646774933e-05 RHO*e       = 9.706999661e+51
TIME= 7.646774933e-05 RHO*E       = 1.00023929e+52

[STEP 96] Coarse TimeStep time: 2.116456164
[STEP 96] FAB kilobyte spread across MPI nodes: [12624522 ... 12624522]

STEP = 96 TIME = 7.646774933e-05 DT = 7.665215738e-07

Castro::estTimeStep (hydro-limited) at level 0:  estdt = 7.663476887e-07
[Level 0 step 97] ADVANCE with dt = 7.663476887e-07
[Level 0 step 97] Advanced 452984832 cells

TIME= 7.723409702e-05 MASS        = 1e+31
TIME= 7.723409702e-05 XMOM        = -1.284483683e+24
TIME= 7.723409702e-05 YMOM        = 4.609029687e+24
TIME= 7.723409702e-05 ZMOM        = 1.957704249e+26
TIME= 7.723409702e-05 RHO*e       = 9.703657327e+51
TIME= 7.723409702e-05 RHO*E       = 1.00023929e+52

[STEP 97] Coarse TimeStep time: 2.114810254
[STEP 97] FAB kilobyte spread across MPI nodes: [12624522 ... 12624522]

STEP = 97 TIME = 7.723409702e-05 DT = 7.663476887e-07

Castro::estTimeStep (hydro-limited) at level 0:  estdt = 7.661804353e-07
[Level 0 step 98] ADVANCE with dt = 7.661804353e-07
[Level 0 step 98] Advanced 452984832 cells

TIME= 7.800027745e-05 MASS        = 1e+31
TIME= 7.800027745e-05 XMOM        = 1.586715138e+24
TIME= 7.800027745e-05 YMOM        = -3.777893186e+23
TIME= 7.800027745e-05 ZMOM        = 1.828500302e+26
TIME= 7.800027745e-05 RHO*e       = 9.700314998e+51
TIME= 7.800027745e-05 RHO*E       = 1.00023929e+52

[STEP 98] Coarse TimeStep time: 2.181548053
[STEP 98] FAB kilobyte spread across MPI nodes: [12624522 ... 12624522]

STEP = 98 TIME = 7.800027745e-05 DT = 7.661804353e-07

Castro::estTimeStep (hydro-limited) at level 0:  estdt = 7.660194309e-07
[Level 0 step 99] ADVANCE with dt = 7.660194309e-07
[Level 0 step 99] Advanced 452984832 cells

TIME= 7.876629688e-05 MASS        = 1e+31
TIME= 7.876629688e-05 XMOM        = 3.173430276e+24
TIME= 7.876629688e-05 YMOM        = 6.800207735e+24
TIME= 7.876629688e-05 ZMOM        = 2.609013034e+26
TIME= 7.876629688e-05 RHO*e       = 9.696972698e+51
TIME= 7.876629688e-05 RHO*E       = 1.00023929e+52

[STEP 99] Coarse TimeStep time: 2.159289143
[STEP 99] FAB kilobyte spread across MPI nodes: [12624522 ... 12624522]

STEP = 99 TIME = 7.876629688e-05 DT = 7.660194309e-07

Castro::estTimeStep (hydro-limited) at level 0:  estdt = 7.658639579e-07
[Level 0 step 100] ADVANCE with dt = 7.658639579e-07
[Level 0 step 100] Advanced 452984832 cells

TIME= 7.953216084e-05 MASS        = 1e+31
TIME= 7.953216084e-05 XMOM        = -2.568967367e+24
TIME= 7.953216084e-05 YMOM        = -3.24898814e+24
TIME= 7.953216084e-05 ZMOM        = 1.583692824e+26
TIME= 7.953216084e-05 RHO*e       = 9.693630449e+51
TIME= 7.953216084e-05 RHO*E       = 1.00023929e+52

[STEP 100] Coarse TimeStep time: 2.140050941
[STEP 100] FAB kilobyte spread across MPI nodes: [12624522 ... 12624522]

STEP = 100 TIME = 7.953216084e-05 DT = 7.658639579e-07


Ending run at 11:45:42 UTC on 2017-10-20.
Run time = 198.8793624
Run time without initialization = 195.2359046

  Figure of Merit (zones / usec): 232.019

Unused ParmParse Variables:
[TOP]::amr.ref_ratio(nvals = 4)  :: [2, 2, 2, 2]
[TOP]::amr.regrid_int(nvals = 1)  :: [2]
done.
