MPI initialized with 16 MPI processes
CUDA initialized using 16 GPUs out of 16 available

Starting run at 11:30:09 UTC on 2017-10-20.
Successfully read inputs file ... 

Castro git describe: 17.07-39-ga07bb0f
AMReX git describe: 17.10-602-g48118035f

reading extern runtime parameters ...
FORTRAN:Warning:: small_dens has not been set, defaulting to 1.e-200_rt.!
FORTRAN:Warning:: small_temp has not been set, defaulting to 1.e-200_rt.!
 
 Initializing Helmholtz EOS and using Coulomb corrections.
 
 BOXLIB WARN: 
 EOS: small_temp cannot be less than the mintemp allowed by the EOS. Resetting small_temp to mintemp.
 BOXLIB WARN: 
 EOS: small_dens cannot be less than the mindens allowed by the EOS. Resetting small_dens to mindens.
Successfully read inputs file ... 
Starting to call amrex_probinit ... 
Successfully run amrex_probinit
Initializing the data at level 0
Done initializing the level 0 data 
Castro::estTimeStep (hydro-limited) at level 0:  estdt = 1.87113078e-06

TIME= 0 MASS        = 1e+31
TIME= 0 XMOM        = 0
TIME= 0 YMOM        = 0
TIME= 0 ZMOM        = 0
TIME= 0 RHO*e       = 1.000245423e+52
TIME= 0 RHO*E       = 1.000245423e+52
INITIAL GRIDS 
  Level 0   16 grids  56623104 cells  100 % of domain
            smallest grid: 192 x 192 x 96  biggest grid: 192 x 192 x 96

Castro::estTimeStep (hydro-limited) at level 0:  estdt = 1.87113078e-06
[Level 0 step 1] ADVANCE with dt = 1.87113078e-06
[Level 0 step 1] Advanced 56623104 cells

TIME= 1.87113078e-06 MASS        = 1e+31
TIME= 1.87113078e-06 XMOM        = 3.541774862e+21
TIME= 1.87113078e-06 YMOM        = -1.888946593e+22
TIME= 1.87113078e-06 ZMOM        = 4.675142818e+23
TIME= 1.87113078e-06 RHO*e       = 1.000127664e+52
TIME= 1.87113078e-06 RHO*E       = 1.000245423e+52

[STEP 1] Coarse TimeStep time: 2.911995382
[STEP 1] FAB kilobyte spread across MPI nodes: [12624522 ... 12624522]

STEP = 1 TIME = 1.87113078e-06 DT = 1.87113078e-06

Castro::estTimeStep (hydro-limited) at level 0:  estdt = 1.815157042e-06
[Level 0 step 2] ADVANCE with dt = 1.815157042e-06
[Level 0 step 2] Advanced 56623104 cells

TIME= 3.686287822e-06 MASS        = 1e+31
TIME= 3.686287822e-06 XMOM        = -9.444732966e+21
TIME= 3.686287822e-06 YMOM        = -2.361183241e+22
TIME= 3.686287822e-06 ZMOM        = 4.722366483e+23
TIME= 3.686287822e-06 RHO*e       = 9.998557116e+51
TIME= 3.686287822e-06 RHO*E       = 1.000245423e+52

[STEP 2] Coarse TimeStep time: 1.490552854
[STEP 2] FAB kilobyte spread across MPI nodes: [12624522 ... 12624522]

STEP = 2 TIME = 3.686287822e-06 DT = 1.815157042e-06

Castro::estTimeStep (hydro-limited) at level 0:  estdt = 1.773104503e-06
[Level 0 step 3] ADVANCE with dt = 1.773104503e-06
[Level 0 step 3] Advanced 56623104 cells

TIME= 5.459392325e-06 MASS        = 1e+31
TIME= 5.459392325e-06 XMOM        = -4.722366483e+21
TIME= 5.459392325e-06 YMOM        = 4.722366483e+22
TIME= 5.459392325e-06 ZMOM        = 7.555786373e+23
TIME= 5.459392325e-06 RHO*e       = 9.994975365e+51
TIME= 5.459392325e-06 RHO*E       = 1.000245423e+52

[STEP 3] Coarse TimeStep time: 1.46946232
[STEP 3] FAB kilobyte spread across MPI nodes: [12624522 ... 12624522]

STEP = 3 TIME = 5.459392325e-06 DT = 1.773104503e-06

Castro::estTimeStep (hydro-limited) at level 0:  estdt = 1.744696761e-06
[Level 0 step 4] ADVANCE with dt = 1.744696761e-06
[Level 0 step 4] Advanced 56623104 cells

TIME= 7.204089086e-06 MASS        = 1e+31
TIME= 7.204089086e-06 XMOM        = -1.605604604e+23
TIME= 7.204089086e-06 YMOM        = -9.444732966e+22
TIME= 7.204089086e-06 ZMOM        = -2.64452523e+23
TIME= 7.204089086e-06 RHO*e       = 9.991030346e+51
TIME= 7.204089086e-06 RHO*E       = 1.000245423e+52

[STEP 4] Coarse TimeStep time: 1.500588316
[STEP 4] FAB kilobyte spread across MPI nodes: [12624522 ... 12624522]

STEP = 4 TIME = 7.204089086e-06 DT = 1.744696761e-06

Castro::estTimeStep (hydro-limited) at level 0:  estdt = 1.725487746e-06
[Level 0 step 5] ADVANCE with dt = 1.725487746e-06
[Level 0 step 5] Advanced 56623104 cells

TIME= 8.929576832e-06 MASS        = 1e+31
TIME= 8.929576832e-06 XMOM        = 8.500259669e+22
TIME= 8.929576832e-06 YMOM        = -1.322262615e+23
TIME= 8.929576832e-06 ZMOM        = 1.133367956e+24
TIME= 8.929576832e-06 RHO*e       = 9.98691385e+51
TIME= 8.929576832e-06 RHO*E       = 1.000245423e+52

[STEP 5] Coarse TimeStep time: 1.518614292
[STEP 5] FAB kilobyte spread across MPI nodes: [12624522 ... 12624522]

STEP = 5 TIME = 8.929576832e-06 DT = 1.725487746e-06

Castro::estTimeStep (hydro-limited) at level 0:  estdt = 1.71351674e-06
[Level 0 step 6] ADVANCE with dt = 1.71351674e-06
[Level 0 step 6] Advanced 56623104 cells

TIME= 1.064309357e-05 MASS        = 1e+31
TIME= 1.064309357e-05 XMOM        = -1.038920626e+23
TIME= 1.064309357e-05 YMOM        = -2.077841252e+23
TIME= 1.064309357e-05 ZMOM        = -3.891229982e+24
TIME= 1.064309357e-05 RHO*e       = 9.982646883e+51
TIME= 1.064309357e-05 RHO*E       = 1.000245423e+52

[STEP 6] Coarse TimeStep time: 1.50778304
[STEP 6] FAB kilobyte spread across MPI nodes: [12624522 ... 12624522]

STEP = 6 TIME = 1.064309357e-05 DT = 1.71351674e-06

Castro::estTimeStep (hydro-limited) at level 0:  estdt = 1.705608034e-06
[Level 0 step 7] ADVANCE with dt = 1.705608034e-06
[Level 0 step 7] Advanced 56623104 cells

TIME= 1.234870161e-05 MASS        = 1e+31
TIME= 1.234870161e-05 XMOM        = 1.700051934e+23
TIME= 1.234870161e-05 YMOM        = 5.666839779e+23
TIME= 1.234870161e-05 ZMOM        = 2.83341989e+24
TIME= 1.234870161e-05 RHO*e       = 9.978202446e+51
TIME= 1.234870161e-05 RHO*E       = 1.000245423e+52

[STEP 7] Coarse TimeStep time: 1.52952943
[STEP 7] FAB kilobyte spread across MPI nodes: [12624522 ... 12624522]

STEP = 7 TIME = 1.234870161e-05 DT = 1.705608034e-06

Castro::estTimeStep (hydro-limited) at level 0:  estdt = 1.69981655e-06
[Level 0 step 8] ADVANCE with dt = 1.69981655e-06
[Level 0 step 8] Advanced 56623104 cells

TIME= 1.404851816e-05 MASS        = 1e+31
TIME= 1.404851816e-05 XMOM        = -1.983393923e+23
TIME= 1.404851816e-05 YMOM        = -2.83341989e+23
TIME= 1.404851816e-05 ZMOM        = 1.284483683e+24
TIME= 1.404851816e-05 RHO*e       = 9.973562585e+51
TIME= 1.404851816e-05 RHO*E       = 1.000245423e+52

[STEP 8] Coarse TimeStep time: 1.517260095
[STEP 8] FAB kilobyte spread across MPI nodes: [12624522 ... 12624522]

STEP = 8 TIME = 1.404851816e-05 DT = 1.69981655e-06

Castro::estTimeStep (hydro-limited) at level 0:  estdt = 1.693489129e-06
[Level 0 step 9] ADVANCE with dt = 1.693489129e-06
[Level 0 step 9] Advanced 56623104 cells

TIME= 1.574200729e-05 MASS        = 1e+31
TIME= 1.574200729e-05 XMOM        = -5.950181768e+23
TIME= 1.574200729e-05 YMOM        = -2.83341989e+23
TIME= 1.574200729e-05 ZMOM        = 2.568967367e+24
TIME= 1.574200729e-05 RHO*e       = 9.96873573e+51
TIME= 1.574200729e-05 RHO*E       = 1.000245423e+52

[STEP 9] Coarse TimeStep time: 1.551255686
[STEP 9] FAB kilobyte spread across MPI nodes: [12624522 ... 12624522]

STEP = 9 TIME = 1.574200729e-05 DT = 1.693489129e-06

Castro::estTimeStep (hydro-limited) at level 0:  estdt = 1.688928804e-06
[Level 0 step 10] ADVANCE with dt = 1.688928804e-06
[Level 0 step 10] Advanced 56623104 cells

TIME= 1.743093609e-05 MASS        = 1e+31
TIME= 1.743093609e-05 XMOM        = -7.366891713e+23
TIME= 1.743093609e-05 YMOM        = -7.933575691e+23
TIME= 1.743093609e-05 ZMOM        = -2.568967367e+24
TIME= 1.743093609e-05 RHO*e       = 9.963734514e+51
TIME= 1.743093609e-05 RHO*E       = 1.000245423e+52

[STEP 10] Coarse TimeStep time: 1.515440383
[STEP 10] FAB kilobyte spread across MPI nodes: [12624522 ... 12624522]

STEP = 10 TIME = 1.743093609e-05 DT = 1.688928804e-06

Castro::estTimeStep (hydro-limited) at level 0:  estdt = 1.685070742e-06
[Level 0 step 11] ADVANCE with dt = 1.685070742e-06
[Level 0 step 11] Advanced 56623104 cells

TIME= 1.911600683e-05 MASS        = 1e+31
TIME= 1.911600683e-05 XMOM        = -3.966787846e+23
TIME= 1.911600683e-05 YMOM        = -1.888946593e+23
TIME= 1.911600683e-05 ZMOM        = -5.742397643e+24
TIME= 1.911600683e-05 RHO*e       = 9.958577994e+51
TIME= 1.911600683e-05 RHO*E       = 1.000245423e+52

[STEP 11] Coarse TimeStep time: 1.525614152
[STEP 11] FAB kilobyte spread across MPI nodes: [12624522 ... 12624522]

STEP = 11 TIME = 1.911600683e-05 DT = 1.685070742e-06

Castro::estTimeStep (hydro-limited) at level 0:  estdt = 1.681026323e-06
[Level 0 step 12] ADVANCE with dt = 1.681026323e-06
[Level 0 step 12] Advanced 56623104 cells

TIME= 2.079703315e-05 MASS        = 1e+31
TIME= 2.079703315e-05 XMOM        = 1.756720332e+24
TIME= 2.079703315e-05 YMOM        = 1.284483683e+24
TIME= 2.079703315e-05 ZMOM        = 2.720083094e+24
TIME= 2.079703315e-05 RHO*e       = 9.953287161e+51
TIME= 2.079703315e-05 RHO*E       = 1.000245423e+52

[STEP 12] Coarse TimeStep time: 1.530517784
[STEP 12] FAB kilobyte spread across MPI nodes: [12624522 ... 12624522]

STEP = 12 TIME = 2.079703315e-05 DT = 1.681026323e-06

Castro::estTimeStep (hydro-limited) at level 0:  estdt = 1.676723998e-06
[Level 0 step 13] ADVANCE with dt = 1.676723998e-06
[Level 0 step 13] Advanced 56623104 cells

TIME= 2.247375715e-05 MASS        = 1e+31
TIME= 2.247375715e-05 XMOM        = 9.444732966e+23
TIME= 2.247375715e-05 YMOM        = 7.933575691e+23
TIME= 2.247375715e-05 ZMOM        = 5.06237687e+24
TIME= 2.247375715e-05 RHO*e       = 9.947879832e+51
TIME= 2.247375715e-05 RHO*E       = 1.000245423e+52

[STEP 13] Coarse TimeStep time: 1.51684083
[STEP 13] FAB kilobyte spread across MPI nodes: [12624522 ... 12624522]

STEP = 13 TIME = 2.247375715e-05 DT = 1.676723998e-06

Castro::estTimeStep (hydro-limited) at level 0:  estdt = 1.671722125e-06
[Level 0 step 14] ADVANCE with dt = 1.671722125e-06
[Level 0 step 14] Advanced 56623104 cells

TIME= 2.414547928e-05 MASS        = 1e+31
TIME= 2.414547928e-05 XMOM        = 7.366891713e+23
TIME= 2.414547928e-05 YMOM        = 4.533471824e+23
TIME= 2.414547928e-05 ZMOM        = 1.140923742e+25
TIME= 2.414547928e-05 RHO*e       = 9.942371498e+51
TIME= 2.414547928e-05 RHO*E       = 1.000245423e+52

[STEP 14] Coarse TimeStep time: 1.498658974
[STEP 14] FAB kilobyte spread across MPI nodes: [12624522 ... 12624522]

STEP = 14 TIME = 2.414547928e-05 DT = 1.671722125e-06

Castro::estTimeStep (hydro-limited) at level 0:  estdt = 1.665236702e-06
[Level 0 step 15] ADVANCE with dt = 1.665236702e-06
[Level 0 step 15] Advanced 56623104 cells

TIME= 2.581071598e-05 MASS        = 1e+31
TIME= 2.581071598e-05 XMOM        = -2.153399116e+24
TIME= 2.581071598e-05 YMOM        = -1.813388729e+24
TIME= 2.581071598e-05 ZMOM        = 8.31136501e+23
TIME= 2.581071598e-05 RHO*e       = 9.936778559e+51
TIME= 2.581071598e-05 RHO*E       = 1.000245423e+52

[STEP 15] Coarse TimeStep time: 1.563576797
[STEP 15] FAB kilobyte spread across MPI nodes: [12624522 ... 12624522]

STEP = 15 TIME = 2.581071598e-05 DT = 1.665236702e-06

Castro::estTimeStep (hydro-limited) at level 0:  estdt = 1.658878699e-06
[Level 0 step 16] ADVANCE with dt = 1.658878699e-06
[Level 0 step 16] Advanced 56623104 cells

TIME= 2.746959468e-05 MASS        = 1e+31
TIME= 2.746959468e-05 XMOM        = 1.20892582e+24
TIME= 2.746959468e-05 YMOM        = 1.813388729e+24
TIME= 2.746959468e-05 ZMOM        = 3.400103868e+24
TIME= 2.746959468e-05 RHO*e       = 9.931110276e+51
TIME= 2.746959468e-05 RHO*E       = 1.000245423e+52

[STEP 16] Coarse TimeStep time: 1.550747424
[STEP 16] FAB kilobyte spread across MPI nodes: [12624522 ... 12624522]

STEP = 16 TIME = 2.746959468e-05 DT = 1.658878699e-06

Castro::estTimeStep (hydro-limited) at level 0:  estdt = 1.652933525e-06
[Level 0 step 17] ADVANCE with dt = 1.652933525e-06
[Level 0 step 17] Advanced 56623104 cells

TIME= 2.91225282e-05 MASS        = 1e+31
TIME= 2.91225282e-05 XMOM        = -5.156824199e+24
TIME= 2.91225282e-05 YMOM        = -5.780176575e+24
TIME= 2.91225282e-05 ZMOM        = -2.266735912e+24
TIME= 2.91225282e-05 RHO*e       = 9.925373841e+51
TIME= 2.91225282e-05 RHO*E       = 1.000245423e+52

[STEP 17] Coarse TimeStep time: 1.54537935
[STEP 17] FAB kilobyte spread across MPI nodes: [12624522 ... 12624522]

STEP = 17 TIME = 2.91225282e-05 DT = 1.652933525e-06

Castro::estTimeStep (hydro-limited) at level 0:  estdt = 1.64747653e-06
[Level 0 step 18] ADVANCE with dt = 1.64747653e-06
[Level 0 step 18] Advanced 56623104 cells

TIME= 3.077000473e-05 MASS        = 1e+31
TIME= 3.077000473e-05 XMOM        = -1.737830866e+24
TIME= 3.077000473e-05 YMOM        = -1.246704751e+24
TIME= 3.077000473e-05 ZMOM        = 5.969071234e+24
TIME= 3.077000473e-05 RHO*e       = 9.919575012e+51
TIME= 3.077000473e-05 RHO*E       = 1.000245423e+52

[STEP 18] Coarse TimeStep time: 1.559500125
[STEP 18] FAB kilobyte spread across MPI nodes: [12624522 ... 12624522]

STEP = 18 TIME = 3.077000473e-05 DT = 1.64747653e-06

Castro::estTimeStep (hydro-limited) at level 0:  estdt = 1.642455872e-06
[Level 0 step 19] ADVANCE with dt = 1.642455872e-06
[Level 0 step 19] Advanced 56623104 cells

TIME= 3.24124606e-05 MASS        = 1e+31
TIME= 3.24124606e-05 XMOM        = 2.436741105e+24
TIME= 3.24124606e-05 YMOM        = 2.455630571e+24
TIME= 3.24124606e-05 ZMOM        = 9.369175102e+24
TIME= 3.24124606e-05 RHO*e       = 9.91371824e+51
TIME= 3.24124606e-05 RHO*E       = 1.000245423e+52

[STEP 19] Coarse TimeStep time: 1.550750816
[STEP 19] FAB kilobyte spread across MPI nodes: [12624522 ... 12624522]

STEP = 19 TIME = 3.24124606e-05 DT = 1.642455872e-06

Castro::estTimeStep (hydro-limited) at level 0:  estdt = 1.637806616e-06
[Level 0 step 20] ADVANCE with dt = 1.637806616e-06
[Level 0 step 20] Advanced 56623104 cells

TIME= 3.405026722e-05 MASS        = 1e+31
TIME= 3.405026722e-05 XMOM        = -7.744681032e+23
TIME= 3.405026722e-05 YMOM        = -6.044629098e+23
TIME= 3.405026722e-05 ZMOM        = 1.851167661e+25
TIME= 3.405026722e-05 RHO*e       = 9.907808162e+51
TIME= 3.405026722e-05 RHO*E       = 1.000245423e+52

[STEP 20] Coarse TimeStep time: 1.567919707
[STEP 20] FAB kilobyte spread across MPI nodes: [12624522 ... 12624522]

STEP = 20 TIME = 3.405026722e-05 DT = 1.637806616e-06

Castro::estTimeStep (hydro-limited) at level 0:  estdt = 1.632691401e-06
[Level 0 step 21] ADVANCE with dt = 1.632691401e-06
[Level 0 step 21] Advanced 56623104 cells

TIME= 3.568295862e-05 MASS        = 1e+31
TIME= 3.568295862e-05 XMOM        = -4.646808619e+24
TIME= 3.568295862e-05 YMOM        = -3.702335323e+24
TIME= 3.568295862e-05 ZMOM        = -7.253554918e+24
TIME= 3.568295862e-05 RHO*e       = 9.901851981e+51
TIME= 3.568295862e-05 RHO*E       = 1.000245423e+52

[STEP 21] Coarse TimeStep time: 1.531399526
[STEP 21] FAB kilobyte spread across MPI nodes: [12624522 ... 12624522]

STEP = 21 TIME = 3.568295862e-05 DT = 1.632691401e-06

Castro::estTimeStep (hydro-limited) at level 0:  estdt = 1.627836732e-06
[Level 0 step 22] ADVANCE with dt = 1.627836732e-06
[Level 0 step 22] Advanced 56623104 cells

TIME= 3.731079535e-05 MASS        = 1e+31
TIME= 3.731079535e-05 XMOM        = 3.777893186e+22
TIME= 3.731079535e-05 YMOM        = 1.360041547e+24
TIME= 3.731079535e-05 ZMOM        = 1.54138042e+25
TIME= 3.731079535e-05 RHO*e       = 9.895853769e+51
TIME= 3.731079535e-05 RHO*E       = 1.000245423e+52

[STEP 22] Coarse TimeStep time: 1.560487338
[STEP 22] FAB kilobyte spread across MPI nodes: [12624522 ... 12624522]

STEP = 22 TIME = 3.731079535e-05 DT = 1.627836732e-06

Castro::estTimeStep (hydro-limited) at level 0:  estdt = 1.623379922e-06
[Level 0 step 23] ADVANCE with dt = 1.623379922e-06
[Level 0 step 23] Advanced 56623104 cells

TIME= 3.893417528e-05 MASS        = 1e+31
TIME= 3.893417528e-05 XMOM        = -1.813388729e+24
TIME= 3.893417528e-05 YMOM        = -1.284483683e+24
TIME= 3.893417528e-05 ZMOM        = -3.777893186e+24
TIME= 3.893417528e-05 RHO*e       = 9.88981633e+51
TIME= 3.893417528e-05 RHO*E       = 1.000245423e+52

[STEP 23] Coarse TimeStep time: 1.564053791
[STEP 23] FAB kilobyte spread across MPI nodes: [12624522 ... 12624522]

STEP = 23 TIME = 3.893417528e-05 DT = 1.623379922e-06

Castro::estTimeStep (hydro-limited) at level 0:  estdt = 1.619279505e-06
[Level 0 step 24] ADVANCE with dt = 1.619279505e-06
[Level 0 step 24] Advanced 56623104 cells

TIME= 4.055345478e-05 MASS        = 1e+31
TIME= 4.055345478e-05 XMOM        = -1.171146888e+24
TIME= 4.055345478e-05 YMOM        = -1.586715138e+24
TIME= 4.055345478e-05 ZMOM        = 2.448074785e+25
TIME= 4.055345478e-05 RHO*e       = 9.883742141e+51
TIME= 4.055345478e-05 RHO*E       = 1.000245423e+52

[STEP 24] Coarse TimeStep time: 1.563644789
[STEP 24] FAB kilobyte spread across MPI nodes: [12624522 ... 12624522]

STEP = 24 TIME = 4.055345478e-05 DT = 1.619279505e-06

Castro::estTimeStep (hydro-limited) at level 0:  estdt = 1.615485484e-06
[Level 0 step 25] ADVANCE with dt = 1.615485484e-06
[Level 0 step 25] Advanced 56623104 cells

TIME= 4.216894026e-05 MASS        = 1e+31
TIME= 4.216894026e-05 XMOM        = 3.740114254e+24
TIME= 4.216894026e-05 YMOM        = 2.871198822e+24
TIME= 4.216894026e-05 ZMOM        = 4.080124641e+25
TIME= 4.216894026e-05 RHO*e       = 9.877633613e+51
TIME= 4.216894026e-05 RHO*E       = 1.000245423e+52

[STEP 25] Coarse TimeStep time: 1.585395076
[STEP 25] FAB kilobyte spread across MPI nodes: [12624522 ... 12624522]

STEP = 25 TIME = 4.216894026e-05 DT = 1.615485484e-06

Castro::estTimeStep (hydro-limited) at level 0:  estdt = 1.611886251e-06
[Level 0 step 26] ADVANCE with dt = 1.611886251e-06
[Level 0 step 26] Advanced 56623104 cells

TIME= 4.378082652e-05 MASS        = 1e+31
TIME= 4.378082652e-05 XMOM        = -3.097872413e+24
TIME= 4.378082652e-05 YMOM        = -3.400103868e+24
TIME= 4.378082652e-05 ZMOM        = 2.976979831e+25
TIME= 4.378082652e-05 RHO*e       = 9.871493479e+51
TIME= 4.378082652e-05 RHO*E       = 1.000245423e+52

[STEP 26] Coarse TimeStep time: 1.553658184
[STEP 26] FAB kilobyte spread across MPI nodes: [12624522 ... 12624522]

STEP = 26 TIME = 4.378082652e-05 DT = 1.611886251e-06

Castro::estTimeStep (hydro-limited) at level 0:  estdt = 1.608444123e-06
[Level 0 step 27] ADVANCE with dt = 1.608444123e-06
[Level 0 step 27] Advanced 56623104 cells

TIME= 4.538927064e-05 MASS        = 1e+31
TIME= 4.538927064e-05 XMOM        = -1.284483683e+24
TIME= 4.538927064e-05 YMOM        = 2.266735912e+23
TIME= 4.538927064e-05 ZMOM        = 2.130731757e+25
TIME= 4.538927064e-05 RHO*e       = 9.865324413e+51
TIME= 4.538927064e-05 RHO*E       = 1.000245423e+52

[STEP 27] Coarse TimeStep time: 1.538410677
[STEP 27] FAB kilobyte spread across MPI nodes: [12624522 ... 12624522]

STEP = 27 TIME = 4.538927064e-05 DT = 1.608444123e-06

Castro::estTimeStep (hydro-limited) at level 0:  estdt = 1.605207827e-06
[Level 0 step 28] ADVANCE with dt = 1.605207827e-06
[Level 0 step 28] Advanced 56623104 cells

TIME= 4.699447847e-05 MASS        = 1e+31
TIME= 4.699447847e-05 XMOM        = 1.133367956e+23
TIME= 4.699447847e-05 YMOM        = 5.289050461e+23
TIME= 4.699447847e-05 ZMOM        = 1.949392884e+25
TIME= 4.699447847e-05 RHO*e       = 9.85912835e+51
TIME= 4.699447847e-05 RHO*E       = 1.000245423e+52

[STEP 28] Coarse TimeStep time: 1.521970873
[STEP 28] FAB kilobyte spread across MPI nodes: [12624522 ... 12624522]

STEP = 28 TIME = 4.699447847e-05 DT = 1.605207827e-06

Castro::estTimeStep (hydro-limited) at level 0:  estdt = 1.602159882e-06
[Level 0 step 29] ADVANCE with dt = 1.602159882e-06
[Level 0 step 29] Advanced 56623104 cells

TIME= 4.859663835e-05 MASS        = 1e+31
TIME= 4.859663835e-05 XMOM        = 1.284483683e+24
TIME= 4.859663835e-05 YMOM        = 7.555786373e+23
TIME= 4.859663835e-05 ZMOM        = 2.130731757e+25
TIME= 4.859663835e-05 RHO*e       = 9.852907373e+51
TIME= 4.859663835e-05 RHO*E       = 1.000245423e+52

[STEP 29] Coarse TimeStep time: 1.545008199
[STEP 29] FAB kilobyte spread across MPI nodes: [12624522 ... 12624522]

STEP = 29 TIME = 4.859663835e-05 DT = 1.602159882e-06

Castro::estTimeStep (hydro-limited) at level 0:  estdt = 1.599298625e-06
[Level 0 step 30] ADVANCE with dt = 1.599298625e-06
[Level 0 step 30] Advanced 56623104 cells

TIME= 5.019593697e-05 MASS        = 1e+31
TIME= 5.019593697e-05 XMOM        = 1.20892582e+24
TIME= 5.019593697e-05 YMOM        = 2.191178048e+24
TIME= 5.019593697e-05 ZMOM        = 3.052537695e+25
TIME= 5.019593697e-05 RHO*e       = 9.846663164e+51
TIME= 5.019593697e-05 RHO*E       = 1.000245423e+52

[STEP 30] Coarse TimeStep time: 1.549062409
[STEP 30] FAB kilobyte spread across MPI nodes: [12624522 ... 12624522]

STEP = 30 TIME = 5.019593697e-05 DT = 1.599298625e-06

Castro::estTimeStep (hydro-limited) at level 0:  estdt = 1.596624234e-06
[Level 0 step 31] ADVANCE with dt = 1.596624234e-06
[Level 0 step 31] Advanced 56623104 cells

TIME= 5.179256121e-05 MASS        = 1e+31
TIME= 5.179256121e-05 XMOM        = -4.155682505e+24
TIME= 5.179256121e-05 YMOM        = -2.115620184e+24
TIME= 5.179256121e-05 ZMOM        = 1.450710984e+25
TIME= 5.179256121e-05 RHO*e       = 9.840397242e+51
TIME= 5.179256121e-05 RHO*E       = 1.000245423e+52

[STEP 31] Coarse TimeStep time: 1.585062151
[STEP 31] FAB kilobyte spread across MPI nodes: [12624522 ... 12624522]

STEP = 31 TIME = 5.179256121e-05 DT = 1.596624234e-06

Castro::estTimeStep (hydro-limited) at level 0:  estdt = 1.5941324e-06
[Level 0 step 32] ADVANCE with dt = 1.5941324e-06
[Level 0 step 32] Advanced 56623104 cells

TIME= 5.338669361e-05 MASS        = 1e+31
TIME= 5.338669361e-05 XMOM        = -8.689154328e+23
TIME= 5.338669361e-05 YMOM        = -2.191178048e+24
TIME= 5.338669361e-05 ZMOM        = 2.599190512e+25
TIME= 5.338669361e-05 RHO*e       = 9.83411115e+51
TIME= 5.338669361e-05 RHO*E       = 1.000245423e+52

[STEP 32] Coarse TimeStep time: 1.554959825
[STEP 32] FAB kilobyte spread across MPI nodes: [12624522 ... 12624522]

STEP = 32 TIME = 5.338669361e-05 DT = 1.5941324e-06

Castro::estTimeStep (hydro-limited) at level 0:  estdt = 1.591813135e-06
[Level 0 step 33] ADVANCE with dt = 1.591813135e-06
[Level 0 step 33] Advanced 56623104 cells

TIME= 5.497850674e-05 MASS        = 1e+31
TIME= 5.497850674e-05 XMOM        = 2.304514844e+24
TIME= 5.497850674e-05 YMOM        = 6.044629098e+23
TIME= 5.497850674e-05 ZMOM        = 2.674748376e+25
TIME= 5.497850674e-05 RHO*e       = 9.827806242e+51
TIME= 5.497850674e-05 RHO*E       = 1.000245423e+52

[STEP 33] Coarse TimeStep time: 1.644284736
[STEP 33] FAB kilobyte spread across MPI nodes: [12624522 ... 12624522]

STEP = 33 TIME = 5.497850674e-05 DT = 1.591813135e-06

Castro::estTimeStep (hydro-limited) at level 0:  estdt = 1.589655522e-06
[Level 0 step 34] ADVANCE with dt = 1.589655522e-06
[Level 0 step 34] Advanced 56623104 cells

TIME= 5.656816226e-05 MASS        = 1e+31
TIME= 5.656816226e-05 XMOM        = 3.400103868e+23
TIME= 5.656816226e-05 YMOM        = 1.435599411e+24
TIME= 5.656816226e-05 ZMOM        = 1.722719293e+25
TIME= 5.656816226e-05 RHO*e       = 9.821483613e+51
TIME= 5.656816226e-05 RHO*E       = 1.000245423e+52

[STEP 34] Coarse TimeStep time: 1.564524888
[STEP 34] FAB kilobyte spread across MPI nodes: [12624522 ... 12624522]

STEP = 34 TIME = 5.656816226e-05 DT = 1.589655522e-06

Castro::estTimeStep (hydro-limited) at level 0:  estdt = 1.587639499e-06
[Level 0 step 35] ADVANCE with dt = 1.587639499e-06
[Level 0 step 35] Advanced 56623104 cells

TIME= 5.815580176e-05 MASS        = 1e+31
TIME= 5.815580176e-05 XMOM        = -8.689154328e+23
TIME= 5.815580176e-05 YMOM        = -1.435599411e+24
TIME= 5.815580176e-05 ZMOM        = 8.31136501e+24
TIME= 5.815580176e-05 RHO*e       = 9.815144319e+51
TIME= 5.815580176e-05 RHO*E       = 1.000245423e+52

[STEP 35] Coarse TimeStep time: 1.585968913
[STEP 35] FAB kilobyte spread across MPI nodes: [12624522 ... 12624522]

STEP = 35 TIME = 5.815580176e-05 DT = 1.587639499e-06

Castro::estTimeStep (hydro-limited) at level 0:  estdt = 1.585751203e-06
[Level 0 step 36] ADVANCE with dt = 1.585751203e-06
[Level 0 step 36] Advanced 56623104 cells

TIME= 5.974155297e-05 MASS        = 1e+31
TIME= 5.974155297e-05 XMOM        = -5.47794512e+24
TIME= 5.974155297e-05 YMOM        = -5.817955507e+24
TIME= 5.974155297e-05 ZMOM        = -3.007202976e+25
TIME= 5.974155297e-05 RHO*e       = 9.808789319e+51
TIME= 5.974155297e-05 RHO*E       = 1.000245423e+52

[STEP 36] Coarse TimeStep time: 1.55225402
[STEP 36] FAB kilobyte spread across MPI nodes: [12624522 ... 12624522]

STEP = 36 TIME = 5.974155297e-05 DT = 1.585751203e-06

Castro::estTimeStep (hydro-limited) at level 0:  estdt = 1.583980928e-06
[Level 0 step 37] ADVANCE with dt = 1.583980928e-06
[Level 0 step 37] Advanced 56623104 cells

TIME= 6.132553389e-05 MASS        = 1e+31
TIME= 6.132553389e-05 XMOM        = 2.380072707e+24
TIME= 6.132553389e-05 YMOM        = 1.360041547e+24
TIME= 6.132553389e-05 ZMOM        = 2.296959057e+25
TIME= 6.132553389e-05 RHO*e       = 9.802419564e+51
TIME= 6.132553389e-05 RHO*E       = 1.000245423e+52

[STEP 37] Coarse TimeStep time: 1.544652865
[STEP 37] FAB kilobyte spread across MPI nodes: [12624522 ... 12624522]

STEP = 37 TIME = 6.132553389e-05 DT = 1.583980928e-06

Castro::estTimeStep (hydro-limited) at level 0:  estdt = 1.582309632e-06
[Level 0 step 38] ADVANCE with dt = 1.582309632e-06
[Level 0 step 38] Advanced 56623104 cells

TIME= 6.290784353e-05 MASS        = 1e+31
TIME= 6.290784353e-05 XMOM        = -7.518007441e+24
TIME= 6.290784353e-05 YMOM        = -8.840270056e+24
TIME= 6.290784353e-05 ZMOM        = 4.835703278e+25
TIME= 6.290784353e-05 RHO*e       = 9.796036143e+51
TIME= 6.290784353e-05 RHO*E       = 1.000245423e+52

[STEP 38] Coarse TimeStep time: 1.576459142
[STEP 38] FAB kilobyte spread across MPI nodes: [12624522 ... 12624522]

STEP = 38 TIME = 6.290784353e-05 DT = 1.582309632e-06

Castro::estTimeStep (hydro-limited) at level 0:  estdt = 1.580688656e-06
[Level 0 step 39] ADVANCE with dt = 1.580688656e-06
[Level 0 step 39] Advanced 56623104 cells

TIME= 6.448853218e-05 MASS        = 1e+31
TIME= 6.448853218e-05 XMOM        = -9.218059375e+24
TIME= 6.448853218e-05 YMOM        = -7.933575691e+24
TIME= 6.448853218e-05 ZMOM        = 1.662273002e+24
TIME= 6.448853218e-05 RHO*e       = 9.789640113e+51
TIME= 6.448853218e-05 RHO*E       = 1.000245423e+52

[STEP 39] Coarse TimeStep time: 1.539278319
[STEP 39] FAB kilobyte spread across MPI nodes: [12624522 ... 12624522]

STEP = 39 TIME = 6.448853218e-05 DT = 1.580688656e-06

Castro::estTimeStep (hydro-limited) at level 0:  estdt = 1.579159075e-06
[Level 0 step 40] ADVANCE with dt = 1.579159075e-06
[Level 0 step 40] Advanced 56623104 cells

TIME= 6.606769126e-05 MASS        = 1e+31
TIME= 6.606769126e-05 XMOM        = -2.64452523e+24
TIME= 6.606769126e-05 YMOM        = -4.533471824e+23
TIME= 6.606769126e-05 ZMOM        = 2.387628494e+25
TIME= 6.606769126e-05 RHO*e       = 9.783232207e+51
TIME= 6.606769126e-05 RHO*E       = 1.000245423e+52

[STEP 40] Coarse TimeStep time: 1.531429843
[STEP 40] FAB kilobyte spread across MPI nodes: [12624522 ... 12624522]

STEP = 40 TIME = 6.606769126e-05 DT = 1.579159075e-06

Castro::estTimeStep (hydro-limited) at level 0:  estdt = 1.577710585e-06
[Level 0 step 41] ADVANCE with dt = 1.577710585e-06
[Level 0 step 41] Advanced 56623104 cells

TIME= 6.764540184e-05 MASS        = 1e+31
TIME= 6.764540184e-05 XMOM        = -2.720083094e+24
TIME= 6.764540184e-05 YMOM        = -3.173430276e+24
TIME= 6.764540184e-05 ZMOM        = 2.130731757e+25
TIME= 6.764540184e-05 RHO*e       = 9.776813163e+51
TIME= 6.764540184e-05 RHO*E       = 1.000245423e+52

[STEP 41] Coarse TimeStep time: 1.577314339
[STEP 41] FAB kilobyte spread across MPI nodes: [12624522 ... 12624522]

STEP = 41 TIME = 6.764540184e-05 DT = 1.577710585e-06

Castro::estTimeStep (hydro-limited) at level 0:  estdt = 1.57633469e-06
[Level 0 step 42] ADVANCE with dt = 1.57633469e-06
[Level 0 step 42] Advanced 56623104 cells

TIME= 6.922173653e-05 MASS        = 1e+31
TIME= 6.922173653e-05 XMOM        = -7.858017827e+24
TIME= 6.922173653e-05 YMOM        = -9.595848693e+24
TIME= 6.922173653e-05 ZMOM        = 2.871198822e+25
TIME= 6.922173653e-05 RHO*e       = 9.770383798e+51
TIME= 6.922173653e-05 RHO*E       = 1.000245423e+52

[STEP 42] Coarse TimeStep time: 1.560658095
[STEP 42] FAB kilobyte spread across MPI nodes: [12624522 ... 12624522]

STEP = 42 TIME = 6.922173653e-05 DT = 1.57633469e-06

Castro::estTimeStep (hydro-limited) at level 0:  estdt = 1.575023077e-06
[Level 0 step 43] ADVANCE with dt = 1.575023077e-06
[Level 0 step 43] Advanced 56623104 cells

TIME= 7.079675961e-05 MASS        = 1e+31
TIME= 7.079675961e-05 XMOM        = -1.02003116e+25
TIME= 7.079675961e-05 YMOM        = -1.10314481e+25
TIME= 7.079675961e-05 ZMOM        = 1.904058166e+25
TIME= 7.079675961e-05 RHO*e       = 9.763944792e+51
TIME= 7.079675961e-05 RHO*E       = 1.000245423e+52

[STEP 43] Coarse TimeStep time: 1.585677999
[STEP 43] FAB kilobyte spread across MPI nodes: [12624522 ... 12624522]

STEP = 43 TIME = 7.079675961e-05 DT = 1.575023077e-06

Castro::estTimeStep (hydro-limited) at level 0:  estdt = 1.573768409e-06
[Level 0 step 44] ADVANCE with dt = 1.573768409e-06
[Level 0 step 44] Advanced 56623104 cells

TIME= 7.237052802e-05 MASS        = 1e+31
TIME= 7.237052802e-05 XMOM        = 2.720083094e+24
TIME= 7.237052802e-05 YMOM        = 3.022314549e+24
TIME= 7.237052802e-05 ZMOM        = 4.654364406e+25
TIME= 7.237052802e-05 RHO*e       = 9.757496772e+51
TIME= 7.237052802e-05 RHO*E       = 1.000245423e+52

[STEP 44] Coarse TimeStep time: 1.57532521
[STEP 44] FAB kilobyte spread across MPI nodes: [12624522 ... 12624522]

STEP = 44 TIME = 7.237052802e-05 DT = 1.573768409e-06

Castro::estTimeStep (hydro-limited) at level 0:  estdt = 1.572564588e-06
[Level 0 step 45] ADVANCE with dt = 1.572564588e-06
[Level 0 step 45] Advanced 56623104 cells

TIME= 7.394309261e-05 MASS        = 1e+31
TIME= 7.394309261e-05 XMOM        = -1.662273002e+24
TIME= 7.394309261e-05 YMOM        = -1.511157275e+24
TIME= 7.394309261e-05 ZMOM        = 4.473025533e+25
TIME= 7.394309261e-05 RHO*e       = 9.751040484e+51
TIME= 7.394309261e-05 RHO*E       = 1.000245423e+52

[STEP 45] Coarse TimeStep time: 1.561379391
[STEP 45] FAB kilobyte spread across MPI nodes: [12624522 ... 12624522]

STEP = 45 TIME = 7.394309261e-05 DT = 1.572564588e-06

Castro::estTimeStep (hydro-limited) at level 0:  estdt = 1.571405771e-06
[Level 0 step 46] ADVANCE with dt = 1.571405771e-06
[Level 0 step 46] Advanced 56623104 cells

TIME= 7.551449838e-05 MASS        = 1e+31
TIME= 7.551449838e-05 XMOM        = 6.573534144e+24
TIME= 7.551449838e-05 YMOM        = 9.369175102e+24
TIME= 7.551449838e-05 ZMOM        = 1.904058166e+25
TIME= 7.551449838e-05 RHO*e       = 9.74457652e+51
TIME= 7.551449838e-05 RHO*E       = 1.000245423e+52

[STEP 46] Coarse TimeStep time: 1.58583402
[STEP 46] FAB kilobyte spread across MPI nodes: [12624522 ... 12624522]

STEP = 46 TIME = 7.551449838e-05 DT = 1.571405771e-06

Castro::estTimeStep (hydro-limited) at level 0:  estdt = 1.57028665e-06
[Level 0 step 47] ADVANCE with dt = 1.57028665e-06
[Level 0 step 47] Advanced 56623104 cells

TIME= 7.708478503e-05 MASS        = 1e+31
TIME= 7.708478503e-05 XMOM        = -4.533471824e+24
TIME= 7.708478503e-05 YMOM        = -4.684587551e+24
TIME= 7.708478503e-05 ZMOM        = 2.689859949e+25
TIME= 7.708478503e-05 RHO*e       = 9.738105582e+51
TIME= 7.708478503e-05 RHO*E       = 1.000245423e+52

[STEP 47] Coarse TimeStep time: 1.605328525
[STEP 47] FAB kilobyte spread across MPI nodes: [12624522 ... 12624522]

STEP = 47 TIME = 7.708478503e-05 DT = 1.57028665e-06

Castro::estTimeStep (hydro-limited) at level 0:  estdt = 1.56920261e-06
[Level 0 step 48] ADVANCE with dt = 1.56920261e-06
[Level 0 step 48] Advanced 56623104 cells

TIME= 7.865398764e-05 MASS        = 1e+31
TIME= 7.865398764e-05 XMOM        = 4.231240369e+24
TIME= 7.865398764e-05 YMOM        = 8.009133555e+24
TIME= 7.865398764e-05 ZMOM        = 4.231240369e+25
TIME= 7.865398764e-05 RHO*e       = 9.731628336e+51
TIME= 7.865398764e-05 RHO*E       = 1.000245423e+52

[STEP 48] Coarse TimeStep time: 1.585643067
[STEP 48] FAB kilobyte spread across MPI nodes: [12624522 ... 12624522]

STEP = 48 TIME = 7.865398764e-05 DT = 1.56920261e-06

Castro::estTimeStep (hydro-limited) at level 0:  estdt = 1.568150023e-06
[Level 0 step 49] ADVANCE with dt = 1.568150023e-06
[Level 0 step 49] Advanced 56623104 cells

TIME= 8.022213766e-05 MASS        = 1e+31
TIME= 8.022213766e-05 XMOM        = -4.080124641e+24
TIME= 8.022213766e-05 YMOM        = -1.662273002e+24
TIME= 8.022213766e-05 ZMOM        = 4.231240369e+25
TIME= 8.022213766e-05 RHO*e       = 9.725145407e+51
TIME= 8.022213766e-05 RHO*E       = 1.000245423e+52

[STEP 49] Coarse TimeStep time: 1.622037918
[STEP 49] FAB kilobyte spread across MPI nodes: [12624522 ... 12624522]

STEP = 49 TIME = 8.022213766e-05 DT = 1.568150023e-06

Castro::estTimeStep (hydro-limited) at level 0:  estdt = 1.567126228e-06
[Level 0 step 50] ADVANCE with dt = 1.567126228e-06
[Level 0 step 50] Advanced 56623104 cells

TIME= 8.178926389e-05 MASS        = 1e+31
TIME= 8.178926389e-05 XMOM        = -8.31136501e+24
TIME= 8.178926389e-05 YMOM        = -8.91582792e+24
TIME= 8.178926389e-05 ZMOM        = -1.148479529e+25
TIME= 8.178926389e-05 RHO*e       = 9.718657376e+51
TIME= 8.178926389e-05 RHO*E       = 1.000245423e+52

[STEP 50] Coarse TimeStep time: 1.592204113
[STEP 50] FAB kilobyte spread across MPI nodes: [12624522 ... 12624522]

STEP = 50 TIME = 8.178926389e-05 DT = 1.567126228e-06

Castro::estTimeStep (hydro-limited) at level 0:  estdt = 1.56608603e-06
[Level 0 step 51] ADVANCE with dt = 1.56608603e-06
[Level 0 step 51] Advanced 56623104 cells

TIME= 8.335534992e-05 MASS        = 1e+31
TIME= 8.335534992e-05 XMOM        = -2.810752531e+25
TIME= 8.335534992e-05 YMOM        = -2.91653354e+25
TIME= 8.335534992e-05 ZMOM        = 4.170794078e+25
TIME= 8.335534992e-05 RHO*e       = 9.712164958e+51
TIME= 8.335534992e-05 RHO*E       = 1.000245423e+52

[STEP 51] Coarse TimeStep time: 1.579192209
[STEP 51] FAB kilobyte spread across MPI nodes: [12624522 ... 12624522]

STEP = 51 TIME = 8.335534992e-05 DT = 1.56608603e-06

Castro::estTimeStep (hydro-limited) at level 0:  estdt = 1.565057127e-06
[Level 0 step 52] ADVANCE with dt = 1.565057127e-06
[Level 0 step 52] Advanced 56623104 cells

TIME= 8.492040704e-05 MASS        = 1e+31
TIME= 8.492040704e-05 XMOM        = 4.306798232e+24
TIME= 8.492040704e-05 YMOM        = 1.662273002e+24
TIME= 8.492040704e-05 ZMOM        = 2.720083094e+25
TIME= 8.492040704e-05 RHO*e       = 9.705668755e+51
TIME= 8.492040704e-05 RHO*E       = 1.000245423e+52

[STEP 52] Coarse TimeStep time: 1.58674642
[STEP 52] FAB kilobyte spread across MPI nodes: [12624522 ... 12624522]

STEP = 52 TIME = 8.492040704e-05 DT = 1.565057127e-06

Castro::estTimeStep (hydro-limited) at level 0:  estdt = 1.564060225e-06
[Level 0 step 53] ADVANCE with dt = 1.564060225e-06
[Level 0 step 53] Advanced 56623104 cells

TIME= 8.648446727e-05 MASS        = 1e+31
TIME= 8.648446727e-05 XMOM        = 1.511157275e+23
TIME= 8.648446727e-05 YMOM        = -2.871198822e+24
TIME= 8.648446727e-05 ZMOM        = 2.659636803e+25
TIME= 8.648446727e-05 RHO*e       = 9.69916926e+51
TIME= 8.648446727e-05 RHO*E       = 1.000245423e+52

[STEP 53] Coarse TimeStep time: 1.5623774
[STEP 53] FAB kilobyte spread across MPI nodes: [12624522 ... 12624522]

STEP = 53 TIME = 8.648446727e-05 DT = 1.564060225e-06

Castro::estTimeStep (hydro-limited) at level 0:  estdt = 1.56309335e-06
[Level 0 step 54] ADVANCE with dt = 1.56309335e-06
[Level 0 step 54] Advanced 56623104 cells

TIME= 8.804756062e-05 MASS        = 1e+31
TIME= 8.804756062e-05 XMOM        = -1.299595256e+25
TIME= 8.804756062e-05 YMOM        = -1.284483683e+25
TIME= 8.804756062e-05 ZMOM        = 2.055173893e+25
TIME= 8.804756062e-05 RHO*e       = 9.692666978e+51
TIME= 8.804756062e-05 RHO*E       = 1.000245423e+52

[STEP 54] Coarse TimeStep time: 1.556481729
[STEP 54] FAB kilobyte spread across MPI nodes: [12624522 ... 12624522]

STEP = 54 TIME = 8.804756062e-05 DT = 1.56309335e-06

Castro::estTimeStep (hydro-limited) at level 0:  estdt = 1.56215516e-06
[Level 0 step 55] ADVANCE with dt = 1.56215516e-06
[Level 0 step 55] Advanced 56623104 cells

TIME= 8.960971578e-05 MASS        = 1e+31
TIME= 8.960971578e-05 XMOM        = 9.444732966e+24
TIME= 8.960971578e-05 YMOM        = 8.91582792e+24
TIME= 8.960971578e-05 ZMOM        = 2.931645113e+25
TIME= 8.960971578e-05 RHO*e       = 9.686162353e+51
TIME= 8.960971578e-05 RHO*E       = 1.000245423e+52

[STEP 55] Coarse TimeStep time: 1.580797515
[STEP 55] FAB kilobyte spread across MPI nodes: [12624522 ... 12624522]

STEP = 55 TIME = 8.960971578e-05 DT = 1.56215516e-06

Castro::estTimeStep (hydro-limited) at level 0:  estdt = 1.561244776e-06
[Level 0 step 56] ADVANCE with dt = 1.561244776e-06
[Level 0 step 56] Advanced 56623104 cells

TIME= 9.117096056e-05 MASS        = 1e+31
TIME= 9.117096056e-05 XMOM        = 2.568967367e+24
TIME= 9.117096056e-05 YMOM        = 1.511157275e+24
TIME= 9.117096056e-05 ZMOM        = 2.417851639e+25
TIME= 9.117096056e-05 RHO*e       = 9.679655803e+51
TIME= 9.117096056e-05 RHO*E       = 1.000245423e+52

[STEP 56] Coarse TimeStep time: 1.549298596
[STEP 56] FAB kilobyte spread across MPI nodes: [12624522 ... 12624522]

STEP = 56 TIME = 9.117096056e-05 DT = 1.561244776e-06

Castro::estTimeStep (hydro-limited) at level 0:  estdt = 1.560361561e-06
[Level 0 step 57] ADVANCE with dt = 1.560361561e-06
[Level 0 step 57] Advanced 56623104 cells

TIME= 9.273132212e-05 MASS        = 1e+31
TIME= 9.273132212e-05 XMOM        = 2.493409503e+24
TIME= 9.273132212e-05 YMOM        = 1.662273002e+24
TIME= 9.273132212e-05 ZMOM        = -2.417851639e+24
TIME= 9.273132212e-05 RHO*e       = 9.673147744e+51
TIME= 9.273132212e-05 RHO*E       = 1.000245423e+52

[STEP 57] Coarse TimeStep time: 1.543366257
[STEP 57] FAB kilobyte spread across MPI nodes: [12624522 ... 12624522]

STEP = 57 TIME = 9.273132212e-05 DT = 1.560361561e-06

Castro::estTimeStep (hydro-limited) at level 0:  estdt = 1.559505148e-06
[Level 0 step 58] ADVANCE with dt = 1.559505148e-06
[Level 0 step 58] Advanced 56623104 cells

TIME= 9.429082726e-05 MASS        = 1e+31
TIME= 9.429082726e-05 XMOM        = -6.573534144e+24
TIME= 9.429082726e-05 YMOM        = -7.858017827e+24
TIME= 9.429082726e-05 ZMOM        = 6.044629098e+23
TIME= 9.429082726e-05 RHO*e       = 9.666638549e+51
TIME= 9.429082726e-05 RHO*E       = 1.000245423e+52

[STEP 58] Coarse TimeStep time: 1.549404994
[STEP 58] FAB kilobyte spread across MPI nodes: [12624522 ... 12624522]

STEP = 58 TIME = 9.429082726e-05 DT = 1.559505148e-06

Castro::estTimeStep (hydro-limited) at level 0:  estdt = 1.558454733e-06
[Level 0 step 59] ADVANCE with dt = 1.558454733e-06
[Level 0 step 59] Advanced 56623104 cells

TIME= 9.5849282e-05 MASS        = 1e+31
TIME= 9.5849282e-05 XMOM        = -7.329112781e+24
TIME= 9.5849282e-05 YMOM        = -9.369175102e+24
TIME= 9.5849282e-05 ZMOM        = 1.269372111e+25
TIME= 9.5849282e-05 RHO*e       = 9.660129533e+51
TIME= 9.5849282e-05 RHO*E       = 1.000245423e+52

[STEP 59] Coarse TimeStep time: 1.602074454
[STEP 59] FAB kilobyte spread across MPI nodes: [12624522 ... 12624522]

STEP = 59 TIME = 9.5849282e-05 DT = 1.558454733e-06

Castro::estTimeStep (hydro-limited) at level 0:  estdt = 1.557444136e-06
[Level 0 step 60] ADVANCE with dt = 1.557444136e-06
[Level 0 step 60] Advanced 56623104 cells

TIME= 9.740672613e-05 MASS        = 1e+31
TIME= 9.740672613e-05 XMOM        = -6.044629098e+24
TIME= 9.740672613e-05 YMOM        = -3.475661731e+24
TIME= 9.740672613e-05 ZMOM        = 1.511157275e+25
TIME= 9.740672613e-05 RHO*e       = 9.653621031e+51
TIME= 9.740672613e-05 RHO*E       = 1.000245423e+52

[STEP 60] Coarse TimeStep time: 1.569354056
[STEP 60] FAB kilobyte spread across MPI nodes: [12624522 ... 12624522]

STEP = 60 TIME = 9.740672613e-05 DT = 1.557444136e-06

Castro::estTimeStep (hydro-limited) at level 0:  estdt = 1.556472287e-06
[Level 0 step 61] ADVANCE with dt = 1.556472287e-06
[Level 0 step 61] Advanced 56623104 cells

TIME= 9.896319842e-05 MASS        = 1e+31
TIME= 9.896319842e-05 XMOM        = 6.724649872e+24
TIME= 9.896319842e-05 YMOM        = 6.346860553e+24
TIME= 9.896319842e-05 ZMOM        = -1.269372111e+25
TIME= 9.896319842e-05 RHO*e       = 9.64711332e+51
TIME= 9.896319842e-05 RHO*E       = 1.000245423e+52

[STEP 61] Coarse TimeStep time: 1.570830247
[STEP 61] FAB kilobyte spread across MPI nodes: [12624522 ... 12624522]

STEP = 61 TIME = 9.896319842e-05 DT = 1.556472287e-06

Castro::estTimeStep (hydro-limited) at level 0:  estdt = 1.555537857e-06
[Level 0 step 62] ADVANCE with dt = 1.555537857e-06
[Level 0 step 62] Advanced 56623104 cells

TIME= 0.0001005187363 MASS        = 1e+31
TIME= 0.0001005187363 XMOM        = 2.077841252e+25
TIME= 0.0001005187363 YMOM        = 1.994727602e+25
TIME= 0.0001005187363 ZMOM        = 5.440166188e+24
TIME= 0.0001005187363 RHO*e       = 9.640606666e+51
TIME= 0.0001005187363 RHO*E       = 1.000245423e+52

[STEP 62] Coarse TimeStep time: 1.587026474
[STEP 62] FAB kilobyte spread across MPI nodes: [12624522 ... 12624522]

STEP = 62 TIME = 0.0001005187363 DT = 1.555537857e-06

Castro::estTimeStep (hydro-limited) at level 0:  estdt = 1.554639364e-06
[Level 0 step 63] ADVANCE with dt = 1.554639364e-06
[Level 0 step 63] Advanced 56623104 cells

TIME= 0.0001020733756 MASS        = 1e+31
TIME= 0.0001020733756 XMOM        = 1.269372111e+25
TIME= 0.0001020733756 YMOM        = 1.768054011e+25
TIME= 0.0001020733756 ZMOM        = 2.47829793e+25
TIME= 0.0001020733756 RHO*e       = 9.634101319e+51
TIME= 0.0001020733756 RHO*E       = 1.000245423e+52

[STEP 63] Coarse TimeStep time: 1.594707251
[STEP 63] FAB kilobyte spread across MPI nodes: [12624522 ... 12624522]

STEP = 63 TIME = 0.0001020733756 DT = 1.554639364e-06

Castro::estTimeStep (hydro-limited) at level 0:  estdt = 1.553775277e-06
[Level 0 step 64] ADVANCE with dt = 1.553775277e-06
[Level 0 step 64] Advanced 56623104 cells

TIME= 0.0001036271509 MASS        = 1e+31
TIME= 0.0001036271509 XMOM        = 1.428043624e+25
TIME= 0.0001036271509 YMOM        = 1.224037392e+25
TIME= 0.0001036271509 ZMOM        = 3.203653422e+25
TIME= 0.0001036271509 RHO*e       = 9.627597494e+51
TIME= 0.0001036271509 RHO*E       = 1.000245423e+52

[STEP 64] Coarse TimeStep time: 1.582150417
[STEP 64] FAB kilobyte spread across MPI nodes: [12624522 ... 12624522]

STEP = 64 TIME = 0.0001036271509 DT = 1.553775277e-06

Castro::estTimeStep (hydro-limited) at level 0:  estdt = 1.552944069e-06
[Level 0 step 65] ADVANCE with dt = 1.552944069e-06
[Level 0 step 65] Advanced 56623104 cells

TIME= 0.000105180095 MASS        = 1e+31
TIME= 0.000105180095 XMOM        = 1.050254306e+25
TIME= 0.000105180095 YMOM        = 1.178702674e+25
TIME= 0.000105180095 ZMOM        = 1.420487838e+25
TIME= 0.000105180095 RHO*e       = 9.621095442e+51
TIME= 0.000105180095 RHO*E       = 1.000245423e+52

[STEP 65] Coarse TimeStep time: 1.614278259
[STEP 65] FAB kilobyte spread across MPI nodes: [12624522 ... 12624522]

STEP = 65 TIME = 0.000105180095 DT = 1.552944069e-06

Castro::estTimeStep (hydro-limited) at level 0:  estdt = 1.552144226e-06
[Level 0 step 66] ADVANCE with dt = 1.552144226e-06
[Level 0 step 66] Advanced 56623104 cells

TIME= 0.0001067322392 MASS        = 1e+31
TIME= 0.0001067322392 XMOM        = -2.66719259e+25
TIME= 0.0001067322392 YMOM        = -2.976979831e+25
TIME= 0.0001067322392 ZMOM        = 9.369175102e+24
TIME= 0.0001067322392 RHO*e       = 9.614595442e+51
TIME= 0.0001067322392 RHO*E       = 1.000245423e+52

[STEP 66] Coarse TimeStep time: 1.627413518
[STEP 66] FAB kilobyte spread across MPI nodes: [12624522 ... 12624522]

STEP = 66 TIME = 0.0001067322392 DT = 1.552144226e-06

Castro::estTimeStep (hydro-limited) at level 0:  estdt = 1.551374245e-06
[Level 0 step 67] ADVANCE with dt = 1.551374245e-06
[Level 0 step 67] Advanced 56623104 cells

TIME= 0.0001082836135 MASS        = 1e+31
TIME= 0.0001082836135 XMOM        = 1.526268847e+25
TIME= 0.0001082836135 YMOM        = 1.163591101e+25
TIME= 0.0001082836135 ZMOM        = 6.528199426e+25
TIME= 0.0001082836135 RHO*e       = 9.608097687e+51
TIME= 0.0001082836135 RHO*E       = 1.000245423e+52

[STEP 67] Coarse TimeStep time: 1.561166815
[STEP 67] FAB kilobyte spread across MPI nodes: [12624522 ... 12624522]

STEP = 67 TIME = 0.0001082836135 DT = 1.551374245e-06

Castro::estTimeStep (hydro-limited) at level 0:  estdt = 1.550632627e-06
[Level 0 step 68] ADVANCE with dt = 1.550632627e-06
[Level 0 step 68] Advanced 56623104 cells

TIME= 0.0001098342461 MASS        = 1e+31
TIME= 0.0001098342461 XMOM        = -5.591281916e+24
TIME= 0.0001098342461 YMOM        = -5.893513371e+24
TIME= 0.0001098342461 ZMOM        = -1.511157275e+24
TIME= 0.0001098342461 RHO*e       = 9.601602385e+51
TIME= 0.0001098342461 RHO*E       = 1.000245423e+52

[STEP 68] Coarse TimeStep time: 1.568845324
[STEP 68] FAB kilobyte spread across MPI nodes: [12624522 ... 12624522]

STEP = 68 TIME = 0.0001098342461 DT = 1.550632627e-06

Castro::estTimeStep (hydro-limited) at level 0:  estdt = 1.549917912e-06
[Level 0 step 69] ADVANCE with dt = 1.549917912e-06
[Level 0 step 69] Advanced 56623104 cells

TIME= 0.000111384164 MASS        = 1e+31
TIME= 0.000111384164 XMOM        = 5.742397643e+24
TIME= 0.000111384164 YMOM        = 2.115620184e+24
TIME= 0.000111384164 ZMOM        = 1.299595256e+25
TIME= 0.000111384164 RHO*e       = 9.595109781e+51
TIME= 0.000111384164 RHO*E       = 1.000245423e+52

[STEP 69] Coarse TimeStep time: 1.587703303
[STEP 69] FAB kilobyte spread across MPI nodes: [12624522 ... 12624522]

STEP = 69 TIME = 0.000111384164 DT = 1.549917912e-06

Castro::estTimeStep (hydro-limited) at level 0:  estdt = 1.549228693e-06
[Level 0 step 70] ADVANCE with dt = 1.549228693e-06
[Level 0 step 70] Advanced 56623104 cells

TIME= 0.0001129333927 MASS        = 1e+31
TIME= 0.0001129333927 XMOM        = -2.795640958e+24
TIME= 0.0001129333927 YMOM        = 1.511157275e+24
TIME= 0.0001129333927 ZMOM        = 8.734489047e+25
TIME= 0.0001129333927 RHO*e       = 9.588620118e+51
TIME= 0.0001129333927 RHO*E       = 1.000245423e+52

[STEP 70] Coarse TimeStep time: 1.615711803
[STEP 70] FAB kilobyte spread across MPI nodes: [12624522 ... 12624522]

STEP = 70 TIME = 0.0001129333927 DT = 1.549228693e-06

Castro::estTimeStep (hydro-limited) at level 0:  estdt = 1.548563635e-06
[Level 0 step 71] ADVANCE with dt = 1.548563635e-06
[Level 0 step 71] Advanced 56623104 cells

TIME= 0.0001144819563 MASS        = 1e+31
TIME= 0.0001144819563 XMOM        = 2.342293776e+24
TIME= 0.0001144819563 YMOM        = 1.813388729e+24
TIME= 0.0001144819563 ZMOM        = -3.233876567e+25
TIME= 0.0001144819563 RHO*e       = 9.582133588e+51
TIME= 0.0001144819563 RHO*E       = 1.000245423e+52

[STEP 71] Coarse TimeStep time: 1.588540737
[STEP 71] FAB kilobyte spread across MPI nodes: [12624522 ... 12624522]

STEP = 71 TIME = 0.0001144819563 DT = 1.548563635e-06

Castro::estTimeStep (hydro-limited) at level 0:  estdt = 1.547921496e-06
[Level 0 step 72] ADVANCE with dt = 1.547921496e-06
[Level 0 step 72] Advanced 56623104 cells

TIME= 0.0001160298778 MASS        = 1e+31
TIME= 0.0001160298778 XMOM        = 3.400103868e+25
TIME= 0.0001160298778 YMOM        = 3.037426122e+25
TIME= 0.0001160298778 ZMOM        = 5.742397643e+24
TIME= 0.0001160298778 RHO*e       = 9.575650443e+51
TIME= 0.0001160298778 RHO*E       = 1.000245423e+52

[STEP 72] Coarse TimeStep time: 1.606335667
[STEP 72] FAB kilobyte spread across MPI nodes: [12624522 ... 12624522]

STEP = 72 TIME = 0.0001160298778 DT = 1.547921496e-06

Castro::estTimeStep (hydro-limited) at level 0:  estdt = 1.547301123e-06
[Level 0 step 73] ADVANCE with dt = 1.547301123e-06
[Level 0 step 73] Advanced 56623104 cells

TIME= 0.0001175771789 MASS        = 1e+31
TIME= 0.0001175771789 XMOM        = 1.594270925e+25
TIME= 0.0001175771789 YMOM        = 1.798277157e+25
TIME= 0.0001175771789 ZMOM        = 5.802843934e+25
TIME= 0.0001175771789 RHO*e       = 9.569170894e+51
TIME= 0.0001175771789 RHO*E       = 1.000245423e+52

[STEP 73] Coarse TimeStep time: 1.609956965
[STEP 73] FAB kilobyte spread across MPI nodes: [12624522 ... 12624522]

STEP = 73 TIME = 0.0001175771789 DT = 1.547301123e-06

Castro::estTimeStep (hydro-limited) at level 0:  estdt = 1.546701484e-06
[Level 0 step 74] ADVANCE with dt = 1.546701484e-06
[Level 0 step 74] Advanced 56623104 cells

TIME= 0.0001191238804 MASS        = 1e+31
TIME= 0.0001191238804 XMOM        = 1.276927897e+25
TIME= 0.0001191238804 YMOM        = 8.31136501e+24
TIME= 0.0001191238804 ZMOM        = -1.54138042e+25
TIME= 0.0001191238804 RHO*e       = 9.562695136e+51
TIME= 0.0001191238804 RHO*E       = 1.000245423e+52

[STEP 74] Coarse TimeStep time: 1.577282424
[STEP 74] FAB kilobyte spread across MPI nodes: [12624522 ... 12624522]

STEP = 74 TIME = 0.0001191238804 DT = 1.546701484e-06

Castro::estTimeStep (hydro-limited) at level 0:  estdt = 1.546121526e-06
[Level 0 step 75] ADVANCE with dt = 1.546121526e-06
[Level 0 step 75] Advanced 56623104 cells

TIME= 0.000120670002 MASS        = 1e+31
TIME= 0.000120670002 XMOM        = -3.551219595e+24
TIME= 0.000120670002 YMOM        = -5.440166188e+24
TIME= 0.000120670002 ZMOM        = 3.384992295e+25
TIME= 0.000120670002 RHO*e       = 9.556223419e+51
TIME= 0.000120670002 RHO*E       = 1.000245423e+52

[STEP 75] Coarse TimeStep time: 1.620088889
[STEP 75] FAB kilobyte spread across MPI nodes: [12624522 ... 12624522]

STEP = 75 TIME = 0.000120670002 DT = 1.546121526e-06

Castro::estTimeStep (hydro-limited) at level 0:  estdt = 1.545560217e-06
[Level 0 step 76] ADVANCE with dt = 1.545560217e-06
[Level 0 step 76] Advanced 56623104 cells

TIME= 0.0001222155622 MASS        = 1e+31
TIME= 0.0001222155622 XMOM        = 1.692496147e+25
TIME= 0.0001222155622 YMOM        = 1.616938284e+25
TIME= 0.0001222155622 ZMOM        = 3.233876567e+25
TIME= 0.0001222155622 RHO*e       = 9.549755957e+51
TIME= 0.0001222155622 RHO*E       = 1.000245423e+52

[STEP 76] Coarse TimeStep time: 1.574587515
[STEP 76] FAB kilobyte spread across MPI nodes: [12624522 ... 12624522]

STEP = 76 TIME = 0.0001222155622 DT = 1.545560217e-06

Castro::estTimeStep (hydro-limited) at level 0:  estdt = 1.545016632e-06
[Level 0 step 77] ADVANCE with dt = 1.545016632e-06
[Level 0 step 77] Advanced 56623104 cells

TIME= 0.0001237605788 MASS        = 1e+31
TIME= 0.0001237605788 XMOM        = 4.835703278e+24
TIME= 0.0001237605788 YMOM        = 4.382356096e+24
TIME= 0.0001237605788 ZMOM        = -3.052537695e+25
TIME= 0.0001237605788 RHO*e       = 9.543292939e+51
TIME= 0.0001237605788 RHO*E       = 1.000245423e+52

[STEP 77] Coarse TimeStep time: 1.619387403
[STEP 77] FAB kilobyte spread across MPI nodes: [12624522 ... 12624522]

STEP = 77 TIME = 0.0001237605788 DT = 1.545016632e-06

Castro::estTimeStep (hydro-limited) at level 0:  estdt = 1.544489951e-06
[Level 0 step 78] ADVANCE with dt = 1.544489951e-06
[Level 0 step 78] Advanced 56623104 cells

TIME= 0.0001253050688 MASS        = 1e+31
TIME= 0.0001253050688 XMOM        = 9.973638012e+24
TIME= 0.0001253050688 YMOM        = 9.822522284e+24
TIME= 0.0001253050688 ZMOM        = 3.898785768e+25
TIME= 0.0001253050688 RHO*e       = 9.536834522e+51
TIME= 0.0001253050688 RHO*E       = 1.000245423e+52

[STEP 78] Coarse TimeStep time: 1.627079318
[STEP 78] FAB kilobyte spread across MPI nodes: [12624522 ... 12624522]

STEP = 78 TIME = 0.0001253050688 DT = 1.544489951e-06

Castro::estTimeStep (hydro-limited) at level 0:  estdt = 1.543979432e-06
[Level 0 step 79] ADVANCE with dt = 1.543979432e-06
[Level 0 step 79] Advanced 56623104 cells

TIME= 0.0001268490482 MASS        = 1e+31
TIME= 0.0001268490482 XMOM        = -4.525916037e+25
TIME= 0.0001268490482 YMOM        = -4.01967835e+25
TIME= 0.0001268490482 ZMOM        = -6.407306844e+25
TIME= 0.0001268490482 RHO*e       = 9.530380911e+51
TIME= 0.0001268490482 RHO*E       = 1.000245423e+52

[STEP 79] Coarse TimeStep time: 1.612922049
[STEP 79] FAB kilobyte spread across MPI nodes: [12624522 ... 12624522]

STEP = 79 TIME = 0.0001268490482 DT = 1.543979432e-06

Castro::estTimeStep (hydro-limited) at level 0:  estdt = 1.543484474e-06
[Level 0 step 80] ADVANCE with dt = 1.543484474e-06
[Level 0 step 80] Advanced 56623104 cells

TIME= 0.0001283925327 MASS        = 1e+31
TIME= 0.0001283925327 XMOM        = -2.160954903e+25
TIME= 0.0001283925327 YMOM        = -1.904058166e+25
TIME= 0.0001283925327 ZMOM        = 1.329818402e+25
TIME= 0.0001283925327 RHO*e       = 9.523932284e+51
TIME= 0.0001283925327 RHO*E       = 1.000245423e+52

[STEP 80] Coarse TimeStep time: 1.56970777
[STEP 80] FAB kilobyte spread across MPI nodes: [12624522 ... 12624522]

STEP = 80 TIME = 0.0001283925327 DT = 1.543484474e-06

Castro::estTimeStep (hydro-limited) at level 0:  estdt = 1.543004522e-06
[Level 0 step 81] ADVANCE with dt = 1.543004522e-06
[Level 0 step 81] Advanced 56623104 cells

TIME= 0.0001299355372 MASS        = 1e+31
TIME= 0.0001299355372 XMOM        = 1.02003116e+25
TIME= 0.0001299355372 YMOM        = 1.193814247e+25
TIME= 0.0001299355372 ZMOM        = -2.206289621e+25
TIME= 0.0001299355372 RHO*e       = 9.517488859e+51
TIME= 0.0001299355372 RHO*E       = 1.000245423e+52

[STEP 81] Coarse TimeStep time: 1.62148631
[STEP 81] FAB kilobyte spread across MPI nodes: [12624522 ... 12624522]

STEP = 81 TIME = 0.0001299355372 DT = 1.543004522e-06

Castro::estTimeStep (hydro-limited) at level 0:  estdt = 1.542538717e-06
[Level 0 step 82] ADVANCE with dt = 1.542538717e-06
[Level 0 step 82] Advanced 56623104 cells

TIME= 0.0001314780759 MASS        = 1e+31
TIME= 0.0001314780759 XMOM        = -3.324546004e+24
TIME= 0.0001314780759 YMOM        = -3.626777459e+24
TIME= 0.0001314780759 ZMOM        = 8.462480737e+24
TIME= 0.0001314780759 RHO*e       = 9.511050819e+51
TIME= 0.0001314780759 RHO*E       = 1.000245423e+52

[STEP 82] Coarse TimeStep time: 1.623201645
[STEP 82] FAB kilobyte spread across MPI nodes: [12624522 ... 12624522]

STEP = 82 TIME = 0.0001314780759 DT = 1.542538717e-06

Castro::estTimeStep (hydro-limited) at level 0:  estdt = 1.542084951e-06
[Level 0 step 83] ADVANCE with dt = 1.542084951e-06
[Level 0 step 83] Advanced 56623104 cells

TIME= 0.0001330201608 MASS        = 1e+31
TIME= 0.0001330201608 XMOM        = 1.20892582e+24
TIME= 0.0001330201608 YMOM        = 4.382356096e+24
TIME= 0.0001330201608 ZMOM        = 3.68722375e+25
TIME= 0.0001330201608 RHO*e       = 9.50461832e+51
TIME= 0.0001330201608 RHO*E       = 1.000245423e+52

[STEP 83] Coarse TimeStep time: 1.612622595
[STEP 83] FAB kilobyte spread across MPI nodes: [12624522 ... 12624522]

STEP = 83 TIME = 0.0001330201608 DT = 1.542084951e-06

Castro::estTimeStep (hydro-limited) at level 0:  estdt = 1.541595062e-06
[Level 0 step 84] ADVANCE with dt = 1.541595062e-06
[Level 0 step 84] Advanced 56623104 cells

TIME= 0.0001345617559 MASS        = 1e+31
TIME= 0.0001345617559 XMOM        = 2.319626416e+25
TIME= 0.0001345617559 YMOM        = 2.629413658e+25
TIME= 0.0001345617559 ZMOM        = 5.923736516e+25
TIME= 0.0001345617559 RHO*e       = 9.498191788e+51
TIME= 0.0001345617559 RHO*E       = 1.000245423e+52

[STEP 84] Coarse TimeStep time: 1.626045834
[STEP 84] FAB kilobyte spread across MPI nodes: [12624522 ... 12624522]

STEP = 84 TIME = 0.0001345617559 DT = 1.541595062e-06

Castro::estTimeStep (hydro-limited) at level 0:  estdt = 1.541043624e-06
[Level 0 step 85] ADVANCE with dt = 1.541043624e-06
[Level 0 step 85] Advanced 56623104 cells

TIME= 0.0001361027995 MASS        = 1e+31
TIME= 0.0001361027995 XMOM        = 7.555786373e+24
TIME= 0.0001361027995 YMOM        = 7.253554918e+24
TIME= 0.0001361027995 ZMOM        = 3.747670041e+25
TIME= 0.0001361027995 RHO*e       = 9.491771726e+51
TIME= 0.0001361027995 RHO*E       = 1.000245423e+52

[STEP 85] Coarse TimeStep time: 1.622451932
[STEP 85] FAB kilobyte spread across MPI nodes: [12624522 ... 12624522]

STEP = 85 TIME = 0.0001361027995 DT = 1.541043624e-06

Castro::estTimeStep (hydro-limited) at level 0:  estdt = 1.540517837e-06
[Level 0 step 86] ADVANCE with dt = 1.540517837e-06
[Level 0 step 86] Advanced 56623104 cells

TIME= 0.0001376433174 MASS        = 1e+31
TIME= 0.0001376433174 XMOM        = -1.095589024e+25
TIME= 0.0001376433174 YMOM        = -1.299595256e+25
TIME= 0.0001376433174 ZMOM        = -3.959232059e+25
TIME= 0.0001376433174 RHO*e       = 9.485358268e+51
TIME= 0.0001376433174 RHO*E       = 1.000245423e+52

[STEP 86] Coarse TimeStep time: 1.626355894
[STEP 86] FAB kilobyte spread across MPI nodes: [12624522 ... 12624522]

STEP = 86 TIME = 0.0001376433174 DT = 1.540517837e-06

Castro::estTimeStep (hydro-limited) at level 0:  estdt = 1.540009016e-06
[Level 0 step 87] ADVANCE with dt = 1.540009016e-06
[Level 0 step 87] Advanced 56623104 cells

TIME= 0.0001391833264 MASS        = 1e+31
TIME= 0.0001391833264 XMOM        = -1.866279234e+25
TIME= 0.0001391833264 YMOM        = -2.055173893e+25
TIME= 0.0001391833264 ZMOM        = 6.044629098e+23
TIME= 0.0001391833264 RHO*e       = 9.478951537e+51
TIME= 0.0001391833264 RHO*E       = 1.000245423e+52

[STEP 87] Coarse TimeStep time: 1.648514182
[STEP 87] FAB kilobyte spread across MPI nodes: [12624522 ... 12624522]

STEP = 87 TIME = 0.0001391833264 DT = 1.540009016e-06

Castro::estTimeStep (hydro-limited) at level 0:  estdt = 1.539515778e-06
[Level 0 step 88] ADVANCE with dt = 1.539515778e-06
[Level 0 step 88] Advanced 56623104 cells

TIME= 0.0001407228422 MASS        = 1e+31
TIME= 0.0001407228422 XMOM        = -2.629413658e+25
TIME= 0.0001407228422 YMOM        = -2.91653354e+25
TIME= 0.0001407228422 ZMOM        = -1.329818402e+25
TIME= 0.0001407228422 RHO*e       = 9.472551666e+51
TIME= 0.0001407228422 RHO*E       = 1.000245423e+52

[STEP 88] Coarse TimeStep time: 1.589852754
[STEP 88] FAB kilobyte spread across MPI nodes: [12624522 ... 12624522]

STEP = 88 TIME = 0.0001407228422 DT = 1.539515778e-06

Castro::estTimeStep (hydro-limited) at level 0:  estdt = 1.539038805e-06
[Level 0 step 89] ADVANCE with dt = 1.539038805e-06
[Level 0 step 89] Advanced 56623104 cells

TIME= 0.000142261881 MASS        = 1e+31
TIME= 0.000142261881 XMOM        = 1.752942438e+25
TIME= 0.000142261881 YMOM        = 1.526268847e+25
TIME= 0.000142261881 ZMOM        = -4.654364406e+25
TIME= 0.000142261881 RHO*e       = 9.466158779e+51
TIME= 0.000142261881 RHO*E       = 1.000245423e+52

[STEP 89] Coarse TimeStep time: 1.623741757
[STEP 89] FAB kilobyte spread across MPI nodes: [12624522 ... 12624522]

STEP = 89 TIME = 0.000142261881 DT = 1.539038805e-06

Castro::estTimeStep (hydro-limited) at level 0:  estdt = 1.538577845e-06
[Level 0 step 90] ADVANCE with dt = 1.538577845e-06
[Level 0 step 90] Advanced 56623104 cells

TIME= 0.0001438004588 MASS        = 1e+31
TIME= 0.0001438004588 XMOM        = 8.009133555e+24
TIME= 0.0001438004588 YMOM        = 1.20892582e+25
TIME= 0.0001438004588 ZMOM        = 6.044629098e+25
TIME= 0.0001438004588 RHO*e       = 9.459773011e+51
TIME= 0.0001438004588 RHO*E       = 1.000245423e+52

[STEP 90] Coarse TimeStep time: 1.633703349
[STEP 90] FAB kilobyte spread across MPI nodes: [12624522 ... 12624522]

STEP = 90 TIME = 0.0001438004588 DT = 1.538577845e-06

Castro::estTimeStep (hydro-limited) at level 0:  estdt = 1.538132986e-06
[Level 0 step 91] ADVANCE with dt = 1.538132986e-06
[Level 0 step 91] Advanced 56623104 cells

TIME= 0.0001453385918 MASS        = 1e+31
TIME= 0.0001453385918 XMOM        = 1.254260538e+25
TIME= 0.0001453385918 YMOM        = 1.088033238e+25
TIME= 0.0001453385918 ZMOM        = 4.352132951e+25
TIME= 0.0001453385918 RHO*e       = 9.453394563e+51
TIME= 0.0001453385918 RHO*E       = 1.000245423e+52

[STEP 91] Coarse TimeStep time: 1.610426873
[STEP 91] FAB kilobyte spread across MPI nodes: [12624522 ... 12624522]

STEP = 91 TIME = 0.0001453385918 DT = 1.538132986e-06

Castro::estTimeStep (hydro-limited) at level 0:  estdt = 1.537704064e-06
[Level 0 step 92] ADVANCE with dt = 1.537704064e-06
[Level 0 step 92] Advanced 56623104 cells

TIME= 0.0001468762959 MASS        = 1e+31
TIME= 0.0001468762959 XMOM        = 1.858723448e+25
TIME= 0.0001468762959 YMOM        = 1.54138042e+25
TIME= 0.0001468762959 ZMOM        = -6.225967971e+25
TIME= 0.0001468762959 RHO*e       = 9.447023574e+51
TIME= 0.0001468762959 RHO*E       = 1.000245423e+52

[STEP 92] Coarse TimeStep time: 1.606886193
[STEP 92] FAB kilobyte spread across MPI nodes: [12624522 ... 12624522]

STEP = 92 TIME = 0.0001468762959 DT = 1.537704064e-06

Castro::estTimeStep (hydro-limited) at level 0:  estdt = 1.537287692e-06
[Level 0 step 93] ADVANCE with dt = 1.537287692e-06
[Level 0 step 93] Advanced 56623104 cells

TIME= 0.0001484135836 MASS        = 1e+31
TIME= 0.0001484135836 XMOM        = 1.299595256e+25
TIME= 0.0001484135836 YMOM        = 1.843611875e+25
TIME= 0.0001484135836 ZMOM        = -2.901421967e+25
TIME= 0.0001484135836 RHO*e       = 9.440660161e+51
TIME= 0.0001484135836 RHO*E       = 1.000245423e+52

[STEP 93] Coarse TimeStep time: 1.60688171
[STEP 93] FAB kilobyte spread across MPI nodes: [12624522 ... 12624522]

STEP = 93 TIME = 0.0001484135836 DT = 1.537287692e-06

Castro::estTimeStep (hydro-limited) at level 0:  estdt = 1.536884634e-06
[Level 0 step 94] ADVANCE with dt = 1.536884634e-06
[Level 0 step 94] Advanced 56623104 cells

TIME= 0.0001499504682 MASS        = 1e+31
TIME= 0.0001499504682 XMOM        = -2.720083094e+24
TIME= 0.0001499504682 YMOM        = -5.137934733e+24
TIME= 0.0001499504682 ZMOM        = 7.858017827e+24
TIME= 0.0001499504682 RHO*e       = 9.434304466e+51
TIME= 0.0001499504682 RHO*E       = 1.000245423e+52

[STEP 94] Coarse TimeStep time: 1.57131772
[STEP 94] FAB kilobyte spread across MPI nodes: [12624522 ... 12624522]

STEP = 94 TIME = 0.0001499504682 DT = 1.536884634e-06

Castro::estTimeStep (hydro-limited) at level 0:  estdt = 1.536495747e-06
[Level 0 step 95] ADVANCE with dt = 1.536495747e-06
[Level 0 step 95] Advanced 56623104 cells

TIME= 0.0001514869639 MASS        = 1e+31
TIME= 0.0001514869639 XMOM        = 2.236512766e+25
TIME= 0.0001514869639 YMOM        = 2.508521076e+25
TIME= 0.0001514869639 ZMOM        = 6.528199426e+25
TIME= 0.0001514869639 RHO*e       = 9.427956624e+51
TIME= 0.0001514869639 RHO*E       = 1.000245423e+52

[STEP 95] Coarse TimeStep time: 1.568941083
[STEP 95] FAB kilobyte spread across MPI nodes: [12624522 ... 12624522]

STEP = 95 TIME = 0.0001514869639 DT = 1.536495747e-06

Castro::estTimeStep (hydro-limited) at level 0:  estdt = 1.536119986e-06
[Level 0 step 96] ADVANCE with dt = 1.536119986e-06
[Level 0 step 96] Advanced 56623104 cells

TIME= 0.0001530230839 MASS        = 1e+31
TIME= 0.0001530230839 XMOM        = -4.684587551e+24
TIME= 0.0001530230839 YMOM        = 6.649092008e+24
TIME= 0.0001530230839 ZMOM        = -4.231240369e+25
TIME= 0.0001530230839 RHO*e       = 9.421616758e+51
TIME= 0.0001530230839 RHO*E       = 1.000245423e+52

[STEP 96] Coarse TimeStep time: 1.600976311
[STEP 96] FAB kilobyte spread across MPI nodes: [12624522 ... 12624522]

STEP = 96 TIME = 0.0001530230839 DT = 1.536119986e-06

Castro::estTimeStep (hydro-limited) at level 0:  estdt = 1.535758614e-06
[Level 0 step 97] ADVANCE with dt = 1.535758614e-06
[Level 0 step 97] Advanced 56623104 cells

TIME= 0.0001545588425 MASS        = 1e+31
TIME= 0.0001545588425 XMOM        = -1.042698519e+25
TIME= 0.0001545588425 YMOM        = -4.533471824e+24
TIME= 0.0001545588425 ZMOM        = 3.384992295e+25
TIME= 0.0001545588425 RHO*e       = 9.415284992e+51
TIME= 0.0001545588425 RHO*E       = 1.000245423e+52

[STEP 97] Coarse TimeStep time: 1.582330454
[STEP 97] FAB kilobyte spread across MPI nodes: [12624522 ... 12624522]

STEP = 97 TIME = 0.0001545588425 DT = 1.535758614e-06

Castro::estTimeStep (hydro-limited) at level 0:  estdt = 1.535413102e-06
[Level 0 step 98] ADVANCE with dt = 1.535413102e-06
[Level 0 step 98] Advanced 56623104 cells

TIME= 0.0001560942556 MASS        = 1e+31
TIME= 0.0001560942556 XMOM        = -1.97961603e+25
TIME= 0.0001560942556 YMOM        = -2.75030624e+25
TIME= 0.0001560942556 ZMOM        = -5.802843934e+25
TIME= 0.0001560942556 RHO*e       = 9.408961465e+51
TIME= 0.0001560942556 RHO*E       = 1.000245423e+52

[STEP 98] Coarse TimeStep time: 1.625961215
[STEP 98] FAB kilobyte spread across MPI nodes: [12624522 ... 12624522]

STEP = 98 TIME = 0.0001560942556 DT = 1.535413102e-06

Castro::estTimeStep (hydro-limited) at level 0:  estdt = 1.53508856e-06
[Level 0 step 99] ADVANCE with dt = 1.53508856e-06
[Level 0 step 99] Advanced 56623104 cells

TIME= 0.0001576293442 MASS        = 1e+31
TIME= 0.0001576293442 XMOM        = 9.671406557e+24
TIME= 0.0001576293442 YMOM        = 9.973638012e+24
TIME= 0.0001576293442 ZMOM        = -1.390264693e+25
TIME= 0.0001576293442 RHO*e       = 9.402646279e+51
TIME= 0.0001576293442 RHO*E       = 1.000245423e+52

[STEP 99] Coarse TimeStep time: 1.642678176
[STEP 99] FAB kilobyte spread across MPI nodes: [12624522 ... 12624522]

STEP = 99 TIME = 0.0001576293442 DT = 1.53508856e-06

Castro::estTimeStep (hydro-limited) at level 0:  estdt = 1.53479034e-06
[Level 0 step 100] ADVANCE with dt = 1.53479034e-06
[Level 0 step 100] Advanced 56623104 cells

TIME= 0.0001591641345 MASS        = 1e+31
TIME= 0.0001591641345 XMOM        = 2.387628494e+25
TIME= 0.0001591641345 YMOM        = 2.387628494e+25
TIME= 0.0001591641345 ZMOM        = -6.407306844e+25
TIME= 0.0001591641345 RHO*e       = 9.3963395e+51
TIME= 0.0001591641345 RHO*E       = 1.000245423e+52

[STEP 100] Coarse TimeStep time: 1.624160265
[STEP 100] FAB kilobyte spread across MPI nodes: [12624522 ... 12624522]

STEP = 100 TIME = 0.0001591641345 DT = 1.53479034e-06


Ending run at 11:32:49 UTC on 2017-10-20.
Run time = 159.8542569
Run time without initialization = 157.7992056

  Figure of Merit (zones / usec): 35.883

Unused ParmParse Variables:
[TOP]::amr.ref_ratio(nvals = 4)  :: [2, 2, 2, 2]
[TOP]::amr.regrid_int(nvals = 1)  :: [2]
done.
