MPI initialized with 2 MPI processes
CUDA initialized using 2 GPUs out of 2 available

Starting run at 11:10:53 UTC on 2017-10-20.
Successfully read inputs file ... 

Castro git describe: 17.07-39-ga07bb0f
AMReX git describe: 17.10-602-g48118035f

reading extern runtime parameters ...
FORTRAN:Warning:: small_dens has not been set, defaulting to 1.e-200_rt.!
FORTRAN:Warning:: small_temp has not been set, defaulting to 1.e-200_rt.!
 
 Initializing Helmholtz EOS and using Coulomb corrections.
 
 BOXLIB WARN: 
 EOS: small_temp cannot be less than the mintemp allowed by the EOS. Resetting small_temp to mintemp.
 BOXLIB WARN: 
 EOS: small_dens cannot be less than the mindens allowed by the EOS. Resetting small_dens to mindens.
Successfully read inputs file ... 
Starting to call amrex_probinit ... 
Successfully run amrex_probinit
Initializing the data at level 0
Done initializing the level 0 data 
Castro::estTimeStep (hydro-limited) at level 0:  estdt = 3.74226156e-06

TIME= 0 MASS        = 1e+31
TIME= 0 XMOM        = 0
TIME= 0 YMOM        = 0
TIME= 0 ZMOM        = 0
TIME= 0 RHO*e       = 1.000223318e+52
TIME= 0 RHO*E       = 1.000223318e+52
INITIAL GRIDS 
  Level 0   8 grids  7077888 cells  100 % of domain
            smallest grid: 96 x 96 x 96  biggest grid: 96 x 96 x 96

Castro::estTimeStep (hydro-limited) at level 0:  estdt = 3.74226156e-06
[Level 0 step 1] ADVANCE with dt = 3.74226156e-06
[Level 0 step 1] Advanced 7077888 cells

TIME= 3.74226156e-06 MASS        = 1e+31
TIME= 3.74226156e-06 XMOM        = -1.180591621e+22
TIME= 3.74226156e-06 YMOM        = 4.486248159e+22
TIME= 3.74226156e-06 ZMOM        = -5.666839779e+22
TIME= 3.74226156e-06 RHO*e       = 9.99987647e+51
TIME= 3.74226156e-06 RHO*E       = 1.000223318e+52

[STEP 1] Coarse TimeStep time: 2.322375258
[STEP 1] FAB kilobyte spread across MPI nodes: [12927866 ... 12927866]

STEP = 1 TIME = 3.74226156e-06 DT = 3.74226156e-06

Castro::estTimeStep (hydro-limited) at level 0:  estdt = 3.644106849e-06
[Level 0 step 2] ADVANCE with dt = 3.644106849e-06
[Level 0 step 2] Advanced 7077888 cells

TIME= 7.386368409e-06 MASS        = 1e+31
TIME= 7.386368409e-06 XMOM        = -3.777893186e+22
TIME= 7.386368409e-06 YMOM        = 1.888946593e+22
TIME= 7.386368409e-06 ZMOM        = 3.777893186e+23
TIME= 7.386368409e-06 RHO*e       = 9.994355882e+51
TIME= 7.386368409e-06 RHO*E       = 1.000223318e+52

[STEP 2] Coarse TimeStep time: 1.299441648
[STEP 2] FAB kilobyte spread across MPI nodes: [12927866 ... 12927866]

STEP = 2 TIME = 7.386368409e-06 DT = 3.644106849e-06

Castro::estTimeStep (hydro-limited) at level 0:  estdt = 3.565879469e-06
[Level 0 step 3] ADVANCE with dt = 3.565879469e-06
[Level 0 step 3] Advanced 7077888 cells

TIME= 1.095224788e-05 MASS        = 1e+31
TIME= 1.095224788e-05 XMOM        = 1.227815286e+23
TIME= 1.095224788e-05 YMOM        = -2.550077901e+23
TIME= 1.095224788e-05 ZMOM        = 1.813388729e+24
TIME= 1.095224788e-05 RHO*e       = 9.987081055e+51
TIME= 1.095224788e-05 RHO*E       = 1.000223318e+52

[STEP 3] Coarse TimeStep time: 1.312302168
[STEP 3] FAB kilobyte spread across MPI nodes: [12927866 ... 12927866]

STEP = 3 TIME = 1.095224788e-05 DT = 3.565879469e-06

Castro::estTimeStep (hydro-limited) at level 0:  estdt = 3.490110313e-06
[Level 0 step 4] ADVANCE with dt = 3.490110313e-06
[Level 0 step 4] Advanced 7077888 cells

TIME= 1.444235819e-05 MASS        = 1e+31
TIME= 1.444235819e-05 XMOM        = -4.722366483e+22
TIME= 1.444235819e-05 YMOM        = 1.416709945e+23
TIME= 1.444235819e-05 ZMOM        = 1.397820479e+24
TIME= 1.444235819e-05 RHO*e       = 9.979134158e+51
TIME= 1.444235819e-05 RHO*E       = 1.000223318e+52

[STEP 4] Coarse TimeStep time: 1.320758234
[STEP 4] FAB kilobyte spread across MPI nodes: [12927866 ... 12927866]

STEP = 4 TIME = 1.444235819e-05 DT = 3.490110313e-06

Castro::estTimeStep (hydro-limited) at level 0:  estdt = 3.450488677e-06
[Level 0 step 5] ADVANCE with dt = 3.450488677e-06
[Level 0 step 5] Advanced 7077888 cells

TIME= 1.789284687e-05 MASS        = 1e+31
TIME= 1.789284687e-05 XMOM        = -2.455630571e+23
TIME= 1.789284687e-05 YMOM        = 3.777893186e+22
TIME= 1.789284687e-05 ZMOM        = -8.31136501e+23
TIME= 1.789284687e-05 RHO*e       = 9.970898213e+51
TIME= 1.789284687e-05 RHO*E       = 1.000223318e+52

[STEP 5] Coarse TimeStep time: 1.326984892
[STEP 5] FAB kilobyte spread across MPI nodes: [12927866 ... 12927866]

STEP = 5 TIME = 1.789284687e-05 DT = 3.450488677e-06

Castro::estTimeStep (hydro-limited) at level 0:  estdt = 3.433626542e-06
[Level 0 step 6] ADVANCE with dt = 3.433626542e-06
[Level 0 step 6] Advanced 7077888 cells

TIME= 2.132647341e-05 MASS        = 1e+31
TIME= 2.132647341e-05 XMOM        = -3.022314549e+23
TIME= 2.132647341e-05 YMOM        = 3.022314549e+23
TIME= 2.132647341e-05 ZMOM        = -5.289050461e+23
TIME= 2.132647341e-05 RHO*e       = 9.962359773e+51
TIME= 2.132647341e-05 RHO*E       = 1.000223318e+52

[STEP 6] Coarse TimeStep time: 1.325118755
[STEP 6] FAB kilobyte spread across MPI nodes: [12927866 ... 12927866]

STEP = 6 TIME = 2.132647341e-05 DT = 3.433626542e-06

Castro::estTimeStep (hydro-limited) at level 0:  estdt = 3.413713581e-06
[Level 0 step 7] ADVANCE with dt = 3.413713581e-06
[Level 0 step 7] Advanced 7077888 cells

TIME= 2.474018699e-05 MASS        = 1e+31
TIME= 2.474018699e-05 XMOM        = 2.64452523e+23
TIME= 2.474018699e-05 YMOM        = 2.266735912e+23
TIME= 2.474018699e-05 ZMOM        = 2.417851639e+24
TIME= 2.474018699e-05 RHO*e       = 9.953468584e+51
TIME= 2.474018699e-05 RHO*E       = 1.000223318e+52

[STEP 7] Coarse TimeStep time: 1.335003614
[STEP 7] FAB kilobyte spread across MPI nodes: [12927866 ... 12927866]

STEP = 7 TIME = 2.474018699e-05 DT = 3.413713581e-06

Castro::estTimeStep (hydro-limited) at level 0:  estdt = 3.395879545e-06
[Level 0 step 8] ADVANCE with dt = 3.395879545e-06
[Level 0 step 8] Advanced 7077888 cells

TIME= 2.813606654e-05 MASS        = 1e+31
TIME= 2.813606654e-05 XMOM        = -2.077841252e+23
TIME= 2.813606654e-05 YMOM        = -4.722366483e+23
TIME= 2.813606654e-05 ZMOM        = -4.231240369e+24
TIME= 2.813606654e-05 RHO*e       = 9.944202855e+51
TIME= 2.813606654e-05 RHO*E       = 1.000223318e+52

[STEP 8] Coarse TimeStep time: 1.331820394
[STEP 8] FAB kilobyte spread across MPI nodes: [12927866 ... 12927866]

STEP = 8 TIME = 2.813606654e-05 DT = 3.395879545e-06

Castro::estTimeStep (hydro-limited) at level 0:  estdt = 3.382594576e-06
[Level 0 step 9] ADVANCE with dt = 3.382594576e-06
[Level 0 step 9] Advanced 7077888 cells

TIME= 3.151866111e-05 MASS        = 1e+31
TIME= 3.151866111e-05 XMOM        = -2.077841252e+23
TIME= 3.151866111e-05 YMOM        = 6.800207735e+23
TIME= 3.151866111e-05 ZMOM        = 5.364608325e+24
TIME= 3.151866111e-05 RHO*e       = 9.934560201e+51
TIME= 3.151866111e-05 RHO*E       = 1.000223318e+52

[STEP 9] Coarse TimeStep time: 1.336033155
[STEP 9] FAB kilobyte spread across MPI nodes: [12927866 ... 12927866]

STEP = 9 TIME = 3.151866111e-05 DT = 3.382594576e-06

Castro::estTimeStep (hydro-limited) at level 0:  estdt = 3.371836836e-06
[Level 0 step 10] ADVANCE with dt = 3.371836836e-06
[Level 0 step 10] Advanced 7077888 cells

TIME= 3.489049795e-05 MASS        = 1e+31
TIME= 3.489049795e-05 XMOM        = 6.044629098e+23
TIME= 3.489049795e-05 YMOM        = 4.533471824e+23
TIME= 3.489049795e-05 ZMOM        = 4.533471824e+24
TIME= 3.489049795e-05 RHO*e       = 9.924578061e+51
TIME= 3.489049795e-05 RHO*E       = 1.000223318e+52

[STEP 10] Coarse TimeStep time: 1.345861963
[STEP 10] FAB kilobyte spread across MPI nodes: [12927866 ... 12927866]

STEP = 10 TIME = 3.489049795e-05 DT = 3.371836836e-06

Castro::estTimeStep (hydro-limited) at level 0:  estdt = 3.36283734e-06
[Level 0 step 11] ADVANCE with dt = 3.36283734e-06
[Level 0 step 11] Advanced 7077888 cells

TIME= 3.825333529e-05 MASS        = 1e+31
TIME= 3.825333529e-05 XMOM        = -1.62449407e+24
TIME= 3.825333529e-05 YMOM        = 7.933575691e+23
TIME= 3.825333529e-05 ZMOM        = 7.858017827e+24
TIME= 3.825333529e-05 RHO*e       = 9.914303013e+51
TIME= 3.825333529e-05 RHO*E       = 1.000223318e+52

[STEP 11] Coarse TimeStep time: 1.347852338
[STEP 11] FAB kilobyte spread across MPI nodes: [12927866 ... 12927866]

STEP = 11 TIME = 3.825333529e-05 DT = 3.36283734e-06

Castro::estTimeStep (hydro-limited) at level 0:  estdt = 3.354696574e-06
[Level 0 step 12] ADVANCE with dt = 3.354696574e-06
[Level 0 step 12] Advanced 7077888 cells

TIME= 4.160803186e-05 MASS        = 1e+31
TIME= 4.160803186e-05 XMOM        = 7.177997054e+23
TIME= 4.160803186e-05 YMOM        = -7.933575691e+23
TIME= 4.160803186e-05 ZMOM        = 7.555786373e+24
TIME= 4.160803186e-05 RHO*e       = 9.903773466e+51
TIME= 4.160803186e-05 RHO*E       = 1.000223318e+52

[STEP 12] Coarse TimeStep time: 1.357545643
[STEP 12] FAB kilobyte spread across MPI nodes: [12927866 ... 12927866]

STEP = 12 TIME = 4.160803186e-05 DT = 3.354696574e-06

Castro::estTimeStep (hydro-limited) at level 0:  estdt = 3.346965923e-06
[Level 0 step 13] ADVANCE with dt = 3.346965923e-06
[Level 0 step 13] Advanced 7077888 cells

TIME= 4.495499779e-05 MASS        = 1e+31
TIME= 4.495499779e-05 XMOM        = -3.400103868e+23
TIME= 4.495499779e-05 YMOM        = -7.177997054e+23
TIME= 4.495499779e-05 ZMOM        = 6.649092008e+24
TIME= 4.495499779e-05 RHO*e       = 9.893019731e+51
TIME= 4.495499779e-05 RHO*E       = 1.000223318e+52

[STEP 13] Coarse TimeStep time: 1.370897777
[STEP 13] FAB kilobyte spread across MPI nodes: [12927866 ... 12927866]

STEP = 13 TIME = 4.495499779e-05 DT = 3.346965923e-06

Castro::estTimeStep (hydro-limited) at level 0:  estdt = 3.338830366e-06
[Level 0 step 14] ADVANCE with dt = 3.338830366e-06
[Level 0 step 14] Advanced 7077888 cells

TIME= 4.829382815e-05 MASS        = 1e+31
TIME= 4.829382815e-05 XMOM        = -4.911261142e+23
TIME= 4.829382815e-05 YMOM        = 3.022314549e+23
TIME= 4.829382815e-05 ZMOM        = 1.20892582e+24
TIME= 4.829382815e-05 RHO*e       = 9.882070185e+51
TIME= 4.829382815e-05 RHO*E       = 1.000223318e+52

[STEP 14] Coarse TimeStep time: 1.358122498
[STEP 14] FAB kilobyte spread across MPI nodes: [12927866 ... 12927866]

STEP = 14 TIME = 4.829382815e-05 DT = 3.338830366e-06

Castro::estTimeStep (hydro-limited) at level 0:  estdt = 3.329754002e-06
[Level 0 step 15] ADVANCE with dt = 3.329754002e-06
[Level 0 step 15] Advanced 7077888 cells

TIME= 5.162358215e-05 MASS        = 1e+31
TIME= 5.162358215e-05 XMOM        = -1.62449407e+24
TIME= 5.162358215e-05 YMOM        = 1.775609798e+24
TIME= 5.162358215e-05 ZMOM        = 9.822522284e+24
TIME= 5.162358215e-05 RHO*e       = 9.870949679e+51
TIME= 5.162358215e-05 RHO*E       = 1.000223318e+52

[STEP 15] Coarse TimeStep time: 1.366975101
[STEP 15] FAB kilobyte spread across MPI nodes: [12927866 ... 12927866]

STEP = 15 TIME = 5.162358215e-05 DT = 3.329754002e-06

Castro::estTimeStep (hydro-limited) at level 0:  estdt = 3.320876626e-06
[Level 0 step 16] ADVANCE with dt = 3.320876626e-06
[Level 0 step 16] Advanced 7077888 cells

TIME= 5.494445878e-05 MASS        = 1e+31
TIME= 5.494445878e-05 XMOM        = 1.473378343e+24
TIME= 5.494445878e-05 YMOM        = 4.155682505e+23
TIME= 5.494445878e-05 ZMOM        = 7.10243919e+24
TIME= 5.494445878e-05 RHO*e       = 9.859677532e+51
TIME= 5.494445878e-05 RHO*E       = 1.000223318e+52

[STEP 16] Coarse TimeStep time: 1.366951528
[STEP 16] FAB kilobyte spread across MPI nodes: [12927866 ... 12927866]

STEP = 16 TIME = 5.494445878e-05 DT = 3.320876626e-06

Castro::estTimeStep (hydro-limited) at level 0:  estdt = 3.307590629e-06
[Level 0 step 17] ADVANCE with dt = 3.307590629e-06
[Level 0 step 17] Advanced 7077888 cells

TIME= 5.825204941e-05 MASS        = 1e+31
TIME= 5.825204941e-05 XMOM        = -3.777893186e+22
TIME= 5.825204941e-05 YMOM        = -3.022314549e+23
TIME= 5.825204941e-05 ZMOM        = 2.568967367e+24
TIME= 5.825204941e-05 RHO*e       = 9.848286839e+51
TIME= 5.825204941e-05 RHO*E       = 1.000223318e+52

[STEP 17] Coarse TimeStep time: 1.370928344
[STEP 17] FAB kilobyte spread across MPI nodes: [12927866 ... 12927866]

STEP = 17 TIME = 5.825204941e-05 DT = 3.307590629e-06

Castro::estTimeStep (hydro-limited) at level 0:  estdt = 3.2950327e-06
[Level 0 step 18] ADVANCE with dt = 3.2950327e-06
[Level 0 step 18] Advanced 7077888 cells

TIME= 6.154708211e-05 MASS        = 1e+31
TIME= 6.154708211e-05 XMOM        = 3.777893186e+23
TIME= 6.154708211e-05 YMOM        = -7.555786373e+23
TIME= 6.154708211e-05 ZMOM        = -2.115620184e+24
TIME= 6.154708211e-05 RHO*e       = 9.836790322e+51
TIME= 6.154708211e-05 RHO*E       = 1.000223318e+52

[STEP 18] Coarse TimeStep time: 1.360584749
[STEP 18] FAB kilobyte spread across MPI nodes: [12927866 ... 12927866]

STEP = 18 TIME = 6.154708211e-05 DT = 3.2950327e-06

Castro::estTimeStep (hydro-limited) at level 0:  estdt = 3.283381745e-06
[Level 0 step 19] ADVANCE with dt = 3.283381745e-06
[Level 0 step 19] Advanced 7077888 cells

TIME= 6.483046385e-05 MASS        = 1e+31
TIME= 6.483046385e-05 XMOM        = 3.777893186e+23
TIME= 6.483046385e-05 YMOM        = -4.533471824e+23
TIME= 6.483046385e-05 ZMOM        = 1.360041547e+25
TIME= 6.483046385e-05 RHO*e       = 9.825198775e+51
TIME= 6.483046385e-05 RHO*E       = 1.000223318e+52

[STEP 19] Coarse TimeStep time: 1.36740738
[STEP 19] FAB kilobyte spread across MPI nodes: [12927866 ... 12927866]

STEP = 19 TIME = 6.483046385e-05 DT = 3.283381745e-06

Castro::estTimeStep (hydro-limited) at level 0:  estdt = 3.272602061e-06
[Level 0 step 20] ADVANCE with dt = 3.272602061e-06
[Level 0 step 20] Advanced 7077888 cells

TIME= 6.810306591e-05 MASS        = 1e+31
TIME= 6.810306591e-05 XMOM        = 5.289050461e+23
TIME= 6.810306591e-05 YMOM        = -3.022314549e+23
TIME= 6.810306591e-05 ZMOM        = 9.066943647e+24
TIME= 6.810306591e-05 RHO*e       = 9.813521679e+51
TIME= 6.810306591e-05 RHO*E       = 1.000223318e+52

[STEP 20] Coarse TimeStep time: 1.376677325
[STEP 20] FAB kilobyte spread across MPI nodes: [12927866 ... 12927866]

STEP = 20 TIME = 6.810306591e-05 DT = 3.272602061e-06

Castro::estTimeStep (hydro-limited) at level 0:  estdt = 3.262630739e-06
[Level 0 step 21] ADVANCE with dt = 3.262630739e-06
[Level 0 step 21] Advanced 7077888 cells

TIME= 7.136569665e-05 MASS        = 1e+31
TIME= 7.136569665e-05 XMOM        = 6.800207735e+23
TIME= 7.136569665e-05 YMOM        = 2.568967367e+24
TIME= 7.136569665e-05 ZMOM        = -1.692496147e+25
TIME= 7.136569665e-05 RHO*e       = 9.80176758e+51
TIME= 7.136569665e-05 RHO*E       = 1.000223318e+52

[STEP 21] Coarse TimeStep time: 1.37157364
[STEP 21] FAB kilobyte spread across MPI nodes: [12927866 ... 12927866]

STEP = 21 TIME = 7.136569665e-05 DT = 3.262630739e-06

Castro::estTimeStep (hydro-limited) at level 0:  estdt = 3.253394276e-06
[Level 0 step 22] ADVANCE with dt = 3.253394276e-06
[Level 0 step 22] Advanced 7077888 cells

TIME= 7.461909093e-05 MASS        = 1e+31
TIME= 7.461909093e-05 XMOM        = -1.813388729e+24
TIME= 7.461909093e-05 YMOM        = -1.20892582e+24
TIME= 7.461909093e-05 ZMOM        = 8.462480737e+24
TIME= 7.461909093e-05 RHO*e       = 9.78994384e+51
TIME= 7.461909093e-05 RHO*E       = 1.000223318e+52

[STEP 22] Coarse TimeStep time: 1.374886732
[STEP 22] FAB kilobyte spread across MPI nodes: [12927866 ... 12927866]

STEP = 22 TIME = 7.461909093e-05 DT = 3.253394276e-06

Castro::estTimeStep (hydro-limited) at level 0:  estdt = 3.244807738e-06
[Level 0 step 23] ADVANCE with dt = 3.244807738e-06
[Level 0 step 23] Advanced 7077888 cells

TIME= 7.786389867e-05 MASS        = 1e+31
TIME= 7.786389867e-05 XMOM        = 3.400103868e+24
TIME= 7.786389867e-05 YMOM        = -1.586715138e+24
TIME= 7.786389867e-05 ZMOM        = -1.360041547e+25
TIME= 7.786389867e-05 RHO*e       = 9.778056989e+51
TIME= 7.786389867e-05 RHO*E       = 1.000223318e+52

[STEP 23] Coarse TimeStep time: 1.381776531
[STEP 23] FAB kilobyte spread across MPI nodes: [12927866 ... 12927866]

STEP = 23 TIME = 7.786389867e-05 DT = 3.244807738e-06

Castro::estTimeStep (hydro-limited) at level 0:  estdt = 3.236777917e-06
[Level 0 step 24] ADVANCE with dt = 3.236777917e-06
[Level 0 step 24] Advanced 7077888 cells

TIME= 8.110067658e-05 MASS        = 1e+31
TIME= 8.110067658e-05 XMOM        = 1.133367956e+24
TIME= 8.110067658e-05 YMOM        = 2.417851639e+24
TIME= 8.110067658e-05 ZMOM        = 2.901421967e+25
TIME= 8.110067658e-05 RHO*e       = 9.766114088e+51
TIME= 8.110067658e-05 RHO*E       = 1.000223318e+52

[STEP 24] Coarse TimeStep time: 1.377992518
[STEP 24] FAB kilobyte spread across MPI nodes: [12927866 ... 12927866]

STEP = 24 TIME = 8.110067658e-05 DT = 3.236777917e-06

Castro::estTimeStep (hydro-limited) at level 0:  estdt = 3.229323078e-06
[Level 0 step 25] ADVANCE with dt = 3.229323078e-06
[Level 0 step 25] Advanced 7077888 cells

TIME= 8.432999966e-05 MASS        = 1e+31
TIME= 8.432999966e-05 XMOM        = 3.777893186e+23
TIME= 8.432999966e-05 YMOM        = -1.360041547e+24
TIME= 8.432999966e-05 ZMOM        = 1.601826711e+25
TIME= 8.432999966e-05 RHO*e       = 9.754120994e+51
TIME= 8.432999966e-05 RHO*E       = 1.000223318e+52

[STEP 25] Coarse TimeStep time: 1.378832906
[STEP 25] FAB kilobyte spread across MPI nodes: [12927866 ... 12927866]

STEP = 25 TIME = 8.432999966e-05 DT = 3.229323078e-06

Castro::estTimeStep (hydro-limited) at level 0:  estdt = 3.22243012e-06
[Level 0 step 26] ADVANCE with dt = 3.22243012e-06
[Level 0 step 26] Advanced 7077888 cells

TIME= 8.755242978e-05 MASS        = 1e+31
TIME= 8.755242978e-05 XMOM        = -1.435599411e+24
TIME= 8.755242978e-05 YMOM        = 2.342293776e+24
TIME= 8.755242978e-05 ZMOM        = 7.555786373e+24
TIME= 8.755242978e-05 RHO*e       = 9.742083119e+51
TIME= 8.755242978e-05 RHO*E       = 1.000223318e+52

[STEP 26] Coarse TimeStep time: 1.383173282
[STEP 26] FAB kilobyte spread across MPI nodes: [12927866 ... 12927866]

STEP = 26 TIME = 8.755242978e-05 DT = 3.22243012e-06

Castro::estTimeStep (hydro-limited) at level 0:  estdt = 3.216040177e-06
[Level 0 step 27] ADVANCE with dt = 3.216040177e-06
[Level 0 step 27] Advanced 7077888 cells

TIME= 9.076846996e-05 MASS        = 1e+31
TIME= 9.076846996e-05 XMOM        = 1.662273002e+24
TIME= 9.076846996e-05 YMOM        = 1.284483683e+24
TIME= 9.076846996e-05 ZMOM        = -7.253554918e+24
TIME= 9.076846996e-05 RHO*e       = 9.730005679e+51
TIME= 9.076846996e-05 RHO*E       = 1.000223318e+52

[STEP 27] Coarse TimeStep time: 1.383147802
[STEP 27] FAB kilobyte spread across MPI nodes: [12927866 ... 12927866]

STEP = 27 TIME = 9.076846996e-05 DT = 3.216040177e-06

Castro::estTimeStep (hydro-limited) at level 0:  estdt = 3.210092364e-06
[Level 0 step 28] ADVANCE with dt = 3.210092364e-06
[Level 0 step 28] Advanced 7077888 cells

TIME= 9.397856232e-05 MASS        = 1e+31
TIME= 9.397856232e-05 XMOM        = 6.800207735e+23
TIME= 9.397856232e-05 YMOM        = -6.044629098e+23
TIME= 9.397856232e-05 ZMOM        = 2.296959057e+25
TIME= 9.397856232e-05 RHO*e       = 9.71789342e+51
TIME= 9.397856232e-05 RHO*E       = 1.000223318e+52

[STEP 28] Coarse TimeStep time: 1.388730026
[STEP 28] FAB kilobyte spread across MPI nodes: [12927866 ... 12927866]

STEP = 28 TIME = 9.397856232e-05 DT = 3.210092364e-06

Castro::estTimeStep (hydro-limited) at level 0:  estdt = 3.204543807e-06
[Level 0 step 29] ADVANCE with dt = 3.204543807e-06
[Level 0 step 29] Advanced 7077888 cells

TIME= 9.718310613e-05 MASS        = 1e+31
TIME= 9.718310613e-05 XMOM        = -2.871198822e+24
TIME= 9.718310613e-05 YMOM        = -1.813388729e+24
TIME= 9.718310613e-05 ZMOM        = -1.390264693e+25
TIME= 9.718310613e-05 RHO*e       = 9.705750352e+51
TIME= 9.718310613e-05 RHO*E       = 1.000223318e+52

[STEP 29] Coarse TimeStep time: 1.388444113
[STEP 29] FAB kilobyte spread across MPI nodes: [12927866 ... 12927866]

STEP = 29 TIME = 9.718310613e-05 DT = 3.204543807e-06

Castro::estTimeStep (hydro-limited) at level 0:  estdt = 3.199358899e-06
[Level 0 step 30] ADVANCE with dt = 3.199358899e-06
[Level 0 step 30] Advanced 7077888 cells

TIME= 0.000100382465 MASS        = 1e+31
TIME= 0.000100382465 XMOM        = -1.511157275e+24
TIME= 0.000100382465 YMOM        = 2.191178048e+24
TIME= 0.000100382465 ZMOM        = -9.973638012e+24
TIME= 0.000100382465 RHO*e       = 9.693581109e+51
TIME= 0.000100382465 RHO*E       = 1.000223318e+52

[STEP 30] Coarse TimeStep time: 1.385801013
[STEP 30] FAB kilobyte spread across MPI nodes: [12927866 ... 12927866]

STEP = 30 TIME = 0.000100382465 DT = 3.199358899e-06

Castro::estTimeStep (hydro-limited) at level 0:  estdt = 3.194510078e-06
[Level 0 step 31] ADVANCE with dt = 3.194510078e-06
[Level 0 step 31] Advanced 7077888 cells

TIME= 0.0001035769751 MASS        = 1e+31
TIME= 0.0001035769751 XMOM        = -1.662273002e+24
TIME= 0.0001035769751 YMOM        = -7.555786373e+23
TIME= 0.0001035769751 ZMOM        = 9.369175102e+24
TIME= 0.0001035769751 RHO*e       = 9.681390059e+51
TIME= 0.0001035769751 RHO*E       = 1.000223318e+52

[STEP 31] Coarse TimeStep time: 1.385763647
[STEP 31] FAB kilobyte spread across MPI nodes: [12927866 ... 12927866]

STEP = 31 TIME = 0.0001035769751 DT = 3.194510078e-06

Castro::estTimeStep (hydro-limited) at level 0:  estdt = 3.189993191e-06
[Level 0 step 32] ADVANCE with dt = 3.189993191e-06
[Level 0 step 32] Advanced 7077888 cells

TIME= 0.0001067669683 MASS        = 1e+31
TIME= 0.0001067669683 XMOM        = 4.684587551e+24
TIME= 0.0001067669683 YMOM        = -7.555786373e+22
TIME= 0.0001067669683 ZMOM        = 2.629413658e+25
TIME= 0.0001067669683 RHO*e       = 9.669181279e+51
TIME= 0.0001067669683 RHO*E       = 1.000223318e+52

[STEP 32] Coarse TimeStep time: 1.386972316
[STEP 32] FAB kilobyte spread across MPI nodes: [12927866 ... 12927866]

STEP = 32 TIME = 0.0001067669683 DT = 3.189993191e-06

Castro::estTimeStep (hydro-limited) at level 0:  estdt = 3.185775718e-06
[Level 0 step 33] ADVANCE with dt = 3.185775718e-06
[Level 0 step 33] Advanced 7077888 cells

TIME= 0.000109952744 MASS        = 1e+31
TIME= 0.000109952744 XMOM        = -1.20892582e+24
TIME= 0.000109952744 YMOM        = 3.777893186e+23
TIME= 0.000109952744 ZMOM        = 1.178702674e+25
TIME= 0.000109952744 RHO*e       = 9.656957765e+51
TIME= 0.000109952744 RHO*E       = 1.000223318e+52

[STEP 33] Coarse TimeStep time: 1.387869729
[STEP 33] FAB kilobyte spread across MPI nodes: [12927866 ... 12927866]

STEP = 33 TIME = 0.000109952744 DT = 3.185775718e-06

Castro::estTimeStep (hydro-limited) at level 0:  estdt = 3.181827911e-06
[Level 0 step 34] ADVANCE with dt = 3.181827911e-06
[Level 0 step 34] Advanced 7077888 cells

TIME= 0.0001131345719 MASS        = 1e+31
TIME= 0.0001131345719 XMOM        = 1.057810092e+24
TIME= 0.0001131345719 YMOM        = -1.20892582e+24
TIME= 0.0001131345719 ZMOM        = 3.324546004e+25
TIME= 0.0001131345719 RHO*e       = 9.644722705e+51
TIME= 0.0001131345719 RHO*E       = 1.000223318e+52

[STEP 34] Coarse TimeStep time: 1.389719063
[STEP 34] FAB kilobyte spread across MPI nodes: [12927866 ... 12927866]

STEP = 34 TIME = 0.0001131345719 DT = 3.181827911e-06

Castro::estTimeStep (hydro-limited) at level 0:  estdt = 3.178123088e-06
[Level 0 step 35] ADVANCE with dt = 3.178123088e-06
[Level 0 step 35] Advanced 7077888 cells

TIME= 0.000116312695 MASS        = 1e+31
TIME= 0.000116312695 XMOM        = 2.720083094e+24
TIME= 0.000116312695 YMOM        = 3.324546004e+24
TIME= 0.000116312695 ZMOM        = -3.475661731e+25
TIME= 0.000116312695 RHO*e       = 9.632479182e+51
TIME= 0.000116312695 RHO*E       = 1.000223318e+52

[STEP 35] Coarse TimeStep time: 1.398451587
[STEP 35] FAB kilobyte spread across MPI nodes: [12927866 ... 12927866]

STEP = 35 TIME = 0.000116312695 DT = 3.178123088e-06

Castro::estTimeStep (hydro-limited) at level 0:  estdt = 3.174637785e-06
[Level 0 step 36] ADVANCE with dt = 3.174637785e-06
[Level 0 step 36] Advanced 7077888 cells

TIME= 0.0001194873328 MASS        = 1e+31
TIME= 0.0001194873328 XMOM        = 3.097872413e+24
TIME= 0.0001194873328 YMOM        = -3.022314549e+23
TIME= 0.0001194873328 ZMOM        = 1.057810092e+25
TIME= 0.0001194873328 RHO*e       = 9.620230164e+51
TIME= 0.0001194873328 RHO*E       = 1.000223318e+52

[STEP 36] Coarse TimeStep time: 1.392298835
[STEP 36] FAB kilobyte spread across MPI nodes: [12927866 ... 12927866]

STEP = 36 TIME = 0.0001194873328 DT = 3.174637785e-06

Castro::estTimeStep (hydro-limited) at level 0:  estdt = 3.171349496e-06
[Level 0 step 37] ADVANCE with dt = 3.171349496e-06
[Level 0 step 37] Advanced 7077888 cells

TIME= 0.0001226586823 MASS        = 1e+31
TIME= 0.0001226586823 XMOM        = 2.568967367e+24
TIME= 0.0001226586823 YMOM        = -6.800207735e+23
TIME= 0.0001226586823 ZMOM        = -5.137934733e+24
TIME= 0.0001226586823 RHO*e       = 9.607978504e+51
TIME= 0.0001226586823 RHO*E       = 1.000223318e+52

[STEP 37] Coarse TimeStep time: 1.39163648
[STEP 37] FAB kilobyte spread across MPI nodes: [12927866 ... 12927866]

STEP = 37 TIME = 0.0001226586823 DT = 3.171349496e-06

Castro::estTimeStep (hydro-limited) at level 0:  estdt = 3.168234082e-06
[Level 0 step 38] ADVANCE with dt = 3.168234082e-06
[Level 0 step 38] Advanced 7077888 cells

TIME= 0.0001258269164 MASS        = 1e+31
TIME= 0.0001258269164 XMOM        = 6.044629098e+23
TIME= 0.0001258269164 YMOM        = 1.284483683e+24
TIME= 0.0001258269164 ZMOM        = 9.671406557e+24
TIME= 0.0001258269164 RHO*e       = 9.595727038e+51
TIME= 0.0001258269164 RHO*E       = 1.000223318e+52

[STEP 38] Coarse TimeStep time: 1.394363273
[STEP 38] FAB kilobyte spread across MPI nodes: [12927866 ... 12927866]

STEP = 38 TIME = 0.0001258269164 DT = 3.168234082e-06

Castro::estTimeStep (hydro-limited) at level 0:  estdt = 3.165271212e-06
[Level 0 step 39] ADVANCE with dt = 3.165271212e-06
[Level 0 step 39] Advanced 7077888 cells

TIME= 0.0001289921876 MASS        = 1e+31
TIME= 0.0001289921876 XMOM        = -3.400103868e+24
TIME= 0.0001289921876 YMOM        = -2.493409503e+24
TIME= 0.0001289921876 ZMOM        = 3.324546004e+24
TIME= 0.0001289921876 RHO*e       = 9.583478418e+51
TIME= 0.0001289921876 RHO*E       = 1.000223318e+52

[STEP 39] Coarse TimeStep time: 1.391428099
[STEP 39] FAB kilobyte spread across MPI nodes: [12927866 ... 12927866]

STEP = 39 TIME = 0.0001289921876 DT = 3.165271212e-06

Castro::estTimeStep (hydro-limited) at level 0:  estdt = 3.162440812e-06
[Level 0 step 40] ADVANCE with dt = 3.162440812e-06
[Level 0 step 40] Advanced 7077888 cells

TIME= 0.0001321546284 MASS        = 1e+31
TIME= 0.0001321546284 XMOM        = 2.64452523e+24
TIME= 0.0001321546284 YMOM        = 1.813388729e+24
TIME= 0.0001321546284 ZMOM        = 0
TIME= 0.0001321546284 RHO*e       = 9.571235069e+51
TIME= 0.0001321546284 RHO*E       = 1.000223318e+52

[STEP 40] Coarse TimeStep time: 1.38899803
[STEP 40] FAB kilobyte spread across MPI nodes: [12927866 ... 12927866]

STEP = 40 TIME = 0.0001321546284 DT = 3.162440812e-06

Castro::estTimeStep (hydro-limited) at level 0:  estdt = 3.159727474e-06
[Level 0 step 41] ADVANCE with dt = 3.159727474e-06
[Level 0 step 41] Advanced 7077888 cells

TIME= 0.0001353143559 MASS        = 1e+31
TIME= 0.0001353143559 XMOM        = -3.777893186e+24
TIME= 0.0001353143559 YMOM        = -8.31136501e+23
TIME= 0.0001353143559 ZMOM        = -3.929008914e+24
TIME= 0.0001353143559 RHO*e       = 9.558999657e+51
TIME= 0.0001353143559 RHO*E       = 1.000223318e+52

[STEP 41] Coarse TimeStep time: 1.395892735
[STEP 41] FAB kilobyte spread across MPI nodes: [12927866 ... 12927866]

STEP = 41 TIME = 0.0001353143559 DT = 3.159727474e-06

Castro::estTimeStep (hydro-limited) at level 0:  estdt = 3.157119609e-06
[Level 0 step 42] ADVANCE with dt = 3.157119609e-06
[Level 0 step 42] Advanced 7077888 cells

TIME= 0.0001384714755 MASS        = 1e+31
TIME= 0.0001384714755 XMOM        = -3.777893186e+23
TIME= 0.0001384714755 YMOM        = 3.551219595e+24
TIME= 0.0001384714755 ZMOM        = -2.085397039e+25
TIME= 0.0001384714755 RHO*e       = 9.546774413e+51
TIME= 0.0001384714755 RHO*E       = 1.000223318e+52

[STEP 42] Coarse TimeStep time: 1.399966466
[STEP 42] FAB kilobyte spread across MPI nodes: [12927866 ... 12927866]

STEP = 42 TIME = 0.0001384714755 DT = 3.157119609e-06

Castro::estTimeStep (hydro-limited) at level 0:  estdt = 3.154608573e-06
[Level 0 step 43] ADVANCE with dt = 3.154608573e-06
[Level 0 step 43] Advanced 7077888 cells

TIME= 0.0001416260841 MASS        = 1e+31
TIME= 0.0001416260841 XMOM        = 1.888946593e+24
TIME= 0.0001416260841 YMOM        = 7.555786373e+23
TIME= 0.0001416260841 ZMOM        = -1.118256383e+25
TIME= 0.0001416260841 RHO*e       = 9.534561384e+51
TIME= 0.0001416260841 RHO*E       = 1.000223318e+52

[STEP 43] Coarse TimeStep time: 1.397560894
[STEP 43] FAB kilobyte spread across MPI nodes: [12927866 ... 12927866]

STEP = 43 TIME = 0.0001416260841 DT = 3.154608573e-06

Castro::estTimeStep (hydro-limited) at level 0:  estdt = 3.152189586e-06
[Level 0 step 44] ADVANCE with dt = 3.152189586e-06
[Level 0 step 44] Advanced 7077888 cells

TIME= 0.0001447782736 MASS        = 1e+31
TIME= 0.0001447782736 XMOM        = 1.662273002e+24
TIME= 0.0001447782736 YMOM        = 1.360041547e+24
TIME= 0.0001447782736 ZMOM        = 0
TIME= 0.0001447782736 RHO*e       = 9.522362565e+51
TIME= 0.0001447782736 RHO*E       = 1.000223318e+52

[STEP 44] Coarse TimeStep time: 1.399400079
[STEP 44] FAB kilobyte spread across MPI nodes: [12927866 ... 12927866]

STEP = 44 TIME = 0.0001447782736 DT = 3.152189586e-06

Castro::estTimeStep (hydro-limited) at level 0:  estdt = 3.14986044e-06
[Level 0 step 45] ADVANCE with dt = 3.14986044e-06
[Level 0 step 45] Advanced 7077888 cells

TIME= 0.0001479281341 MASS        = 1e+31
TIME= 0.0001479281341 XMOM        = -2.115620184e+24
TIME= 0.0001479281341 YMOM        = -1.057810092e+24
TIME= 0.0001479281341 ZMOM        = -2.659636803e+25
TIME= 0.0001479281341 RHO*e       = 9.510180147e+51
TIME= 0.0001479281341 RHO*E       = 1.000223318e+52

[STEP 45] Coarse TimeStep time: 1.397207207
[STEP 45] FAB kilobyte spread across MPI nodes: [12927866 ... 12927866]

STEP = 45 TIME = 0.0001479281341 DT = 3.14986044e-06

Castro::estTimeStep (hydro-limited) at level 0:  estdt = 3.147619027e-06
[Level 0 step 46] ADVANCE with dt = 3.147619027e-06
[Level 0 step 46] Advanced 7077888 cells

TIME= 0.0001510757531 MASS        = 1e+31
TIME= 0.0001510757531 XMOM        = -6.044629098e+24
TIME= 0.0001510757531 YMOM        = -2.417851639e+24
TIME= 0.0001510757531 ZMOM        = -3.022314549e+25
TIME= 0.0001510757531 RHO*e       = 9.498016195e+51
TIME= 0.0001510757531 RHO*E       = 1.000223318e+52

[STEP 46] Coarse TimeStep time: 1.398167669
[STEP 46] FAB kilobyte spread across MPI nodes: [12927866 ... 12927866]

STEP = 46 TIME = 0.0001510757531 DT = 3.147619027e-06

Castro::estTimeStep (hydro-limited) at level 0:  estdt = 3.145463608e-06
[Level 0 step 47] ADVANCE with dt = 3.145463608e-06
[Level 0 step 47] Advanced 7077888 cells

TIME= 0.0001542212167 MASS        = 1e+31
TIME= 0.0001542212167 XMOM        = 1.511157275e+23
TIME= 0.0001542212167 YMOM        = 1.314706829e+25
TIME= 0.0001542212167 ZMOM        = -9.671406557e+24
TIME= 0.0001542212167 RHO*e       = 9.485873197e+51
TIME= 0.0001542212167 RHO*E       = 1.000223318e+52

[STEP 47] Coarse TimeStep time: 1.402845155
[STEP 47] FAB kilobyte spread across MPI nodes: [12927866 ... 12927866]

STEP = 47 TIME = 0.0001542212167 DT = 3.145463608e-06

Castro::estTimeStep (hydro-limited) at level 0:  estdt = 3.14339346e-06
[Level 0 step 48] ADVANCE with dt = 3.14339346e-06
[Level 0 step 48] Advanced 7077888 cells

TIME= 0.0001573646102 MASS        = 1e+31
TIME= 0.0001573646102 XMOM        = 3.929008914e+24
TIME= 0.0001573646102 YMOM        = 1.118256383e+25
TIME= 0.0001573646102 ZMOM        = -1.87383502e+25
TIME= 0.0001573646102 RHO*e       = 9.473752693e+51
TIME= 0.0001573646102 RHO*E       = 1.000223318e+52

[STEP 48] Coarse TimeStep time: 1.407395967
[STEP 48] FAB kilobyte spread across MPI nodes: [12927866 ... 12927866]

STEP = 48 TIME = 0.0001573646102 DT = 3.14339346e-06

Castro::estTimeStep (hydro-limited) at level 0:  estdt = 3.141408045e-06
[Level 0 step 49] ADVANCE with dt = 3.141408045e-06
[Level 0 step 49] Advanced 7077888 cells

TIME= 0.0001605060182 MASS        = 1e+31
TIME= 0.0001605060182 XMOM        = 2.568967367e+24
TIME= 0.0001605060182 YMOM        = -3.929008914e+24
TIME= 0.0001605060182 ZMOM        = -1.87383502e+25
TIME= 0.0001605060182 RHO*e       = 9.461656324e+51
TIME= 0.0001605060182 RHO*E       = 1.000223318e+52

[STEP 49] Coarse TimeStep time: 1.41122792
[STEP 49] FAB kilobyte spread across MPI nodes: [12927866 ... 12927866]

STEP = 49 TIME = 0.0001605060182 DT = 3.141408045e-06

Castro::estTimeStep (hydro-limited) at level 0:  estdt = 3.13950621e-06
[Level 0 step 50] ADVANCE with dt = 3.13950621e-06
[Level 0 step 50] Advanced 7077888 cells

TIME= 0.0001636455244 MASS        = 1e+31
TIME= 0.0001636455244 XMOM        = -4.080124641e+24
TIME= 0.0001636455244 YMOM        = 4.080124641e+24
TIME= 0.0001636455244 ZMOM        = 1.752942438e+25
TIME= 0.0001636455244 RHO*e       = 9.449586166e+51
TIME= 0.0001636455244 RHO*E       = 1.000223318e+52

[STEP 50] Coarse TimeStep time: 1.393354807
[STEP 50] FAB kilobyte spread across MPI nodes: [12927866 ... 12927866]

STEP = 50 TIME = 0.0001636455244 DT = 3.13950621e-06

Castro::estTimeStep (hydro-limited) at level 0:  estdt = 3.137686795e-06
[Level 0 step 51] ADVANCE with dt = 3.137686795e-06
[Level 0 step 51] Advanced 7077888 cells

TIME= 0.0001667832112 MASS        = 1e+31
TIME= 0.0001667832112 XMOM        = -1.964504457e+24
TIME= 0.0001667832112 YMOM        = -9.520290829e+24
TIME= 0.0001667832112 ZMOM        = -4.352132951e+25
TIME= 0.0001667832112 RHO*e       = 9.437544021e+51
TIME= 0.0001667832112 RHO*E       = 1.000223318e+52

[STEP 51] Coarse TimeStep time: 1.40820134
[STEP 51] FAB kilobyte spread across MPI nodes: [12927866 ... 12927866]

STEP = 51 TIME = 0.0001667832112 DT = 3.137686795e-06

Castro::estTimeStep (hydro-limited) at level 0:  estdt = 3.135948693e-06
[Level 0 step 52] ADVANCE with dt = 3.135948693e-06
[Level 0 step 52] Advanced 7077888 cells

TIME= 0.0001699191599 MASS        = 1e+31
TIME= 0.0001699191599 XMOM        = -2.417851639e+24
TIME= 0.0001699191599 YMOM        = 3.929008914e+24
TIME= 0.0001699191599 ZMOM        = -2.417851639e+24
TIME= 0.0001699191599 RHO*e       = 9.425531524e+51
TIME= 0.0001699191599 RHO*E       = 1.000223318e+52

[STEP 52] Coarse TimeStep time: 1.403332927
[STEP 52] FAB kilobyte spread across MPI nodes: [12927866 ... 12927866]

STEP = 52 TIME = 0.0001699191599 DT = 3.135948693e-06

Castro::estTimeStep (hydro-limited) at level 0:  estdt = 3.134290632e-06
[Level 0 step 53] ADVANCE with dt = 3.134290632e-06
[Level 0 step 53] Advanced 7077888 cells

TIME= 0.0001730534506 MASS        = 1e+31
TIME= 0.0001730534506 XMOM        = -5.591281916e+24
TIME= 0.0001730534506 YMOM        = -4.684587551e+24
TIME= 0.0001730534506 ZMOM        = 5.198381024e+25
TIME= 0.0001730534506 RHO*e       = 9.413550168e+51
TIME= 0.0001730534506 RHO*E       = 1.000223318e+52

[STEP 53] Coarse TimeStep time: 1.396493253
[STEP 53] FAB kilobyte spread across MPI nodes: [12927866 ... 12927866]

STEP = 53 TIME = 0.0001730534506 DT = 3.134290632e-06

Castro::estTimeStep (hydro-limited) at level 0:  estdt = 3.132711661e-06
[Level 0 step 54] ADVANCE with dt = 3.132711661e-06
[Level 0 step 54] Advanced 7077888 cells

TIME= 0.0001761861622 MASS        = 1e+31
TIME= 0.0001761861622 XMOM        = -7.7069021e+24
TIME= 0.0001761861622 YMOM        = 5.893513371e+24
TIME= 0.0001761861622 ZMOM        = -3.203653422e+25
TIME= 0.0001761861622 RHO*e       = 9.401601573e+51
TIME= 0.0001761861622 RHO*E       = 1.000223318e+52

[STEP 54] Coarse TimeStep time: 1.404140864
[STEP 54] FAB kilobyte spread across MPI nodes: [12927866 ... 12927866]

STEP = 54 TIME = 0.0001761861622 DT = 3.132711661e-06

Castro::estTimeStep (hydro-limited) at level 0:  estdt = 3.13121089e-06
[Level 0 step 55] ADVANCE with dt = 3.13121089e-06
[Level 0 step 55] Advanced 7077888 cells

TIME= 0.0001793173731 MASS        = 1e+31
TIME= 0.0001793173731 XMOM        = 1.813388729e+24
TIME= 0.0001793173731 YMOM        = -6.044629098e+23
TIME= 0.0001793173731 ZMOM        = 5.681951352e+25
TIME= 0.0001793173731 RHO*e       = 9.3896871e+51
TIME= 0.0001793173731 RHO*E       = 1.000223318e+52

[STEP 55] Coarse TimeStep time: 1.413561359
[STEP 55] FAB kilobyte spread across MPI nodes: [12927866 ... 12927866]

STEP = 55 TIME = 0.0001793173731 DT = 3.13121089e-06

Castro::estTimeStep (hydro-limited) at level 0:  estdt = 3.129786959e-06
[Level 0 step 56] ADVANCE with dt = 3.129786959e-06
[Level 0 step 56] Advanced 7077888 cells

TIME= 0.0001824471601 MASS        = 1e+31
TIME= 0.0001824471601 XMOM        = 1.662273002e+24
TIME= 0.0001824471601 YMOM        = 7.404670645e+24
TIME= 0.0001824471601 ZMOM        = -6.528199426e+25
TIME= 0.0001824471601 RHO*e       = 9.377808392e+51
TIME= 0.0001824471601 RHO*E       = 1.000223318e+52

[STEP 56] Coarse TimeStep time: 1.397750942
[STEP 56] FAB kilobyte spread across MPI nodes: [12927866 ... 12927866]

STEP = 56 TIME = 0.0001824471601 DT = 3.129786959e-06

Castro::estTimeStep (hydro-limited) at level 0:  estdt = 3.128437361e-06
[Level 0 step 57] ADVANCE with dt = 3.128437361e-06
[Level 0 step 57] Advanced 7077888 cells

TIME= 0.0001855755974 MASS        = 1e+31
TIME= 0.0001855755974 XMOM        = 5.289050461e+24
TIME= 0.0001855755974 YMOM        = 5.137934733e+24
TIME= 0.0001855755974 ZMOM        = 2.055173893e+25
TIME= 0.0001855755974 RHO*e       = 9.365966898e+51
TIME= 0.0001855755974 RHO*E       = 1.000223318e+52

[STEP 57] Coarse TimeStep time: 1.410483251
[STEP 57] FAB kilobyte spread across MPI nodes: [12927866 ... 12927866]

STEP = 57 TIME = 0.0001855755974 DT = 3.128437361e-06

Castro::estTimeStep (hydro-limited) at level 0:  estdt = 3.127159952e-06
[Level 0 step 58] ADVANCE with dt = 3.127159952e-06
[Level 0 step 58] Advanced 7077888 cells

TIME= 0.0001887027574 MASS        = 1e+31
TIME= 0.0001887027574 XMOM        = -8.31136501e+24
TIME= 0.0001887027574 YMOM        = -4.080124641e+24
TIME= 0.0001887027574 ZMOM        = 0
TIME= 0.0001887027574 RHO*e       = 9.354164027e+51
TIME= 0.0001887027574 RHO*E       = 1.000223318e+52

[STEP 58] Coarse TimeStep time: 1.405358012
[STEP 58] FAB kilobyte spread across MPI nodes: [12927866 ... 12927866]

STEP = 58 TIME = 0.0001887027574 DT = 3.127159952e-06

Castro::estTimeStep (hydro-limited) at level 0:  estdt = 3.125948551e-06
[Level 0 step 59] ADVANCE with dt = 3.125948551e-06
[Level 0 step 59] Advanced 7077888 cells

TIME= 0.0001918287059 MASS        = 1e+31
TIME= 0.0001918287059 XMOM        = 1.511157275e+24
TIME= 0.0001918287059 YMOM        = -4.835703278e+24
TIME= 0.0001918287059 ZMOM        = 2.780529385e+25
TIME= 0.0001918287059 RHO*e       = 9.342401331e+51
TIME= 0.0001918287059 RHO*E       = 1.000223318e+52

[STEP 59] Coarse TimeStep time: 1.414813193
[STEP 59] FAB kilobyte spread across MPI nodes: [12927866 ... 12927866]

STEP = 59 TIME = 0.0001918287059 DT = 3.125948551e-06

Castro::estTimeStep (hydro-limited) at level 0:  estdt = 3.12480213e-06
[Level 0 step 60] ADVANCE with dt = 3.12480213e-06
[Level 0 step 60] Advanced 7077888 cells

TIME= 0.0001949535081 MASS        = 1e+31
TIME= 0.0001949535081 XMOM        = -3.173430276e+24
TIME= 0.0001949535081 YMOM        = -1.964504457e+24
TIME= 0.0001949535081 ZMOM        = -1.269372111e+25
TIME= 0.0001949535081 RHO*e       = 9.330680231e+51
TIME= 0.0001949535081 RHO*E       = 1.000223318e+52

[STEP 60] Coarse TimeStep time: 1.408372505
[STEP 60] FAB kilobyte spread across MPI nodes: [12927866 ... 12927866]

STEP = 60 TIME = 0.0001949535081 DT = 3.12480213e-06

Castro::estTimeStep (hydro-limited) at level 0:  estdt = 3.123714656e-06
[Level 0 step 61] ADVANCE with dt = 3.123714656e-06
[Level 0 step 61] Advanced 7077888 cells

TIME= 0.0001980772227 MASS        = 1e+31
TIME= 0.0001980772227 XMOM        = -6.649092008e+24
TIME= 0.0001980772227 YMOM        = -7.555786373e+23
TIME= 0.0001980772227 ZMOM        = 1.632049856e+25
TIME= 0.0001980772227 RHO*e       = 9.319001983e+51
TIME= 0.0001980772227 RHO*E       = 1.000223318e+52

[STEP 61] Coarse TimeStep time: 1.416123723
[STEP 61] FAB kilobyte spread across MPI nodes: [12927866 ... 12927866]

STEP = 61 TIME = 0.0001980772227 DT = 3.123714656e-06

Castro::estTimeStep (hydro-limited) at level 0:  estdt = 3.122541683e-06
[Level 0 step 62] ADVANCE with dt = 3.122541683e-06
[Level 0 step 62] Advanced 7077888 cells

TIME= 0.0002011997644 MASS        = 1e+31
TIME= 0.0002011997644 XMOM        = -2.266735912e+24
TIME= 0.0002011997644 YMOM        = 1.511157275e+23
TIME= 0.0002011997644 ZMOM        = -2.417851639e+24
TIME= 0.0002011997644 RHO*e       = 9.30736833e+51
TIME= 0.0002011997644 RHO*E       = 1.000223318e+52

[STEP 62] Coarse TimeStep time: 1.406105168
[STEP 62] FAB kilobyte spread across MPI nodes: [12927866 ... 12927866]

STEP = 62 TIME = 0.0002011997644 DT = 3.122541683e-06

Castro::estTimeStep (hydro-limited) at level 0:  estdt = 3.121416449e-06
[Level 0 step 63] ADVANCE with dt = 3.121416449e-06
[Level 0 step 63] Advanced 7077888 cells

TIME= 0.0002043211808 MASS        = 1e+31
TIME= 0.0002043211808 XMOM        = 4.080124641e+24
TIME= 0.0002043211808 YMOM        = -4.684587551e+24
TIME= 0.0002043211808 ZMOM        = -1.20892582e+24
TIME= 0.0002043211808 RHO*e       = 9.29578056e+51
TIME= 0.0002043211808 RHO*E       = 1.000223318e+52

[STEP 63] Coarse TimeStep time: 1.423364979
[STEP 63] FAB kilobyte spread across MPI nodes: [12927866 ... 12927866]

STEP = 63 TIME = 0.0002043211808 DT = 3.121416449e-06

Castro::estTimeStep (hydro-limited) at level 0:  estdt = 3.120341164e-06
[Level 0 step 64] ADVANCE with dt = 3.120341164e-06
[Level 0 step 64] Advanced 7077888 cells

TIME= 0.000207441522 MASS        = 1e+31
TIME= 0.000207441522 XMOM        = -3.929008914e+24
TIME= 0.000207441522 YMOM        = -1.964504457e+24
TIME= 0.000207441522 ZMOM        = -1.511157275e+25
TIME= 0.000207441522 RHO*e       = 9.284239918e+51
TIME= 0.000207441522 RHO*E       = 1.000223318e+52

[STEP 64] Coarse TimeStep time: 1.410817171
[STEP 64] FAB kilobyte spread across MPI nodes: [12927866 ... 12927866]

STEP = 64 TIME = 0.000207441522 DT = 3.120341164e-06

Castro::estTimeStep (hydro-limited) at level 0:  estdt = 3.119304153e-06
[Level 0 step 65] ADVANCE with dt = 3.119304153e-06
[Level 0 step 65] Advanced 7077888 cells

TIME= 0.0002105608262 MASS        = 1e+31
TIME= 0.0002105608262 XMOM        = -3.626777459e+24
TIME= 0.0002105608262 YMOM        = 1.813388729e+24
TIME= 0.0002105608262 ZMOM        = -3.143207131e+25
TIME= 0.0002105608262 RHO*e       = 9.272747636e+51
TIME= 0.0002105608262 RHO*E       = 1.000223318e+52

[STEP 65] Coarse TimeStep time: 1.419074458
[STEP 65] FAB kilobyte spread across MPI nodes: [12927866 ... 12927866]

STEP = 65 TIME = 0.0002105608262 DT = 3.119304153e-06

Castro::estTimeStep (hydro-limited) at level 0:  estdt = 3.118327494e-06
[Level 0 step 66] ADVANCE with dt = 3.118327494e-06
[Level 0 step 66] Advanced 7077888 cells

TIME= 0.0002136791537 MASS        = 1e+31
TIME= 0.0002136791537 XMOM        = -4.533471824e+23
TIME= 0.0002136791537 YMOM        = -2.568967367e+24
TIME= 0.0002136791537 ZMOM        = -3.022314549e+25
TIME= 0.0002136791537 RHO*e       = 9.261304974e+51
TIME= 0.0002136791537 RHO*E       = 1.000223318e+52

[STEP 66] Coarse TimeStep time: 1.421564365
[STEP 66] FAB kilobyte spread across MPI nodes: [12927866 ... 12927866]

STEP = 66 TIME = 0.0002136791537 DT = 3.118327494e-06

Castro::estTimeStep (hydro-limited) at level 0:  estdt = 3.117376006e-06
[Level 0 step 67] ADVANCE with dt = 3.117376006e-06
[Level 0 step 67] Advanced 7077888 cells

TIME= 0.0002167965297 MASS        = 1e+31
TIME= 0.0002167965297 XMOM        = 0
TIME= 0.0002167965297 YMOM        = 3.022314549e+23
TIME= 0.0002167965297 ZMOM        = -1.813388729e+25
TIME= 0.0002167965297 RHO*e       = 9.249913417e+51
TIME= 0.0002167965297 RHO*E       = 1.000223318e+52

[STEP 67] Coarse TimeStep time: 1.419820769
[STEP 67] FAB kilobyte spread across MPI nodes: [12927866 ... 12927866]

STEP = 67 TIME = 0.0002167965297 DT = 3.117376006e-06

Castro::estTimeStep (hydro-limited) at level 0:  estdt = 3.116456383e-06
[Level 0 step 68] ADVANCE with dt = 3.116456383e-06
[Level 0 step 68] Advanced 7077888 cells

TIME= 0.000219912986 MASS        = 1e+31
TIME= 0.000219912986 XMOM        = -3.173430276e+24
TIME= 0.000219912986 YMOM        = -2.266735912e+24
TIME= 0.000219912986 ZMOM        = -4.835703278e+24
TIME= 0.000219912986 RHO*e       = 9.238574064e+51
TIME= 0.000219912986 RHO*E       = 1.000223318e+52

[STEP 68] Coarse TimeStep time: 1.424025511
[STEP 68] FAB kilobyte spread across MPI nodes: [12927866 ... 12927866]

STEP = 68 TIME = 0.000219912986 DT = 3.116456383e-06

Castro::estTimeStep (hydro-limited) at level 0:  estdt = 3.115564807e-06
[Level 0 step 69] ADVANCE with dt = 3.115564807e-06
[Level 0 step 69] Advanced 7077888 cells

TIME= 0.0002230285509 MASS        = 1e+31
TIME= 0.0002230285509 XMOM        = -8.31136501e+24
TIME= 0.0002230285509 YMOM        = -2.568967367e+24
TIME= 0.0002230285509 ZMOM        = 4.231240369e+24
TIME= 0.0002230285509 RHO*e       = 9.227287984e+51
TIME= 0.0002230285509 RHO*E       = 1.000223318e+52

[STEP 69] Coarse TimeStep time: 1.433292669
[STEP 69] FAB kilobyte spread across MPI nodes: [12927866 ... 12927866]

STEP = 69 TIME = 0.0002230285509 DT = 3.115564807e-06

Castro::estTimeStep (hydro-limited) at level 0:  estdt = 3.114717503e-06
[Level 0 step 70] ADVANCE with dt = 3.114717503e-06
[Level 0 step 70] Advanced 7077888 cells

TIME= 0.0002261432684 MASS        = 1e+31
TIME= 0.0002261432684 XMOM        = -5.440166188e+24
TIME= 0.0002261432684 YMOM        = -3.626777459e+24
TIME= 0.0002261432684 ZMOM        = 2.296959057e+25
TIME= 0.0002261432684 RHO*e       = 9.216056359e+51
TIME= 0.0002261432684 RHO*E       = 1.000223318e+52

[STEP 70] Coarse TimeStep time: 1.422424757
[STEP 70] FAB kilobyte spread across MPI nodes: [12927866 ... 12927866]

STEP = 70 TIME = 0.0002261432684 DT = 3.114717503e-06

Castro::estTimeStep (hydro-limited) at level 0:  estdt = 3.11394167e-06
[Level 0 step 71] ADVANCE with dt = 3.11394167e-06
[Level 0 step 71] Advanced 7077888 cells

TIME= 0.00022925721 MASS        = 1e+31
TIME= 0.00022925721 XMOM        = -7.858017827e+24
TIME= 0.00022925721 YMOM        = 4.080124641e+24
TIME= 0.00022925721 ZMOM        = -1.632049856e+25
TIME= 0.00022925721 RHO*e       = 9.204880177e+51
TIME= 0.00022925721 RHO*E       = 1.000223318e+52

[STEP 71] Coarse TimeStep time: 1.421745424
[STEP 71] FAB kilobyte spread across MPI nodes: [12927866 ... 12927866]

STEP = 71 TIME = 0.00022925721 DT = 3.11394167e-06

Castro::estTimeStep (hydro-limited) at level 0:  estdt = 3.113236637e-06
[Level 0 step 72] ADVANCE with dt = 3.113236637e-06
[Level 0 step 72] Advanced 7077888 cells

TIME= 0.0002323704467 MASS        = 1e+31
TIME= 0.0002323704467 XMOM        = -1.662273002e+24
TIME= 0.0002323704467 YMOM        = -6.800207735e+24
TIME= 0.0002323704467 ZMOM        = 3.929008914e+25
TIME= 0.0002323704467 RHO*e       = 9.193760543e+51
TIME= 0.0002323704467 RHO*E       = 1.000223318e+52

[STEP 72] Coarse TimeStep time: 1.412498653
[STEP 72] FAB kilobyte spread across MPI nodes: [12927866 ... 12927866]

STEP = 72 TIME = 0.0002323704467 DT = 3.113236637e-06

Castro::estTimeStep (hydro-limited) at level 0:  estdt = 3.112605223e-06
[Level 0 step 73] ADVANCE with dt = 3.112605223e-06
[Level 0 step 73] Advanced 7077888 cells

TIME= 0.0002354830519 MASS        = 1e+31
TIME= 0.0002354830519 XMOM        = -1.057810092e+24
TIME= 0.0002354830519 YMOM        = -7.10243919e+24
TIME= 0.0002354830519 ZMOM        = 4.835703278e+24
TIME= 0.0002354830519 RHO*e       = 9.182698466e+51
TIME= 0.0002354830519 RHO*E       = 1.000223318e+52

[STEP 73] Coarse TimeStep time: 1.427667738
[STEP 73] FAB kilobyte spread across MPI nodes: [12927866 ... 12927866]

STEP = 73 TIME = 0.0002354830519 DT = 3.112605223e-06

Castro::estTimeStep (hydro-limited) at level 0:  estdt = 3.112041297e-06
[Level 0 step 74] ADVANCE with dt = 3.112041297e-06
[Level 0 step 74] Advanced 7077888 cells

TIME= 0.0002385950932 MASS        = 1e+31
TIME= 0.0002385950932 XMOM        = 3.929008914e+24
TIME= 0.0002385950932 YMOM        = 4.684587551e+24
TIME= 0.0002385950932 ZMOM        = -1.752942438e+25
TIME= 0.0002385950932 RHO*e       = 9.171694946e+51
TIME= 0.0002385950932 RHO*E       = 1.000223318e+52

[STEP 74] Coarse TimeStep time: 1.422228921
[STEP 74] FAB kilobyte spread across MPI nodes: [12927866 ... 12927866]

STEP = 74 TIME = 0.0002385950932 DT = 3.112041297e-06

Castro::estTimeStep (hydro-limited) at level 0:  estdt = 3.111563452e-06
[Level 0 step 75] ADVANCE with dt = 3.111563452e-06
[Level 0 step 75] Advanced 7077888 cells

TIME= 0.0002417066566 MASS        = 1e+31
TIME= 0.0002417066566 XMOM        = -7.10243919e+24
TIME= 0.0002417066566 YMOM        = -7.555786373e+23
TIME= 0.0002417066566 ZMOM        = -4.835703278e+25
TIME= 0.0002417066566 RHO*e       = 9.16075094e+51
TIME= 0.0002417066566 RHO*E       = 1.000223318e+52

[STEP 75] Coarse TimeStep time: 1.430855715
[STEP 75] FAB kilobyte spread across MPI nodes: [12927866 ... 12927866]

STEP = 75 TIME = 0.0002417066566 DT = 3.111563452e-06

Castro::estTimeStep (hydro-limited) at level 0:  estdt = 3.111156185e-06
[Level 0 step 76] ADVANCE with dt = 3.111156185e-06
[Level 0 step 76] Advanced 7077888 cells

TIME= 0.0002448178128 MASS        = 1e+31
TIME= 0.0002448178128 XMOM        = 1.511157275e+24
TIME= 0.0002448178128 YMOM        = -9.066943647e+23
TIME= 0.0002448178128 ZMOM        = 2.055173893e+25
TIME= 0.0002448178128 RHO*e       = 9.149867435e+51
TIME= 0.0002448178128 RHO*E       = 1.000223318e+52

[STEP 76] Coarse TimeStep time: 1.433490727
[STEP 76] FAB kilobyte spread across MPI nodes: [12927866 ... 12927866]

STEP = 76 TIME = 0.0002448178128 DT = 3.111156185e-06

Castro::estTimeStep (hydro-limited) at level 0:  estdt = 3.110812623e-06
[Level 0 step 77] ADVANCE with dt = 3.110812623e-06
[Level 0 step 77] Advanced 7077888 cells

TIME= 0.0002479286254 MASS        = 1e+31
TIME= 0.0002479286254 XMOM        = -7.7069021e+24
TIME= 0.0002479286254 YMOM        = 5.289050461e+24
TIME= 0.0002479286254 ZMOM        = 6.044629098e+25
TIME= 0.0002479286254 RHO*e       = 9.139045509e+51
TIME= 0.0002479286254 RHO*E       = 1.000223318e+52

[STEP 77] Coarse TimeStep time: 1.423094928
[STEP 77] FAB kilobyte spread across MPI nodes: [12927866 ... 12927866]

STEP = 77 TIME = 0.0002479286254 DT = 3.110812623e-06

Castro::estTimeStep (hydro-limited) at level 0:  estdt = 3.110527498e-06
[Level 0 step 78] ADVANCE with dt = 3.110527498e-06
[Level 0 step 78] Advanced 7077888 cells

TIME= 0.0002510391529 MASS        = 1e+31
TIME= 0.0002510391529 XMOM        = -6.044629098e+24
TIME= 0.0002510391529 YMOM        = 7.555786373e+23
TIME= 0.0002510391529 ZMOM        = 8.462480737e+24
TIME= 0.0002510391529 RHO*e       = 9.128285914e+51
TIME= 0.0002510391529 RHO*E       = 1.000223318e+52

[STEP 78] Coarse TimeStep time: 1.426226938
[STEP 78] FAB kilobyte spread across MPI nodes: [12927866 ... 12927866]

STEP = 78 TIME = 0.0002510391529 DT = 3.110527498e-06

Castro::estTimeStep (hydro-limited) at level 0:  estdt = 3.11029074e-06
[Level 0 step 79] ADVANCE with dt = 3.11029074e-06
[Level 0 step 79] Advanced 7077888 cells

TIME= 0.0002541494437 MASS        = 1e+31
TIME= 0.0002541494437 XMOM        = 3.173430276e+24
TIME= 0.0002541494437 YMOM        = -4.986819006e+24
TIME= 0.0002541494437 ZMOM        = 1.632049856e+25
TIME= 0.0002541494437 RHO*e       = 9.117589637e+51
TIME= 0.0002541494437 RHO*E       = 1.000223318e+52

[STEP 79] Coarse TimeStep time: 1.433867118
[STEP 79] FAB kilobyte spread across MPI nodes: [12927866 ... 12927866]

STEP = 79 TIME = 0.0002541494437 DT = 3.11029074e-06

Castro::estTimeStep (hydro-limited) at level 0:  estdt = 3.110093006e-06
[Level 0 step 80] ADVANCE with dt = 3.110093006e-06
[Level 0 step 80] Advanced 7077888 cells

TIME= 0.0002572595367 MASS        = 1e+31
TIME= 0.0002572595367 XMOM        = 6.044629098e+24
TIME= 0.0002572595367 YMOM        = 2.871198822e+24
TIME= 0.0002572595367 ZMOM        = 5.56105877e+25
TIME= 0.0002572595367 RHO*e       = 9.106957794e+51
TIME= 0.0002572595367 RHO*E       = 1.000223318e+52

[STEP 80] Coarse TimeStep time: 1.42872851
[STEP 80] FAB kilobyte spread across MPI nodes: [12927866 ... 12927866]

STEP = 80 TIME = 0.0002572595367 DT = 3.110093006e-06

Castro::estTimeStep (hydro-limited) at level 0:  estdt = 3.109927745e-06
[Level 0 step 81] ADVANCE with dt = 3.109927745e-06
[Level 0 step 81] Advanced 7077888 cells

TIME= 0.0002603694644 MASS        = 1e+31
TIME= 0.0002603694644 XMOM        = -2.115620184e+24
TIME= 0.0002603694644 YMOM        = 4.080124641e+24
TIME= 0.0002603694644 ZMOM        = 3.68722375e+25
TIME= 0.0002603694644 RHO*e       = 9.096391507e+51
TIME= 0.0002603694644 RHO*E       = 1.000223318e+52

[STEP 81] Coarse TimeStep time: 1.434443538
[STEP 81] FAB kilobyte spread across MPI nodes: [12927866 ... 12927866]

STEP = 81 TIME = 0.0002603694644 DT = 3.109927745e-06

Castro::estTimeStep (hydro-limited) at level 0:  estdt = 3.10978149e-06
[Level 0 step 82] ADVANCE with dt = 3.10978149e-06
[Level 0 step 82] Advanced 7077888 cells

TIME= 0.0002634792459 MASS        = 1e+31
TIME= 0.0002634792459 XMOM        = 3.022314549e+24
TIME= 0.0002634792459 YMOM        = 7.858017827e+24
TIME= 0.0002634792459 ZMOM        = 5.137934733e+25
TIME= 0.0002634792459 RHO*e       = 9.085891744e+51
TIME= 0.0002634792459 RHO*E       = 1.000223318e+52

[STEP 82] Coarse TimeStep time: 1.432842108
[STEP 82] FAB kilobyte spread across MPI nodes: [12927866 ... 12927866]

STEP = 82 TIME = 0.0002634792459 DT = 3.10978149e-06

Castro::estTimeStep (hydro-limited) at level 0:  estdt = 3.109651828e-06
[Level 0 step 83] ADVANCE with dt = 3.109651828e-06
[Level 0 step 83] Advanced 7077888 cells

TIME= 0.0002665888978 MASS        = 1e+31
TIME= 0.0002665888978 XMOM        = -1.813388729e+24
TIME= 0.0002665888978 YMOM        = -5.289050461e+24
TIME= 0.0002665888978 ZMOM        = -3.808116332e+25
TIME= 0.0002665888978 RHO*e       = 9.075459604e+51
TIME= 0.0002665888978 RHO*E       = 1.000223318e+52

[STEP 83] Coarse TimeStep time: 1.442744725
[STEP 83] FAB kilobyte spread across MPI nodes: [12927866 ... 12927866]

STEP = 83 TIME = 0.0002665888978 DT = 3.109651828e-06

Castro::estTimeStep (hydro-limited) at level 0:  estdt = 3.109528555e-06
[Level 0 step 84] ADVANCE with dt = 3.109528555e-06
[Level 0 step 84] Advanced 7077888 cells

TIME= 0.0002696984263 MASS        = 1e+31
TIME= 0.0002696984263 XMOM        = -8.91582792e+24
TIME= 0.0002696984263 YMOM        = 2.720083094e+24
TIME= 0.0002696984263 ZMOM        = -3.143207131e+25
TIME= 0.0002696984263 RHO*e       = 9.065096333e+51
TIME= 0.0002696984263 RHO*E       = 1.000223318e+52

[STEP 84] Coarse TimeStep time: 1.428511835
[STEP 84] FAB kilobyte spread across MPI nodes: [12927866 ... 12927866]

STEP = 84 TIME = 0.0002696984263 DT = 3.109528555e-06

Castro::estTimeStep (hydro-limited) at level 0:  estdt = 3.109412436e-06
[Level 0 step 85] ADVANCE with dt = 3.109412436e-06
[Level 0 step 85] Advanced 7077888 cells

TIME= 0.0002728078387 MASS        = 1e+31
TIME= 0.0002728078387 XMOM        = 3.324546004e+24
TIME= 0.0002728078387 YMOM        = -2.115620184e+24
TIME= 0.0002728078387 ZMOM        = 4.835703278e+24
TIME= 0.0002728078387 RHO*e       = 9.054803045e+51
TIME= 0.0002728078387 RHO*E       = 1.000223318e+52

[STEP 85] Coarse TimeStep time: 1.438392693
[STEP 85] FAB kilobyte spread across MPI nodes: [12927866 ... 12927866]

STEP = 85 TIME = 0.0002728078387 DT = 3.109412436e-06

Castro::estTimeStep (hydro-limited) at level 0:  estdt = 3.109310143e-06
[Level 0 step 86] ADVANCE with dt = 3.109310143e-06
[Level 0 step 86] Advanced 7077888 cells

TIME= 0.0002759171489 MASS        = 1e+31
TIME= 0.0002759171489 XMOM        = -4.533471824e+24
TIME= 0.0002759171489 YMOM        = -1.20892582e+24
TIME= 0.0002759171489 ZMOM        = 1.450710984e+25
TIME= 0.0002759171489 RHO*e       = 9.044580589e+51
TIME= 0.0002759171489 RHO*E       = 1.000223318e+52

[STEP 86] Coarse TimeStep time: 1.436279966
[STEP 86] FAB kilobyte spread across MPI nodes: [12927866 ... 12927866]

STEP = 86 TIME = 0.0002759171489 DT = 3.109310143e-06

Castro::estTimeStep (hydro-limited) at level 0:  estdt = 3.109230924e-06
[Level 0 step 87] ADVANCE with dt = 3.109230924e-06
[Level 0 step 87] Advanced 7077888 cells

TIME= 0.0002790263798 MASS        = 1e+31
TIME= 0.0002790263798 XMOM        = 3.022314549e+23
TIME= 0.0002790263798 YMOM        = -6.044629098e+23
TIME= 0.0002790263798 ZMOM        = -4.835703278e+25
TIME= 0.0002790263798 RHO*e       = 9.034430082e+51
TIME= 0.0002790263798 RHO*E       = 1.000223318e+52

[STEP 87] Coarse TimeStep time: 1.434770723
[STEP 87] FAB kilobyte spread across MPI nodes: [12927866 ... 12927866]

STEP = 87 TIME = 0.0002790263798 DT = 3.109230924e-06

Castro::estTimeStep (hydro-limited) at level 0:  estdt = 3.109188316e-06
[Level 0 step 88] ADVANCE with dt = 3.109188316e-06
[Level 0 step 88] Advanced 7077888 cells

TIME= 0.0002821355681 MASS        = 1e+31
TIME= 0.0002821355681 XMOM        = 9.066943647e+23
TIME= 0.0002821355681 YMOM        = -3.324546004e+24
TIME= 0.0002821355681 ZMOM        = -1.027586947e+25
TIME= 0.0002821355681 RHO*e       = 9.024352302e+51
TIME= 0.0002821355681 RHO*E       = 1.000223318e+52

[STEP 88] Coarse TimeStep time: 1.438178899
[STEP 88] FAB kilobyte spread across MPI nodes: [12927866 ... 12927866]

STEP = 88 TIME = 0.0002821355681 DT = 3.109188316e-06

Castro::estTimeStep (hydro-limited) at level 0:  estdt = 3.109189095e-06
[Level 0 step 89] ADVANCE with dt = 3.109189095e-06
[Level 0 step 89] Advanced 7077888 cells

TIME= 0.0002852447572 MASS        = 1e+31
TIME= 0.0002852447572 XMOM        = -4.533471824e+23
TIME= 0.0002852447572 YMOM        = -9.066943647e+23
TIME= 0.0002852447572 ZMOM        = -2.840975676e+25
TIME= 0.0002852447572 RHO*e       = 9.014348033e+51
TIME= 0.0002852447572 RHO*E       = 1.000223318e+52

[STEP 89] Coarse TimeStep time: 1.436624781
[STEP 89] FAB kilobyte spread across MPI nodes: [12927866 ... 12927866]

STEP = 89 TIME = 0.0002852447572 DT = 3.109189095e-06

Castro::estTimeStep (hydro-limited) at level 0:  estdt = 3.109237221e-06
[Level 0 step 90] ADVANCE with dt = 3.109237221e-06
[Level 0 step 90] Advanced 7077888 cells

TIME= 0.0002883539944 MASS        = 1e+31
TIME= 0.0002883539944 XMOM        = -2.720083094e+24
TIME= 0.0002883539944 YMOM        = -4.684587551e+24
TIME= 0.0002883539944 ZMOM        = 9.066943647e+24
TIME= 0.0002883539944 RHO*e       = 9.004418298e+51
TIME= 0.0002883539944 RHO*E       = 1.000223318e+52

[STEP 90] Coarse TimeStep time: 1.439375851
[STEP 90] FAB kilobyte spread across MPI nodes: [12927866 ... 12927866]

STEP = 90 TIME = 0.0002883539944 DT = 3.109237221e-06

Castro::estTimeStep (hydro-limited) at level 0:  estdt = 3.10933557e-06
[Level 0 step 91] ADVANCE with dt = 3.10933557e-06
[Level 0 step 91] Advanced 7077888 cells

TIME= 0.00029146333 MASS        = 1e+31
TIME= 0.00029146333 XMOM        = -4.382356096e+24
TIME= 0.00029146333 YMOM        = 1.360041547e+24
TIME= 0.00029146333 ZMOM        = -7.737125246e+25
TIME= 0.00029146333 RHO*e       = 8.994563909e+51
TIME= 0.00029146333 RHO*E       = 1.000223318e+52

[STEP 91] Coarse TimeStep time: 1.444725913
[STEP 91] FAB kilobyte spread across MPI nodes: [12927866 ... 12927866]

STEP = 91 TIME = 0.00029146333 DT = 3.10933557e-06

Castro::estTimeStep (hydro-limited) at level 0:  estdt = 3.109483362e-06
[Level 0 step 92] ADVANCE with dt = 3.109483362e-06
[Level 0 step 92] Advanced 7077888 cells

TIME= 0.0002945728134 MASS        = 1e+31
TIME= 0.0002945728134 XMOM        = -4.382356096e+24
TIME= 0.0002945728134 YMOM        = -4.231240369e+24
TIME= 0.0002945728134 ZMOM        = -1.088033238e+25
TIME= 0.0002945728134 RHO*e       = 8.984785839e+51
TIME= 0.0002945728134 RHO*E       = 1.000223318e+52

[STEP 92] Coarse TimeStep time: 1.442444291
[STEP 92] FAB kilobyte spread across MPI nodes: [12927866 ... 12927866]

STEP = 92 TIME = 0.0002945728134 DT = 3.109483362e-06

Castro::estTimeStep (hydro-limited) at level 0:  estdt = 3.109678532e-06
[Level 0 step 93] ADVANCE with dt = 3.109678532e-06
[Level 0 step 93] Advanced 7077888 cells

TIME= 0.0002976824919 MASS        = 1e+31
TIME= 0.0002976824919 XMOM        = -1.20892582e+25
TIME= 0.0002976824919 YMOM        = -8.462480737e+24
TIME= 0.0002976824919 ZMOM        = 2.055173893e+25
TIME= 0.0002976824919 RHO*e       = 8.9750849e+51
TIME= 0.0002976824919 RHO*E       = 1.000223318e+52

[STEP 93] Coarse TimeStep time: 1.448333984
[STEP 93] FAB kilobyte spread across MPI nodes: [12927866 ... 12927866]

STEP = 93 TIME = 0.0002976824919 DT = 3.109678532e-06

Castro::estTimeStep (hydro-limited) at level 0:  estdt = 3.109918127e-06
[Level 0 step 94] ADVANCE with dt = 3.109918127e-06
[Level 0 step 94] Advanced 7077888 cells

TIME= 0.00030079241 MASS        = 1e+31
TIME= 0.00030079241 XMOM        = 3.777893186e+24
TIME= 0.00030079241 YMOM        = 1.511157275e+23
TIME= 0.00030079241 ZMOM        = 2.417851639e+25
TIME= 0.00030079241 RHO*e       = 8.965461968e+51
TIME= 0.00030079241 RHO*E       = 1.000223318e+52

[STEP 94] Coarse TimeStep time: 1.454865844
[STEP 94] FAB kilobyte spread across MPI nodes: [12927866 ... 12927866]

STEP = 94 TIME = 0.00030079241 DT = 3.109918127e-06

Castro::estTimeStep (hydro-limited) at level 0:  estdt = 3.110198211e-06
[Level 0 step 95] ADVANCE with dt = 3.110198211e-06
[Level 0 step 95] Advanced 7077888 cells

TIME= 0.0003039026082 MASS        = 1e+31
TIME= 0.0003039026082 XMOM        = 5.440166188e+24
TIME= 0.0003039026082 YMOM        = 3.324546004e+24
TIME= 0.0003039026082 ZMOM        = -3.505884877e+25
TIME= 0.0003039026082 RHO*e       = 8.955917829e+51
TIME= 0.0003039026082 RHO*E       = 1.000223318e+52

[STEP 95] Coarse TimeStep time: 1.449326468
[STEP 95] FAB kilobyte spread across MPI nodes: [12927866 ... 12927866]

STEP = 95 TIME = 0.0003039026082 DT = 3.110198211e-06

Castro::estTimeStep (hydro-limited) at level 0:  estdt = 3.11051652e-06
[Level 0 step 96] ADVANCE with dt = 3.11051652e-06
[Level 0 step 96] Advanced 7077888 cells

TIME= 0.0003070131248 MASS        = 1e+31
TIME= 0.0003070131248 XMOM        = -3.475661731e+24
TIME= 0.0003070131248 YMOM        = 2.568967367e+24
TIME= 0.0003070131248 ZMOM        = -1.813388729e+25
TIME= 0.0003070131248 RHO*e       = 8.946453216e+51
TIME= 0.0003070131248 RHO*E       = 1.000223318e+52

[STEP 96] Coarse TimeStep time: 1.448573013
[STEP 96] FAB kilobyte spread across MPI nodes: [12927866 ... 12927866]

STEP = 96 TIME = 0.0003070131248 DT = 3.11051652e-06

Castro::estTimeStep (hydro-limited) at level 0:  estdt = 3.11087122e-06
[Level 0 step 97] ADVANCE with dt = 3.11087122e-06
[Level 0 step 97] Advanced 7077888 cells

TIME= 0.000310123996 MASS        = 1e+31
TIME= 0.000310123996 XMOM        = 7.555786373e+23
TIME= 0.000310123996 YMOM        = 6.649092008e+24
TIME= 0.000310123996 ZMOM        = -5.077488442e+25
TIME= 0.000310123996 RHO*e       = 8.937069024e+51
TIME= 0.000310123996 RHO*E       = 1.000223318e+52

[STEP 97] Coarse TimeStep time: 1.44368592
[STEP 97] FAB kilobyte spread across MPI nodes: [12927866 ... 12927866]

STEP = 97 TIME = 0.000310123996 DT = 3.11087122e-06

Castro::estTimeStep (hydro-limited) at level 0:  estdt = 3.111260106e-06
[Level 0 step 98] ADVANCE with dt = 3.111260106e-06
[Level 0 step 98] Advanced 7077888 cells

TIME= 0.0003132352561 MASS        = 1e+31
TIME= 0.0003132352561 XMOM        = 3.324546004e+24
TIME= 0.0003132352561 YMOM        = -7.555786373e+24
TIME= 0.0003132352561 ZMOM        = -3.143207131e+25
TIME= 0.0003132352561 RHO*e       = 8.927766015e+51
TIME= 0.0003132352561 RHO*E       = 1.000223318e+52

[STEP 98] Coarse TimeStep time: 1.448711709
[STEP 98] FAB kilobyte spread across MPI nodes: [12927866 ... 12927866]

STEP = 98 TIME = 0.0003132352561 DT = 3.111260106e-06

Castro::estTimeStep (hydro-limited) at level 0:  estdt = 3.111682075e-06
[Level 0 step 99] ADVANCE with dt = 3.111682075e-06
[Level 0 step 99] Advanced 7077888 cells

TIME= 0.0003163469382 MASS        = 1e+31
TIME= 0.0003163469382 XMOM        = 6.044629098e+23
TIME= 0.0003163469382 YMOM        = 3.324546004e+24
TIME= 0.0003163469382 ZMOM        = 9.913191721e+25
TIME= 0.0003163469382 RHO*e       = 8.918544992e+51
TIME= 0.0003163469382 RHO*E       = 1.000223318e+52

[STEP 99] Coarse TimeStep time: 1.45847833
[STEP 99] FAB kilobyte spread across MPI nodes: [12927866 ... 12927866]

STEP = 99 TIME = 0.0003163469382 DT = 3.111682075e-06

Castro::estTimeStep (hydro-limited) at level 0:  estdt = 3.11213826e-06
[Level 0 step 100] ADVANCE with dt = 3.11213826e-06
[Level 0 step 100] Advanced 7077888 cells

TIME= 0.0003194590764 MASS        = 1e+31
TIME= 0.0003194590764 XMOM        = -1.027586947e+25
TIME= 0.0003194590764 YMOM        = 7.555786373e+24
TIME= 0.0003194590764 ZMOM        = 1.329818402e+25
TIME= 0.0003194590764 RHO*e       = 8.909406801e+51
TIME= 0.0003194590764 RHO*E       = 1.000223318e+52

[STEP 100] Coarse TimeStep time: 1.447062613
[STEP 100] FAB kilobyte spread across MPI nodes: [12927866 ... 12927866]

STEP = 100 TIME = 0.0003194590764 DT = 3.11213826e-06


Ending run at 11:13:15 UTC on 2017-10-20.
Run time = 142.0535527
Run time without initialization = 140.8339556

  Figure of Merit (zones / usec): 5.026

Unused ParmParse Variables:
[TOP]::amr.ref_ratio(nvals = 4)  :: [2, 2, 2, 2]
[TOP]::amr.regrid_int(nvals = 1)  :: [2]
done.
