MPI initialized with 32 MPI processes
CUDA initialized using 32 GPUs out of 32 available

Starting run at 11:33:28 UTC on 2017-10-20.
Successfully read inputs file ... 

Castro git describe: 17.07-39-ga07bb0f
AMReX git describe: 17.10-602-g48118035f

reading extern runtime parameters ...
FORTRAN:Warning:: small_dens has not been set, defaulting to 1.e-200_rt.!
FORTRAN:Warning:: small_temp has not been set, defaulting to 1.e-200_rt.!
 
 Initializing Helmholtz EOS and using Coulomb corrections.
 
 BOXLIB WARN: 
 EOS: small_temp cannot be less than the mintemp allowed by the EOS. Resetting small_temp to mintemp.
 BOXLIB WARN: 
 EOS: small_dens cannot be less than the mindens allowed by the EOS. Resetting small_dens to mindens.
Successfully read inputs file ... 
Starting to call amrex_probinit ... 
Successfully run amrex_probinit
Initializing the data at level 0
Done initializing the level 0 data 
Castro::estTimeStep (hydro-limited) at level 0:  estdt = 1.403348085e-06

TIME= 0 MASS        = 1e+31
TIME= 0 XMOM        = 0
TIME= 0 YMOM        = 0
TIME= 0 ZMOM        = 0
TIME= 0 RHO*e       = 1.00023712e+52
TIME= 0 RHO*E       = 1.00023712e+52
INITIAL GRIDS 
  Level 0   32 grids  134217728 cells  100 % of domain
            smallest grid: 256 x 128 x 128  biggest grid: 256 x 128 x 128

Castro::estTimeStep (hydro-limited) at level 0:  estdt = 1.403348085e-06
[Level 0 step 1] ADVANCE with dt = 1.403348085e-06
[Level 0 step 1] Advanced 134217728 cells

TIME= 1.403348085e-06 MASS        = 1e+31
TIME= 1.403348085e-06 XMOM        = 7.083549724e+21
TIME= 1.403348085e-06 YMOM        = -1.416709945e+22
TIME= 1.403348085e-06 ZMOM        = -7.555786373e+22
TIME= 1.403348085e-06 RHO*e       = 1.000148612e+52
TIME= 1.403348085e-06 RHO*E       = 1.00023712e+52

[STEP 1] Coarse TimeStep time: 4.098449152
[STEP 1] FAB kilobyte spread across MPI nodes: [14919272 ... 14919272]

STEP = 1 TIME = 1.403348085e-06 DT = 1.403348085e-06

Castro::estTimeStep (hydro-limited) at level 0:  estdt = 1.360989686e-06
[Level 0 step 2] ADVANCE with dt = 1.360989686e-06
[Level 0 step 2] Advanced 134217728 cells

TIME= 2.764337771e-06 MASS        = 1e+31
TIME= 2.764337771e-06 XMOM        = -4.722366483e+22
TIME= 2.764337771e-06 YMOM        = -4.250129835e+22
TIME= 2.764337771e-06 ZMOM        = -9.255838306e+23
TIME= 2.764337771e-06 RHO*e       = 9.999446718e+51
TIME= 2.764337771e-06 RHO*E       = 1.00023712e+52

[STEP 2] Coarse TimeStep time: 2.847024932
[STEP 2] FAB kilobyte spread across MPI nodes: [14919272 ... 14919272]

STEP = 2 TIME = 2.764337771e-06 DT = 1.360989686e-06

Castro::estTimeStep (hydro-limited) at level 0:  estdt = 1.330546378e-06
[Level 0 step 3] ADVANCE with dt = 1.330546378e-06
[Level 0 step 3] Advanced 134217728 cells

TIME= 4.094884149e-06 MASS        = 1e+31
TIME= 4.094884149e-06 XMOM        = -2.83341989e+22
TIME= 4.094884149e-06 YMOM        = 9.444732966e+21
TIME= 4.094884149e-06 ZMOM        = -5.100155801e+23
TIME= 4.094884149e-06 RHO*e       = 9.996765089e+51
TIME= 4.094884149e-06 RHO*E       = 1.00023712e+52

[STEP 3] Coarse TimeStep time: 1.883661622
[STEP 3] FAB kilobyte spread across MPI nodes: [14919272 ... 14919272]

STEP = 3 TIME = 4.094884149e-06 DT = 1.330546378e-06

Castro::estTimeStep (hydro-limited) at level 0:  estdt = 1.306877472e-06
[Level 0 step 4] ADVANCE with dt = 1.306877472e-06
[Level 0 step 4] Advanced 134217728 cells

TIME= 5.401761621e-06 MASS        = 1e+31
TIME= 5.401761621e-06 XMOM        = -1.652828269e+23
TIME= 5.401761621e-06 YMOM        = -1.133367956e+23
TIME= 5.401761621e-06 ZMOM        = -5.666839779e+22
TIME= 5.401761621e-06 RHO*e       = 9.993816531e+51
TIME= 5.401761621e-06 RHO*E       = 1.00023712e+52

[STEP 4] Coarse TimeStep time: 1.842359131
[STEP 4] FAB kilobyte spread across MPI nodes: [14919272 ... 14919272]

STEP = 4 TIME = 5.401761621e-06 DT = 1.306877472e-06

Castro::estTimeStep (hydro-limited) at level 0:  estdt = 1.291926156e-06
[Level 0 step 5] ADVANCE with dt = 1.291926156e-06
[Level 0 step 5] Advanced 134217728 cells

TIME= 6.693687777e-06 MASS        = 1e+31
TIME= 6.693687777e-06 XMOM        = -2.125064917e+23
TIME= 6.693687777e-06 YMOM        = -2.550077901e+23
TIME= 6.693687777e-06 ZMOM        = -7.933575691e+23
TIME= 6.693687777e-06 RHO*e       = 9.990742593e+51
TIME= 6.693687777e-06 RHO*E       = 1.00023712e+52

[STEP 5] Coarse TimeStep time: 1.882726331
[STEP 5] FAB kilobyte spread across MPI nodes: [14919272 ... 14919272]

STEP = 5 TIME = 6.693687777e-06 DT = 1.291926156e-06

Castro::estTimeStep (hydro-limited) at level 0:  estdt = 1.283404597e-06
[Level 0 step 6] ADVANCE with dt = 1.283404597e-06
[Level 0 step 6] Advanced 134217728 cells

TIME= 7.977092374e-06 MASS        = 1e+31
TIME= 7.977092374e-06 XMOM        = -6.611313076e+22
TIME= 7.977092374e-06 YMOM        = -2.83341989e+22
TIME= 7.977092374e-06 ZMOM        = 1.794499263e+24
TIME= 7.977092374e-06 RHO*e       = 9.987553438e+51
TIME= 7.977092374e-06 RHO*E       = 1.00023712e+52

[STEP 6] Coarse TimeStep time: 1.868802611
[STEP 6] FAB kilobyte spread across MPI nodes: [14919272 ... 14919272]

STEP = 6 TIME = 7.977092374e-06 DT = 1.283404597e-06

Castro::estTimeStep (hydro-limited) at level 0:  estdt = 1.280584112e-06
[Level 0 step 7] ADVANCE with dt = 1.280584112e-06
[Level 0 step 7] Advanced 134217728 cells

TIME= 9.257676486e-06 MASS        = 1e+31
TIME= 9.257676486e-06 XMOM        = 1.605604604e+23
TIME= 9.257676486e-06 YMOM        = -1.322262615e+23
TIME= 9.257676486e-06 ZMOM        = -4.155682505e+23
TIME= 9.257676486e-06 RHO*e       = 9.98421803e+51
TIME= 9.257676486e-06 RHO*E       = 1.00023712e+52

[STEP 7] Coarse TimeStep time: 1.864740194
[STEP 7] FAB kilobyte spread across MPI nodes: [14919272 ... 14919272]

STEP = 7 TIME = 9.257676486e-06 DT = 1.280584112e-06

Castro::estTimeStep (hydro-limited) at level 0:  estdt = 1.276005984e-06
[Level 0 step 8] ADVANCE with dt = 1.276005984e-06
[Level 0 step 8] Advanced 134217728 cells

TIME= 1.053368247e-05 MASS        = 1e+31
TIME= 1.053368247e-05 XMOM        = 9.444732966e+21
TIME= 1.053368247e-05 YMOM        = -4.344577164e+23
TIME= 1.053368247e-05 ZMOM        = -3.097872413e+24
TIME= 1.053368247e-05 RHO*e       = 9.980735262e+51
TIME= 1.053368247e-05 RHO*E       = 1.00023712e+52

[STEP 8] Coarse TimeStep time: 1.90553006
[STEP 8] FAB kilobyte spread across MPI nodes: [14919272 ... 14919272]

STEP = 8 TIME = 1.053368247e-05 DT = 1.276005984e-06

Castro::estTimeStep (hydro-limited) at level 0:  estdt = 1.271156113e-06
[Level 0 step 9] ADVANCE with dt = 1.271156113e-06
[Level 0 step 9] Advanced 134217728 cells

TIME= 1.180483858e-05 MASS        = 1e+31
TIME= 1.180483858e-05 XMOM        = -6.327971087e+23
TIME= 1.180483858e-05 YMOM        = -7.366891713e+23
TIME= 1.180483858e-05 ZMOM        = 5.175713665e+24
TIME= 1.180483858e-05 RHO*e       = 9.977113147e+51
TIME= 1.180483858e-05 RHO*E       = 1.00023712e+52

[STEP 9] Coarse TimeStep time: 1.908038987
[STEP 9] FAB kilobyte spread across MPI nodes: [14919272 ... 14919272]

STEP = 9 TIME = 1.180483858e-05 DT = 1.271156113e-06

Castro::estTimeStep (hydro-limited) at level 0:  estdt = 1.267389154e-06
[Level 0 step 10] ADVANCE with dt = 1.267389154e-06
[Level 0 step 10] Advanced 134217728 cells

TIME= 1.307222774e-05 MASS        = 1e+31
TIME= 1.307222774e-05 XMOM        = -9.161390977e+23
TIME= 1.307222774e-05 YMOM        = -7.177997054e+23
TIME= 1.307222774e-05 ZMOM        = -4.609029687e+24
TIME= 1.307222774e-05 RHO*e       = 9.973362107e+51
TIME= 1.307222774e-05 RHO*E       = 1.00023712e+52

[STEP 10] Coarse TimeStep time: 1.880310542
[STEP 10] FAB kilobyte spread across MPI nodes: [14919272 ... 14919272]

STEP = 10 TIME = 1.307222774e-05 DT = 1.267389154e-06

Castro::estTimeStep (hydro-limited) at level 0:  estdt = 1.26412477e-06
[Level 0 step 11] ADVANCE with dt = 1.26412477e-06
[Level 0 step 11] Advanced 134217728 cells

TIME= 1.433635251e-05 MASS        = 1e+31
TIME= 1.433635251e-05 XMOM        = -5.761287109e+23
TIME= 1.433635251e-05 YMOM        = -5.100155801e+23
TIME= 1.433635251e-05 ZMOM        = -1.322262615e+24
TIME= 1.433635251e-05 RHO*e       = 9.969495549e+51
TIME= 1.433635251e-05 RHO*E       = 1.00023712e+52

[STEP 11] Coarse TimeStep time: 1.902834783
[STEP 11] FAB kilobyte spread across MPI nodes: [14919272 ... 14919272]

STEP = 11 TIME = 1.433635251e-05 DT = 1.26412477e-06

Castro::estTimeStep (hydro-limited) at level 0:  estdt = 1.260957975e-06
[Level 0 step 12] ADVANCE with dt = 1.260957975e-06
[Level 0 step 12] Advanced 134217728 cells

TIME= 1.559731048e-05 MASS        = 1e+31
TIME= 1.559731048e-05 XMOM        = -2.266735912e+23
TIME= 1.559731048e-05 YMOM        = -1.511157275e+23
TIME= 1.559731048e-05 ZMOM        = 4.45791396e+24
TIME= 1.559731048e-05 RHO*e       = 9.965528571e+51
TIME= 1.559731048e-05 RHO*E       = 1.00023712e+52

[STEP 12] Coarse TimeStep time: 1.949097562
[STEP 12] FAB kilobyte spread across MPI nodes: [14919272 ... 14919272]

STEP = 12 TIME = 1.559731048e-05 DT = 1.260957975e-06

Castro::estTimeStep (hydro-limited) at level 0:  estdt = 1.257817026e-06
[Level 0 step 13] ADVANCE with dt = 1.257817026e-06
[Level 0 step 13] Advanced 134217728 cells

TIME= 1.685512751e-05 MASS        = 1e+31
TIME= 1.685512751e-05 XMOM        = -1.492267809e+24
TIME= 1.685512751e-05 YMOM        = -1.416709945e+24
TIME= 1.685512751e-05 ZMOM        = -7.744681032e+24
TIME= 1.685512751e-05 RHO*e       = 9.961473475e+51
TIME= 1.685512751e-05 RHO*E       = 1.00023712e+52

[STEP 13] Coarse TimeStep time: 1.894824254
[STEP 13] FAB kilobyte spread across MPI nodes: [14919272 ... 14919272]

STEP = 13 TIME = 1.685512751e-05 DT = 1.257817026e-06

Castro::estTimeStep (hydro-limited) at level 0:  estdt = 1.252804653e-06
[Level 0 step 14] ADVANCE with dt = 1.252804653e-06
[Level 0 step 14] Advanced 134217728 cells

TIME= 1.810793216e-05 MASS        = 1e+31
TIME= 1.810793216e-05 XMOM        = 1.095589024e+24
TIME= 1.810793216e-05 YMOM        = -6.422418417e+23
TIME= 1.810793216e-05 ZMOM        = 1.072921665e+25
TIME= 1.810793216e-05 RHO*e       = 9.957346869e+51
TIME= 1.810793216e-05 RHO*E       = 1.00023712e+52

[STEP 14] Coarse TimeStep time: 1.937226182
[STEP 14] FAB kilobyte spread across MPI nodes: [14919272 ... 14919272]

STEP = 14 TIME = 1.810793216e-05 DT = 1.252804653e-06

Castro::estTimeStep (hydro-limited) at level 0:  estdt = 1.247634546e-06
[Level 0 step 15] ADVANCE with dt = 1.247634546e-06
[Level 0 step 15] Advanced 134217728 cells

TIME= 1.935556671e-05 MASS        = 1e+31
TIME= 1.935556671e-05 XMOM        = -1.926725525e+24
TIME= 1.935556671e-05 YMOM        = -1.02003116e+24
TIME= 1.935556671e-05 ZMOM        = 3.929008914e+24
TIME= 1.935556671e-05 RHO*e       = 9.953157759e+51
TIME= 1.935556671e-05 RHO*E       = 1.00023712e+52

[STEP 15] Coarse TimeStep time: 1.903503841
[STEP 15] FAB kilobyte spread across MPI nodes: [14919272 ... 14919272]

STEP = 15 TIME = 1.935556671e-05 DT = 1.247634546e-06

Castro::estTimeStep (hydro-limited) at level 0:  estdt = 1.242830345e-06
[Level 0 step 16] ADVANCE with dt = 1.242830345e-06
[Level 0 step 16] Advanced 134217728 cells

TIME= 2.059839705e-05 MASS        = 1e+31
TIME= 2.059839705e-05 XMOM        = 7.933575691e+23
TIME= 2.059839705e-05 YMOM        = -1.888946593e+23
TIME= 2.059839705e-05 ZMOM        = 1.964504457e+25
TIME= 2.059839705e-05 RHO*e       = 9.948911864e+51
TIME= 2.059839705e-05 RHO*E       = 1.00023712e+52

[STEP 16] Coarse TimeStep time: 1.928995324
[STEP 16] FAB kilobyte spread across MPI nodes: [14919272 ... 14919272]

STEP = 16 TIME = 2.059839705e-05 DT = 1.242830345e-06

Castro::estTimeStep (hydro-limited) at level 0:  estdt = 1.238445432e-06
[Level 0 step 17] ADVANCE with dt = 1.238445432e-06
[Level 0 step 17] Advanced 134217728 cells

TIME= 2.183684249e-05 MASS        = 1e+31
TIME= 2.183684249e-05 XMOM        = 1.133367956e+24
TIME= 2.183684249e-05 YMOM        = 1.548936206e+24
TIME= 2.183684249e-05 ZMOM        = 2.64452523e+25
TIME= 2.183684249e-05 RHO*e       = 9.944614085e+51
TIME= 2.183684249e-05 RHO*E       = 1.00023712e+52

[STEP 17] Coarse TimeStep time: 1.925146619
[STEP 17] FAB kilobyte spread across MPI nodes: [14919272 ... 14919272]

STEP = 17 TIME = 2.183684249e-05 DT = 1.238445432e-06

Castro::estTimeStep (hydro-limited) at level 0:  estdt = 1.234448454e-06
[Level 0 step 18] ADVANCE with dt = 1.234448454e-06
[Level 0 step 18] Advanced 134217728 cells

TIME= 2.307129094e-05 MASS        = 1e+31
TIME= 2.307129094e-05 XMOM        = -5.666839779e+22
TIME= 2.307129094e-05 YMOM        = 1.02003116e+24
TIME= 2.307129094e-05 ZMOM        = -3.85345105e+24
TIME= 2.307129094e-05 RHO*e       = 9.940268509e+51
TIME= 2.307129094e-05 RHO*E       = 1.00023712e+52

[STEP 18] Coarse TimeStep time: 1.918672532
[STEP 18] FAB kilobyte spread across MPI nodes: [14919272 ... 14919272]

STEP = 18 TIME = 2.307129094e-05 DT = 1.234448454e-06

Castro::estTimeStep (hydro-limited) at level 0:  estdt = 1.230698589e-06
[Level 0 step 19] ADVANCE with dt = 1.230698589e-06
[Level 0 step 19] Advanced 134217728 cells

TIME= 2.430198953e-05 MASS        = 1e+31
TIME= 2.430198953e-05 XMOM        = 2.380072707e+24
TIME= 2.430198953e-05 YMOM        = 1.662273002e+24
TIME= 2.430198953e-05 ZMOM        = 1.140923742e+25
TIME= 2.430198953e-05 RHO*e       = 9.935879127e+51
TIME= 2.430198953e-05 RHO*E       = 1.00023712e+52

[STEP 19] Coarse TimeStep time: 1.914642246
[STEP 19] FAB kilobyte spread across MPI nodes: [14919272 ... 14919272]

STEP = 19 TIME = 2.430198953e-05 DT = 1.230698589e-06

Castro::estTimeStep (hydro-limited) at level 0:  estdt = 1.226187747e-06
[Level 0 step 20] ADVANCE with dt = 1.226187747e-06
[Level 0 step 20] Advanced 134217728 cells

TIME= 2.552817728e-05 MASS        = 1e+31
TIME= 2.552817728e-05 XMOM        = 2.720083094e+24
TIME= 2.552817728e-05 YMOM        = 1.926725525e+24
TIME= 2.552817728e-05 ZMOM        = 1.133367956e+24
TIME= 2.552817728e-05 RHO*e       = 9.931453234e+51
TIME= 2.552817728e-05 RHO*E       = 1.00023712e+52

[STEP 20] Coarse TimeStep time: 1.944962848
[STEP 20] FAB kilobyte spread across MPI nodes: [14919272 ... 14919272]

STEP = 20 TIME = 2.552817728e-05 DT = 1.226187747e-06

Castro::estTimeStep (hydro-limited) at level 0:  estdt = 1.221974551e-06
[Level 0 step 21] ADVANCE with dt = 1.221974551e-06
[Level 0 step 21] Advanced 134217728 cells

TIME= 2.675015183e-05 MASS        = 1e+31
TIME= 2.675015183e-05 XMOM        = -9.822522284e+23
TIME= 2.675015183e-05 YMOM        = -1.511157275e+23
TIME= 2.675015183e-05 ZMOM        = 3.097872413e+24
TIME= 2.675015183e-05 RHO*e       = 9.926993676e+51
TIME= 2.675015183e-05 RHO*E       = 1.00023712e+52

[STEP 21] Coarse TimeStep time: 1.947292298
[STEP 21] FAB kilobyte spread across MPI nodes: [14919272 ... 14919272]

STEP = 21 TIME = 2.675015183e-05 DT = 1.221974551e-06

Castro::estTimeStep (hydro-limited) at level 0:  estdt = 1.218126125e-06
[Level 0 step 22] ADVANCE with dt = 1.218126125e-06
[Level 0 step 22] Advanced 134217728 cells

TIME= 2.796827795e-05 MASS        = 1e+31
TIME= 2.796827795e-05 XMOM        = 2.32340431e+24
TIME= 2.796827795e-05 YMOM        = 2.946756685e+24
TIME= 2.796827795e-05 ZMOM        = 1.586715138e+24
TIME= 2.796827795e-05 RHO*e       = 9.922502665e+51
TIME= 2.796827795e-05 RHO*E       = 1.00023712e+52

[STEP 22] Coarse TimeStep time: 1.936257423
[STEP 22] FAB kilobyte spread across MPI nodes: [14919272 ... 14919272]

STEP = 22 TIME = 2.796827795e-05 DT = 1.218126125e-06

Castro::estTimeStep (hydro-limited) at level 0:  estdt = 1.214626659e-06
[Level 0 step 23] ADVANCE with dt = 1.214626659e-06
[Level 0 step 23] Advanced 134217728 cells

TIME= 2.918290461e-05 MASS        = 1e+31
TIME= 2.918290461e-05 XMOM        = 1.548936206e+24
TIME= 2.918290461e-05 YMOM        = 1.964504457e+24
TIME= 2.918290461e-05 ZMOM        = 1.768054011e+25
TIME= 2.918290461e-05 RHO*e       = 9.917982287e+51
TIME= 2.918290461e-05 RHO*E       = 1.00023712e+52

[STEP 23] Coarse TimeStep time: 1.928082203
[STEP 23] FAB kilobyte spread across MPI nodes: [14919272 ... 14919272]

STEP = 23 TIME = 2.918290461e-05 DT = 1.214626659e-06

Castro::estTimeStep (hydro-limited) at level 0:  estdt = 1.211426928e-06
[Level 0 step 24] ADVANCE with dt = 1.211426928e-06
[Level 0 step 24] Advanced 134217728 cells

TIME= 3.039433154e-05 MASS        = 1e+31
TIME= 3.039433154e-05 XMOM        = -3.211209208e+23
TIME= 3.039433154e-05 YMOM        = 9.822522284e+23
TIME= 3.039433154e-05 ZMOM        = -1.511157275e+24
TIME= 3.039433154e-05 RHO*e       = 9.91343438e+51
TIME= 3.039433154e-05 RHO*E       = 1.00023712e+52

[STEP 24] Coarse TimeStep time: 1.975940171
[STEP 24] FAB kilobyte spread across MPI nodes: [14919272 ... 14919272]

STEP = 24 TIME = 3.039433154e-05 DT = 1.211426928e-06

Castro::estTimeStep (hydro-limited) at level 0:  estdt = 1.208481594e-06
[Level 0 step 25] ADVANCE with dt = 1.208481594e-06
[Level 0 step 25] Advanced 134217728 cells

TIME= 3.160281313e-05 MASS        = 1e+31
TIME= 3.160281313e-05 XMOM        = -2.720083094e+24
TIME= 3.160281313e-05 YMOM        = -1.473378343e+24
TIME= 3.160281313e-05 ZMOM        = 1.526268847e+25
TIME= 3.160281313e-05 RHO*e       = 9.908860583e+51
TIME= 3.160281313e-05 RHO*E       = 1.00023712e+52

[STEP 25] Coarse TimeStep time: 1.987034709
[STEP 25] FAB kilobyte spread across MPI nodes: [14919272 ... 14919272]

STEP = 25 TIME = 3.160281313e-05 DT = 1.208481594e-06

Castro::estTimeStep (hydro-limited) at level 0:  estdt = 1.205755299e-06
[Level 0 step 26] ADVANCE with dt = 1.205755299e-06
[Level 0 step 26] Advanced 134217728 cells

TIME= 3.280856843e-05 MASS        = 1e+31
TIME= 3.280856843e-05 XMOM        = 6.08240803e+24
TIME= 3.280856843e-05 YMOM        = 5.780176575e+24
TIME= 3.280856843e-05 ZMOM        = 3.445438586e+25
TIME= 3.280856843e-05 RHO*e       = 9.904262489e+51
TIME= 3.280856843e-05 RHO*E       = 1.00023712e+52

[STEP 26] Coarse TimeStep time: 1.984566488
[STEP 26] FAB kilobyte spread across MPI nodes: [14919272 ... 14919272]

STEP = 26 TIME = 3.280856843e-05 DT = 1.205755299e-06

Castro::estTimeStep (hydro-limited) at level 0:  estdt = 1.203221283e-06
[Level 0 step 27] ADVANCE with dt = 1.203221283e-06
[Level 0 step 27] Advanced 134217728 cells

TIME= 3.401178971e-05 MASS        = 1e+31
TIME= 3.401178971e-05 XMOM        = -1.926725525e+24
TIME= 3.401178971e-05 YMOM        = -2.64452523e+24
TIME= 3.401178971e-05 ZMOM        = 2.931645113e+25
TIME= 3.401178971e-05 RHO*e       = 9.899641614e+51
TIME= 3.401178971e-05 RHO*E       = 1.00023712e+52

[STEP 27] Coarse TimeStep time: 1.970057285
[STEP 27] FAB kilobyte spread across MPI nodes: [14919272 ... 14919272]

STEP = 27 TIME = 3.401178971e-05 DT = 1.203221283e-06

Castro::estTimeStep (hydro-limited) at level 0:  estdt = 1.200858676e-06
[Level 0 step 28] ADVANCE with dt = 1.200858676e-06
[Level 0 step 28] Advanced 134217728 cells

TIME= 3.521264839e-05 MASS        = 1e+31
TIME= 3.521264839e-05 XMOM        = -3.400103868e+24
TIME= 3.521264839e-05 YMOM        = -2.191178048e+24
TIME= 3.521264839e-05 ZMOM        = 5.001930579e+25
TIME= 3.521264839e-05 RHO*e       = 9.894999439e+51
TIME= 3.521264839e-05 RHO*E       = 1.00023712e+52

[STEP 28] Coarse TimeStep time: 1.981720432
[STEP 28] FAB kilobyte spread across MPI nodes: [14919272 ... 14919272]

STEP = 28 TIME = 3.521264839e-05 DT = 1.200858676e-06

Castro::estTimeStep (hydro-limited) at level 0:  estdt = 1.198634883e-06
[Level 0 step 29] ADVANCE with dt = 1.198634883e-06
[Level 0 step 29] Advanced 134217728 cells

TIME= 3.641128327e-05 MASS        = 1e+31
TIME= 3.641128327e-05 XMOM        = -2.380072707e+24
TIME= 3.641128327e-05 YMOM        = -2.946756685e+24
TIME= 3.641128327e-05 ZMOM        = 5.409943043e+25
TIME= 3.641128327e-05 RHO*e       = 9.890337425e+51
TIME= 3.641128327e-05 RHO*E       = 1.00023712e+52

[STEP 29] Coarse TimeStep time: 1.973741471
[STEP 29] FAB kilobyte spread across MPI nodes: [14919272 ... 14919272]

STEP = 29 TIME = 3.641128327e-05 DT = 1.198634883e-06

Castro::estTimeStep (hydro-limited) at level 0:  estdt = 1.196543657e-06
[Level 0 step 30] ADVANCE with dt = 1.196543657e-06
[Level 0 step 30] Advanced 134217728 cells

TIME= 3.760782693e-05 MASS        = 1e+31
TIME= 3.760782693e-05 XMOM        = 1.360041547e+24
TIME= 3.760782693e-05 YMOM        = 8.31136501e+23
TIME= 3.760782693e-05 ZMOM        = 4.125459359e+25
TIME= 3.760782693e-05 RHO*e       = 9.885656941e+51
TIME= 3.760782693e-05 RHO*E       = 1.00023712e+52

[STEP 30] Coarse TimeStep time: 1.975051444
[STEP 30] FAB kilobyte spread across MPI nodes: [14919272 ... 14919272]

STEP = 30 TIME = 3.760782693e-05 DT = 1.196543657e-06

Castro::estTimeStep (hydro-limited) at level 0:  estdt = 1.194576516e-06
[Level 0 step 31] ADVANCE with dt = 1.194576516e-06
[Level 0 step 31] Advanced 134217728 cells

TIME= 3.880240345e-05 MASS        = 1e+31
TIME= 3.880240345e-05 XMOM        = -1.133367956e+24
TIME= 3.880240345e-05 YMOM        = -2.191178048e+24
TIME= 3.880240345e-05 ZMOM        = 5.077488442e+25
TIME= 3.880240345e-05 RHO*e       = 9.880959093e+51
TIME= 3.880240345e-05 RHO*E       = 1.00023712e+52

[STEP 31] Coarse TimeStep time: 1.953584493
[STEP 31] FAB kilobyte spread across MPI nodes: [14919272 ... 14919272]

STEP = 31 TIME = 3.880240345e-05 DT = 1.194576516e-06

Castro::estTimeStep (hydro-limited) at level 0:  estdt = 1.192729755e-06
[Level 0 step 32] ADVANCE with dt = 1.192729755e-06
[Level 0 step 32] Advanced 134217728 cells

TIME= 3.99951332e-05 MASS        = 1e+31
TIME= 3.99951332e-05 XMOM        = -3.513440663e+24
TIME= 3.99951332e-05 YMOM        = -3.022314549e+23
TIME= 3.99951332e-05 ZMOM        = 3.929008914e+25
TIME= 3.99951332e-05 RHO*e       = 9.876244956e+51
TIME= 3.99951332e-05 RHO*E       = 1.00023712e+52

[STEP 32] Coarse TimeStep time: 1.996659247
[STEP 32] FAB kilobyte spread across MPI nodes: [14919272 ... 14919272]

STEP = 32 TIME = 3.99951332e-05 DT = 1.192729755e-06

Castro::estTimeStep (hydro-limited) at level 0:  estdt = 1.191008347e-06
[Level 0 step 33] ADVANCE with dt = 1.191008347e-06
[Level 0 step 33] Advanced 134217728 cells

TIME= 4.118614155e-05 MASS        = 1e+31
TIME= 4.118614155e-05 XMOM        = -6.422418417e+23
TIME= 4.118614155e-05 YMOM        = -1.057810092e+24
TIME= 4.118614155e-05 ZMOM        = 6.513087853e+25
TIME= 4.118614155e-05 RHO*e       = 9.871515503e+51
TIME= 4.118614155e-05 RHO*E       = 1.00023712e+52

[STEP 33] Coarse TimeStep time: 1.97349711
[STEP 33] FAB kilobyte spread across MPI nodes: [14919272 ... 14919272]

STEP = 33 TIME = 4.118614155e-05 DT = 1.191008347e-06

Castro::estTimeStep (hydro-limited) at level 0:  estdt = 1.18941467e-06
[Level 0 step 34] ADVANCE with dt = 1.18941467e-06
[Level 0 step 34] Advanced 134217728 cells

TIME= 4.237555622e-05 MASS        = 1e+31
TIME= 4.237555622e-05 XMOM        = -3.588998527e+24
TIME= 4.237555622e-05 YMOM        = -3.022314549e+24
TIME= 4.237555622e-05 ZMOM        = 5.455277761e+25
TIME= 4.237555622e-05 RHO*e       = 9.866771498e+51
TIME= 4.237555622e-05 RHO*E       = 1.00023712e+52

[STEP 34] Coarse TimeStep time: 1.947796424
[STEP 34] FAB kilobyte spread across MPI nodes: [14919272 ... 14919272]

STEP = 34 TIME = 4.237555622e-05 DT = 1.18941467e-06

Castro::estTimeStep (hydro-limited) at level 0:  estdt = 1.187936107e-06
[Level 0 step 35] ADVANCE with dt = 1.187936107e-06
[Level 0 step 35] Advanced 134217728 cells

TIME= 4.356349232e-05 MASS        = 1e+31
TIME= 4.356349232e-05 XMOM        = 8.689154328e+23
TIME= 4.356349232e-05 YMOM        = 1.964504457e+24
TIME= 4.356349232e-05 ZMOM        = 5.83306708e+25
TIME= 4.356349232e-05 RHO*e       = 9.862013627e+51
TIME= 4.356349232e-05 RHO*E       = 1.00023712e+52

[STEP 35] Coarse TimeStep time: 1.954469399
[STEP 35] FAB kilobyte spread across MPI nodes: [14919272 ... 14919272]

STEP = 35 TIME = 4.356349232e-05 DT = 1.187936107e-06

Castro::estTimeStep (hydro-limited) at level 0:  estdt = 1.186560823e-06
[Level 0 step 36] ADVANCE with dt = 1.186560823e-06
[Level 0 step 36] Advanced 134217728 cells

TIME= 4.475005315e-05 MASS        = 1e+31
TIME= 4.475005315e-05 XMOM        = 6.800207735e+24
TIME= 4.475005315e-05 YMOM        = 6.120186962e+24
TIME= 4.475005315e-05 ZMOM        = 5.06237687e+25
TIME= 4.475005315e-05 RHO*e       = 9.857242606e+51
TIME= 4.475005315e-05 RHO*E       = 1.00023712e+52

[STEP 36] Coarse TimeStep time: 1.995991857
[STEP 36] FAB kilobyte spread across MPI nodes: [14919272 ... 14919272]

STEP = 36 TIME = 4.475005315e-05 DT = 1.186560823e-06

Castro::estTimeStep (hydro-limited) at level 0:  estdt = 1.185281513e-06
[Level 0 step 37] ADVANCE with dt = 1.185281513e-06
[Level 0 step 37] Advanced 134217728 cells

TIME= 4.593533466e-05 MASS        = 1e+31
TIME= 4.593533466e-05 XMOM        = -2.153399116e+24
TIME= 4.593533466e-05 YMOM        = -3.475661731e+24
TIME= 4.593533466e-05 ZMOM        = 6.800207735e+25
TIME= 4.593533466e-05 RHO*e       = 9.852459075e+51
TIME= 4.593533466e-05 RHO*E       = 1.00023712e+52

[STEP 37] Coarse TimeStep time: 2.002867253
[STEP 37] FAB kilobyte spread across MPI nodes: [14919272 ... 14919272]

STEP = 37 TIME = 4.593533466e-05 DT = 1.185281513e-06

Castro::estTimeStep (hydro-limited) at level 0:  estdt = 1.184090686e-06
[Level 0 step 38] ADVANCE with dt = 1.184090686e-06
[Level 0 step 38] Advanced 134217728 cells

TIME= 4.711942535e-05 MASS        = 1e+31
TIME= 4.711942535e-05 XMOM        = 1.11447849e+25
TIME= 4.711942535e-05 YMOM        = 1.360041547e+25
TIME= 4.711942535e-05 ZMOM        = 5.001930579e+25
TIME= 4.711942535e-05 RHO*e       = 9.847663691e+51
TIME= 4.711942535e-05 RHO*E       = 1.00023712e+52

[STEP 38] Coarse TimeStep time: 1.97539613
[STEP 38] FAB kilobyte spread across MPI nodes: [14919272 ... 14919272]

STEP = 38 TIME = 4.711942535e-05 DT = 1.184090686e-06

Castro::estTimeStep (hydro-limited) at level 0:  estdt = 1.182979864e-06
[Level 0 step 39] ADVANCE with dt = 1.182979864e-06
[Level 0 step 39] Advanced 134217728 cells

TIME= 4.830240521e-05 MASS        = 1e+31
TIME= 4.830240521e-05 XMOM        = 4.949040074e+24
TIME= 4.830240521e-05 YMOM        = 4.004566777e+24
TIME= 4.830240521e-05 ZMOM        = 8.084691419e+25
TIME= 4.830240521e-05 RHO*e       = 9.842857035e+51
TIME= 4.830240521e-05 RHO*E       = 1.00023712e+52

[STEP 39] Coarse TimeStep time: 1.981650283
[STEP 39] FAB kilobyte spread across MPI nodes: [14919272 ... 14919272]

STEP = 39 TIME = 4.830240521e-05 DT = 1.182979864e-06

Castro::estTimeStep (hydro-limited) at level 0:  estdt = 1.181939382e-06
[Level 0 step 40] ADVANCE with dt = 1.181939382e-06
[Level 0 step 40] Advanced 134217728 cells

TIME= 4.948434459e-05 MASS        = 1e+31
TIME= 4.948434459e-05 XMOM        = -8.72693326e+24
TIME= 4.948434459e-05 YMOM        = -4.609029687e+24
TIME= 4.948434459e-05 ZMOM        = 7.797571537e+25
TIME= 4.948434459e-05 RHO*e       = 9.838039617e+51
TIME= 4.948434459e-05 RHO*E       = 1.00023712e+52

[STEP 40] Coarse TimeStep time: 1.971093299
[STEP 40] FAB kilobyte spread across MPI nodes: [14919272 ... 14919272]

STEP = 40 TIME = 4.948434459e-05 DT = 1.181939382e-06

Castro::estTimeStep (hydro-limited) at level 0:  estdt = 1.18096062e-06
[Level 0 step 41] ADVANCE with dt = 1.18096062e-06
[Level 0 step 41] Advanced 134217728 cells

TIME= 5.066530521e-05 MASS        = 1e+31
TIME= 5.066530521e-05 XMOM        = -3.022314549e+24
TIME= 5.066530521e-05 YMOM        = -8.31136501e+23
TIME= 5.066530521e-05 ZMOM        = 8.674042756e+25
TIME= 5.066530521e-05 RHO*e       = 9.833211966e+51
TIME= 5.066530521e-05 RHO*E       = 1.00023712e+52

[STEP 41] Coarse TimeStep time: 1.994156107
[STEP 41] FAB kilobyte spread across MPI nodes: [14919272 ... 14919272]

STEP = 41 TIME = 5.066530521e-05 DT = 1.18096062e-06

Castro::estTimeStep (hydro-limited) at level 0:  estdt = 1.180036183e-06
[Level 0 step 42] ADVANCE with dt = 1.180036183e-06
[Level 0 step 42] Advanced 134217728 cells

TIME= 5.18453414e-05 MASS        = 1e+31
TIME= 5.18453414e-05 XMOM        = -7.177997054e+24
TIME= 5.18453414e-05 YMOM        = -6.800207735e+24
TIME= 5.18453414e-05 ZMOM        = 6.860654026e+25
TIME= 5.18453414e-05 RHO*e       = 9.828374595e+51
TIME= 5.18453414e-05 RHO*E       = 1.00023712e+52

[STEP 42] Coarse TimeStep time: 1.996477096
[STEP 42] FAB kilobyte spread across MPI nodes: [14919272 ... 14919272]

STEP = 42 TIME = 5.18453414e-05 DT = 1.180036183e-06

Castro::estTimeStep (hydro-limited) at level 0:  estdt = 1.179159668e-06
[Level 0 step 43] ADVANCE with dt = 1.179159668e-06
[Level 0 step 43] Advanced 134217728 cells

TIME= 5.302450106e-05 MASS        = 1e+31
TIME= 5.302450106e-05 XMOM        = -2.795640958e+24
TIME= 5.302450106e-05 YMOM        = -2.115620184e+24
TIME= 5.302450106e-05 ZMOM        = 3.203653422e+25
TIME= 5.302450106e-05 RHO*e       = 9.82352796e+51
TIME= 5.302450106e-05 RHO*E       = 1.00023712e+52

[STEP 43] Coarse TimeStep time: 1.991189985
[STEP 43] FAB kilobyte spread across MPI nodes: [14919272 ... 14919272]

STEP = 43 TIME = 5.302450106e-05 DT = 1.179159668e-06

Castro::estTimeStep (hydro-limited) at level 0:  estdt = 1.178324784e-06
[Level 0 step 44] ADVANCE with dt = 1.178324784e-06
[Level 0 step 44] Advanced 134217728 cells

TIME= 5.420282585e-05 MASS        = 1e+31
TIME= 5.420282585e-05 XMOM        = -4.117903573e+24
TIME= 5.420282585e-05 YMOM        = -2.191178048e+24
TIME= 5.420282585e-05 ZMOM        = -1.299595256e+25
TIME= 5.420282585e-05 RHO*e       = 9.818672543e+51
TIME= 5.420282585e-05 RHO*E       = 1.00023712e+52

[STEP 44] Coarse TimeStep time: 1.954992244
[STEP 44] FAB kilobyte spread across MPI nodes: [14919272 ... 14919272]

STEP = 44 TIME = 5.420282585e-05 DT = 1.178324784e-06

Castro::estTimeStep (hydro-limited) at level 0:  estdt = 1.177523877e-06
[Level 0 step 45] ADVANCE with dt = 1.177523877e-06
[Level 0 step 45] Advanced 134217728 cells

TIME= 5.538034972e-05 MASS        = 1e+31
TIME= 5.538034972e-05 XMOM        = -6.800207735e+23
TIME= 5.538034972e-05 YMOM        = -1.435599411e+24
TIME= 5.538034972e-05 ZMOM        = 7.737125246e+25
TIME= 5.538034972e-05 RHO*e       = 9.813808901e+51
TIME= 5.538034972e-05 RHO*E       = 1.00023712e+52

[STEP 45] Coarse TimeStep time: 1.975818853
[STEP 45] FAB kilobyte spread across MPI nodes: [14919272 ... 14919272]

STEP = 45 TIME = 5.538034972e-05 DT = 1.177523877e-06

Castro::estTimeStep (hydro-limited) at level 0:  estdt = 1.176714836e-06
[Level 0 step 46] ADVANCE with dt = 1.176714836e-06
[Level 0 step 46] Advanced 134217728 cells

TIME= 5.655706456e-05 MASS        = 1e+31
TIME= 5.655706456e-05 XMOM        = -1.412932052e+25
TIME= 5.655706456e-05 YMOM        = -1.322262615e+25
TIME= 5.655706456e-05 ZMOM        = 4.775256987e+25
TIME= 5.655706456e-05 RHO*e       = 9.80893766e+51
TIME= 5.655706456e-05 RHO*E       = 1.00023712e+52

[STEP 46] Coarse TimeStep time: 2.020497084
[STEP 46] FAB kilobyte spread across MPI nodes: [14919272 ... 14919272]

STEP = 46 TIME = 5.655706456e-05 DT = 1.176714836e-06

Castro::estTimeStep (hydro-limited) at level 0:  estdt = 1.175933917e-06
[Level 0 step 47] ADVANCE with dt = 1.175933917e-06
[Level 0 step 47] Advanced 134217728 cells

TIME= 5.773299848e-05 MASS        = 1e+31
TIME= 5.773299848e-05 XMOM        = 1.435599411e+24
TIME= 5.773299848e-05 YMOM        = -9.066943647e+23
TIME= 5.773299848e-05 ZMOM        = 7.903352546e+25
TIME= 5.773299848e-05 RHO*e       = 9.804059212e+51
TIME= 5.773299848e-05 RHO*E       = 1.00023712e+52

[STEP 47] Coarse TimeStep time: 2.005866815
[STEP 47] FAB kilobyte spread across MPI nodes: [14919272 ... 14919272]

STEP = 47 TIME = 5.773299848e-05 DT = 1.175933917e-06

Castro::estTimeStep (hydro-limited) at level 0:  estdt = 1.175176916e-06
[Level 0 step 48] ADVANCE with dt = 1.175176916e-06
[Level 0 step 48] Advanced 134217728 cells

TIME= 5.890817539e-05 MASS        = 1e+31
TIME= 5.890817539e-05 XMOM        = -1.526268847e+25
TIME= 5.890817539e-05 YMOM        = -1.261816324e+25
TIME= 5.890817539e-05 ZMOM        = 1.012475374e+26
TIME= 5.890817539e-05 RHO*e       = 9.799173952e+51
TIME= 5.890817539e-05 RHO*E       = 1.00023712e+52

[STEP 48] Coarse TimeStep time: 2.056944293
[STEP 48] FAB kilobyte spread across MPI nodes: [14919272 ... 14919272]

STEP = 48 TIME = 5.890817539e-05 DT = 1.175176916e-06

Castro::estTimeStep (hydro-limited) at level 0:  estdt = 1.174440293e-06
[Level 0 step 49] ADVANCE with dt = 1.174440293e-06
[Level 0 step 49] Advanced 134217728 cells

TIME= 6.008261569e-05 MASS        = 1e+31
TIME= 6.008261569e-05 XMOM        = -1.990949709e+25
TIME= 6.008261569e-05 YMOM        = -1.89650238e+25
TIME= 6.008261569e-05 ZMOM        = 3.022314549e+24
TIME= 6.008261569e-05 RHO*e       = 9.794282353e+51
TIME= 6.008261569e-05 RHO*E       = 1.00023712e+52

[STEP 49] Coarse TimeStep time: 2.007205538
[STEP 49] FAB kilobyte spread across MPI nodes: [14919272 ... 14919272]

STEP = 49 TIME = 6.008261569e-05 DT = 1.174440293e-06

Castro::estTimeStep (hydro-limited) at level 0:  estdt = 1.173721527e-06
[Level 0 step 50] ADVANCE with dt = 1.173721527e-06
[Level 0 step 50] Advanced 134217728 cells

TIME= 6.125633721e-05 MASS        = 1e+31
TIME= 6.125633721e-05 XMOM        = 7.064660258e+24
TIME= 6.125633721e-05 YMOM        = 8.386922874e+24
TIME= 6.125633721e-05 ZMOM        = 7.8731294e+25
TIME= 6.125633721e-05 RHO*e       = 9.789384849e+51
TIME= 6.125633721e-05 RHO*E       = 1.00023712e+52

[STEP 50] Coarse TimeStep time: 1.966710167
[STEP 50] FAB kilobyte spread across MPI nodes: [14919272 ... 14919272]

STEP = 50 TIME = 6.125633721e-05 DT = 1.173721527e-06

Castro::estTimeStep (hydro-limited) at level 0:  estdt = 1.1730189e-06
[Level 0 step 51] ADVANCE with dt = 1.1730189e-06
[Level 0 step 51] Advanced 134217728 cells

TIME= 6.242935611e-05 MASS        = 1e+31
TIME= 6.242935611e-05 XMOM        = -3.777893186e+23
TIME= 6.242935611e-05 YMOM        = -8.31136501e+23
TIME= 6.242935611e-05 ZMOM        = 5.893513371e+25
TIME= 6.242935611e-05 RHO*e       = 9.784481865e+51
TIME= 6.242935611e-05 RHO*E       = 1.00023712e+52

[STEP 51] Coarse TimeStep time: 1.972122388
[STEP 51] FAB kilobyte spread across MPI nodes: [14919272 ... 14919272]

STEP = 51 TIME = 6.242935611e-05 DT = 1.1730189e-06

Castro::estTimeStep (hydro-limited) at level 0:  estdt = 1.172331232e-06
[Level 0 step 52] ADVANCE with dt = 1.172331232e-06
[Level 0 step 52] Advanced 134217728 cells

TIME= 6.360168734e-05 MASS        = 1e+31
TIME= 6.360168734e-05 XMOM        = 3.626777459e+24
TIME= 6.360168734e-05 YMOM        = 4.382356096e+24
TIME= 6.360168734e-05 ZMOM        = 4.18590565e+25
TIME= 6.360168734e-05 RHO*e       = 9.779573809e+51
TIME= 6.360168734e-05 RHO*E       = 1.00023712e+52

[STEP 52] Coarse TimeStep time: 1.997107587
[STEP 52] FAB kilobyte spread across MPI nodes: [14919272 ... 14919272]

STEP = 52 TIME = 6.360168734e-05 DT = 1.172331232e-06

Castro::estTimeStep (hydro-limited) at level 0:  estdt = 1.171657763e-06
[Level 0 step 53] ADVANCE with dt = 1.171657763e-06
[Level 0 step 53] Advanced 134217728 cells

TIME= 6.477334511e-05 MASS        = 1e+31
TIME= 6.477334511e-05 XMOM        = 7.480228509e+24
TIME= 6.477334511e-05 YMOM        = 9.218059375e+24
TIME= 6.477334511e-05 ZMOM        = 4.926372715e+25
TIME= 6.477334511e-05 RHO*e       = 9.77466102e+51
TIME= 6.477334511e-05 RHO*E       = 1.00023712e+52

[STEP 53] Coarse TimeStep time: 2.002519893
[STEP 53] FAB kilobyte spread across MPI nodes: [14919272 ... 14919272]

STEP = 53 TIME = 6.477334511e-05 DT = 1.171657763e-06

Castro::estTimeStep (hydro-limited) at level 0:  estdt = 1.170997982e-06
[Level 0 step 54] ADVANCE with dt = 1.170997982e-06
[Level 0 step 54] Advanced 134217728 cells

TIME= 6.594434309e-05 MASS        = 1e+31
TIME= 6.594434309e-05 XMOM        = 2.380072707e+24
TIME= 6.594434309e-05 YMOM        = 5.969071234e+24
TIME= 6.594434309e-05 ZMOM        = 4.201017223e+25
TIME= 6.594434309e-05 RHO*e       = 9.76974384e+51
TIME= 6.594434309e-05 RHO*E       = 1.00023712e+52

[STEP 54] Coarse TimeStep time: 2.038363369
[STEP 54] FAB kilobyte spread across MPI nodes: [14919272 ... 14919272]

STEP = 54 TIME = 6.594434309e-05 DT = 1.170997982e-06

Castro::estTimeStep (hydro-limited) at level 0:  estdt = 1.170324914e-06
[Level 0 step 55] ADVANCE with dt = 1.170324914e-06
[Level 0 step 55] Advanced 134217728 cells

TIME= 6.7114668e-05 MASS        = 1e+31
TIME= 6.7114668e-05 XMOM        = 4.117903573e+24
TIME= 6.7114668e-05 YMOM        = 6.800207735e+24
TIME= 6.7114668e-05 ZMOM        = 4.18590565e+25
TIME= 6.7114668e-05 RHO*e       = 9.764822703e+51
TIME= 6.7114668e-05 RHO*E       = 1.00023712e+52

[STEP 55] Coarse TimeStep time: 1.996963154
[STEP 55] FAB kilobyte spread across MPI nodes: [14919272 ... 14919272]

STEP = 55 TIME = 6.7114668e-05 DT = 1.170324914e-06

Castro::estTimeStep (hydro-limited) at level 0:  estdt = 1.1696531e-06
[Level 0 step 56] ADVANCE with dt = 1.1696531e-06
[Level 0 step 56] Advanced 134217728 cells

TIME= 6.82843211e-05 MASS        = 1e+31
TIME= 6.82843211e-05 XMOM        = -1.609382497e+25
TIME= 6.82843211e-05 YMOM        = -1.669828788e+25
TIME= 6.82843211e-05 ZMOM        = 4.503248678e+25
TIME= 6.82843211e-05 RHO*e       = 9.75989799e+51
TIME= 6.82843211e-05 RHO*E       = 1.00023712e+52

[STEP 56] Coarse TimeStep time: 1.97901549
[STEP 56] FAB kilobyte spread across MPI nodes: [14919272 ... 14919272]

STEP = 56 TIME = 6.82843211e-05 DT = 1.1696531e-06

Castro::estTimeStep (hydro-limited) at level 0:  estdt = 1.168998839e-06
[Level 0 step 57] ADVANCE with dt = 1.168998839e-06
[Level 0 step 57] Advanced 134217728 cells

TIME= 6.945331994e-05 MASS        = 1e+31
TIME= 6.945331994e-05 XMOM        = -1.095589024e+25
TIME= 6.945331994e-05 YMOM        = -1.02003116e+25
TIME= 6.945331994e-05 ZMOM        = 3.959232059e+25
TIME= 6.945331994e-05 RHO*e       = 9.754969976e+51
TIME= 6.945331994e-05 RHO*E       = 1.00023712e+52

[STEP 57] Coarse TimeStep time: 1.979890322
[STEP 57] FAB kilobyte spread across MPI nodes: [14919272 ... 14919272]

STEP = 57 TIME = 6.945331994e-05 DT = 1.168998839e-06

Castro::estTimeStep (hydro-limited) at level 0:  estdt = 1.168361814e-06
[Level 0 step 58] ADVANCE with dt = 1.168361814e-06
[Level 0 step 58] Advanced 134217728 cells

TIME= 7.062168176e-05 MASS        = 1e+31
TIME= 7.062168176e-05 XMOM        = -1.609382497e+25
TIME= 7.062168176e-05 YMOM        = -1.269372111e+25
TIME= 7.062168176e-05 ZMOM        = 5.530835625e+25
TIME= 7.062168176e-05 RHO*e       = 9.750038928e+51
TIME= 7.062168176e-05 RHO*E       = 1.00023712e+52

[STEP 58] Coarse TimeStep time: 2.006667134
[STEP 58] FAB kilobyte spread across MPI nodes: [14919272 ... 14919272]

STEP = 58 TIME = 7.062168176e-05 DT = 1.168361814e-06

Castro::estTimeStep (hydro-limited) at level 0:  estdt = 1.167741885e-06
[Level 0 step 59] ADVANCE with dt = 1.167741885e-06
[Level 0 step 59] Advanced 134217728 cells

TIME= 7.178942364e-05 MASS        = 1e+31
TIME= 7.178942364e-05 XMOM        = 6.346860553e+24
TIME= 7.178942364e-05 YMOM        = 4.382356096e+24
TIME= 7.178942364e-05 ZMOM        = 7.404670645e+25
TIME= 7.178942364e-05 RHO*e       = 9.7451051e+51
TIME= 7.178942364e-05 RHO*E       = 1.00023712e+52

[STEP 59] Coarse TimeStep time: 2.040458867
[STEP 59] FAB kilobyte spread across MPI nodes: [14919272 ... 14919272]

STEP = 59 TIME = 7.178942364e-05 DT = 1.167741885e-06

Castro::estTimeStep (hydro-limited) at level 0:  estdt = 1.167139122e-06
[Level 0 step 60] ADVANCE with dt = 1.167139122e-06
[Level 0 step 60] Advanced 134217728 cells

TIME= 7.295656276e-05 MASS        = 1e+31
TIME= 7.295656276e-05 XMOM        = -8.160249282e+24
TIME= 7.295656276e-05 YMOM        = -7.7069021e+24
TIME= 7.295656276e-05 ZMOM        = 1.184747303e+26
TIME= 7.295656276e-05 RHO*e       = 9.740168749e+51
TIME= 7.295656276e-05 RHO*E       = 1.00023712e+52

[STEP 60] Coarse TimeStep time: 2.023936738
[STEP 60] FAB kilobyte spread across MPI nodes: [14919272 ... 14919272]

STEP = 60 TIME = 7.295656276e-05 DT = 1.167139122e-06

Castro::estTimeStep (hydro-limited) at level 0:  estdt = 1.166553611e-06
[Level 0 step 61] ADVANCE with dt = 1.166553611e-06
[Level 0 step 61] Advanced 134217728 cells

TIME= 7.412311638e-05 MASS        = 1e+31
TIME= 7.412311638e-05 XMOM        = -5.289050461e+23
TIME= 7.412311638e-05 YMOM        = -4.382356096e+24
TIME= 7.412311638e-05 ZMOM        = 8.794935338e+25
TIME= 7.412311638e-05 RHO*e       = 9.735230094e+51
TIME= 7.412311638e-05 RHO*E       = 1.00023712e+52

[STEP 61] Coarse TimeStep time: 1.987245106
[STEP 61] FAB kilobyte spread across MPI nodes: [14919272 ... 14919272]

STEP = 61 TIME = 7.412311638e-05 DT = 1.166553611e-06

Castro::estTimeStep (hydro-limited) at level 0:  estdt = 1.165985433e-06
[Level 0 step 62] ADVANCE with dt = 1.165985433e-06
[Level 0 step 62] Advanced 134217728 cells

TIME= 7.528910181e-05 MASS        = 1e+31
TIME= 7.528910181e-05 XMOM        = 5.515724052e+24
TIME= 7.528910181e-05 YMOM        = 8.31136501e+24
TIME= 7.528910181e-05 ZMOM        = 9.066943647e+25
TIME= 7.528910181e-05 RHO*e       = 9.73028933e+51
TIME= 7.528910181e-05 RHO*E       = 1.00023712e+52

[STEP 62] Coarse TimeStep time: 2.009084166
[STEP 62] FAB kilobyte spread across MPI nodes: [14919272 ... 14919272]

STEP = 62 TIME = 7.528910181e-05 DT = 1.165985433e-06

Castro::estTimeStep (hydro-limited) at level 0:  estdt = 1.165434668e-06
[Level 0 step 63] ADVANCE with dt = 1.165434668e-06
[Level 0 step 63] Advanced 134217728 cells

TIME= 7.645453648e-05 MASS        = 1e+31
TIME= 7.645453648e-05 XMOM        = 4.533471824e+24
TIME= 7.645453648e-05 YMOM        = 1.012475374e+25
TIME= 7.645453648e-05 ZMOM        = 8.583373319e+25
TIME= 7.645453648e-05 RHO*e       = 9.725346651e+51
TIME= 7.645453648e-05 RHO*E       = 1.00023712e+52

[STEP 63] Coarse TimeStep time: 2.03656654
[STEP 63] FAB kilobyte spread across MPI nodes: [14919272 ... 14919272]

STEP = 63 TIME = 7.645453648e-05 DT = 1.165434668e-06

Castro::estTimeStep (hydro-limited) at level 0:  estdt = 1.164901159e-06
[Level 0 step 64] ADVANCE with dt = 1.164901159e-06
[Level 0 step 64] Advanced 134217728 cells

TIME= 7.761943763e-05 MASS        = 1e+31
TIME= 7.761943763e-05 XMOM        = -1.511157275e+23
TIME= 7.761943763e-05 YMOM        = -5.591281916e+24
TIME= 7.761943763e-05 ZMOM        = 8.341588155e+25
TIME= 7.761943763e-05 RHO*e       = 9.720402223e+51
TIME= 7.761943763e-05 RHO*E       = 1.00023712e+52

[STEP 64] Coarse TimeStep time: 2.032325327
[STEP 64] FAB kilobyte spread across MPI nodes: [14919272 ... 14919272]

STEP = 64 TIME = 7.761943763e-05 DT = 1.164901159e-06

Castro::estTimeStep (hydro-limited) at level 0:  estdt = 1.164266355e-06
[Level 0 step 65] ADVANCE with dt = 1.164266355e-06
[Level 0 step 65] Advanced 134217728 cells

TIME= 7.878370399e-05 MASS        = 1e+31
TIME= 7.878370399e-05 XMOM        = -2.614302085e+25
TIME= 7.878370399e-05 YMOM        = -2.599190512e+25
TIME= 7.878370399e-05 ZMOM        = 4.049901496e+25
TIME= 7.878370399e-05 RHO*e       = 9.71545674e+51
TIME= 7.878370399e-05 RHO*E       = 1.00023712e+52

[STEP 65] Coarse TimeStep time: 2.009783438
[STEP 65] FAB kilobyte spread across MPI nodes: [14919272 ... 14919272]

STEP = 65 TIME = 7.878370399e-05 DT = 1.164266355e-06

Castro::estTimeStep (hydro-limited) at level 0:  estdt = 1.163592302e-06
[Level 0 step 66] ADVANCE with dt = 1.163592302e-06
[Level 0 step 66] Advanced 134217728 cells

TIME= 7.994729629e-05 MASS        = 1e+31
TIME= 7.994729629e-05 XMOM        = 1.224037392e+25
TIME= 7.994729629e-05 YMOM        = 1.20892582e+25
TIME= 7.994729629e-05 ZMOM        = 8.764712192e+25
TIME= 7.994729629e-05 RHO*e       = 9.710510631e+51
TIME= 7.994729629e-05 RHO*E       = 1.00023712e+52

[STEP 66] Coarse TimeStep time: 2.036207318
[STEP 66] FAB kilobyte spread across MPI nodes: [14919272 ... 14919272]

STEP = 66 TIME = 7.994729629e-05 DT = 1.163592302e-06

Castro::estTimeStep (hydro-limited) at level 0:  estdt = 1.162944502e-06
[Level 0 step 67] ADVANCE with dt = 1.162944502e-06
[Level 0 step 67] Advanced 134217728 cells

TIME= 8.111024079e-05 MASS        = 1e+31
TIME= 8.111024079e-05 XMOM        = -7.933575691e+24
TIME= 8.111024079e-05 YMOM        = -1.072921665e+25
TIME= 8.111024079e-05 ZMOM        = 7.404670645e+25
TIME= 8.111024079e-05 RHO*e       = 9.705563995e+51
TIME= 8.111024079e-05 RHO*E       = 1.00023712e+52

[STEP 67] Coarse TimeStep time: 2.027128543
[STEP 67] FAB kilobyte spread across MPI nodes: [14919272 ... 14919272]

STEP = 67 TIME = 8.111024079e-05 DT = 1.162944502e-06

Castro::estTimeStep (hydro-limited) at level 0:  estdt = 1.162323277e-06
[Level 0 step 68] ADVANCE with dt = 1.162323277e-06
[Level 0 step 68] Advanced 134217728 cells

TIME= 8.227256407e-05 MASS        = 1e+31
TIME= 8.227256407e-05 XMOM        = -2.432963212e+25
TIME= 8.227256407e-05 YMOM        = -2.176066475e+25
TIME= 8.227256407e-05 ZMOM        = 9.006497356e+25
TIME= 8.227256407e-05 RHO*e       = 9.700616926e+51
TIME= 8.227256407e-05 RHO*E       = 1.00023712e+52

[STEP 68] Coarse TimeStep time: 1.993722105
[STEP 68] FAB kilobyte spread across MPI nodes: [14919272 ... 14919272]

STEP = 68 TIME = 8.227256407e-05 DT = 1.162323277e-06

Castro::estTimeStep (hydro-limited) at level 0:  estdt = 1.16168864e-06
[Level 0 step 69] ADVANCE with dt = 1.16168864e-06
[Level 0 step 69] Advanced 134217728 cells

TIME= 8.343425271e-05 MASS        = 1e+31
TIME= 8.343425271e-05 XMOM        = 1.02003116e+25
TIME= 8.343425271e-05 YMOM        = 1.012475374e+25
TIME= 8.343425271e-05 ZMOM        = 9.490067684e+25
TIME= 8.343425271e-05 RHO*e       = 9.695669737e+51
TIME= 8.343425271e-05 RHO*E       = 1.00023712e+52

[STEP 69] Coarse TimeStep time: 2.03483825
[STEP 69] FAB kilobyte spread across MPI nodes: [14919272 ... 14919272]

STEP = 69 TIME = 8.343425271e-05 DT = 1.16168864e-06

Castro::estTimeStep (hydro-limited) at level 0:  estdt = 1.161026522e-06
[Level 0 step 70] ADVANCE with dt = 1.161026522e-06
[Level 0 step 70] Advanced 134217728 cells

TIME= 8.459527923e-05 MASS        = 1e+31
TIME= 8.459527923e-05 XMOM        = 8.386922874e+24
TIME= 8.459527923e-05 YMOM        = 9.822522284e+24
TIME= 8.459527923e-05 ZMOM        = 7.011769754e+25
TIME= 8.459527923e-05 RHO*e       = 9.690722777e+51
TIME= 8.459527923e-05 RHO*E       = 1.00023712e+52

[STEP 70] Coarse TimeStep time: 2.014586448
[STEP 70] FAB kilobyte spread across MPI nodes: [14919272 ... 14919272]

STEP = 70 TIME = 8.459527923e-05 DT = 1.161026522e-06

Castro::estTimeStep (hydro-limited) at level 0:  estdt = 1.160402211e-06
[Level 0 step 71] ADVANCE with dt = 1.160402211e-06
[Level 0 step 71] Advanced 134217728 cells

TIME= 8.575568144e-05 MASS        = 1e+31
TIME= 8.575568144e-05 XMOM        = -5.969071234e+24
TIME= 8.575568144e-05 YMOM        = 5.440166188e+24
TIME= 8.575568144e-05 ZMOM        = 1.320751458e+26
TIME= 8.575568144e-05 RHO*e       = 9.685776065e+51
TIME= 8.575568144e-05 RHO*E       = 1.00023712e+52

[STEP 71] Coarse TimeStep time: 1.994660804
[STEP 71] FAB kilobyte spread across MPI nodes: [14919272 ... 14919272]

STEP = 71 TIME = 8.575568144e-05 DT = 1.160402211e-06

Castro::estTimeStep (hydro-limited) at level 0:  estdt = 1.159812757e-06
[Level 0 step 72] ADVANCE with dt = 1.159812757e-06
[Level 0 step 72] Advanced 134217728 cells

TIME= 8.69154942e-05 MASS        = 1e+31
TIME= 8.69154942e-05 XMOM        = -2.002283389e+25
TIME= 8.69154942e-05 YMOM        = -2.206289621e+25
TIME= 8.69154942e-05 ZMOM        = 1.06989935e+26
TIME= 8.69154942e-05 RHO*e       = 9.68082964e+51
TIME= 8.69154942e-05 RHO*E       = 1.00023712e+52

[STEP 72] Coarse TimeStep time: 1.992598643
[STEP 72] FAB kilobyte spread across MPI nodes: [14919272 ... 14919272]

STEP = 72 TIME = 8.69154942e-05 DT = 1.159812757e-06

Castro::estTimeStep (hydro-limited) at level 0:  estdt = 1.15925552e-06
[Level 0 step 73] ADVANCE with dt = 1.15925552e-06
[Level 0 step 73] Advanced 134217728 cells

TIME= 8.807474972e-05 MASS        = 1e+31
TIME= 8.807474972e-05 XMOM        = 1.352485761e+25
TIME= 8.807474972e-05 YMOM        = 1.012475374e+25
TIME= 8.807474972e-05 ZMOM        = 1.233104336e+26
TIME= 8.807474972e-05 RHO*e       = 9.67588357e+51
TIME= 8.807474972e-05 RHO*E       = 1.00023712e+52

[STEP 73] Coarse TimeStep time: 2.033717667
[STEP 73] FAB kilobyte spread across MPI nodes: [14919272 ... 14919272]

STEP = 73 TIME = 8.807474972e-05 DT = 1.15925552e-06

Castro::estTimeStep (hydro-limited) at level 0:  estdt = 1.158728141e-06
[Level 0 step 74] ADVANCE with dt = 1.158728141e-06
[Level 0 step 74] Advanced 134217728 cells

TIME= 8.923347786e-05 MASS        = 1e+31
TIME= 8.923347786e-05 XMOM        = 7.555786373e+22
TIME= 8.923347786e-05 YMOM        = 3.777893186e+24
TIME= 8.923347786e-05 ZMOM        = 4.684587551e+25
TIME= 8.923347786e-05 RHO*e       = 9.67093793e+51
TIME= 8.923347786e-05 RHO*E       = 1.00023712e+52

[STEP 74] Coarse TimeStep time: 2.046015756
[STEP 74] FAB kilobyte spread across MPI nodes: [14919272 ... 14919272]

STEP = 74 TIME = 8.923347786e-05 DT = 1.158728141e-06

Castro::estTimeStep (hydro-limited) at level 0:  estdt = 1.158228459e-06
[Level 0 step 75] ADVANCE with dt = 1.158228459e-06
[Level 0 step 75] Advanced 134217728 cells

TIME= 9.039170632e-05 MASS        = 1e+31
TIME= 9.039170632e-05 XMOM        = 1.752942438e+25
TIME= 9.039170632e-05 YMOM        = 1.526268847e+25
TIME= 9.039170632e-05 ZMOM        = 8.432257592e+25
TIME= 9.039170632e-05 RHO*e       = 9.665992788e+51
TIME= 9.039170632e-05 RHO*E       = 1.00023712e+52

[STEP 75] Coarse TimeStep time: 2.068052413
[STEP 75] FAB kilobyte spread across MPI nodes: [14919272 ... 14919272]

STEP = 75 TIME = 9.039170632e-05 DT = 1.158228459e-06

Castro::estTimeStep (hydro-limited) at level 0:  estdt = 1.157754445e-06
[Level 0 step 76] ADVANCE with dt = 1.157754445e-06
[Level 0 step 76] Advanced 134217728 cells

TIME= 9.154946076e-05 MASS        = 1e+31
TIME= 9.154946076e-05 XMOM        = -2.629413658e+25
TIME= 9.154946076e-05 YMOM        = -2.704971521e+25
TIME= 9.154946076e-05 ZMOM        = 5.621505061e+25
TIME= 9.154946076e-05 RHO*e       = 9.661048225e+51
TIME= 9.154946076e-05 RHO*E       = 1.00023712e+52

[STEP 76] Coarse TimeStep time: 2.002162883
[STEP 76] FAB kilobyte spread across MPI nodes: [14919272 ... 14919272]

STEP = 76 TIME = 9.154946076e-05 DT = 1.157754445e-06

Castro::estTimeStep (hydro-limited) at level 0:  estdt = 1.157304161e-06
[Level 0 step 77] ADVANCE with dt = 1.157304161e-06
[Level 0 step 77] Advanced 134217728 cells

TIME= 9.270676493e-05 MASS        = 1e+31
TIME= 9.270676493e-05 XMOM        = 1.435599411e+24
TIME= 9.270676493e-05 YMOM        = 4.231240369e+24
TIME= 9.270676493e-05 ZMOM        = 3.868562623e+25
TIME= 9.270676493e-05 RHO*e       = 9.656104296e+51
TIME= 9.270676493e-05 RHO*E       = 1.00023712e+52

[STEP 77] Coarse TimeStep time: 2.046276378
[STEP 77] FAB kilobyte spread across MPI nodes: [14919272 ... 14919272]

STEP = 77 TIME = 9.270676493e-05 DT = 1.157304161e-06

Castro::estTimeStep (hydro-limited) at level 0:  estdt = 1.156875778e-06
[Level 0 step 78] ADVANCE with dt = 1.156875778e-06
[Level 0 step 78] Advanced 134217728 cells

TIME= 9.38636407e-05 MASS        = 1e+31
TIME= 9.38636407e-05 XMOM        = 1.012475374e+25
TIME= 9.38636407e-05 YMOM        = 3.626777459e+24
TIME= 9.38636407e-05 ZMOM        = 9.157613084e+25
TIME= 9.38636407e-05 RHO*e       = 9.651161054e+51
TIME= 9.38636407e-05 RHO*E       = 1.00023712e+52

[STEP 78] Coarse TimeStep time: 1.988537221
[STEP 78] FAB kilobyte spread across MPI nodes: [14919272 ... 14919272]

STEP = 78 TIME = 9.38636407e-05 DT = 1.156875778e-06

Castro::estTimeStep (hydro-limited) at level 0:  estdt = 1.156467559e-06
[Level 0 step 79] ADVANCE with dt = 1.156467559e-06
[Level 0 step 79] Advanced 134217728 cells

TIME= 9.502010826e-05 MASS        = 1e+31
TIME= 9.502010826e-05 XMOM        = 5.969071234e+24
TIME= 9.502010826e-05 YMOM        = 1.813388729e+24
TIME= 9.502010826e-05 ZMOM        = 1.393287007e+26
TIME= 9.502010826e-05 RHO*e       = 9.646218561e+51
TIME= 9.502010826e-05 RHO*E       = 1.00023712e+52

[STEP 79] Coarse TimeStep time: 2.040833012
[STEP 79] FAB kilobyte spread across MPI nodes: [14919272 ... 14919272]

STEP = 79 TIME = 9.502010826e-05 DT = 1.156467559e-06

Castro::estTimeStep (hydro-limited) at level 0:  estdt = 1.156077872e-06
[Level 0 step 80] ADVANCE with dt = 1.156077872e-06
[Level 0 step 80] Advanced 134217728 cells

TIME= 9.617618614e-05 MASS        = 1e+31
TIME= 9.617618614e-05 XMOM        = 8.538038601e+24
TIME= 9.617618614e-05 YMOM        = 6.800207735e+24
TIME= 9.617618614e-05 ZMOM        = 5.289050461e+25
TIME= 9.617618614e-05 RHO*e       = 9.641276915e+51
TIME= 9.617618614e-05 RHO*E       = 1.00023712e+52

[STEP 80] Coarse TimeStep time: 2.023591888
[STEP 80] FAB kilobyte spread across MPI nodes: [14919272 ... 14919272]

STEP = 80 TIME = 9.617618614e-05 DT = 1.156077872e-06

Castro::estTimeStep (hydro-limited) at level 0:  estdt = 1.15570521e-06
[Level 0 step 81] ADVANCE with dt = 1.15570521e-06
[Level 0 step 81] Advanced 134217728 cells

TIME= 9.733189135e-05 MASS        = 1e+31
TIME= 9.733189135e-05 XMOM        = -4.080124641e+24
TIME= 9.733189135e-05 YMOM        = -3.626777459e+24
TIME= 9.733189135e-05 ZMOM        = 7.253554918e+25
TIME= 9.733189135e-05 RHO*e       = 9.636336184e+51
TIME= 9.733189135e-05 RHO*E       = 1.00023712e+52

[STEP 81] Coarse TimeStep time: 2.005752605
[STEP 81] FAB kilobyte spread across MPI nodes: [14919272 ... 14919272]

STEP = 81 TIME = 9.733189135e-05 DT = 1.15570521e-06

Castro::estTimeStep (hydro-limited) at level 0:  estdt = 1.155348161e-06
[Level 0 step 82] ADVANCE with dt = 1.155348161e-06
[Level 0 step 82] Advanced 134217728 cells

TIME= 9.848723951e-05 MASS        = 1e+31
TIME= 9.848723951e-05 XMOM        = -2.553855794e+25
TIME= 9.848723951e-05 YMOM        = -2.568967367e+25
TIME= 9.848723951e-05 ZMOM        = -3.022314549e+24
TIME= 9.848723951e-05 RHO*e       = 9.631396452e+51
TIME= 9.848723951e-05 RHO*E       = 1.00023712e+52

[STEP 82] Coarse TimeStep time: 1.988209613
[STEP 82] FAB kilobyte spread across MPI nodes: [14919272 ... 14919272]

STEP = 82 TIME = 9.848723951e-05 DT = 1.155348161e-06

Castro::estTimeStep (hydro-limited) at level 0:  estdt = 1.155005448e-06
[Level 0 step 83] ADVANCE with dt = 1.155005448e-06
[Level 0 step 83] Advanced 134217728 cells

TIME= 9.964224495e-05 MASS        = 1e+31
TIME= 9.964224495e-05 XMOM        = -1.072921665e+25
TIME= 9.964224495e-05 YMOM        = -1.480934129e+25
TIME= 9.964224495e-05 ZMOM        = -8.764712192e+24
TIME= 9.964224495e-05 RHO*e       = 9.62645779e+51
TIME= 9.964224495e-05 RHO*E       = 1.00023712e+52

[STEP 83] Coarse TimeStep time: 2.004031485
[STEP 83] FAB kilobyte spread across MPI nodes: [14919272 ... 14919272]

STEP = 83 TIME = 9.964224495e-05 DT = 1.155005448e-06

Castro::estTimeStep (hydro-limited) at level 0:  estdt = 1.154675988e-06
[Level 0 step 84] ADVANCE with dt = 1.154675988e-06
[Level 0 step 84] Advanced 134217728 cells

TIME= 0.0001007969209 MASS        = 1e+31
TIME= 0.0001007969209 XMOM        = -2.319626416e+25
TIME= 0.0001007969209 YMOM        = -1.632049856e+25
TIME= 0.0001007969209 ZMOM        = 2.992091404e+25
TIME= 0.0001007969209 RHO*e       = 9.621520286e+51
TIME= 0.0001007969209 RHO*E       = 1.00023712e+52

[STEP 84] Coarse TimeStep time: 2.060634641
[STEP 84] FAB kilobyte spread across MPI nodes: [14919272 ... 14919272]

STEP = 84 TIME = 0.0001007969209 DT = 1.154675988e-06

Castro::estTimeStep (hydro-limited) at level 0:  estdt = 1.154345774e-06
[Level 0 step 85] ADVANCE with dt = 1.154345774e-06
[Level 0 step 85] Advanced 134217728 cells

TIME= 0.0001019512667 MASS        = 1e+31
TIME= 0.0001019512667 XMOM        = -1.246704751e+25
TIME= 0.0001019512667 YMOM        = -8.160249282e+24
TIME= 0.0001019512667 ZMOM        = 8.462480737e+25
TIME= 0.0001019512667 RHO*e       = 9.616584095e+51
TIME= 0.0001019512667 RHO*E       = 1.00023712e+52

[STEP 85] Coarse TimeStep time: 2.014183132
[STEP 85] FAB kilobyte spread across MPI nodes: [14919272 ... 14919272]

STEP = 85 TIME = 0.0001019512667 DT = 1.154345774e-06

Castro::estTimeStep (hydro-limited) at level 0:  estdt = 1.153946478e-06
[Level 0 step 86] ADVANCE with dt = 1.153946478e-06
[Level 0 step 86] Advanced 134217728 cells

TIME= 0.0001031052132 MASS        = 1e+31
TIME= 0.0001031052132 XMOM        = 1.29203947e+25
TIME= 0.0001031052132 YMOM        = 8.764712192e+24
TIME= 0.0001031052132 ZMOM        = 1.964504457e+25
TIME= 0.0001031052132 RHO*e       = 9.611649657e+51
TIME= 0.0001031052132 RHO*E       = 1.00023712e+52

[STEP 86] Coarse TimeStep time: 2.075986775
[STEP 86] FAB kilobyte spread across MPI nodes: [14919272 ... 14919272]

STEP = 86 TIME = 0.0001031052132 DT = 1.153946478e-06

Castro::estTimeStep (hydro-limited) at level 0:  estdt = 1.15354386e-06
[Level 0 step 87] ADVANCE with dt = 1.15354386e-06
[Level 0 step 87] Advanced 134217728 cells

TIME= 0.0001042587571 MASS        = 1e+31
TIME= 0.0001042587571 XMOM        = 1.382708906e+25
TIME= 0.0001042587571 YMOM        = 1.178702674e+25
TIME= 0.0001042587571 ZMOM        = 9.671406557e+25
TIME= 0.0001042587571 RHO*e       = 9.606717107e+51
TIME= 0.0001042587571 RHO*E       = 1.00023712e+52

[STEP 87] Coarse TimeStep time: 2.017229354
[STEP 87] FAB kilobyte spread across MPI nodes: [14919272 ... 14919272]

STEP = 87 TIME = 0.0001042587571 DT = 1.15354386e-06

Castro::estTimeStep (hydro-limited) at level 0:  estdt = 1.15315462e-06
[Level 0 step 88] ADVANCE with dt = 1.15315462e-06
[Level 0 step 88] Advanced 134217728 cells

TIME= 0.0001054119117 MASS        = 1e+31
TIME= 0.0001054119117 XMOM        = -4.45791396e+24
TIME= 0.0001054119117 YMOM        = -6.649092008e+24
TIME= 0.0001054119117 ZMOM        = 3.747670041e+25
TIME= 0.0001054119117 RHO*e       = 9.60178652e+51
TIME= 0.0001054119117 RHO*E       = 1.00023712e+52

[STEP 88] Coarse TimeStep time: 2.053594978
[STEP 88] FAB kilobyte spread across MPI nodes: [14919272 ... 14919272]

STEP = 88 TIME = 0.0001054119117 DT = 1.15315462e-06

Castro::estTimeStep (hydro-limited) at level 0:  estdt = 1.152779715e-06
[Level 0 step 89] ADVANCE with dt = 1.152779715e-06
[Level 0 step 89] Advanced 134217728 cells

TIME= 0.0001065646914 MASS        = 1e+31
TIME= 0.0001065646914 XMOM        = 2.100508612e+25
TIME= 0.0001065646914 YMOM        = 2.327182203e+25
TIME= 0.0001065646914 ZMOM        = 1.06989935e+26
TIME= 0.0001065646914 RHO*e       = 9.596857959e+51
TIME= 0.0001065646914 RHO*E       = 1.00023712e+52

[STEP 89] Coarse TimeStep time: 2.046705665
[STEP 89] FAB kilobyte spread across MPI nodes: [14919272 ... 14919272]

STEP = 89 TIME = 0.0001065646914 DT = 1.152779715e-06

Castro::estTimeStep (hydro-limited) at level 0:  estdt = 1.152419666e-06
[Level 0 step 90] ADVANCE with dt = 1.152419666e-06
[Level 0 step 90] Advanced 134217728 cells

TIME= 0.0001077171111 MASS        = 1e+31
TIME= 0.0001077171111 XMOM        = 1.526268847e+25
TIME= 0.0001077171111 YMOM        = 1.465822556e+25
TIME= 0.0001077171111 ZMOM        = 4.231240369e+25
TIME= 0.0001077171111 RHO*e       = 9.591931471e+51
TIME= 0.0001077171111 RHO*E       = 1.00023712e+52

[STEP 90] Coarse TimeStep time: 2.019966796
[STEP 90] FAB kilobyte spread across MPI nodes: [14919272 ... 14919272]

STEP = 90 TIME = 0.0001077171111 DT = 1.152419666e-06

Castro::estTimeStep (hydro-limited) at level 0:  estdt = 1.152075754e-06
[Level 0 step 91] ADVANCE with dt = 1.152075754e-06
[Level 0 step 91] Advanced 134217728 cells

TIME= 0.0001088691868 MASS        = 1e+31
TIME= 0.0001088691868 XMOM        = 1.473378343e+25
TIME= 0.0001088691868 YMOM        = 1.526268847e+25
TIME= 0.0001088691868 ZMOM        = 2.357405348e+25
TIME= 0.0001088691868 RHO*e       = 9.587007099e+51
TIME= 0.0001088691868 RHO*E       = 1.00023712e+52

[STEP 91] Coarse TimeStep time: 1.995697218
[STEP 91] FAB kilobyte spread across MPI nodes: [14919272 ... 14919272]

STEP = 91 TIME = 0.0001088691868 DT = 1.152075754e-06

Castro::estTimeStep (hydro-limited) at level 0:  estdt = 1.15174744e-06
[Level 0 step 92] ADVANCE with dt = 1.15174744e-06
[Level 0 step 92] Advanced 134217728 cells

TIME= 0.0001100209342 MASS        = 1e+31
TIME= 0.0001100209342 XMOM        = -4.480581319e+25
TIME= 0.0001100209342 YMOM        = -5.334385179e+25
TIME= 0.0001100209342 ZMOM        = 2.055173893e+25
TIME= 0.0001100209342 RHO*e       = 9.5820849e+51
TIME= 0.0001100209342 RHO*E       = 1.00023712e+52

[STEP 92] Coarse TimeStep time: 2.040964321
[STEP 92] FAB kilobyte spread across MPI nodes: [14919272 ... 14919272]

STEP = 92 TIME = 0.0001100209342 DT = 1.15174744e-06

Castro::estTimeStep (hydro-limited) at level 0:  estdt = 1.151434363e-06
[Level 0 step 93] ADVANCE with dt = 1.151434363e-06
[Level 0 step 93] Advanced 134217728 cells

TIME= 0.0001111723686 MASS        = 1e+31
TIME= 0.0001111723686 XMOM        = 1.352485761e+25
TIME= 0.0001111723686 YMOM        = 1.54138042e+25
TIME= 0.0001111723686 ZMOM        = 5.712174498e+25
TIME= 0.0001111723686 RHO*e       = 9.577164935e+51
TIME= 0.0001111723686 RHO*E       = 1.00023712e+52

[STEP 93] Coarse TimeStep time: 2.015819119
[STEP 93] FAB kilobyte spread across MPI nodes: [14919272 ... 14919272]

STEP = 93 TIME = 0.0001111723686 DT = 1.151434363e-06

Castro::estTimeStep (hydro-limited) at level 0:  estdt = 1.151137653e-06
[Level 0 step 94] ADVANCE with dt = 1.151137653e-06
[Level 0 step 94] Advanced 134217728 cells

TIME= 0.0001123235063 MASS        = 1e+31
TIME= 0.0001123235063 XMOM        = -1.29203947e+25
TIME= 0.0001123235063 YMOM        = -1.526268847e+25
TIME= 0.0001123235063 ZMOM        = -3.203653422e+25
TIME= 0.0001123235063 RHO*e       = 9.572247236e+51
TIME= 0.0001123235063 RHO*E       = 1.00023712e+52

[STEP 94] Coarse TimeStep time: 1.996449968
[STEP 94] FAB kilobyte spread across MPI nodes: [14919272 ... 14919272]

STEP = 94 TIME = 0.0001123235063 DT = 1.151137653e-06

Castro::estTimeStep (hydro-limited) at level 0:  estdt = 1.150856728e-06
[Level 0 step 95] ADVANCE with dt = 1.150856728e-06
[Level 0 step 95] Advanced 134217728 cells

TIME= 0.000113474363 MASS        = 1e+31
TIME= 0.000113474363 XMOM        = -2.39518428e+25
TIME= 0.000113474363 YMOM        = -2.055173893e+25
TIME= 0.000113474363 ZMOM        = -1.571603565e+25
TIME= 0.000113474363 RHO*e       = 9.567331847e+51
TIME= 0.000113474363 RHO*E       = 1.00023712e+52

[STEP 95] Coarse TimeStep time: 2.007576923
[STEP 95] FAB kilobyte spread across MPI nodes: [14919272 ... 14919272]

STEP = 95 TIME = 0.000113474363 DT = 1.150856728e-06

Castro::estTimeStep (hydro-limited) at level 0:  estdt = 1.15058946e-06
[Level 0 step 96] ADVANCE with dt = 1.15058946e-06
[Level 0 step 96] Advanced 134217728 cells

TIME= 0.0001146249525 MASS        = 1e+31
TIME= 0.0001146249525 XMOM        = -2.410295853e+25
TIME= 0.0001146249525 YMOM        = -2.810752531e+25
TIME= 0.0001146249525 ZMOM        = -4.533471824e+24
TIME= 0.0001146249525 RHO*e       = 9.562418827e+51
TIME= 0.0001146249525 RHO*E       = 1.00023712e+52

[STEP 96] Coarse TimeStep time: 2.028383941
[STEP 96] FAB kilobyte spread across MPI nodes: [14919272 ... 14919272]

STEP = 96 TIME = 0.0001146249525 DT = 1.15058946e-06

Castro::estTimeStep (hydro-limited) at level 0:  estdt = 1.150335253e-06
[Level 0 step 97] ADVANCE with dt = 1.150335253e-06
[Level 0 step 97] Advanced 134217728 cells

TIME= 0.0001157752877 MASS        = 1e+31
TIME= 0.0001157752877 XMOM        = 1.450710984e+25
TIME= 0.0001157752877 YMOM        = 1.813388729e+25
TIME= 0.0001157752877 ZMOM        = 4.986819006e+25
TIME= 0.0001157752877 RHO*e       = 9.557508217e+51
TIME= 0.0001157752877 RHO*E       = 1.00023712e+52

[STEP 97] Coarse TimeStep time: 2.027400468
[STEP 97] FAB kilobyte spread across MPI nodes: [14919272 ... 14919272]

STEP = 97 TIME = 0.0001157752877 DT = 1.150335253e-06

Castro::estTimeStep (hydro-limited) at level 0:  estdt = 1.150092781e-06
[Level 0 step 98] ADVANCE with dt = 1.150092781e-06
[Level 0 step 98] Advanced 134217728 cells

TIME= 0.0001169253805 MASS        = 1e+31
TIME= 0.0001169253805 XMOM        = -3.483217518e+25
TIME= 0.0001169253805 YMOM        = -3.143207131e+25
TIME= 0.0001169253805 ZMOM        = 4.442802387e+25
TIME= 0.0001169253805 RHO*e       = 9.552600066e+51
TIME= 0.0001169253805 RHO*E       = 1.00023712e+52

[STEP 98] Coarse TimeStep time: 2.0197507
[STEP 98] FAB kilobyte spread across MPI nodes: [14919272 ... 14919272]

STEP = 98 TIME = 0.0001169253805 DT = 1.150092781e-06

Castro::estTimeStep (hydro-limited) at level 0:  estdt = 1.149860862e-06
[Level 0 step 99] ADVANCE with dt = 1.149860862e-06
[Level 0 step 99] Advanced 134217728 cells

TIME= 0.0001180752413 MASS        = 1e+31
TIME= 0.0001180752413 XMOM        = 1.926725525e+25
TIME= 0.0001180752413 YMOM        = 1.722719293e+25
TIME= 0.0001180752413 ZMOM        = 7.616232664e+25
TIME= 0.0001180752413 RHO*e       = 9.547694443e+51
TIME= 0.0001180752413 RHO*E       = 1.00023712e+52

[STEP 99] Coarse TimeStep time: 2.029247066
[STEP 99] FAB kilobyte spread across MPI nodes: [14919272 ... 14919272]

STEP = 99 TIME = 0.0001180752413 DT = 1.149860862e-06

Castro::estTimeStep (hydro-limited) at level 0:  estdt = 1.149638269e-06
[Level 0 step 100] ADVANCE with dt = 1.149638269e-06
[Level 0 step 100] Advanced 134217728 cells

TIME= 0.0001192248796 MASS        = 1e+31
TIME= 0.0001192248796 XMOM        = 7.858017827e+24
TIME= 0.0001192248796 YMOM        = 5.440166188e+24
TIME= 0.0001192248796 ZMOM        = 3.777893186e+25
TIME= 0.0001192248796 RHO*e       = 9.542791405e+51
TIME= 0.0001192248796 RHO*E       = 1.00023712e+52

[STEP 100] Coarse TimeStep time: 2.025931523
[STEP 100] FAB kilobyte spread across MPI nodes: [14919272 ... 14919272]

STEP = 100 TIME = 0.0001192248796 DT = 1.149638269e-06


Ending run at 11:36:49 UTC on 2017-10-20.
Run time = 201.4515734
Run time without initialization = 199.0747913

  Figure of Merit (zones / usec): 67.421

Unused ParmParse Variables:
[TOP]::amr.ref_ratio(nvals = 4)  :: [2, 2, 2, 2]
[TOP]::amr.regrid_int(nvals = 1)  :: [2]
done.
