MPI initialized with 64 MPI processes
CUDA initialized using 64 GPUs out of 64 available

Starting run at 11:38:39 UTC on 2017-10-20.
Successfully read inputs file ... 

Castro git describe: 17.07-39-ga07bb0f
AMReX git describe: 17.10-602-g48118035f

reading extern runtime parameters ...
FORTRAN:Warning:: small_dens has not been set, defaulting to 1.e-200_rt.!
FORTRAN:Warning:: small_temp has not been set, defaulting to 1.e-200_rt.!
 
 Initializing Helmholtz EOS and using Coulomb corrections.
 
 BOXLIB WARN: 
 EOS: small_temp cannot be less than the mintemp allowed by the EOS. Resetting small_temp to mintemp.
 BOXLIB WARN: 
 EOS: small_dens cannot be less than the mindens allowed by the EOS. Resetting small_dens to mindens.
Successfully read inputs file ... 
Starting to call amrex_probinit ... 
Successfully run amrex_probinit
Initializing the data at level 0
Done initializing the level 0 data 
Castro::estTimeStep (hydro-limited) at level 0:  estdt = 1.403348085e-06

TIME= 0 MASS        = 1e+31
TIME= 0 XMOM        = 0
TIME= 0 YMOM        = 0
TIME= 0 ZMOM        = 0
TIME= 0 RHO*e       = 1.00023712e+52
TIME= 0 RHO*E       = 1.00023712e+52
INITIAL GRIDS 
  Level 0   64 grids  134217728 cells  100 % of domain
            smallest grid: 128 x 128 x 128  biggest grid: 128 x 128 x 128

Castro::estTimeStep (hydro-limited) at level 0:  estdt = 1.403348085e-06
[Level 0 step 1] ADVANCE with dt = 1.403348085e-06
[Level 0 step 1] Advanced 134217728 cells

TIME= 1.403348085e-06 MASS        = 1e+31
TIME= 1.403348085e-06 XMOM        = -5.902958104e+21
TIME= 1.403348085e-06 YMOM        = -1.416709945e+22
TIME= 1.403348085e-06 ZMOM        = -9.916969614e+22
TIME= 1.403348085e-06 RHO*e       = 1.000148612e+52
TIME= 1.403348085e-06 RHO*E       = 1.00023712e+52

[STEP 1] Coarse TimeStep time: 1.657883167
[STEP 1] FAB kilobyte spread across MPI nodes: [7526128 ... 7526128]

STEP = 1 TIME = 1.403348085e-06 DT = 1.403348085e-06

Castro::estTimeStep (hydro-limited) at level 0:  estdt = 1.360989686e-06
[Level 0 step 2] ADVANCE with dt = 1.360989686e-06
[Level 0 step 2] Advanced 134217728 cells

TIME= 2.764337771e-06 MASS        = 1e+31
TIME= 2.764337771e-06 XMOM        = -6.375194752e+22
TIME= 2.764337771e-06 YMOM        = -6.139076428e+22
TIME= 2.764337771e-06 ZMOM        = -9.066943647e+23
TIME= 2.764337771e-06 RHO*e       = 9.999446719e+51
TIME= 2.764337771e-06 RHO*E       = 1.00023712e+52

[STEP 2] Coarse TimeStep time: 1.301579985
[STEP 2] FAB kilobyte spread across MPI nodes: [7526128 ... 7526128]

STEP = 2 TIME = 2.764337771e-06 DT = 1.360989686e-06

Castro::estTimeStep (hydro-limited) at level 0:  estdt = 1.330546378e-06
[Level 0 step 3] ADVANCE with dt = 1.330546378e-06
[Level 0 step 3] Advanced 134217728 cells

TIME= 4.094884149e-06 MASS        = 1e+31
TIME= 4.094884149e-06 XMOM        = 9.444732966e+21
TIME= 4.094884149e-06 YMOM        = 3.777893186e+22
TIME= 4.094884149e-06 ZMOM        = -4.439024494e+23
TIME= 4.094884149e-06 RHO*e       = 9.996765089e+51
TIME= 4.094884149e-06 RHO*E       = 1.00023712e+52

[STEP 3] Coarse TimeStep time: 1.117880092
[STEP 3] FAB kilobyte spread across MPI nodes: [7526128 ... 7526128]

STEP = 3 TIME = 4.094884149e-06 DT = 1.330546378e-06

Castro::estTimeStep (hydro-limited) at level 0:  estdt = 1.306877472e-06
[Level 0 step 4] ADVANCE with dt = 1.306877472e-06
[Level 0 step 4] Advanced 134217728 cells

TIME= 5.401761621e-06 MASS        = 1e+31
TIME= 5.401761621e-06 XMOM        = -1.133367956e+23
TIME= 5.401761621e-06 YMOM        = -1.038920626e+23
TIME= 5.401761621e-06 ZMOM        = -1.888946593e+22
TIME= 5.401761621e-06 RHO*e       = 9.993816531e+51
TIME= 5.401761621e-06 RHO*E       = 1.00023712e+52

[STEP 4] Coarse TimeStep time: 1.203396859
[STEP 4] FAB kilobyte spread across MPI nodes: [7526128 ... 7526128]

STEP = 4 TIME = 5.401761621e-06 DT = 1.306877472e-06

Castro::estTimeStep (hydro-limited) at level 0:  estdt = 1.291926156e-06
[Level 0 step 5] ADVANCE with dt = 1.291926156e-06
[Level 0 step 5] Advanced 134217728 cells

TIME= 6.693687777e-06 MASS        = 1e+31
TIME= 6.693687777e-06 XMOM        = -2.455630571e+23
TIME= 6.693687777e-06 YMOM        = -3.305656538e+23
TIME= 6.693687777e-06 ZMOM        = -4.722366483e+23
TIME= 6.693687777e-06 RHO*e       = 9.990742593e+51
TIME= 6.693687777e-06 RHO*E       = 1.00023712e+52

[STEP 5] Coarse TimeStep time: 1.248977799
[STEP 5] FAB kilobyte spread across MPI nodes: [7526128 ... 7526128]

STEP = 5 TIME = 6.693687777e-06 DT = 1.291926156e-06

Castro::estTimeStep (hydro-limited) at level 0:  estdt = 1.283404597e-06
[Level 0 step 6] ADVANCE with dt = 1.283404597e-06
[Level 0 step 6] Advanced 134217728 cells

TIME= 7.977092374e-06 MASS        = 1e+31
TIME= 7.977092374e-06 XMOM        = -8.500259669e+22
TIME= 7.977092374e-06 YMOM        = -1.416709945e+23
TIME= 7.977092374e-06 ZMOM        = 1.851167661e+24
TIME= 7.977092374e-06 RHO*e       = 9.987553438e+51
TIME= 7.977092374e-06 RHO*E       = 1.00023712e+52

[STEP 6] Coarse TimeStep time: 1.159014067
[STEP 6] FAB kilobyte spread across MPI nodes: [7526128 ... 7526128]

STEP = 6 TIME = 7.977092374e-06 DT = 1.283404597e-06

Castro::estTimeStep (hydro-limited) at level 0:  estdt = 1.280584112e-06
[Level 0 step 7] ADVANCE with dt = 1.280584112e-06
[Level 0 step 7] Advanced 134217728 cells

TIME= 9.257676486e-06 MASS        = 1e+31
TIME= 9.257676486e-06 XMOM        = 4.061235175e+23
TIME= 9.257676486e-06 YMOM        = -2.64452523e+23
TIME= 9.257676486e-06 ZMOM        = -4.155682505e+23
TIME= 9.257676486e-06 RHO*e       = 9.98421803e+51
TIME= 9.257676486e-06 RHO*E       = 1.00023712e+52

[STEP 7] Coarse TimeStep time: 1.220349635
[STEP 7] FAB kilobyte spread across MPI nodes: [7526128 ... 7526128]

STEP = 7 TIME = 9.257676486e-06 DT = 1.280584112e-06

Castro::estTimeStep (hydro-limited) at level 0:  estdt = 1.276005984e-06
[Level 0 step 8] ADVANCE with dt = 1.276005984e-06
[Level 0 step 8] Advanced 134217728 cells

TIME= 1.053368247e-05 MASS        = 1e+31
TIME= 1.053368247e-05 XMOM        = 3.211209208e+23
TIME= 1.053368247e-05 YMOM        = -2.455630571e+23
TIME= 1.053368247e-05 ZMOM        = -3.626777459e+24
TIME= 1.053368247e-05 RHO*e       = 9.980735262e+51
TIME= 1.053368247e-05 RHO*E       = 1.00023712e+52

[STEP 8] Coarse TimeStep time: 1.247384961
[STEP 8] FAB kilobyte spread across MPI nodes: [7526128 ... 7526128]

STEP = 8 TIME = 1.053368247e-05 DT = 1.276005984e-06

Castro::estTimeStep (hydro-limited) at level 0:  estdt = 1.271156113e-06
[Level 0 step 9] ADVANCE with dt = 1.271156113e-06
[Level 0 step 9] Advanced 134217728 cells

TIME= 1.180483858e-05 MASS        = 1e+31
TIME= 1.180483858e-05 XMOM        = -6.894655065e+23
TIME= 1.180483858e-05 YMOM        = -8.122470351e+23
TIME= 1.180483858e-05 ZMOM        = 4.835703278e+24
TIME= 1.180483858e-05 RHO*e       = 9.977113147e+51
TIME= 1.180483858e-05 RHO*E       = 1.00023712e+52

[STEP 9] Coarse TimeStep time: 1.207716879
[STEP 9] FAB kilobyte spread across MPI nodes: [7526128 ... 7526128]

STEP = 9 TIME = 1.180483858e-05 DT = 1.271156113e-06

Castro::estTimeStep (hydro-limited) at level 0:  estdt = 1.267389154e-06
[Level 0 step 10] ADVANCE with dt = 1.267389154e-06
[Level 0 step 10] Advanced 134217728 cells

TIME= 1.307222774e-05 MASS        = 1e+31
TIME= 1.307222774e-05 XMOM        = -6.894655065e+23
TIME= 1.307222774e-05 YMOM        = -9.444732966e+23
TIME= 1.307222774e-05 ZMOM        = -4.571250755e+24
TIME= 1.307222774e-05 RHO*e       = 9.973362107e+51
TIME= 1.307222774e-05 RHO*E       = 1.00023712e+52

[STEP 10] Coarse TimeStep time: 1.189141982
[STEP 10] FAB kilobyte spread across MPI nodes: [7526128 ... 7526128]

STEP = 10 TIME = 1.307222774e-05 DT = 1.267389154e-06

Castro::estTimeStep (hydro-limited) at level 0:  estdt = 1.26412477e-06
[Level 0 step 11] ADVANCE with dt = 1.26412477e-06
[Level 0 step 11] Advanced 134217728 cells

TIME= 1.433635251e-05 MASS        = 1e+31
TIME= 1.433635251e-05 XMOM        = 1.511157275e+23
TIME= 1.433635251e-05 YMOM        = 9.444732966e+22
TIME= 1.433635251e-05 ZMOM        = -1.62449407e+24
TIME= 1.433635251e-05 RHO*e       = 9.969495549e+51
TIME= 1.433635251e-05 RHO*E       = 1.00023712e+52

[STEP 11] Coarse TimeStep time: 1.194807634
[STEP 11] FAB kilobyte spread across MPI nodes: [7526128 ... 7526128]

STEP = 11 TIME = 1.433635251e-05 DT = 1.26412477e-06

Castro::estTimeStep (hydro-limited) at level 0:  estdt = 1.260957975e-06
[Level 0 step 12] ADVANCE with dt = 1.260957975e-06
[Level 0 step 12] Advanced 134217728 cells

TIME= 1.559731048e-05 MASS        = 1e+31
TIME= 1.559731048e-05 XMOM        = -7.555786373e+22
TIME= 1.559731048e-05 YMOM        = -3.966787846e+23
TIME= 1.559731048e-05 ZMOM        = 4.533471824e+24
TIME= 1.559731048e-05 RHO*e       = 9.965528571e+51
TIME= 1.559731048e-05 RHO*E       = 1.00023712e+52

[STEP 12] Coarse TimeStep time: 1.22150826
[STEP 12] FAB kilobyte spread across MPI nodes: [7526128 ... 7526128]

STEP = 12 TIME = 1.559731048e-05 DT = 1.260957975e-06

Castro::estTimeStep (hydro-limited) at level 0:  estdt = 1.257817026e-06
[Level 0 step 13] ADVANCE with dt = 1.257817026e-06
[Level 0 step 13] Advanced 134217728 cells

TIME= 1.685512751e-05 MASS        = 1e+31
TIME= 1.685512751e-05 XMOM        = -1.964504457e+24
TIME= 1.685512751e-05 YMOM        = -1.548936206e+24
TIME= 1.685512751e-05 ZMOM        = -7.555786373e+24
TIME= 1.685512751e-05 RHO*e       = 9.961473475e+51
TIME= 1.685512751e-05 RHO*E       = 1.00023712e+52

[STEP 13] Coarse TimeStep time: 1.217436391
[STEP 13] FAB kilobyte spread across MPI nodes: [7526128 ... 7526128]

STEP = 13 TIME = 1.685512751e-05 DT = 1.257817026e-06

Castro::estTimeStep (hydro-limited) at level 0:  estdt = 1.252804653e-06
[Level 0 step 14] ADVANCE with dt = 1.252804653e-06
[Level 0 step 14] Advanced 134217728 cells

TIME= 1.810793216e-05 MASS        = 1e+31
TIME= 1.810793216e-05 XMOM        = 7.366891713e+23
TIME= 1.810793216e-05 YMOM        = 3.022314549e+23
TIME= 1.810793216e-05 ZMOM        = 1.035142733e+25
TIME= 1.810793216e-05 RHO*e       = 9.957346869e+51
TIME= 1.810793216e-05 RHO*E       = 1.00023712e+52

[STEP 14] Coarse TimeStep time: 1.218747667
[STEP 14] FAB kilobyte spread across MPI nodes: [7526128 ... 7526128]

STEP = 14 TIME = 1.810793216e-05 DT = 1.252804653e-06

Castro::estTimeStep (hydro-limited) at level 0:  estdt = 1.247634546e-06
[Level 0 step 15] ADVANCE with dt = 1.247634546e-06
[Level 0 step 15] Advanced 134217728 cells

TIME= 1.935556671e-05 MASS        = 1e+31
TIME= 1.935556671e-05 XMOM        = -1.378931013e+24
TIME= 1.935556671e-05 YMOM        = -1.662273002e+24
TIME= 1.935556671e-05 ZMOM        = 3.702335323e+24
TIME= 1.935556671e-05 RHO*e       = 9.953157759e+51
TIME= 1.935556671e-05 RHO*E       = 1.00023712e+52

[STEP 15] Coarse TimeStep time: 1.215401062
[STEP 15] FAB kilobyte spread across MPI nodes: [7526128 ... 7526128]

STEP = 15 TIME = 1.935556671e-05 DT = 1.247634546e-06

Castro::estTimeStep (hydro-limited) at level 0:  estdt = 1.242830345e-06
[Level 0 step 16] ADVANCE with dt = 1.242830345e-06
[Level 0 step 16] Advanced 134217728 cells

TIME= 2.059839705e-05 MASS        = 1e+31
TIME= 2.059839705e-05 XMOM        = 1.095589024e+24
TIME= 2.059839705e-05 YMOM        = 1.511157275e+23
TIME= 2.059839705e-05 ZMOM        = 1.941837098e+25
TIME= 2.059839705e-05 RHO*e       = 9.948911864e+51
TIME= 2.059839705e-05 RHO*E       = 1.00023712e+52

[STEP 16] Coarse TimeStep time: 1.222101967
[STEP 16] FAB kilobyte spread across MPI nodes: [7526128 ... 7526128]

STEP = 16 TIME = 2.059839705e-05 DT = 1.242830345e-06

Castro::estTimeStep (hydro-limited) at level 0:  estdt = 1.238445432e-06
[Level 0 step 17] ADVANCE with dt = 1.238445432e-06
[Level 0 step 17] Advanced 134217728 cells

TIME= 2.183684249e-05 MASS        = 1e+31
TIME= 2.183684249e-05 XMOM        = 2.153399116e+24
TIME= 2.183684249e-05 YMOM        = 1.775609798e+24
TIME= 2.183684249e-05 ZMOM        = 2.591634726e+25
TIME= 2.183684249e-05 RHO*e       = 9.944614085e+51
TIME= 2.183684249e-05 RHO*E       = 1.00023712e+52

[STEP 17] Coarse TimeStep time: 1.220069769
[STEP 17] FAB kilobyte spread across MPI nodes: [7526128 ... 7526128]

STEP = 17 TIME = 2.183684249e-05 DT = 1.238445432e-06

Castro::estTimeStep (hydro-limited) at level 0:  estdt = 1.234448454e-06
[Level 0 step 18] ADVANCE with dt = 1.234448454e-06
[Level 0 step 18] Advanced 134217728 cells

TIME= 2.307129094e-05 MASS        = 1e+31
TIME= 2.307129094e-05 XMOM        = -9.255838306e+23
TIME= 2.307129094e-05 YMOM        = -4.911261142e+23
TIME= 2.307129094e-05 ZMOM        = -4.306798232e+24
TIME= 2.307129094e-05 RHO*e       = 9.940268509e+51
TIME= 2.307129094e-05 RHO*E       = 1.00023712e+52

[STEP 18] Coarse TimeStep time: 1.188095058
[STEP 18] FAB kilobyte spread across MPI nodes: [7526128 ... 7526128]

STEP = 18 TIME = 2.307129094e-05 DT = 1.234448454e-06

Castro::estTimeStep (hydro-limited) at level 0:  estdt = 1.230698589e-06
[Level 0 step 19] ADVANCE with dt = 1.230698589e-06
[Level 0 step 19] Advanced 134217728 cells

TIME= 2.430198953e-05 MASS        = 1e+31
TIME= 2.430198953e-05 XMOM        = 2.398962173e+24
TIME= 2.430198953e-05 YMOM        = 2.757862026e+24
TIME= 2.430198953e-05 ZMOM        = 1.057810092e+25
TIME= 2.430198953e-05 RHO*e       = 9.935879127e+51
TIME= 2.430198953e-05 RHO*E       = 1.00023712e+52

[STEP 19] Coarse TimeStep time: 1.249405924
[STEP 19] FAB kilobyte spread across MPI nodes: [7526128 ... 7526128]

STEP = 19 TIME = 2.430198953e-05 DT = 1.230698589e-06

Castro::estTimeStep (hydro-limited) at level 0:  estdt = 1.226187747e-06
[Level 0 step 20] ADVANCE with dt = 1.226187747e-06
[Level 0 step 20] Advanced 134217728 cells

TIME= 2.552817728e-05 MASS        = 1e+31
TIME= 2.552817728e-05 XMOM        = 3.475661731e+24
TIME= 2.552817728e-05 YMOM        = 2.417851639e+24
TIME= 2.552817728e-05 ZMOM        = 1.964504457e+24
TIME= 2.552817728e-05 RHO*e       = 9.931453234e+51
TIME= 2.552817728e-05 RHO*E       = 1.00023712e+52

[STEP 20] Coarse TimeStep time: 1.24328699
[STEP 20] FAB kilobyte spread across MPI nodes: [7526128 ... 7526128]

STEP = 20 TIME = 2.552817728e-05 DT = 1.226187747e-06

Castro::estTimeStep (hydro-limited) at level 0:  estdt = 1.221974551e-06
[Level 0 step 21] ADVANCE with dt = 1.221974551e-06
[Level 0 step 21] Advanced 134217728 cells

TIME= 2.675015183e-05 MASS        = 1e+31
TIME= 2.675015183e-05 XMOM        = -1.926725525e+24
TIME= 2.675015183e-05 YMOM        = -9.066943647e+23
TIME= 2.675015183e-05 ZMOM        = 5.289050461e+23
TIME= 2.675015183e-05 RHO*e       = 9.926993676e+51
TIME= 2.675015183e-05 RHO*E       = 1.00023712e+52

[STEP 21] Coarse TimeStep time: 1.203491176
[STEP 21] FAB kilobyte spread across MPI nodes: [7526128 ... 7526128]

STEP = 21 TIME = 2.675015183e-05 DT = 1.221974551e-06

Castro::estTimeStep (hydro-limited) at level 0:  estdt = 1.218126125e-06
[Level 0 step 22] ADVANCE with dt = 1.218126125e-06
[Level 0 step 22] Advanced 134217728 cells

TIME= 2.796827795e-05 MASS        = 1e+31
TIME= 2.796827795e-05 XMOM        = 3.513440663e+24
TIME= 2.796827795e-05 YMOM        = 3.815672118e+24
TIME= 2.796827795e-05 ZMOM        = 1.360041547e+24
TIME= 2.796827795e-05 RHO*e       = 9.922502665e+51
TIME= 2.796827795e-05 RHO*E       = 1.00023712e+52

[STEP 22] Coarse TimeStep time: 1.22891617
[STEP 22] FAB kilobyte spread across MPI nodes: [7526128 ... 7526128]

STEP = 22 TIME = 2.796827795e-05 DT = 1.218126125e-06

Castro::estTimeStep (hydro-limited) at level 0:  estdt = 1.214626659e-06
[Level 0 step 23] ADVANCE with dt = 1.214626659e-06
[Level 0 step 23] Advanced 134217728 cells

TIME= 2.918290461e-05 MASS        = 1e+31
TIME= 2.918290461e-05 XMOM        = 2.247846446e+24
TIME= 2.918290461e-05 YMOM        = 2.266735912e+24
TIME= 2.918290461e-05 ZMOM        = 1.662273002e+25
TIME= 2.918290461e-05 RHO*e       = 9.917982287e+51
TIME= 2.918290461e-05 RHO*E       = 1.00023712e+52

[STEP 23] Coarse TimeStep time: 1.196575004
[STEP 23] FAB kilobyte spread across MPI nodes: [7526128 ... 7526128]

STEP = 23 TIME = 2.918290461e-05 DT = 1.214626659e-06

Castro::estTimeStep (hydro-limited) at level 0:  estdt = 1.211426928e-06
[Level 0 step 24] ADVANCE with dt = 1.211426928e-06
[Level 0 step 24] Advanced 134217728 cells

TIME= 3.039433154e-05 MASS        = 1e+31
TIME= 3.039433154e-05 XMOM        = 4.533471824e+23
TIME= 3.039433154e-05 YMOM        = -2.64452523e+23
TIME= 3.039433154e-05 ZMOM        = -1.284483683e+24
TIME= 3.039433154e-05 RHO*e       = 9.91343438e+51
TIME= 3.039433154e-05 RHO*E       = 1.00023712e+52

[STEP 24] Coarse TimeStep time: 1.228825258
[STEP 24] FAB kilobyte spread across MPI nodes: [7526128 ... 7526128]

STEP = 24 TIME = 3.039433154e-05 DT = 1.211426928e-06

Castro::estTimeStep (hydro-limited) at level 0:  estdt = 1.208481594e-06
[Level 0 step 25] ADVANCE with dt = 1.208481594e-06
[Level 0 step 25] Advanced 134217728 cells

TIME= 3.160281313e-05 MASS        = 1e+31
TIME= 3.160281313e-05 XMOM        = -1.983393923e+24
TIME= 3.160281313e-05 YMOM        = -2.304514844e+24
TIME= 3.160281313e-05 ZMOM        = 1.571603565e+25
TIME= 3.160281313e-05 RHO*e       = 9.908860583e+51
TIME= 3.160281313e-05 RHO*E       = 1.00023712e+52

[STEP 25] Coarse TimeStep time: 1.192131342
[STEP 25] FAB kilobyte spread across MPI nodes: [7526128 ... 7526128]

STEP = 25 TIME = 3.160281313e-05 DT = 1.208481594e-06

Castro::estTimeStep (hydro-limited) at level 0:  estdt = 1.205755299e-06
[Level 0 step 26] ADVANCE with dt = 1.205755299e-06
[Level 0 step 26] Advanced 134217728 cells

TIME= 3.280856843e-05 MASS        = 1e+31
TIME= 3.280856843e-05 XMOM        = 6.705760406e+24
TIME= 3.280856843e-05 YMOM        = 7.064660258e+24
TIME= 3.280856843e-05 ZMOM        = 3.626777459e+25
TIME= 3.280856843e-05 RHO*e       = 9.90426249e+51
TIME= 3.280856843e-05 RHO*E       = 1.00023712e+52

[STEP 26] Coarse TimeStep time: 1.218974209
[STEP 26] FAB kilobyte spread across MPI nodes: [7526128 ... 7526128]

STEP = 26 TIME = 3.280856843e-05 DT = 1.205755299e-06

Castro::estTimeStep (hydro-limited) at level 0:  estdt = 1.203221283e-06
[Level 0 step 27] ADVANCE with dt = 1.203221283e-06
[Level 0 step 27] Advanced 134217728 cells

TIME= 3.401178971e-05 MASS        = 1e+31
TIME= 3.401178971e-05 XMOM        = -1.756720332e+24
TIME= 3.401178971e-05 YMOM        = -1.964504457e+24
TIME= 3.401178971e-05 ZMOM        = 2.901421967e+25
TIME= 3.401178971e-05 RHO*e       = 9.899641614e+51
TIME= 3.401178971e-05 RHO*E       = 1.00023712e+52

[STEP 27] Coarse TimeStep time: 1.27319245
[STEP 27] FAB kilobyte spread across MPI nodes: [7526128 ... 7526128]

STEP = 27 TIME = 3.401178971e-05 DT = 1.203221283e-06

Castro::estTimeStep (hydro-limited) at level 0:  estdt = 1.200858676e-06
[Level 0 step 28] ADVANCE with dt = 1.200858676e-06
[Level 0 step 28] Advanced 134217728 cells

TIME= 3.521264839e-05 MASS        = 1e+31
TIME= 3.521264839e-05 XMOM        = -2.984535617e+24
TIME= 3.521264839e-05 YMOM        = -4.684587551e+24
TIME= 3.521264839e-05 ZMOM        = 4.881037997e+25
TIME= 3.521264839e-05 RHO*e       = 9.894999439e+51
TIME= 3.521264839e-05 RHO*E       = 1.00023712e+52

[STEP 28] Coarse TimeStep time: 1.277743684
[STEP 28] FAB kilobyte spread across MPI nodes: [7526128 ... 7526128]

STEP = 28 TIME = 3.521264839e-05 DT = 1.200858676e-06

Castro::estTimeStep (hydro-limited) at level 0:  estdt = 1.198634883e-06
[Level 0 step 29] ADVANCE with dt = 1.198634883e-06
[Level 0 step 29] Advanced 134217728 cells

TIME= 3.641128327e-05 MASS        = 1e+31
TIME= 3.641128327e-05 XMOM        = -1.171146888e+24
TIME= 3.641128327e-05 YMOM        = -2.946756685e+24
TIME= 3.641128327e-05 ZMOM        = 5.455277761e+25
TIME= 3.641128327e-05 RHO*e       = 9.890337425e+51
TIME= 3.641128327e-05 RHO*E       = 1.00023712e+52

[STEP 29] Coarse TimeStep time: 1.247769142
[STEP 29] FAB kilobyte spread across MPI nodes: [7526128 ... 7526128]

STEP = 29 TIME = 3.641128327e-05 DT = 1.198634883e-06

Castro::estTimeStep (hydro-limited) at level 0:  estdt = 1.196543657e-06
[Level 0 step 30] ADVANCE with dt = 1.196543657e-06
[Level 0 step 30] Advanced 134217728 cells

TIME= 3.760782693e-05 MASS        = 1e+31
TIME= 3.760782693e-05 XMOM        = 5.289050461e+23
TIME= 3.760782693e-05 YMOM        = 1.511157275e+23
TIME= 3.760782693e-05 ZMOM        = 4.080124641e+25
TIME= 3.760782693e-05 RHO*e       = 9.885656941e+51
TIME= 3.760782693e-05 RHO*E       = 1.00023712e+52

[STEP 30] Coarse TimeStep time: 1.208697416
[STEP 30] FAB kilobyte spread across MPI nodes: [7526128 ... 7526128]

STEP = 30 TIME = 3.760782693e-05 DT = 1.196543657e-06

Castro::estTimeStep (hydro-limited) at level 0:  estdt = 1.194576516e-06
[Level 0 step 31] ADVANCE with dt = 1.194576516e-06
[Level 0 step 31] Advanced 134217728 cells

TIME= 3.880240345e-05 MASS        = 1e+31
TIME= 3.880240345e-05 XMOM        = -2.795640958e+24
TIME= 3.880240345e-05 YMOM        = -1.284483683e+24
TIME= 3.880240345e-05 ZMOM        = 5.243715743e+25
TIME= 3.880240345e-05 RHO*e       = 9.880959093e+51
TIME= 3.880240345e-05 RHO*E       = 1.00023712e+52

[STEP 31] Coarse TimeStep time: 1.236952923
[STEP 31] FAB kilobyte spread across MPI nodes: [7526128 ... 7526128]

STEP = 31 TIME = 3.880240345e-05 DT = 1.194576516e-06

Castro::estTimeStep (hydro-limited) at level 0:  estdt = 1.192729755e-06
[Level 0 step 32] ADVANCE with dt = 1.192729755e-06
[Level 0 step 32] Advanced 134217728 cells

TIME= 3.99951332e-05 MASS        = 1e+31
TIME= 3.99951332e-05 XMOM        = -1.926725525e+24
TIME= 3.99951332e-05 YMOM        = -2.720083094e+24
TIME= 3.99951332e-05 ZMOM        = 4.065013068e+25
TIME= 3.99951332e-05 RHO*e       = 9.876244956e+51
TIME= 3.99951332e-05 RHO*E       = 1.00023712e+52

[STEP 32] Coarse TimeStep time: 1.251065657
[STEP 32] FAB kilobyte spread across MPI nodes: [7526128 ... 7526128]

STEP = 32 TIME = 3.99951332e-05 DT = 1.192729755e-06

Castro::estTimeStep (hydro-limited) at level 0:  estdt = 1.191008347e-06
[Level 0 step 33] ADVANCE with dt = 1.191008347e-06
[Level 0 step 33] Advanced 134217728 cells

TIME= 4.118614155e-05 MASS        = 1e+31
TIME= 4.118614155e-05 XMOM        = -1.20892582e+24
TIME= 4.118614155e-05 YMOM        = -1.20892582e+24
TIME= 4.118614155e-05 ZMOM        = 6.482864708e+25
TIME= 4.118614155e-05 RHO*e       = 9.871515503e+51
TIME= 4.118614155e-05 RHO*E       = 1.00023712e+52

[STEP 33] Coarse TimeStep time: 1.232684214
[STEP 33] FAB kilobyte spread across MPI nodes: [7526128 ... 7526128]

STEP = 33 TIME = 4.118614155e-05 DT = 1.191008347e-06

Castro::estTimeStep (hydro-limited) at level 0:  estdt = 1.18941467e-06
[Level 0 step 34] ADVANCE with dt = 1.18941467e-06
[Level 0 step 34] Advanced 134217728 cells

TIME= 4.237555622e-05 MASS        = 1e+31
TIME= 4.237555622e-05 XMOM        = -2.946756685e+24
TIME= 4.237555622e-05 YMOM        = -4.911261142e+24
TIME= 4.237555622e-05 ZMOM        = 5.440166188e+25
TIME= 4.237555622e-05 RHO*e       = 9.866771498e+51
TIME= 4.237555622e-05 RHO*E       = 1.00023712e+52

[STEP 34] Coarse TimeStep time: 1.216654888
[STEP 34] FAB kilobyte spread across MPI nodes: [7526128 ... 7526128]

STEP = 34 TIME = 4.237555622e-05 DT = 1.18941467e-06

Castro::estTimeStep (hydro-limited) at level 0:  estdt = 1.187936107e-06
[Level 0 step 35] ADVANCE with dt = 1.187936107e-06
[Level 0 step 35] Advanced 134217728 cells

TIME= 4.356349232e-05 MASS        = 1e+31
TIME= 4.356349232e-05 XMOM        = -2.64452523e+23
TIME= 4.356349232e-05 YMOM        = -8.31136501e+23
TIME= 4.356349232e-05 ZMOM        = 5.681951352e+25
TIME= 4.356349232e-05 RHO*e       = 9.862013627e+51
TIME= 4.356349232e-05 RHO*E       = 1.00023712e+52

[STEP 35] Coarse TimeStep time: 1.252353052
[STEP 35] FAB kilobyte spread across MPI nodes: [7526128 ... 7526128]

STEP = 35 TIME = 4.356349232e-05 DT = 1.187936107e-06

Castro::estTimeStep (hydro-limited) at level 0:  estdt = 1.186560823e-06
[Level 0 step 36] ADVANCE with dt = 1.186560823e-06
[Level 0 step 36] Advanced 134217728 cells

TIME= 4.475005315e-05 MASS        = 1e+31
TIME= 4.475005315e-05 XMOM        = 5.969071234e+24
TIME= 4.475005315e-05 YMOM        = 4.382356096e+24
TIME= 4.475005315e-05 ZMOM        = 4.986819006e+25
TIME= 4.475005315e-05 RHO*e       = 9.857242606e+51
TIME= 4.475005315e-05 RHO*E       = 1.00023712e+52

[STEP 36] Coarse TimeStep time: 1.290123141
[STEP 36] FAB kilobyte spread across MPI nodes: [7526128 ... 7526128]

STEP = 36 TIME = 4.475005315e-05 DT = 1.186560823e-06

Castro::estTimeStep (hydro-limited) at level 0:  estdt = 1.185281513e-06
[Level 0 step 37] ADVANCE with dt = 1.185281513e-06
[Level 0 step 37] Advanced 134217728 cells

TIME= 4.593533466e-05 MASS        = 1e+31
TIME= 4.593533466e-05 XMOM        = -3.626777459e+24
TIME= 4.593533466e-05 YMOM        = -1.435599411e+24
TIME= 4.593533466e-05 ZMOM        = 6.709538299e+25
TIME= 4.593533466e-05 RHO*e       = 9.852459075e+51
TIME= 4.593533466e-05 RHO*E       = 1.00023712e+52

[STEP 37] Coarse TimeStep time: 1.288424042
[STEP 37] FAB kilobyte spread across MPI nodes: [7526128 ... 7526128]

STEP = 37 TIME = 4.593533466e-05 DT = 1.185281513e-06

Castro::estTimeStep (hydro-limited) at level 0:  estdt = 1.184090686e-06
[Level 0 step 38] ADVANCE with dt = 1.184090686e-06
[Level 0 step 38] Advanced 134217728 cells

TIME= 4.711942535e-05 MASS        = 1e+31
TIME= 4.711942535e-05 XMOM        = 1.246704751e+25
TIME= 4.711942535e-05 YMOM        = 1.314706829e+25
TIME= 4.711942535e-05 ZMOM        = 5.047265297e+25
TIME= 4.711942535e-05 RHO*e       = 9.847663692e+51
TIME= 4.711942535e-05 RHO*E       = 1.00023712e+52

[STEP 38] Coarse TimeStep time: 1.291892774
[STEP 38] FAB kilobyte spread across MPI nodes: [7526128 ... 7526128]

STEP = 38 TIME = 4.711942535e-05 DT = 1.184090686e-06

Castro::estTimeStep (hydro-limited) at level 0:  estdt = 1.182979864e-06
[Level 0 step 39] ADVANCE with dt = 1.182979864e-06
[Level 0 step 39] Advanced 134217728 cells

TIME= 4.830240521e-05 MASS        = 1e+31
TIME= 4.830240521e-05 XMOM        = 1.926725525e+24
TIME= 4.830240521e-05 YMOM        = 3.324546004e+24
TIME= 4.830240521e-05 ZMOM        = 7.722013673e+25
TIME= 4.830240521e-05 RHO*e       = 9.842857036e+51
TIME= 4.830240521e-05 RHO*E       = 1.00023712e+52

[STEP 39] Coarse TimeStep time: 1.233397908
[STEP 39] FAB kilobyte spread across MPI nodes: [7526128 ... 7526128]

STEP = 39 TIME = 4.830240521e-05 DT = 1.182979864e-06

Castro::estTimeStep (hydro-limited) at level 0:  estdt = 1.181939382e-06
[Level 0 step 40] ADVANCE with dt = 1.181939382e-06
[Level 0 step 40] Advanced 134217728 cells

TIME= 4.948434459e-05 MASS        = 1e+31
TIME= 4.948434459e-05 XMOM        = -6.422418417e+24
TIME= 4.948434459e-05 YMOM        = -7.631344236e+24
TIME= 4.948434459e-05 ZMOM        = 7.691790527e+25
TIME= 4.948434459e-05 RHO*e       = 9.838039617e+51
TIME= 4.948434459e-05 RHO*E       = 1.00023712e+52

[STEP 40] Coarse TimeStep time: 1.24366129
[STEP 40] FAB kilobyte spread across MPI nodes: [7526128 ... 7526128]

STEP = 40 TIME = 4.948434459e-05 DT = 1.181939382e-06

Castro::estTimeStep (hydro-limited) at level 0:  estdt = 1.18096062e-06
[Level 0 step 41] ADVANCE with dt = 1.18096062e-06
[Level 0 step 41] Advanced 134217728 cells

TIME= 5.066530521e-05 MASS        = 1e+31
TIME= 5.066530521e-05 XMOM        = -2.153399116e+24
TIME= 5.066530521e-05 YMOM        = -9.822522284e+23
TIME= 5.066530521e-05 ZMOM        = 8.628708037e+25
TIME= 5.066530521e-05 RHO*e       = 9.833211966e+51
TIME= 5.066530521e-05 RHO*E       = 1.00023712e+52

[STEP 41] Coarse TimeStep time: 1.24312086
[STEP 41] FAB kilobyte spread across MPI nodes: [7526128 ... 7526128]

STEP = 41 TIME = 5.066530521e-05 DT = 1.18096062e-06

Castro::estTimeStep (hydro-limited) at level 0:  estdt = 1.180036183e-06
[Level 0 step 42] ADVANCE with dt = 1.180036183e-06
[Level 0 step 42] Advanced 134217728 cells

TIME= 5.18453414e-05 MASS        = 1e+31
TIME= 5.18453414e-05 XMOM        = -7.29133385e+24
TIME= 5.18453414e-05 YMOM        = -4.155682505e+24
TIME= 5.18453414e-05 ZMOM        = 6.739761444e+25
TIME= 5.18453414e-05 RHO*e       = 9.828374596e+51
TIME= 5.18453414e-05 RHO*E       = 1.00023712e+52

[STEP 42] Coarse TimeStep time: 1.293077856
[STEP 42] FAB kilobyte spread across MPI nodes: [7526128 ... 7526128]

STEP = 42 TIME = 5.18453414e-05 DT = 1.180036183e-06

Castro::estTimeStep (hydro-limited) at level 0:  estdt = 1.179159668e-06
[Level 0 step 43] ADVANCE with dt = 1.179159668e-06
[Level 0 step 43] Advanced 134217728 cells

TIME= 5.302450106e-05 MASS        = 1e+31
TIME= 5.302450106e-05 XMOM        = -3.060093481e+24
TIME= 5.302450106e-05 YMOM        = -2.64452523e+24
TIME= 5.302450106e-05 ZMOM        = 3.430327013e+25
TIME= 5.302450106e-05 RHO*e       = 9.82352796e+51
TIME= 5.302450106e-05 RHO*E       = 1.00023712e+52

[STEP 43] Coarse TimeStep time: 1.271416626
[STEP 43] FAB kilobyte spread across MPI nodes: [7526128 ... 7526128]

STEP = 43 TIME = 5.302450106e-05 DT = 1.179159668e-06

Castro::estTimeStep (hydro-limited) at level 0:  estdt = 1.178324784e-06
[Level 0 step 44] ADVANCE with dt = 1.178324784e-06
[Level 0 step 44] Advanced 134217728 cells

TIME= 5.420282585e-05 MASS        = 1e+31
TIME= 5.420282585e-05 XMOM        = -3.891229982e+24
TIME= 5.420282585e-05 YMOM        = 1.511157275e+23
TIME= 5.420282585e-05 ZMOM        = -1.390264693e+25
TIME= 5.420282585e-05 RHO*e       = 9.818672543e+51
TIME= 5.420282585e-05 RHO*E       = 1.00023712e+52

[STEP 44] Coarse TimeStep time: 1.294860776
[STEP 44] FAB kilobyte spread across MPI nodes: [7526128 ... 7526128]

STEP = 44 TIME = 5.420282585e-05 DT = 1.178324784e-06

Castro::estTimeStep (hydro-limited) at level 0:  estdt = 1.177523877e-06
[Level 0 step 45] ADVANCE with dt = 1.177523877e-06
[Level 0 step 45] Advanced 134217728 cells

TIME= 5.538034972e-05 MASS        = 1e+31
TIME= 5.538034972e-05 XMOM        = -8.31136501e+23
TIME= 5.538034972e-05 YMOM        = -7.555786373e+23
TIME= 5.538034972e-05 ZMOM        = 7.812683109e+25
TIME= 5.538034972e-05 RHO*e       = 9.813808901e+51
TIME= 5.538034972e-05 RHO*E       = 1.00023712e+52

[STEP 45] Coarse TimeStep time: 1.277690464
[STEP 45] FAB kilobyte spread across MPI nodes: [7526128 ... 7526128]

STEP = 45 TIME = 5.538034972e-05 DT = 1.177523877e-06

Castro::estTimeStep (hydro-limited) at level 0:  estdt = 1.176714836e-06
[Level 0 step 46] ADVANCE with dt = 1.176714836e-06
[Level 0 step 46] Advanced 134217728 cells

TIME= 5.655706456e-05 MASS        = 1e+31
TIME= 5.655706456e-05 XMOM        = -1.314706829e+25
TIME= 5.655706456e-05 YMOM        = -8.991385783e+24
TIME= 5.655706456e-05 ZMOM        = 4.699699124e+25
TIME= 5.655706456e-05 RHO*e       = 9.808937661e+51
TIME= 5.655706456e-05 RHO*E       = 1.00023712e+52

[STEP 46] Coarse TimeStep time: 1.262388182
[STEP 46] FAB kilobyte spread across MPI nodes: [7526128 ... 7526128]

STEP = 46 TIME = 5.655706456e-05 DT = 1.176714836e-06

Castro::estTimeStep (hydro-limited) at level 0:  estdt = 1.175933917e-06
[Level 0 step 47] ADVANCE with dt = 1.175933917e-06
[Level 0 step 47] Advanced 134217728 cells

TIME= 5.773299848e-05 MASS        = 1e+31
TIME= 5.773299848e-05 XMOM        = 1.511157275e+24
TIME= 5.773299848e-05 YMOM        = 1.662273002e+24
TIME= 5.773299848e-05 ZMOM        = 8.130026137e+25
TIME= 5.773299848e-05 RHO*e       = 9.804059212e+51
TIME= 5.773299848e-05 RHO*E       = 1.00023712e+52

[STEP 47] Coarse TimeStep time: 1.264334021
[STEP 47] FAB kilobyte spread across MPI nodes: [7526128 ... 7526128]

STEP = 47 TIME = 5.773299848e-05 DT = 1.175933917e-06

Castro::estTimeStep (hydro-limited) at level 0:  estdt = 1.175176916e-06
[Level 0 step 48] ADVANCE with dt = 1.175176916e-06
[Level 0 step 48] Advanced 134217728 cells

TIME= 5.890817539e-05 MASS        = 1e+31
TIME= 5.890817539e-05 XMOM        = -1.526268847e+25
TIME= 5.890817539e-05 YMOM        = -1.216481606e+25
TIME= 5.890817539e-05 ZMOM        = 1.006430745e+26
TIME= 5.890817539e-05 RHO*e       = 9.799173952e+51
TIME= 5.890817539e-05 RHO*E       = 1.00023712e+52

[STEP 48] Coarse TimeStep time: 1.285507184
[STEP 48] FAB kilobyte spread across MPI nodes: [7526128 ... 7526128]

STEP = 48 TIME = 5.890817539e-05 DT = 1.175176916e-06

Castro::estTimeStep (hydro-limited) at level 0:  estdt = 1.174440293e-06
[Level 0 step 49] ADVANCE with dt = 1.174440293e-06
[Level 0 step 49] Advanced 134217728 cells

TIME= 6.008261569e-05 MASS        = 1e+31
TIME= 6.008261569e-05 XMOM        = -1.941837098e+25
TIME= 6.008261569e-05 YMOM        = -2.274291698e+25
TIME= 6.008261569e-05 ZMOM        = 2.568967367e+24
TIME= 6.008261569e-05 RHO*e       = 9.794282353e+51
TIME= 6.008261569e-05 RHO*E       = 1.00023712e+52

[STEP 49] Coarse TimeStep time: 1.267994657
[STEP 49] FAB kilobyte spread across MPI nodes: [7526128 ... 7526128]

STEP = 49 TIME = 6.008261569e-05 DT = 1.174440293e-06

Castro::estTimeStep (hydro-limited) at level 0:  estdt = 1.173721527e-06
[Level 0 step 50] ADVANCE with dt = 1.173721527e-06
[Level 0 step 50] Advanced 134217728 cells

TIME= 6.125633721e-05 MASS        = 1e+31
TIME= 6.125633721e-05 XMOM        = 8.273586078e+24
TIME= 6.125633721e-05 YMOM        = 9.293617238e+24
TIME= 6.125633721e-05 ZMOM        = 7.903352546e+25
TIME= 6.125633721e-05 RHO*e       = 9.789384849e+51
TIME= 6.125633721e-05 RHO*E       = 1.00023712e+52

[STEP 50] Coarse TimeStep time: 1.276381219
[STEP 50] FAB kilobyte spread across MPI nodes: [7526128 ... 7526128]

STEP = 50 TIME = 6.125633721e-05 DT = 1.173721527e-06

Castro::estTimeStep (hydro-limited) at level 0:  estdt = 1.1730189e-06
[Level 0 step 51] ADVANCE with dt = 1.1730189e-06
[Level 0 step 51] Advanced 134217728 cells

TIME= 6.242935611e-05 MASS        = 1e+31
TIME= 6.242935611e-05 XMOM        = -2.455630571e+24
TIME= 6.242935611e-05 YMOM        = 1.737830866e+24
TIME= 6.242935611e-05 ZMOM        = 5.893513371e+25
TIME= 6.242935611e-05 RHO*e       = 9.784481865e+51
TIME= 6.242935611e-05 RHO*E       = 1.00023712e+52

[STEP 51] Coarse TimeStep time: 1.282919377
[STEP 51] FAB kilobyte spread across MPI nodes: [7526128 ... 7526128]

STEP = 51 TIME = 6.242935611e-05 DT = 1.1730189e-06

Castro::estTimeStep (hydro-limited) at level 0:  estdt = 1.172331232e-06
[Level 0 step 52] ADVANCE with dt = 1.172331232e-06
[Level 0 step 52] Advanced 134217728 cells

TIME= 6.360168734e-05 MASS        = 1e+31
TIME= 6.360168734e-05 XMOM        = 4.004566777e+24
TIME= 6.360168734e-05 YMOM        = 4.986819006e+24
TIME= 6.360168734e-05 ZMOM        = 4.216128796e+25
TIME= 6.360168734e-05 RHO*e       = 9.779573809e+51
TIME= 6.360168734e-05 RHO*E       = 1.00023712e+52

[STEP 52] Coarse TimeStep time: 1.306354132
[STEP 52] FAB kilobyte spread across MPI nodes: [7526128 ... 7526128]

STEP = 52 TIME = 6.360168734e-05 DT = 1.172331232e-06

Castro::estTimeStep (hydro-limited) at level 0:  estdt = 1.171657763e-06
[Level 0 step 53] ADVANCE with dt = 1.171657763e-06
[Level 0 step 53] Advanced 134217728 cells

TIME= 6.477334511e-05 MASS        = 1e+31
TIME= 6.477334511e-05 XMOM        = 5.931292302e+24
TIME= 6.477334511e-05 YMOM        = 9.066943647e+24
TIME= 6.477334511e-05 ZMOM        = 4.881037997e+25
TIME= 6.477334511e-05 RHO*e       = 9.77466102e+51
TIME= 6.477334511e-05 RHO*E       = 1.00023712e+52

[STEP 53] Coarse TimeStep time: 1.258181097
[STEP 53] FAB kilobyte spread across MPI nodes: [7526128 ... 7526128]

STEP = 53 TIME = 6.477334511e-05 DT = 1.171657763e-06

Castro::estTimeStep (hydro-limited) at level 0:  estdt = 1.170997982e-06
[Level 0 step 54] ADVANCE with dt = 1.170997982e-06
[Level 0 step 54] Advanced 134217728 cells

TIME= 6.594434309e-05 MASS        = 1e+31
TIME= 6.594434309e-05 XMOM        = 2.077841252e+24
TIME= 6.594434309e-05 YMOM        = 2.115620184e+24
TIME= 6.594434309e-05 ZMOM        = 4.412579242e+25
TIME= 6.594434309e-05 RHO*e       = 9.76974384e+51
TIME= 6.594434309e-05 RHO*E       = 1.00023712e+52

[STEP 54] Coarse TimeStep time: 1.266864321
[STEP 54] FAB kilobyte spread across MPI nodes: [7526128 ... 7526128]

STEP = 54 TIME = 6.594434309e-05 DT = 1.170997982e-06

Castro::estTimeStep (hydro-limited) at level 0:  estdt = 1.170324914e-06
[Level 0 step 55] ADVANCE with dt = 1.170324914e-06
[Level 0 step 55] Advanced 134217728 cells

TIME= 6.7114668e-05 MASS        = 1e+31
TIME= 6.7114668e-05 XMOM        = 6.384639485e+24
TIME= 6.7114668e-05 YMOM        = 9.444732966e+24
TIME= 6.7114668e-05 ZMOM        = 4.276575087e+25
TIME= 6.7114668e-05 RHO*e       = 9.764822704e+51
TIME= 6.7114668e-05 RHO*E       = 1.00023712e+52

[STEP 55] Coarse TimeStep time: 1.27521184
[STEP 55] FAB kilobyte spread across MPI nodes: [7526128 ... 7526128]

STEP = 55 TIME = 6.7114668e-05 DT = 1.170324914e-06

Castro::estTimeStep (hydro-limited) at level 0:  estdt = 1.1696531e-06
[Level 0 step 56] ADVANCE with dt = 1.1696531e-06
[Level 0 step 56] Advanced 134217728 cells

TIME= 6.82843211e-05 MASS        = 1e+31
TIME= 6.82843211e-05 XMOM        = -2.092952825e+25
TIME= 6.82843211e-05 YMOM        = -2.206289621e+25
TIME= 6.82843211e-05 ZMOM        = 4.503248678e+25
TIME= 6.82843211e-05 RHO*e       = 9.75989799e+51
TIME= 6.82843211e-05 RHO*E       = 1.00023712e+52

[STEP 56] Coarse TimeStep time: 1.28295353
[STEP 56] FAB kilobyte spread across MPI nodes: [7526128 ... 7526128]

STEP = 56 TIME = 6.82843211e-05 DT = 1.1696531e-06

Castro::estTimeStep (hydro-limited) at level 0:  estdt = 1.168998839e-06
[Level 0 step 57] ADVANCE with dt = 1.168998839e-06
[Level 0 step 57] Advanced 134217728 cells

TIME= 6.945331994e-05 MASS        = 1e+31
TIME= 6.945331994e-05 XMOM        = -1.054032199e+25
TIME= 6.945331994e-05 YMOM        = -1.307151042e+25
TIME= 6.945331994e-05 ZMOM        = 3.762781614e+25
TIME= 6.945331994e-05 RHO*e       = 9.754969976e+51
TIME= 6.945331994e-05 RHO*E       = 1.00023712e+52

[STEP 57] Coarse TimeStep time: 1.268543917
[STEP 57] FAB kilobyte spread across MPI nodes: [7526128 ... 7526128]

STEP = 57 TIME = 6.945331994e-05 DT = 1.168998839e-06

Castro::estTimeStep (hydro-limited) at level 0:  estdt = 1.168361814e-06
[Level 0 step 58] ADVANCE with dt = 1.168361814e-06
[Level 0 step 58] Advanced 134217728 cells

TIME= 7.062168176e-05 MASS        = 1e+31
TIME= 7.062168176e-05 XMOM        = -1.163591101e+25
TIME= 7.062168176e-05 YMOM        = -8.009133555e+24
TIME= 7.062168176e-05 ZMOM        = 5.651728207e+25
TIME= 7.062168176e-05 RHO*e       = 9.750038928e+51
TIME= 7.062168176e-05 RHO*E       = 1.00023712e+52

[STEP 58] Coarse TimeStep time: 1.265325052
[STEP 58] FAB kilobyte spread across MPI nodes: [7526128 ... 7526128]

STEP = 58 TIME = 7.062168176e-05 DT = 1.168361814e-06

Castro::estTimeStep (hydro-limited) at level 0:  estdt = 1.167741885e-06
[Level 0 step 59] ADVANCE with dt = 1.167741885e-06
[Level 0 step 59] Advanced 134217728 cells

TIME= 7.178942364e-05 MASS        = 1e+31
TIME= 7.178942364e-05 XMOM        = 5.969071234e+24
TIME= 7.178942364e-05 YMOM        = 8.009133555e+24
TIME= 7.178942364e-05 ZMOM        = 7.041992899e+25
TIME= 7.178942364e-05 RHO*e       = 9.7451051e+51
TIME= 7.178942364e-05 RHO*E       = 1.00023712e+52

[STEP 59] Coarse TimeStep time: 1.279629466
[STEP 59] FAB kilobyte spread across MPI nodes: [7526128 ... 7526128]

STEP = 59 TIME = 7.178942364e-05 DT = 1.167741885e-06

Castro::estTimeStep (hydro-limited) at level 0:  estdt = 1.167139122e-06
[Level 0 step 60] ADVANCE with dt = 1.167139122e-06
[Level 0 step 60] Advanced 134217728 cells

TIME= 7.295656276e-05 MASS        = 1e+31
TIME= 7.295656276e-05 XMOM        = -1.035142733e+25
TIME= 7.295656276e-05 YMOM        = -7.404670645e+24
TIME= 7.295656276e-05 ZMOM        = 1.16963573e+26
TIME= 7.295656276e-05 RHO*e       = 9.740168749e+51
TIME= 7.295656276e-05 RHO*E       = 1.00023712e+52

[STEP 60] Coarse TimeStep time: 1.302581016
[STEP 60] FAB kilobyte spread across MPI nodes: [7526128 ... 7526128]

STEP = 60 TIME = 7.295656276e-05 DT = 1.167139122e-06

Castro::estTimeStep (hydro-limited) at level 0:  estdt = 1.166553611e-06
[Level 0 step 61] ADVANCE with dt = 1.166553611e-06
[Level 0 step 61] Advanced 134217728 cells

TIME= 7.412311638e-05 MASS        = 1e+31
TIME= 7.412311638e-05 XMOM        = 6.044629098e+23
TIME= 7.412311638e-05 YMOM        = 2.417851639e+24
TIME= 7.412311638e-05 ZMOM        = 8.583373319e+25
TIME= 7.412311638e-05 RHO*e       = 9.735230095e+51
TIME= 7.412311638e-05 RHO*E       = 1.00023712e+52

[STEP 61] Coarse TimeStep time: 1.285653571
[STEP 61] FAB kilobyte spread across MPI nodes: [7526128 ... 7526128]

STEP = 61 TIME = 7.412311638e-05 DT = 1.166553611e-06

Castro::estTimeStep (hydro-limited) at level 0:  estdt = 1.165985433e-06
[Level 0 step 62] ADVANCE with dt = 1.165985433e-06
[Level 0 step 62] Advanced 134217728 cells

TIME= 7.528910181e-05 MASS        = 1e+31
TIME= 7.528910181e-05 XMOM        = 4.986819006e+24
TIME= 7.528910181e-05 YMOM        = 4.684587551e+24
TIME= 7.528910181e-05 ZMOM        = 9.006497356e+25
TIME= 7.528910181e-05 RHO*e       = 9.730289331e+51
TIME= 7.528910181e-05 RHO*E       = 1.00023712e+52

[STEP 62] Coarse TimeStep time: 1.312962067
[STEP 62] FAB kilobyte spread across MPI nodes: [7526128 ... 7526128]

STEP = 62 TIME = 7.528910181e-05 DT = 1.165985433e-06

Castro::estTimeStep (hydro-limited) at level 0:  estdt = 1.165434668e-06
[Level 0 step 63] ADVANCE with dt = 1.165434668e-06
[Level 0 step 63] Advanced 134217728 cells

TIME= 7.645453648e-05 MASS        = 1e+31
TIME= 7.645453648e-05 XMOM        = 7.253554918e+24
TIME= 7.645453648e-05 YMOM        = 5.137934733e+24
TIME= 7.645453648e-05 ZMOM        = 8.825158483e+25
TIME= 7.645453648e-05 RHO*e       = 9.725346651e+51
TIME= 7.645453648e-05 RHO*E       = 1.00023712e+52

[STEP 63] Coarse TimeStep time: 1.295840492
[STEP 63] FAB kilobyte spread across MPI nodes: [7526128 ... 7526128]

STEP = 63 TIME = 7.645453648e-05 DT = 1.165434668e-06

Castro::estTimeStep (hydro-limited) at level 0:  estdt = 1.164901159e-06
[Level 0 step 64] ADVANCE with dt = 1.164901159e-06
[Level 0 step 64] Advanced 134217728 cells

TIME= 7.761943763e-05 MASS        = 1e+31
TIME= 7.761943763e-05 XMOM        = 3.551219595e+24
TIME= 7.761943763e-05 YMOM        = -3.626777459e+24
TIME= 7.761943763e-05 ZMOM        = 8.91582792e+25
TIME= 7.761943763e-05 RHO*e       = 9.720402223e+51
TIME= 7.761943763e-05 RHO*E       = 1.00023712e+52

[STEP 64] Coarse TimeStep time: 1.237183684
[STEP 64] FAB kilobyte spread across MPI nodes: [7526128 ... 7526128]

STEP = 64 TIME = 7.761943763e-05 DT = 1.164901159e-06

Castro::estTimeStep (hydro-limited) at level 0:  estdt = 1.164266355e-06
[Level 0 step 65] ADVANCE with dt = 1.164266355e-06
[Level 0 step 65] Advanced 134217728 cells

TIME= 7.878370399e-05 MASS        = 1e+31
TIME= 7.878370399e-05 XMOM        = -1.851167661e+25
TIME= 7.878370399e-05 YMOM        = -2.115620184e+25
TIME= 7.878370399e-05 ZMOM        = 4.170794078e+25
TIME= 7.878370399e-05 RHO*e       = 9.71545674e+51
TIME= 7.878370399e-05 RHO*E       = 1.00023712e+52

[STEP 65] Coarse TimeStep time: 1.287053944
[STEP 65] FAB kilobyte spread across MPI nodes: [7526128 ... 7526128]

STEP = 65 TIME = 7.878370399e-05 DT = 1.164266355e-06

Castro::estTimeStep (hydro-limited) at level 0:  estdt = 1.163592302e-06
[Level 0 step 66] ADVANCE with dt = 1.163592302e-06
[Level 0 step 66] Advanced 134217728 cells

TIME= 7.994729629e-05 MASS        = 1e+31
TIME= 7.994729629e-05 XMOM        = 1.027586947e+25
TIME= 7.994729629e-05 YMOM        = 1.511157275e+25
TIME= 7.994729629e-05 ZMOM        = 8.583373319e+25
TIME= 7.994729629e-05 RHO*e       = 9.710510631e+51
TIME= 7.994729629e-05 RHO*E       = 1.00023712e+52

[STEP 66] Coarse TimeStep time: 1.262186773
[STEP 66] FAB kilobyte spread across MPI nodes: [7526128 ... 7526128]

STEP = 66 TIME = 7.994729629e-05 DT = 1.163592302e-06

Castro::estTimeStep (hydro-limited) at level 0:  estdt = 1.162944502e-06
[Level 0 step 67] ADVANCE with dt = 1.162944502e-06
[Level 0 step 67] Advanced 134217728 cells

TIME= 8.111024079e-05 MASS        = 1e+31
TIME= 8.111024079e-05 XMOM        = -1.057810092e+25
TIME= 8.111024079e-05 YMOM        = -9.973638012e+24
TIME= 8.111024079e-05 ZMOM        = 7.827794682e+25
TIME= 8.111024079e-05 RHO*e       = 9.705563995e+51
TIME= 8.111024079e-05 RHO*E       = 1.00023712e+52

[STEP 67] Coarse TimeStep time: 1.293956007
[STEP 67] FAB kilobyte spread across MPI nodes: [7526128 ... 7526128]

STEP = 67 TIME = 8.111024079e-05 DT = 1.162944502e-06

Castro::estTimeStep (hydro-limited) at level 0:  estdt = 1.162323277e-06
[Level 0 step 68] ADVANCE with dt = 1.162323277e-06
[Level 0 step 68] Advanced 134217728 cells

TIME= 8.227256407e-05 MASS        = 1e+31
TIME= 8.227256407e-05 XMOM        = -2.327182203e+25
TIME= 8.227256407e-05 YMOM        = -2.191178048e+25
TIME= 8.227256407e-05 ZMOM        = 8.825158483e+25
TIME= 8.227256407e-05 RHO*e       = 9.700616927e+51
TIME= 8.227256407e-05 RHO*E       = 1.00023712e+52

[STEP 68] Coarse TimeStep time: 1.287864218
[STEP 68] FAB kilobyte spread across MPI nodes: [7526128 ... 7526128]

STEP = 68 TIME = 8.227256407e-05 DT = 1.162323277e-06

Castro::estTimeStep (hydro-limited) at level 0:  estdt = 1.16168864e-06
[Level 0 step 69] ADVANCE with dt = 1.16168864e-06
[Level 0 step 69] Advanced 134217728 cells

TIME= 8.343425271e-05 MASS        = 1e+31
TIME= 8.343425271e-05 XMOM        = 9.898080148e+24
TIME= 8.343425271e-05 YMOM        = 9.973638012e+24
TIME= 8.343425271e-05 ZMOM        = 9.127389938e+25
TIME= 8.343425271e-05 RHO*e       = 9.695669737e+51
TIME= 8.343425271e-05 RHO*E       = 1.00023712e+52

[STEP 69] Coarse TimeStep time: 1.263972834
[STEP 69] FAB kilobyte spread across MPI nodes: [7526128 ... 7526128]

STEP = 69 TIME = 8.343425271e-05 DT = 1.16168864e-06

Castro::estTimeStep (hydro-limited) at level 0:  estdt = 1.161026522e-06
[Level 0 step 70] ADVANCE with dt = 1.161026522e-06
[Level 0 step 70] Advanced 134217728 cells

TIME= 8.459527923e-05 MASS        = 1e+31
TIME= 8.459527923e-05 XMOM        = 1.601826711e+25
TIME= 8.459527923e-05 YMOM        = 1.360041547e+25
TIME= 8.459527923e-05 ZMOM        = 6.618868862e+25
TIME= 8.459527923e-05 RHO*e       = 9.690722778e+51
TIME= 8.459527923e-05 RHO*E       = 1.00023712e+52

[STEP 70] Coarse TimeStep time: 1.276509346
[STEP 70] FAB kilobyte spread across MPI nodes: [7526128 ... 7526128]

STEP = 70 TIME = 8.459527923e-05 DT = 1.161026522e-06

Castro::estTimeStep (hydro-limited) at level 0:  estdt = 1.160402211e-06
[Level 0 step 71] ADVANCE with dt = 1.160402211e-06
[Level 0 step 71] Advanced 134217728 cells

TIME= 8.575568144e-05 MASS        = 1e+31
TIME= 8.575568144e-05 XMOM        = -7.555786373e+23
TIME= 8.575568144e-05 YMOM        = -2.568967367e+24
TIME= 8.575568144e-05 ZMOM        = 1.245193594e+26
TIME= 8.575568144e-05 RHO*e       = 9.685776065e+51
TIME= 8.575568144e-05 RHO*E       = 1.00023712e+52

[STEP 71] Coarse TimeStep time: 1.242004655
[STEP 71] FAB kilobyte spread across MPI nodes: [7526128 ... 7526128]

STEP = 71 TIME = 8.575568144e-05 DT = 1.160402211e-06

Castro::estTimeStep (hydro-limited) at level 0:  estdt = 1.159812757e-06
[Level 0 step 72] ADVANCE with dt = 1.159812757e-06
[Level 0 step 72] Advanced 134217728 cells

TIME= 8.69154942e-05 MASS        = 1e+31
TIME= 8.69154942e-05 XMOM        = -2.183622262e+25
TIME= 8.69154942e-05 YMOM        = -1.888946593e+25
TIME= 8.69154942e-05 ZMOM        = 1.045720834e+26
TIME= 8.69154942e-05 RHO*e       = 9.680829641e+51
TIME= 8.69154942e-05 RHO*E       = 1.00023712e+52

[STEP 72] Coarse TimeStep time: 1.268211863
[STEP 72] FAB kilobyte spread across MPI nodes: [7526128 ... 7526128]

STEP = 72 TIME = 8.69154942e-05 DT = 1.159812757e-06

Castro::estTimeStep (hydro-limited) at level 0:  estdt = 1.15925552e-06
[Level 0 step 73] ADVANCE with dt = 1.15925552e-06
[Level 0 step 73] Advanced 134217728 cells

TIME= 8.807474972e-05 MASS        = 1e+31
TIME= 8.807474972e-05 XMOM        = 1.533824634e+25
TIME= 8.807474972e-05 YMOM        = 8.764712192e+24
TIME= 8.807474972e-05 ZMOM        = 1.187769618e+26
TIME= 8.807474972e-05 RHO*e       = 9.67588357e+51
TIME= 8.807474972e-05 RHO*E       = 1.00023712e+52

[STEP 73] Coarse TimeStep time: 1.28803297
[STEP 73] FAB kilobyte spread across MPI nodes: [7526128 ... 7526128]

STEP = 73 TIME = 8.807474972e-05 DT = 1.15925552e-06

Castro::estTimeStep (hydro-limited) at level 0:  estdt = 1.158728141e-06
[Level 0 step 74] ADVANCE with dt = 1.158728141e-06
[Level 0 step 74] Advanced 134217728 cells

TIME= 8.923347786e-05 MASS        = 1e+31
TIME= 8.923347786e-05 XMOM        = 1.813388729e+24
TIME= 8.923347786e-05 YMOM        = 1.662273002e+24
TIME= 8.923347786e-05 ZMOM        = 4.714810696e+25
TIME= 8.923347786e-05 RHO*e       = 9.67093793e+51
TIME= 8.923347786e-05 RHO*E       = 1.00023712e+52

[STEP 74] Coarse TimeStep time: 1.320752454
[STEP 74] FAB kilobyte spread across MPI nodes: [7526128 ... 7526128]

STEP = 74 TIME = 8.923347786e-05 DT = 1.158728141e-06

Castro::estTimeStep (hydro-limited) at level 0:  estdt = 1.158228459e-06
[Level 0 step 75] ADVANCE with dt = 1.158228459e-06
[Level 0 step 75] Advanced 134217728 cells

TIME= 9.039170632e-05 MASS        = 1e+31
TIME= 9.039170632e-05 XMOM        = 1.662273002e+25
TIME= 9.039170632e-05 YMOM        = 2.251624339e+25
TIME= 9.039170632e-05 ZMOM        = 8.522927028e+25
TIME= 9.039170632e-05 RHO*e       = 9.665992788e+51
TIME= 9.039170632e-05 RHO*E       = 1.00023712e+52

[STEP 75] Coarse TimeStep time: 1.298272689
[STEP 75] FAB kilobyte spread across MPI nodes: [7526128 ... 7526128]

STEP = 75 TIME = 9.039170632e-05 DT = 1.158228459e-06

Castro::estTimeStep (hydro-limited) at level 0:  estdt = 1.157754445e-06
[Level 0 step 76] ADVANCE with dt = 1.157754445e-06
[Level 0 step 76] Advanced 134217728 cells

TIME= 9.154946076e-05 MASS        = 1e+31
TIME= 9.154946076e-05 XMOM        = -2.387628494e+25
TIME= 9.154946076e-05 YMOM        = -3.24898814e+25
TIME= 9.154946076e-05 ZMOM        = 5.440166188e+25
TIME= 9.154946076e-05 RHO*e       = 9.661048225e+51
TIME= 9.154946076e-05 RHO*E       = 1.00023712e+52

[STEP 76] Coarse TimeStep time: 1.250371402
[STEP 76] FAB kilobyte spread across MPI nodes: [7526128 ... 7526128]

STEP = 76 TIME = 9.154946076e-05 DT = 1.157754445e-06

Castro::estTimeStep (hydro-limited) at level 0:  estdt = 1.157304161e-06
[Level 0 step 77] ADVANCE with dt = 1.157304161e-06
[Level 0 step 77] Advanced 134217728 cells

TIME= 9.270676493e-05 MASS        = 1e+31
TIME= 9.270676493e-05 XMOM        = -1.435599411e+24
TIME= 9.270676493e-05 YMOM        = 3.929008914e+24
TIME= 9.270676493e-05 ZMOM        = 3.596554313e+25
TIME= 9.270676493e-05 RHO*e       = 9.656104296e+51
TIME= 9.270676493e-05 RHO*E       = 1.00023712e+52

[STEP 77] Coarse TimeStep time: 1.290871845
[STEP 77] FAB kilobyte spread across MPI nodes: [7526128 ... 7526128]

STEP = 77 TIME = 9.270676493e-05 DT = 1.157304161e-06

Castro::estTimeStep (hydro-limited) at level 0:  estdt = 1.156875778e-06
[Level 0 step 78] ADVANCE with dt = 1.156875778e-06
[Level 0 step 78] Advanced 134217728 cells

TIME= 9.38636407e-05 MASS        = 1e+31
TIME= 9.38636407e-05 XMOM        = 1.156035315e+25
TIME= 9.38636407e-05 YMOM        = 7.7069021e+24
TIME= 9.38636407e-05 ZMOM        = 9.671406557e+25
TIME= 9.38636407e-05 RHO*e       = 9.651161055e+51
TIME= 9.38636407e-05 RHO*E       = 1.00023712e+52

[STEP 78] Coarse TimeStep time: 1.300436632
[STEP 78] FAB kilobyte spread across MPI nodes: [7526128 ... 7526128]

STEP = 78 TIME = 9.38636407e-05 DT = 1.156875778e-06

Castro::estTimeStep (hydro-limited) at level 0:  estdt = 1.156467559e-06
[Level 0 step 79] ADVANCE with dt = 1.156467559e-06
[Level 0 step 79] Advanced 134217728 cells

TIME= 9.502010826e-05 MASS        = 1e+31
TIME= 9.502010826e-05 XMOM        = 4.533471824e+23
TIME= 9.502010826e-05 YMOM        = 7.555786373e+24
TIME= 9.502010826e-05 ZMOM        = 1.353996918e+26
TIME= 9.502010826e-05 RHO*e       = 9.646218561e+51
TIME= 9.502010826e-05 RHO*E       = 1.00023712e+52

[STEP 79] Coarse TimeStep time: 1.342700632
[STEP 79] FAB kilobyte spread across MPI nodes: [7526128 ... 7526128]

STEP = 79 TIME = 9.502010826e-05 DT = 1.156467559e-06

Castro::estTimeStep (hydro-limited) at level 0:  estdt = 1.156077872e-06
[Level 0 step 80] ADVANCE with dt = 1.156077872e-06
[Level 0 step 80] Advanced 134217728 cells

TIME= 9.617618614e-05 MASS        = 1e+31
TIME= 9.617618614e-05 XMOM        = 9.898080148e+24
TIME= 9.617618614e-05 YMOM        = 5.893513371e+24
TIME= 9.617618614e-05 ZMOM        = 4.95659586e+25
TIME= 9.617618614e-05 RHO*e       = 9.641276915e+51
TIME= 9.617618614e-05 RHO*E       = 1.00023712e+52

[STEP 80] Coarse TimeStep time: 1.298107442
[STEP 80] FAB kilobyte spread across MPI nodes: [7526128 ... 7526128]

STEP = 80 TIME = 9.617618614e-05 DT = 1.156077872e-06

Castro::estTimeStep (hydro-limited) at level 0:  estdt = 1.15570521e-06
[Level 0 step 81] ADVANCE with dt = 1.15570521e-06
[Level 0 step 81] Advanced 134217728 cells

TIME= 9.733189135e-05 MASS        = 1e+31
TIME= 9.733189135e-05 XMOM        = 2.720083094e+24
TIME= 9.733189135e-05 YMOM        = -6.49797628e+24
TIME= 9.733189135e-05 ZMOM        = 7.314001209e+25
TIME= 9.733189135e-05 RHO*e       = 9.636336184e+51
TIME= 9.733189135e-05 RHO*E       = 1.00023712e+52

[STEP 81] Coarse TimeStep time: 1.269226472
[STEP 81] FAB kilobyte spread across MPI nodes: [7526128 ... 7526128]

STEP = 81 TIME = 9.733189135e-05 DT = 1.15570521e-06

Castro::estTimeStep (hydro-limited) at level 0:  estdt = 1.155348161e-06
[Level 0 step 82] ADVANCE with dt = 1.155348161e-06
[Level 0 step 82] Advanced 134217728 cells

TIME= 9.848723951e-05 MASS        = 1e+31
TIME= 9.848723951e-05 XMOM        = -3.022314549e+25
TIME= 9.848723951e-05 YMOM        = -2.871198822e+25
TIME= 9.848723951e-05 ZMOM        = -4.231240369e+24
TIME= 9.848723951e-05 RHO*e       = 9.631396452e+51
TIME= 9.848723951e-05 RHO*E       = 1.00023712e+52

[STEP 82] Coarse TimeStep time: 1.286247942
[STEP 82] FAB kilobyte spread across MPI nodes: [7526128 ... 7526128]

STEP = 82 TIME = 9.848723951e-05 DT = 1.155348161e-06

Castro::estTimeStep (hydro-limited) at level 0:  estdt = 1.155005448e-06
[Level 0 step 83] ADVANCE with dt = 1.155005448e-06
[Level 0 step 83] Advanced 134217728 cells

TIME= 9.964224495e-05 MASS        = 1e+31
TIME= 9.964224495e-05 XMOM        = -1.29203947e+25
TIME= 9.964224495e-05 YMOM        = -2.206289621e+25
TIME= 9.964224495e-05 ZMOM        = -4.231240369e+24
TIME= 9.964224495e-05 RHO*e       = 9.62645779e+51
TIME= 9.964224495e-05 RHO*E       = 1.00023712e+52

[STEP 83] Coarse TimeStep time: 1.298888046
[STEP 83] FAB kilobyte spread across MPI nodes: [7526128 ... 7526128]

STEP = 83 TIME = 9.964224495e-05 DT = 1.155005448e-06

Castro::estTimeStep (hydro-limited) at level 0:  estdt = 1.154675988e-06
[Level 0 step 84] ADVANCE with dt = 1.154675988e-06
[Level 0 step 84] Advanced 134217728 cells

TIME= 0.0001007969209 MASS        = 1e+31
TIME= 0.0001007969209 XMOM        = -1.813388729e+25
TIME= 0.0001007969209 YMOM        = -1.752942438e+25
TIME= 0.0001007969209 ZMOM        = 2.75030624e+25
TIME= 0.0001007969209 RHO*e       = 9.621520286e+51
TIME= 0.0001007969209 RHO*E       = 1.00023712e+52

[STEP 84] Coarse TimeStep time: 1.285911532
[STEP 84] FAB kilobyte spread across MPI nodes: [7526128 ... 7526128]

STEP = 84 TIME = 0.0001007969209 DT = 1.154675988e-06

Castro::estTimeStep (hydro-limited) at level 0:  estdt = 1.154345774e-06
[Level 0 step 85] ADVANCE with dt = 1.154345774e-06
[Level 0 step 85] Advanced 134217728 cells

TIME= 0.0001019512667 MASS        = 1e+31
TIME= 0.0001019512667 XMOM        = -1.193814247e+25
TIME= 0.0001019512667 YMOM        = -5.742397643e+24
TIME= 0.0001019512667 ZMOM        = 9.24828252e+25
TIME= 0.0001019512667 RHO*e       = 9.616584095e+51
TIME= 0.0001019512667 RHO*E       = 1.00023712e+52

[STEP 85] Coarse TimeStep time: 1.322084049
[STEP 85] FAB kilobyte spread across MPI nodes: [7526128 ... 7526128]

STEP = 85 TIME = 0.0001019512667 DT = 1.154345774e-06

Castro::estTimeStep (hydro-limited) at level 0:  estdt = 1.153946478e-06
[Level 0 step 86] ADVANCE with dt = 1.153946478e-06
[Level 0 step 86] Advanced 134217728 cells

TIME= 0.0001031052132 MASS        = 1e+31
TIME= 0.0001031052132 XMOM        = 1.601826711e+25
TIME= 0.0001031052132 YMOM        = 9.066943647e+24
TIME= 0.0001031052132 ZMOM        = 1.87383502e+25
TIME= 0.0001031052132 RHO*e       = 9.611649657e+51
TIME= 0.0001031052132 RHO*E       = 1.00023712e+52

[STEP 86] Coarse TimeStep time: 1.293035747
[STEP 86] FAB kilobyte spread across MPI nodes: [7526128 ... 7526128]

STEP = 86 TIME = 0.0001031052132 DT = 1.153946478e-06

Castro::estTimeStep (hydro-limited) at level 0:  estdt = 1.15354386e-06
[Level 0 step 87] ADVANCE with dt = 1.15354386e-06
[Level 0 step 87] Advanced 134217728 cells

TIME= 0.0001042587571 MASS        = 1e+31
TIME= 0.0001042587571 XMOM        = 1.224037392e+25
TIME= 0.0001042587571 YMOM        = 1.178702674e+25
TIME= 0.0001042587571 ZMOM        = 9.731852848e+25
TIME= 0.0001042587571 RHO*e       = 9.606717107e+51
TIME= 0.0001042587571 RHO*E       = 1.00023712e+52

[STEP 87] Coarse TimeStep time: 1.330081315
[STEP 87] FAB kilobyte spread across MPI nodes: [7526128 ... 7526128]

STEP = 87 TIME = 0.0001042587571 DT = 1.15354386e-06

Castro::estTimeStep (hydro-limited) at level 0:  estdt = 1.15315462e-06
[Level 0 step 88] ADVANCE with dt = 1.15315462e-06
[Level 0 step 88] Advanced 134217728 cells

TIME= 0.0001054119117 MASS        = 1e+31
TIME= 0.0001054119117 XMOM        = 1.20892582e+24
TIME= 0.0001054119117 YMOM        = -8.462480737e+24
TIME= 0.0001054119117 ZMOM        = 4.080124641e+25
TIME= 0.0001054119117 RHO*e       = 9.601786521e+51
TIME= 0.0001054119117 RHO*E       = 1.00023712e+52

[STEP 88] Coarse TimeStep time: 1.327501895
[STEP 88] FAB kilobyte spread across MPI nodes: [7526128 ... 7526128]

STEP = 88 TIME = 0.0001054119117 DT = 1.15315462e-06

Castro::estTimeStep (hydro-limited) at level 0:  estdt = 1.152779715e-06
[Level 0 step 89] ADVANCE with dt = 1.152779715e-06
[Level 0 step 89] Advanced 134217728 cells

TIME= 0.0001065646914 MASS        = 1e+31
TIME= 0.0001065646914 XMOM        = 2.017394961e+25
TIME= 0.0001065646914 YMOM        = 2.508521076e+25
TIME= 0.0001065646914 ZMOM        = 1.033631576e+26
TIME= 0.0001065646914 RHO*e       = 9.596857959e+51
TIME= 0.0001065646914 RHO*E       = 1.00023712e+52

[STEP 89] Coarse TimeStep time: 1.292250574
[STEP 89] FAB kilobyte spread across MPI nodes: [7526128 ... 7526128]

STEP = 89 TIME = 0.0001065646914 DT = 1.152779715e-06

Castro::estTimeStep (hydro-limited) at level 0:  estdt = 1.152419666e-06
[Level 0 step 90] ADVANCE with dt = 1.152419666e-06
[Level 0 step 90] Advanced 134217728 cells

TIME= 0.0001077171111 MASS        = 1e+31
TIME= 0.0001077171111 XMOM        = 1.904058166e+25
TIME= 0.0001077171111 YMOM        = 8.613596465e+24
TIME= 0.0001077171111 ZMOM        = 3.657000604e+25
TIME= 0.0001077171111 RHO*e       = 9.591931471e+51
TIME= 0.0001077171111 RHO*E       = 1.00023712e+52

[STEP 90] Coarse TimeStep time: 1.312998056
[STEP 90] FAB kilobyte spread across MPI nodes: [7526128 ... 7526128]

STEP = 90 TIME = 0.0001077171111 DT = 1.152419666e-06

Castro::estTimeStep (hydro-limited) at level 0:  estdt = 1.152075754e-06
[Level 0 step 91] ADVANCE with dt = 1.152075754e-06
[Level 0 step 91] Advanced 134217728 cells

TIME= 0.0001088691868 MASS        = 1e+31
TIME= 0.0001088691868 XMOM        = 1.54138042e+25
TIME= 0.0001088691868 YMOM        = 1.752942438e+25
TIME= 0.0001088691868 ZMOM        = 2.266735912e+25
TIME= 0.0001088691868 RHO*e       = 9.587007099e+51
TIME= 0.0001088691868 RHO*E       = 1.00023712e+52

[STEP 91] Coarse TimeStep time: 1.312995069
[STEP 91] FAB kilobyte spread across MPI nodes: [7526128 ... 7526128]

STEP = 91 TIME = 0.0001088691868 DT = 1.152075754e-06

Castro::estTimeStep (hydro-limited) at level 0:  estdt = 1.15174744e-06
[Level 0 step 92] ADVANCE with dt = 1.15174744e-06
[Level 0 step 92] Advanced 134217728 cells

TIME= 0.0001100209342 MASS        = 1e+31
TIME= 0.0001100209342 XMOM        = -4.692143337e+25
TIME= 0.0001100209342 YMOM        = -5.017042151e+25
TIME= 0.0001100209342 ZMOM        = 2.024950748e+25
TIME= 0.0001100209342 RHO*e       = 9.5820849e+51
TIME= 0.0001100209342 RHO*E       = 1.00023712e+52

[STEP 92] Coarse TimeStep time: 1.323566305
[STEP 92] FAB kilobyte spread across MPI nodes: [7526128 ... 7526128]

STEP = 92 TIME = 0.0001100209342 DT = 1.15174744e-06

Castro::estTimeStep (hydro-limited) at level 0:  estdt = 1.151434363e-06
[Level 0 step 93] ADVANCE with dt = 1.151434363e-06
[Level 0 step 93] Advanced 134217728 cells

TIME= 0.0001111723686 MASS        = 1e+31
TIME= 0.0001111723686 XMOM        = 1.511157275e+25
TIME= 0.0001111723686 YMOM        = 2.085397039e+25
TIME= 0.0001111723686 ZMOM        = 5.83306708e+25
TIME= 0.0001111723686 RHO*e       = 9.577164935e+51
TIME= 0.0001111723686 RHO*E       = 1.00023712e+52

[STEP 93] Coarse TimeStep time: 1.329016602
[STEP 93] FAB kilobyte spread across MPI nodes: [7526128 ... 7526128]

STEP = 93 TIME = 0.0001111723686 DT = 1.151434363e-06

Castro::estTimeStep (hydro-limited) at level 0:  estdt = 1.151137653e-06
[Level 0 step 94] ADVANCE with dt = 1.151137653e-06
[Level 0 step 94] Advanced 134217728 cells

TIME= 0.0001123235063 MASS        = 1e+31
TIME= 0.0001123235063 XMOM        = -1.579159352e+25
TIME= 0.0001123235063 YMOM        = -1.601826711e+25
TIME= 0.0001123235063 ZMOM        = -4.080124641e+25
TIME= 0.0001123235063 RHO*e       = 9.572247236e+51
TIME= 0.0001123235063 RHO*E       = 1.00023712e+52

[STEP 94] Coarse TimeStep time: 1.323718282
[STEP 94] FAB kilobyte spread across MPI nodes: [7526128 ... 7526128]

STEP = 94 TIME = 0.0001123235063 DT = 1.151137653e-06

Castro::estTimeStep (hydro-limited) at level 0:  estdt = 1.150856728e-06
[Level 0 step 95] ADVANCE with dt = 1.150856728e-06
[Level 0 step 95] Advanced 134217728 cells

TIME= 0.000113474363 MASS        = 1e+31
TIME= 0.000113474363 XMOM        = -2.629413658e+25
TIME= 0.000113474363 YMOM        = -1.843611875e+25
TIME= 0.000113474363 ZMOM        = -1.118256383e+25
TIME= 0.000113474363 RHO*e       = 9.567331848e+51
TIME= 0.000113474363 RHO*E       = 1.00023712e+52

[STEP 95] Coarse TimeStep time: 1.299704057
[STEP 95] FAB kilobyte spread across MPI nodes: [7526128 ... 7526128]

STEP = 95 TIME = 0.000113474363 DT = 1.150856728e-06

Castro::estTimeStep (hydro-limited) at level 0:  estdt = 1.15058946e-06
[Level 0 step 96] ADVANCE with dt = 1.15058946e-06
[Level 0 step 96] Advanced 134217728 cells

TIME= 0.0001146249525 MASS        = 1e+31
TIME= 0.0001146249525 XMOM        = -2.878754608e+25
TIME= 0.0001146249525 YMOM        = -2.931645113e+25
TIME= 0.0001146249525 ZMOM        = -9.671406557e+24
TIME= 0.0001146249525 RHO*e       = 9.562418827e+51
TIME= 0.0001146249525 RHO*E       = 1.00023712e+52

[STEP 96] Coarse TimeStep time: 1.385551613
[STEP 96] FAB kilobyte spread across MPI nodes: [7526128 ... 7526128]

STEP = 96 TIME = 0.0001146249525 DT = 1.15058946e-06

Castro::estTimeStep (hydro-limited) at level 0:  estdt = 1.150335253e-06
[Level 0 step 97] ADVANCE with dt = 1.150335253e-06
[Level 0 step 97] Advanced 134217728 cells

TIME= 0.0001157752877 MASS        = 1e+31
TIME= 0.0001157752877 XMOM        = 2.085397039e+25
TIME= 0.0001157752877 YMOM        = 1.37515312e+25
TIME= 0.0001157752877 ZMOM        = 5.289050461e+25
TIME= 0.0001157752877 RHO*e       = 9.557508217e+51
TIME= 0.0001157752877 RHO*E       = 1.00023712e+52

[STEP 97] Coarse TimeStep time: 1.370148215
[STEP 97] FAB kilobyte spread across MPI nodes: [7526128 ... 7526128]

STEP = 97 TIME = 0.0001157752877 DT = 1.150335253e-06

Castro::estTimeStep (hydro-limited) at level 0:  estdt = 1.150092781e-06
[Level 0 step 98] ADVANCE with dt = 1.150092781e-06
[Level 0 step 98] Advanced 134217728 cells

TIME= 0.0001169253805 MASS        = 1e+31
TIME= 0.0001169253805 XMOM        = -3.112983986e+25
TIME= 0.0001169253805 YMOM        = -3.566331168e+25
TIME= 0.0001169253805 ZMOM        = 4.714810696e+25
TIME= 0.0001169253805 RHO*e       = 9.552600067e+51
TIME= 0.0001169253805 RHO*E       = 1.00023712e+52

[STEP 98] Coarse TimeStep time: 1.323560212
[STEP 98] FAB kilobyte spread across MPI nodes: [7526128 ... 7526128]

STEP = 98 TIME = 0.0001169253805 DT = 1.150092781e-06

Castro::estTimeStep (hydro-limited) at level 0:  estdt = 1.149860862e-06
[Level 0 step 99] ADVANCE with dt = 1.149860862e-06
[Level 0 step 99] Advanced 134217728 cells

TIME= 0.0001180752413 MASS        = 1e+31
TIME= 0.0001180752413 XMOM        = 1.745386652e+25
TIME= 0.0001180752413 YMOM        = 1.586715138e+25
TIME= 0.0001180752413 ZMOM        = 7.495340082e+25
TIME= 0.0001180752413 RHO*e       = 9.547694443e+51
TIME= 0.0001180752413 RHO*E       = 1.00023712e+52

[STEP 99] Coarse TimeStep time: 1.284830145
[STEP 99] FAB kilobyte spread across MPI nodes: [7526128 ... 7526128]

STEP = 99 TIME = 0.0001180752413 DT = 1.149860862e-06

Castro::estTimeStep (hydro-limited) at level 0:  estdt = 1.149638269e-06
[Level 0 step 100] ADVANCE with dt = 1.149638269e-06
[Level 0 step 100] Advanced 134217728 cells

TIME= 0.0001192248796 MASS        = 1e+31
TIME= 0.0001192248796 XMOM        = 4.533471824e+24
TIME= 0.0001192248796 YMOM        = 7.253554918e+24
TIME= 0.0001192248796 ZMOM        = 3.808116332e+25
TIME= 0.0001192248796 RHO*e       = 9.542791405e+51
TIME= 0.0001192248796 RHO*E       = 1.00023712e+52

[STEP 100] Coarse TimeStep time: 1.286540079
[STEP 100] FAB kilobyte spread across MPI nodes: [7526128 ... 7526128]

STEP = 100 TIME = 0.0001192248796 DT = 1.149638269e-06


Ending run at 11:40:47 UTC on 2017-10-20.
Run time = 128.5322752
Run time without initialization = 125.0988967

  Figure of Merit (zones / usec): 107.289

Unused ParmParse Variables:
[TOP]::amr.ref_ratio(nvals = 4)  :: [2, 2, 2, 2]
[TOP]::amr.regrid_int(nvals = 1)  :: [2]
done.
